
Step 1: Downloading OSM Data
Performing OSM Query: node["amenity"="hospital"](37.705764,-122.510792,37.829848,-122.365593);
Performing OSM Query: node["shop"="supermarket"](37.705764,-122.510792,37.829848,-122.365593);
Performing OSM Query: node["leisure"="park"](37.705764,-122.510792,37.829848,-122.365593);
Performing OSM Query: node["amenity"="bar"](37.705764,-122.510792,37.829848,-122.365593);
Performing OSM Query: node["amenity"="place_of_worship"](37.705764,-122.510792,37.829848,-122.365593);
Performing OSM Query: node["brand"="McDonald's"](37.705764,-122.510792,37.829848,-122.365593);
Performing OSM Query: node["brand"="Starbucks"](37.705764,-122.510792,37.829848,-122.365593);
joining data for: hospital
joining data for: grocery
joining data for: park
joining data for: bar
joining data for: worship
joining data for: mcdonalds
joining data for: starbucks

Step 2: Adding Census Data


-------------------
Query: [0/8]
--------------------------------

https://api.census.gov/data/2021/acs/acs5?get=B01003_001E,B02001_002E,B02001_003E,B02001_005E,B25003_001E,B25003_002E,B25003_003E,B15003_001E,B15003_002E,B15003_004E,B15003_005E,B15003_006E,B15003_007E,B15003_008E,B15003_009E,B15003_010E,B15003_011E,B15003_012E,B15003_013E,B15003_014E,B15003_015E,B15003_016E,B15003_017E,B15003_018E,B15003_019E,B15003_020E,B15003_021E,B15003_022E,B15003_023E,B15003_024E&for=block%20group:*&in=state:06&in=county:075&in=tract:015801,035201,033201,035400,011902,025600,040100,061506,015100,023102,022801,012001,025501,060701,011002,012202,011001,061200,032802,011102,012902,032601,015600,061501,980501,015202,025402,021800,047904,016601
https://api.census.gov/data/2021/acs/acs5?get=B15003_025E,C17002_001E,C17002_002E,C17002_003E,C17002_004E,C17002_005E,C17002_006E,C17002_007E,C17002_008E,B25046_001E&for=block%20group:*&in=state:06&in=county:075&in=tract:015801,035201,033201,035400,011902,025600,040100,061506,015100,023102,022801,012001,025501,060701,011002,012202,011001,061200,032802,011102,012902,032601,015600,061501,980501,015202,025402,021800,047904,016601


-------------------
Query: [1/8]
--------------------------------

https://api.census.gov/data/2021/acs/acs5?get=B01003_001E,B02001_002E,B02001_003E,B02001_005E,B25003_001E,B25003_002E,B25003_003E,B15003_001E,B15003_002E,B15003_004E,B15003_005E,B15003_006E,B15003_007E,B15003_008E,B15003_009E,B15003_010E,B15003_011E,B15003_012E,B15003_013E,B15003_014E,B15003_015E,B15003_016E,B15003_017E,B15003_018E,B15003_019E,B15003_020E,B15003_021E,B15003_022E,B15003_023E,B15003_024E&for=block%20group:*&in=state:06&in=county:075&in=tract:015300,026002,017700,047600,015701,023200,015802,026302,047903,012700,012502,026403,013101,031202,032901,026004,032801,031301,010300,013200,026202,031100,013401,010401,033001,025401,013300,025701,060502,021500
https://api.census.gov/data/2021/acs/acs5?get=B15003_025E,C17002_001E,C17002_002E,C17002_003E,C17002_004E,C17002_005E,C17002_006E,C17002_007E,C17002_008E,B25046_001E&for=block%20group:*&in=state:06&in=county:075&in=tract:015300,026002,017700,047600,015701,023200,015802,026302,047903,012700,012502,026403,013101,031202,032901,026004,032801,031301,010300,013200,026202,031100,013401,010401,033001,025401,013300,025701,060502,021500


-------------------
Query: [2/8]
--------------------------------

https://api.census.gov/data/2021/acs/acs5?get=B01003_001E,B02001_002E,B02001_003E,B02001_005E,B25003_001E,B25003_002E,B25003_003E,B15003_001E,B15003_002E,B15003_004E,B15003_005E,B15003_006E,B15003_007E,B15003_008E,B15003_009E,B15003_010E,B15003_011E,B15003_012E,B15003_013E,B15003_014E,B15003_015E,B15003_016E,B15003_017E,B15003_018E,B15003_019E,B15003_020E,B15003_021E,B15003_022E,B15003_023E,B15003_024E&for=block%20group:*&in=state:06&in=county:075&in=tract:061502,022802,060703,045201,061508,022901,012404,016300,030600,012601,033204,031201,035202,025502,025100,023400,017102,033203,012403,026401,010102,012301,020500,010201,026301,030102,011300,030700,023001,030400
https://api.census.gov/data/2021/acs/acs5?get=B15003_025E,C17002_001E,C17002_002E,C17002_003E,C17002_004E,C17002_005E,C17002_006E,C17002_007E,C17002_008E,B25046_001E&for=block%20group:*&in=state:06&in=county:075&in=tract:061502,022802,060703,045201,061508,022901,012404,016300,030600,012601,033204,031201,035202,025502,025100,023400,017102,033203,012403,026401,010102,012301,020500,010201,026301,030102,011300,030700,023001,030400


-------------------
Query: [3/8]
--------------------------------

https://api.census.gov/data/2021/acs/acs5?get=B01003_001E,B02001_002E,B02001_003E,B02001_005E,B25003_001E,B25003_002E,B25003_003E,B15003_001E,B15003_002E,B15003_004E,B15003_005E,B15003_006E,B15003_007E,B15003_008E,B15003_009E,B15003_010E,B15003_011E,B15003_012E,B15003_013E,B15003_014E,B15003_015E,B15003_016E,B15003_017E,B15003_018E,B15003_019E,B15003_020E,B15003_021E,B15003_022E,B15003_023E,B15003_024E&for=block%20group:*&in=state:06&in=county:075&in=tract:031000,010902,016801,026001,042700,020102,011101,016200,030301,030800,061101,047801,021400,047701,015201,025702,021000,011800,020801,025900,021700,015500,061402,017101,025300,017602,025800,020401,031402,022803
https://api.census.gov/data/2021/acs/acs5?get=B15003_025E,C17002_001E,C17002_002E,C17002_003E,C17002_004E,C17002_005E,C17002_006E,C17002_007E,C17002_008E,B25046_001E&for=block%20group:*&in=state:06&in=county:075&in=tract:031000,010902,016801,026001,042700,020102,011101,016200,030301,030800,061101,047801,021400,047701,015201,025702,021000,011800,020801,025900,021700,015500,061402,017101,025300,017602,025800,020401,031402,022803


-------------------
Query: [4/8]
--------------------------------

https://api.census.gov/data/2021/acs/acs5?get=B01003_001E,B02001_002E,B02001_003E,B02001_005E,B25003_001E,B25003_002E,B25003_003E,B15003_001E,B15003_002E,B15003_004E,B15003_005E,B15003_006E,B15003_007E,B15003_008E,B15003_009E,B15003_010E,B15003_011E,B15003_012E,B15003_013E,B15003_014E,B15003_015E,B15003_016E,B15003_017E,B15003_018E,B15003_019E,B15003_020E,B15003_021E,B15003_022E,B15003_023E,B15003_024E&for=block%20group:*&in=state:06&in=county:075&in=tract:010500,020601,015402,061102,030900,020201,023003,060100,025200,032700,025403,980600,031401,023300,017804,013002,022704,012204,030302,013402,010800,012504,010901,022600,033002,031302,023103,010600,020402,012406
https://api.census.gov/data/2021/acs/acs5?get=B15003_025E,C17002_001E,C17002_002E,C17002_003E,C17002_004E,C17002_005E,C17002_006E,C17002_007E,C17002_008E,B25046_001E&for=block%20group:*&in=state:06&in=county:075&in=tract:010500,020601,015402,061102,030900,020201,023003,060100,025200,032700,025403,980600,031401,023300,017804,013002,022704,012204,030302,013402,010800,012504,010901,022600,033002,031302,023103,010600,020402,012406


-------------------
Query: [5/8]
--------------------------------

https://api.census.gov/data/2021/acs/acs5?get=B01003_001E,B02001_002E,B02001_003E,B02001_005E,B25003_001E,B25003_002E,B25003_003E,B15003_001E,B15003_002E,B15003_004E,B15003_005E,B15003_006E,B15003_007E,B15003_008E,B15003_009E,B15003_010E,B15003_011E,B15003_012E,B15003_013E,B15003_014E,B15003_015E,B15003_016E,B15003_017E,B15003_018E,B15003_019E,B15003_020E,B15003_021E,B15003_022E,B15003_023E,B15003_024E&for=block%20group:*&in=state:06&in=county:075&in=tract:012203,013001,045202,016000,047902,012503,016602,011200,020702,015401,016400,016102,042601,016101,013500,015702,026100,030101,022702,980900,061000,012405,021100,012801,033100,061507,047702,010702,010101,035300
https://api.census.gov/data/2021/acs/acs5?get=B15003_025E,C17002_001E,C17002_002E,C17002_003E,C17002_004E,C17002_005E,C17002_006E,C17002_007E,C17002_008E,B25046_001E&for=block%20group:*&in=state:06&in=county:075&in=tract:012203,013001,045202,016000,047902,012503,016602,011200,020702,015401,016400,016102,042601,016101,013500,015702,026100,030101,022702,980900,061000,012405,021100,012801,033100,061507,047702,010702,010101,035300


-------------------
Query: [6/8]
--------------------------------

https://api.census.gov/data/2021/acs/acs5?get=B01003_001E,B02001_002E,B02001_003E,B02001_005E,B25003_001E,B25003_002E,B25003_003E,B15003_001E,B15003_002E,B15003_004E,B15003_005E,B15003_006E,B15003_007E,B15003_008E,B15003_009E,B15003_010E,B15003_011E,B15003_012E,B15003_013E,B15003_014E,B15003_015E,B15003_016E,B15003_017E,B15003_018E,B15003_019E,B15003_020E,B15003_021E,B15003_022E,B15003_023E,B15003_024E&for=block%20group:*&in=state:06&in=county:075&in=tract:010202,020202,010402,012302,017903,010701,017604,026402,018000,042800,047802,020300,017603,021300,060400,012802,012901,030500,015900,026404,060702,012002,040200,016500,032902,061503,017803,030201,026003,017000
https://api.census.gov/data/2021/acs/acs5?get=B15003_025E,C17002_001E,C17002_002E,C17002_003E,C17002_004E,C17002_005E,C17002_006E,C17002_007E,C17002_008E,B25046_001E&for=block%20group:*&in=state:06&in=county:075&in=tract:010202,020202,010402,012302,017903,010701,017604,026402,018000,042800,047802,020300,017603,021300,060400,012802,012901,030500,015900,026404,060702,012002,040200,016500,032902,061503,017803,030201,026003,017000


-------------------
Query: [7/8]
--------------------------------

https://api.census.gov/data/2021/acs/acs5?get=B01003_001E,B02001_002E,B02001_003E,B02001_005E,B25003_001E,B25003_002E,B25003_003E,B15003_001E,B15003_002E,B15003_004E,B15003_005E,B15003_006E,B15003_007E,B15003_008E,B15003_009E,B15003_010E,B15003_011E,B15003_012E,B15003_013E,B15003_014E,B15003_015E,B15003_016E,B15003_017E,B15003_018E,B15003_019E,B15003_020E,B15003_021E,B15003_022E,B15003_023E,B15003_024E&for=block%20group:*&in=state:06&in=county:075&in=tract:016900,021200,011901,032602,042602,022902,980200,035102,035101,016700,020602,017801,026303,061401,022903,020101,012602,011700,026201,020900,012100,020802,013102,021600,016802,030202,980300,045100
https://api.census.gov/data/2021/acs/acs5?get=B15003_025E,C17002_001E,C17002_002E,C17002_003E,C17002_004E,C17002_005E,C17002_006E,C17002_007E,C17002_008E,B25046_001E&for=block%20group:*&in=state:06&in=county:075&in=tract:016900,021200,011901,032602,042602,022902,980200,035102,035101,016700,020602,017801,026303,061401,022903,020101,012602,011700,026201,020900,012100,020802,013102,021600,016802,030202,980300,045100


-------------------
Query: [0/1]
--------------------------------

https://api.census.gov/data/2021/acs/acs5?get=B01003_001E,B02001_002E,B02001_003E,B02001_005E,B25003_001E,B25003_002E,B25003_003E,B15003_001E,B15003_002E,B15003_004E,B15003_005E,B15003_006E,B15003_007E,B15003_008E,B15003_009E,B15003_010E,B15003_011E,B15003_012E,B15003_013E,B15003_014E,B15003_015E,B15003_016E,B15003_017E,B15003_018E,B15003_019E,B15003_020E,B15003_021E,B15003_022E,B15003_023E,B15003_024E&for=block%20group:*&in=state:06&in=county:081&in=tract:600701,600200
https://api.census.gov/data/2021/acs/acs5?get=B15003_025E,C17002_001E,C17002_002E,C17002_003E,C17002_004E,C17002_005E,C17002_006E,C17002_007E,C17002_008E,B25046_001E&for=block%20group:*&in=state:06&in=county:081&in=tract:600701,600200

Step 3: Adding Delay Data

Step 1: Downloading OSM Data
Loaded OSM from cache

Step 2: Adding Census Data
Loaded Census info cache

Step 3: Adding Delay Data

Step 1: Downloading OSM Data
Loaded OSM from cache

Step 2: Adding Census Data
Loaded Census info cache

Step 3: Adding Delay Data

Step 4: Linking Routes

Step 1: Downloading OSM Data
Loaded OSM from cache

Step 2: Adding Census Data
Loaded Census info cache

Step 3: Adding Delay Data
Loaded Delay info cache

Step 4: Linking Routes

Step 1: Downloading OSM Data
Loaded OSM from cache

Step 2: Adding Census Data
Loaded Census info cache

Step 3: Adding Delay Data
Loaded Delay info cache

Step 4: Linking Routes

Step 1: Downloading OSM Data
Loaded OSM from cache

Step 2: Adding Census Data
Loaded Census info cache

Step 3: Adding Delay Data
Loaded Delay info cache

Step 4: Linking Routes
Saved to datasets/sanfrancisco_delay2
