
Step 1: Downloading OSM Data
Performing OSM Query: node["amenity"="hospital"](24.71614,-81.075723,26.123095,-80.12016);
Performing OSM Query: node["shop"="supermarket"](24.71614,-81.075723,26.123095,-80.12016);
Performing OSM Query: node["leisure"="park"](24.71614,-81.075723,26.123095,-80.12016);
Performing OSM Query: node["amenity"="bar"](24.71614,-81.075723,26.123095,-80.12016);
Performing OSM Query: node["amenity"="place_of_worship"](24.71614,-81.075723,26.123095,-80.12016);
Performing OSM Query: node["brand"="McDonald's"](24.71614,-81.075723,26.123095,-80.12016);
Performing OSM Query: node["brand"="Starbucks"](24.71614,-81.075723,26.123095,-80.12016);
joining data for: hospital
joining data for: grocery
joining data for: park
joining data for: bar
joining data for: worship
joining data for: mcdonalds
joining data for: starbucks

Step 2: Adding Census Data


-------------------
Query: [0/23]
--------------------------------

https://api.census.gov/data/2021/acs/acs5?get=B01003_001E,B02001_002E,B02001_003E,B02001_005E,B25003_001E,B25003_002E,B25003_003E,B15003_001E,B15003_002E,B15003_004E,B15003_005E,B15003_006E,B15003_007E,B15003_008E,B15003_009E,B15003_010E,B15003_011E,B15003_012E,B15003_013E,B15003_014E,B15003_015E,B15003_016E,B15003_017E,B15003_018E,B15003_019E,B15003_020E,B15003_021E,B15003_022E,B15003_023E,B15003_024E&for=block%20group:*&in=state:12&in=county:086&in=tract:000417,003921,010900,008421,009317,011500,009810,010804,004102,016300,019302,010620,007007,008101,010022,012702,005003,019902,000903,004303,000601,000206,014602,002702,004602,009504,000720,007705,014400,002004
https://api.census.gov/data/2021/acs/acs5?get=B15003_025E,C17002_001E,C17002_002E,C17002_003E,C17002_004E,C17002_005E,C17002_006E,C17002_007E,C17002_008E,B25046_001E&for=block%20group:*&in=state:12&in=county:086&in=tract:000417,003921,010900,008421,009317,011500,009810,010804,004102,016300,019302,010620,007007,008101,010022,012702,005003,019902,000903,004303,000601,000206,014602,002702,004602,009504,000720,007705,014400,002004


-------------------
Query: [1/23]
--------------------------------

https://api.census.gov/data/2021/acs/acs5?get=B01003_001E,B02001_002E,B02001_003E,B02001_005E,B25003_001E,B25003_002E,B25003_003E,B15003_001E,B15003_002E,B15003_004E,B15003_005E,B15003_006E,B15003_007E,B15003_008E,B15003_009E,B15003_010E,B15003_011E,B15003_012E,B15003_013E,B15003_014E,B15003_015E,B15003_016E,B15003_017E,B15003_018E,B15003_019E,B15003_020E,B15003_021E,B15003_022E,B15003_023E,B15003_024E&for=block%20group:*&in=state:12&in=county:086&in=tract:011301,017402,005505,002709,006206,001606,001603,005503,005904,001302,000906,000213,007300,000611,006716,001607,004405,010621,007706,000141,016402,018500,006205,013900,018601,018200,000228,000418,010608,001204
https://api.census.gov/data/2021/acs/acs5?get=B15003_025E,C17002_001E,C17002_002E,C17002_003E,C17002_004E,C17002_005E,C17002_006E,C17002_007E,C17002_008E,B25046_001E&for=block%20group:*&in=state:12&in=county:086&in=tract:011301,017402,005505,002709,006206,001606,001603,005503,005904,001302,000906,000213,007300,000611,006716,001607,004405,010621,007706,000141,016402,018500,006205,013900,018601,018200,000228,000418,010608,001204


-------------------
Query: [2/23]
--------------------------------

https://api.census.gov/data/2021/acs/acs5?get=B01003_001E,B02001_002E,B02001_003E,B02001_005E,B25003_001E,B25003_002E,B25003_003E,B15003_001E,B15003_002E,B15003_004E,B15003_005E,B15003_006E,B15003_007E,B15003_008E,B15003_009E,B15003_010E,B15003_011E,B15003_012E,B15003_013E,B15003_014E,B15003_015E,B15003_016E,B15003_017E,B15003_018E,B15003_019E,B15003_020E,B15003_021E,B15003_022E,B15003_023E,B15003_024E&for=block%20group:*&in=state:12&in=county:086&in=tract:007101,011013,011105,003918,017902,010707,011602,009026,006902,010619,011412,008910,005707,007610,017500,003919,009039,000306,018400,017101,006105,981000,011203,001104,011409,000807,016900,012001,000222,015300
https://api.census.gov/data/2021/acs/acs5?get=B15003_025E,C17002_001E,C17002_002E,C17002_003E,C17002_004E,C17002_005E,C17002_006E,C17002_007E,C17002_008E,B25046_001E&for=block%20group:*&in=state:12&in=county:086&in=tract:007101,011013,011105,003918,017902,010707,011602,009026,006902,010619,011412,008910,005707,007610,017500,003919,009039,000306,018400,017101,006105,981000,011203,001104,011409,000807,016900,012001,000222,015300


-------------------
Query: [3/23]
--------------------------------

https://api.census.gov/data/2021/acs/acs5?get=B01003_001E,B02001_002E,B02001_003E,B02001_005E,B25003_001E,B25003_002E,B25003_003E,B15003_001E,B15003_002E,B15003_004E,B15003_005E,B15003_006E,B15003_007E,B15003_008E,B15003_009E,B15003_010E,B15003_011E,B15003_012E,B15003_013E,B15003_014E,B15003_015E,B15003_016E,B15003_017E,B15003_018E,B15003_019E,B15003_020E,B15003_021E,B15003_022E,B15003_023E,B15003_024E&for=block%20group:*&in=state:12&in=county:086&in=tract:004904,001903,016100,014200,000142,009705,007709,017000,012900,019402,000131,008427,016800,006303,016200,002003,019501,007807,001802,980200,000711,009316,005306,000905,000411,004208,014900,019700,006802,001208
https://api.census.gov/data/2021/acs/acs5?get=B15003_025E,C17002_001E,C17002_002E,C17002_003E,C17002_004E,C17002_005E,C17002_006E,C17002_007E,C17002_008E,B25046_001E&for=block%20group:*&in=state:12&in=county:086&in=tract:004904,001903,016100,014200,000142,009705,007709,017000,012900,019402,000131,008427,016800,006303,016200,002003,019501,007807,001802,980200,000711,009316,005306,000905,000411,004208,014900,019700,006802,001208


-------------------
Query: [4/23]
--------------------------------

https://api.census.gov/data/2021/acs/acs5?get=B01003_001E,B02001_002E,B02001_003E,B02001_005E,B25003_001E,B25003_002E,B25003_003E,B15003_001E,B15003_002E,B15003_004E,B15003_005E,B15003_006E,B15003_007E,B15003_008E,B15003_009E,B15003_010E,B15003_011E,B15003_012E,B15003_013E,B15003_014E,B15003_015E,B15003_016E,B15003_017E,B15003_018E,B15003_019E,B15003_020E,B15003_021E,B15003_022E,B15003_023E,B15003_024E&for=block%20group:*&in=state:12&in=county:086&in=tract:010613,010020,017800,009320,011014,002800,001003,017200,000130,019401,008202,010710,010604,004406,003909,008504,012101,000204,001301,000312,015202,006501,001605,003917,000132,010400,003708,007004,010017,017600
https://api.census.gov/data/2021/acs/acs5?get=B15003_025E,C17002_001E,C17002_002E,C17002_003E,C17002_004E,C17002_005E,C17002_006E,C17002_007E,C17002_008E,B25046_001E&for=block%20group:*&in=state:12&in=county:086&in=tract:010613,010020,017800,009320,011014,002800,001003,017200,000130,019401,008202,010710,010604,004406,003909,008504,012101,000204,001301,000312,015202,006501,001605,003917,000132,010400,003708,007004,010017,017600


-------------------
Query: [5/23]
--------------------------------

https://api.census.gov/data/2021/acs/acs5?get=B01003_001E,B02001_002E,B02001_003E,B02001_005E,B25003_001E,B25003_002E,B25003_003E,B15003_001E,B15003_002E,B15003_004E,B15003_005E,B15003_006E,B15003_007E,B15003_008E,B15003_009E,B15003_010E,B15003_011E,B15003_012E,B15003_013E,B15003_014E,B15003_015E,B15003_016E,B15003_017E,B15003_018E,B15003_019E,B15003_020E,B15003_021E,B15003_022E,B15003_023E,B15003_024E&for=block%20group:*&in=state:12&in=county:086&in=tract:003706,002707,000612,003005,009602,008603,013301,980300,000225,005803,013801,004701,001705,012501,000227,020002,006403,010705,010708,010013,018802,000504,006003,010012,010618,000705,017901,001004,009325,018700
https://api.census.gov/data/2021/acs/acs5?get=B15003_025E,C17002_001E,C17002_002E,C17002_003E,C17002_004E,C17002_005E,C17002_006E,C17002_007E,C17002_008E,B25046_001E&for=block%20group:*&in=state:12&in=county:086&in=tract:003706,002707,000612,003005,009602,008603,013301,980300,000225,005803,013801,004701,001705,012501,000227,020002,006403,010705,010708,010013,018802,000504,006003,010012,010618,000705,017901,001004,009325,018700


-------------------
Query: [6/23]
--------------------------------

https://api.census.gov/data/2021/acs/acs5?get=B01003_001E,B02001_002E,B02001_003E,B02001_005E,B25003_001E,B25003_002E,B25003_003E,B15003_001E,B15003_002E,B15003_004E,B15003_005E,B15003_006E,B15003_007E,B15003_008E,B15003_009E,B15003_010E,B15003_011E,B15003_012E,B15003_013E,B15003_014E,B15003_015E,B15003_016E,B15003_017E,B15003_018E,B15003_019E,B15003_020E,B15003_021E,B15003_022E,B15003_023E,B15003_024E&for=block%20group:*&in=state:12&in=county:086&in=tract:009804,011702,007501,012802,006801,018602,004605,002900,008810,009909,006604,000140,012801,006504,000221,014702,007809,006706,009505,000718,009059,009503,006004,009028,015400,000408,009049,010024,000310,008208
https://api.census.gov/data/2021/acs/acs5?get=B15003_025E,C17002_001E,C17002_002E,C17002_003E,C17002_004E,C17002_005E,C17002_006E,C17002_007E,C17002_008E,B25046_001E&for=block%20group:*&in=state:12&in=county:086&in=tract:009804,011702,007501,012802,006801,018602,004605,002900,008810,009909,006604,000140,012801,006504,000221,014702,007809,006706,009505,000718,009059,009503,006004,009028,015400,000408,009049,010024,000310,008208


-------------------
Query: [7/23]
--------------------------------

https://api.census.gov/data/2021/acs/acs5?get=B01003_001E,B02001_002E,B02001_003E,B02001_005E,B25003_001E,B25003_002E,B25003_003E,B15003_001E,B15003_002E,B15003_004E,B15003_005E,B15003_006E,B15003_007E,B15003_008E,B15003_009E,B15003_010E,B15003_011E,B15003_012E,B15003_013E,B15003_014E,B15003_015E,B15003_016E,B15003_017E,B15003_018E,B15003_019E,B15003_020E,B15003_021E,B15003_022E,B15003_023E,B15003_024E&for=block%20group:*&in=state:12&in=county:086&in=tract:003605,011406,000211,000419,006705,009806,006718,009055,018003,010198,008904,009402,008807,000719,018902,008702,018002,003916,001007,009051,010806,000143,000602,016501,009706,002705,007609,006401,008310,012102
https://api.census.gov/data/2021/acs/acs5?get=B15003_025E,C17002_001E,C17002_002E,C17002_003E,C17002_004E,C17002_005E,C17002_006E,C17002_007E,C17002_008E,B25046_001E&for=block%20group:*&in=state:12&in=county:086&in=tract:003605,011406,000211,000419,006705,009806,006718,009055,018003,010198,008904,009402,008807,000719,018902,008702,018002,003916,001007,009051,010806,000143,000602,016501,009706,002705,007609,006401,008310,012102


-------------------
Query: [8/23]
--------------------------------

https://api.census.gov/data/2021/acs/acs5?get=B01003_001E,B02001_002E,B02001_003E,B02001_005E,B25003_001E,B25003_002E,B25003_003E,B15003_001E,B15003_002E,B15003_004E,B15003_005E,B15003_006E,B15003_007E,B15003_008E,B15003_009E,B15003_010E,B15003_011E,B15003_012E,B15003_013E,B15003_014E,B15003_015E,B15003_016E,B15003_017E,B15003_018E,B15003_019E,B15003_020E,B15003_021E,B15003_022E,B15003_023E,B15003_024E&for=block%20group:*&in=state:12&in=county:086&in=tract:006901,018300,000714,009044,000109,009050,002501,009703,000410,008502,000506,008906,008209,007805,000409,002710,001608,018001,000118,014500,001102,005403,007704,980500,019901,007607,004105,000134,005806,003607
https://api.census.gov/data/2021/acs/acs5?get=B15003_025E,C17002_001E,C17002_002E,C17002_003E,C17002_004E,C17002_005E,C17002_006E,C17002_007E,C17002_008E,B25046_001E&for=block%20group:*&in=state:12&in=county:086&in=tract:006901,018300,000714,009044,000109,009050,002501,009703,000410,008502,000506,008906,008209,007805,000409,002710,001608,018001,000118,014500,001102,005403,007704,980500,019901,007607,004105,000134,005806,003607


-------------------
Query: [9/23]
--------------------------------

https://api.census.gov/data/2021/acs/acs5?get=B01003_001E,B02001_002E,B02001_003E,B02001_005E,B25003_001E,B25003_002E,B25003_003E,B15003_001E,B15003_002E,B15003_004E,B15003_005E,B15003_006E,B15003_007E,B15003_008E,B15003_009E,B15003_010E,B15003_011E,B15003_012E,B15003_013E,B15003_014E,B15003_015E,B15003_016E,B15003_017E,B15003_018E,B15003_019E,B15003_020E,B15003_021E,B15003_022E,B15003_023E,B15003_024E&for=block%20group:*&in=state:12&in=county:086&in=tract:004103,003004,003604,007005,009063,020200,012401,008503,001803,008313,000223,000307,007402,004206,001006,009321,000415,000609,000414,010214,013100,008305,006709,002402,009326,000127,001704,010622,010211,008311
https://api.census.gov/data/2021/acs/acs5?get=B15003_025E,C17002_001E,C17002_002E,C17002_003E,C17002_004E,C17002_005E,C17002_006E,C17002_007E,C17002_008E,B25046_001E&for=block%20group:*&in=state:12&in=county:086&in=tract:004103,003004,003604,007005,009063,020200,012401,008503,001803,008313,000223,000307,007402,004206,001006,009321,000415,000609,000414,010214,013100,008305,006709,002402,009326,000127,001704,010622,010211,008311


-------------------
Query: [10/23]
--------------------------------

https://api.census.gov/data/2021/acs/acs5?get=B01003_001E,B02001_002E,B02001_003E,B02001_005E,B25003_001E,B25003_002E,B25003_003E,B15003_001E,B15003_002E,B15003_004E,B15003_005E,B15003_006E,B15003_007E,B15003_008E,B15003_009E,B15003_010E,B15003_011E,B15003_012E,B15003_013E,B15003_014E,B15003_015E,B15003_016E,B15003_017E,B15003_018E,B15003_019E,B15003_020E,B15003_021E,B15003_022E,B15003_023E,B15003_024E&for=block%20group:*&in=state:12&in=county:086&in=tract:020100,011003,009905,007401,008314,008909,980800,000904,006402,011106,003803,005104,005506,006713,006707,015101,003707,008415,005409,006714,010501,015600,015800,016401,009048,008703,000212,010805,009102,005705
https://api.census.gov/data/2021/acs/acs5?get=B15003_025E,C17002_001E,C17002_002E,C17002_003E,C17002_004E,C17002_005E,C17002_006E,C17002_007E,C17002_008E,B25046_001E&for=block%20group:*&in=state:12&in=county:086&in=tract:020100,011003,009905,007401,008314,008909,980800,000904,006402,011106,003803,005104,005506,006713,006707,015101,003707,008415,005409,006714,010501,015600,015800,016401,009048,008703,000212,010805,009102,005705


-------------------
Query: [11/23]
--------------------------------

https://api.census.gov/data/2021/acs/acs5?get=B01003_001E,B02001_002E,B02001_003E,B02001_005E,B25003_001E,B25003_002E,B25003_003E,B15003_001E,B15003_002E,B15003_004E,B15003_005E,B15003_006E,B15003_007E,B15003_008E,B15003_009E,B15003_010E,B15003_011E,B15003_012E,B15003_013E,B15003_014E,B15003_015E,B15003_016E,B15003_017E,B15003_018E,B15003_019E,B15003_020E,B15003_021E,B15003_022E,B15003_023E,B15003_024E&for=block%20group:*&in=state:12&in=county:086&in=tract:009061,009904,019000,005708,000610,006715,008409,005201,019100,002201,015001,000712,006104,008207,009322,009062,001702,006605,009057,009318,009053,012103,000402,008418,001801,980700,005305,011405,000220,002502
https://api.census.gov/data/2021/acs/acs5?get=B15003_025E,C17002_001E,C17002_002E,C17002_003E,C17002_004E,C17002_005E,C17002_006E,C17002_007E,C17002_008E,B25046_001E&for=block%20group:*&in=state:12&in=county:086&in=tract:009061,009904,019000,005708,000610,006715,008409,005201,019100,002201,015001,000712,006104,008207,009322,009062,001702,006605,009057,009318,009053,012103,000402,008418,001801,980700,005305,011405,000220,002502


-------------------
Query: [12/23]
--------------------------------

https://api.census.gov/data/2021/acs/acs5?get=B01003_001E,B02001_002E,B02001_003E,B02001_005E,B25003_001E,B25003_002E,B25003_003E,B15003_001E,B15003_002E,B15003_004E,B15003_005E,B15003_006E,B15003_007E,B15003_008E,B15003_009E,B15003_010E,B15003_011E,B15003_012E,B15003_013E,B15003_014E,B15003_015E,B15003_016E,B15003_017E,B15003_018E,B15003_019E,B15003_020E,B15003_021E,B15003_022E,B15003_023E,B15003_024E&for=block%20group:*&in=state:12&in=county:086&in=tract:011900,005902,007006,007808,011302,010023,009704,005407,008308,002001,007605,010803,009312,010205,010019,010015,009324,010026,009015,000125,011010,006721,001401,009908,008428,009022,002404,008907,000509,005410
https://api.census.gov/data/2021/acs/acs5?get=B15003_025E,C17002_001E,C17002_002E,C17002_003E,C17002_004E,C17002_005E,C17002_006E,C17002_007E,C17002_008E,B25046_001E&for=block%20group:*&in=state:12&in=county:086&in=tract:011900,005902,007006,007808,011302,010023,009704,005407,008308,002001,007605,010803,009312,010205,010019,010015,009324,010026,009015,000125,011010,006721,001401,009908,008428,009022,002404,008907,000509,005410


-------------------
Query: [13/23]
--------------------------------

https://api.census.gov/data/2021/acs/acs5?get=B01003_001E,B02001_002E,B02001_003E,B02001_005E,B25003_001E,B25003_002E,B25003_003E,B15003_001E,B15003_002E,B15003_004E,B15003_005E,B15003_006E,B15003_007E,B15003_008E,B15003_009E,B15003_010E,B15003_011E,B15003_012E,B15003_013E,B15003_014E,B15003_015E,B15003_016E,B15003_017E,B15003_018E,B15003_019E,B15003_020E,B15003_021E,B15003_022E,B15003_023E,B15003_024E&for=block%20group:*&in=state:12&in=county:086&in=tract:016000,010610,008806,009066,013000,007902,000605,011800,012601,006201,010016,000715,011408,015900,014601,012200,009064,010208,005805,008206,001205,008429,000416,006720,014100,013201,009043,015700,004204,003001
https://api.census.gov/data/2021/acs/acs5?get=B15003_025E,C17002_001E,C17002_002E,C17002_003E,C17002_004E,C17002_005E,C17002_006E,C17002_007E,C17002_008E,B25046_001E&for=block%20group:*&in=state:12&in=county:086&in=tract:016000,010610,008806,009066,013000,007902,000605,011800,012601,006201,010016,000715,011408,015900,014601,012200,009064,010208,005805,008206,001205,008429,000416,006720,014100,013201,009043,015700,004204,003001


-------------------
Query: [14/23]
--------------------------------

https://api.census.gov/data/2021/acs/acs5?get=B01003_001E,B02001_002E,B02001_003E,B02001_005E,B25003_001E,B25003_002E,B25003_003E,B15003_001E,B15003_002E,B15003_004E,B15003_005E,B15003_006E,B15003_007E,B15003_008E,B15003_009E,B15003_010E,B15003_011E,B15003_012E,B15003_013E,B15003_014E,B15003_015E,B15003_016E,B15003_017E,B15003_018E,B15003_019E,B15003_020E,B15003_021E,B15003_022E,B15003_023E,B15003_024E&for=block%20group:*&in=state:12&in=county:086&in=tract:009027,005004,006717,014800,009052,008808,004205,009506,015502,000710,000122,007801,004703,016600,019600,003804,008423,010502,015103,005901,003906,009401,002403,005102,004607,008205,003606,000607,007200,009803
https://api.census.gov/data/2021/acs/acs5?get=B15003_025E,C17002_001E,C17002_002E,C17002_003E,C17002_004E,C17002_005E,C17002_006E,C17002_007E,C17002_008E,B25046_001E&for=block%20group:*&in=state:12&in=county:086&in=tract:009027,005004,006717,014800,009052,008808,004205,009506,015502,000710,000122,007801,004703,016600,019600,003804,008423,010502,015103,005901,003906,009401,002403,005102,004607,008205,003606,000607,007200,009803


-------------------
Query: [15/23]
--------------------------------

https://api.census.gov/data/2021/acs/acs5?get=B01003_001E,B02001_002E,B02001_003E,B02001_005E,B25003_001E,B25003_002E,B25003_003E,B15003_001E,B15003_002E,B15003_004E,B15003_005E,B15003_006E,B15003_007E,B15003_008E,B15003_009E,B15003_010E,B15003_011E,B15003_012E,B15003_013E,B15003_014E,B15003_015E,B15003_016E,B15003_017E,B15003_018E,B15003_019E,B15003_020E,B15003_021E,B15003_022E,B15003_023E,B15003_024E&for=block%20group:*&in=state:12&in=county:086&in=tract:003704,009056,012104,019502,009319,000120,008601,003400,011205,010624,008312,000107,001206,010609,009809,004901,008430,004903,000603,020300,011103,005202,000716,010626,010207,009601,009010,004301,000907,001005
https://api.census.gov/data/2021/acs/acs5?get=B15003_025E,C17002_001E,C17002_002E,C17002_003E,C17002_004E,C17002_005E,C17002_006E,C17002_007E,C17002_008E,B25046_001E&for=block%20group:*&in=state:12&in=county:086&in=tract:003704,009056,012104,019502,009319,000120,008601,003400,011205,010624,008312,000107,001206,010609,009809,004901,008430,004903,000603,020300,011103,005202,000716,010626,010207,009601,009010,004301,000907,001005


-------------------
Query: [16/23]
--------------------------------

https://api.census.gov/data/2021/acs/acs5?get=B01003_001E,B02001_002E,B02001_003E,B02001_005E,B25003_001E,B25003_002E,B25003_003E,B15003_001E,B15003_002E,B15003_004E,B15003_005E,B15003_006E,B15003_007E,B15003_008E,B15003_009E,B15003_010E,B15003_011E,B15003_012E,B15003_013E,B15003_014E,B15003_015E,B15003_016E,B15003_017E,B15003_018E,B15003_019E,B15003_020E,B15003_021E,B15003_022E,B15003_023E,B15003_024E&for=block%20group:*&in=state:12&in=county:086&in=tract:009305,003911,018801,009031,009040,010623,008604,011104,013700,000224,000311,010025,000115,004000,000505,003801,005600,005002,009029,013802,005406,000121,009060,009101,011701,006607,006608,004403,980400,004207
https://api.census.gov/data/2021/acs/acs5?get=B15003_025E,C17002_001E,C17002_002E,C17002_003E,C17002_004E,C17002_005E,C17002_006E,C17002_007E,C17002_008E,B25046_001E&for=block%20group:*&in=state:12&in=county:086&in=tract:009305,003911,018801,009031,009040,010623,008604,011104,013700,000224,000311,010025,000115,004000,000505,003801,005600,005002,009029,013802,005406,000121,009060,009101,011701,006607,006608,004403,980400,004207


-------------------
Query: [17/23]
--------------------------------

https://api.census.gov/data/2021/acs/acs5?get=B01003_001E,B02001_002E,B02001_003E,B02001_005E,B25003_001E,B25003_002E,B25003_003E,B15003_001E,B15003_002E,B15003_004E,B15003_005E,B15003_006E,B15003_007E,B15003_008E,B15003_009E,B15003_010E,B15003_011E,B15003_012E,B15003_013E,B15003_014E,B15003_015E,B15003_016E,B15003_017E,B15003_018E,B15003_019E,B15003_020E,B15003_021E,B15003_022E,B15003_023E,B15003_024E&for=block%20group:*&in=state:12&in=county:086&in=tract:008425,018803,009014,009327,010213,008102,000420,007608,009811,004500,005504,002100,011407,009054,018100,005701,005903,000808,000308,005103,008805,010212,010706,011601,012701,007707,009030,009907,006106,001904
https://api.census.gov/data/2021/acs/acs5?get=B15003_025E,C17002_001E,C17002_002E,C17002_003E,C17002_004E,C17002_005E,C17002_006E,C17002_007E,C17002_008E,B25046_001E&for=block%20group:*&in=state:12&in=county:086&in=tract:008425,018803,009014,009327,010213,008102,000420,007608,009811,004500,005504,002100,011407,009054,018100,005701,005903,000808,000308,005103,008805,010212,010706,011601,012701,007707,009030,009907,006106,001904


-------------------
Query: [18/23]
--------------------------------

https://api.census.gov/data/2021/acs/acs5?get=B01003_001E,B02001_002E,B02001_003E,B02001_005E,B25003_001E,B25003_002E,B25003_003E,B15003_001E,B15003_002E,B15003_004E,B15003_005E,B15003_006E,B15003_007E,B15003_008E,B15003_009E,B15003_010E,B15003_011E,B15003_012E,B15003_013E,B15003_014E,B15003_015E,B15003_016E,B15003_017E,B15003_018E,B15003_019E,B15003_020E,B15003_021E,B15003_022E,B15003_023E,B15003_024E&for=block%20group:*&in=state:12&in=county:086&in=tract:007601,005303,008000,009065,003705,009024,006203,008704,011012,000216,012105,000126,009020,015002,006606,000226,002708,001502,004304,012002,004705,001701,008420,000218,003100,006304,005804,013600,007603,008315
https://api.census.gov/data/2021/acs/acs5?get=B15003_025E,C17002_001E,C17002_002E,C17002_003E,C17002_004E,C17002_005E,C17002_006E,C17002_007E,C17002_008E,B25046_001E&for=block%20group:*&in=state:12&in=county:086&in=tract:007601,005303,008000,009065,003705,009024,006203,008704,011012,000216,012105,000126,009020,015002,006606,000226,002708,001502,004304,012002,004705,001701,008420,000218,003100,006304,005804,013600,007603,008315


-------------------
Query: [19/23]
--------------------------------

https://api.census.gov/data/2021/acs/acs5?get=B01003_001E,B02001_002E,B02001_003E,B02001_005E,B25003_001E,B25003_002E,B25003_003E,B15003_001E,B15003_002E,B15003_004E,B15003_005E,B15003_006E,B15003_007E,B15003_008E,B15003_009E,B15003_010E,B15003_011E,B15003_012E,B15003_013E,B15003_014E,B15003_015E,B15003_016E,B15003_017E,B15003_018E,B15003_019E,B15003_020E,B15003_021E,B15003_022E,B15003_023E,B15003_024E&for=block%20group:*&in=state:12&in=county:086&in=tract:003006,006002,008419,009812,002300,008431,008426,003710,006719,000508,017401,008809,003914,000124,000123,000128,014300,003603,020001,009323,015501,006503,000219,001501,000805,000804,008309,000413,000908,010018
https://api.census.gov/data/2021/acs/acs5?get=B15003_025E,C17002_001E,C17002_002E,C17002_003E,C17002_004E,C17002_005E,C17002_006E,C17002_007E,C17002_008E,B25046_001E&for=block%20group:*&in=state:12&in=county:086&in=tract:003006,006002,008419,009812,002300,008431,008426,003710,006719,000508,017401,008809,003914,000124,000123,000128,014300,003603,020001,009323,015501,006503,000219,001501,000805,000804,008309,000413,000908,010018


-------------------
Query: [20/23]
--------------------------------

https://api.census.gov/data/2021/acs/acs5?get=B01003_001E,B02001_002E,B02001_003E,B02001_005E,B25003_001E,B25003_002E,B25003_003E,B15003_001E,B15003_002E,B15003_004E,B15003_005E,B15003_006E,B15003_007E,B15003_008E,B15003_009E,B15003_010E,B15003_011E,B15003_012E,B15003_013E,B15003_014E,B15003_015E,B15003_016E,B15003_017E,B15003_018E,B15003_019E,B15003_020E,B15003_021E,B15003_022E,B15003_023E,B15003_024E&for=block%20group:*&in=state:12&in=county:086&in=tract:008911,001402,006103,004404,008422,490100,007403,001901,013400,019802,008424,009021,009314,017700,002600,000507,004608,003915,003703,002202,004704,006302,000713,001101,010709,000145,009903,004106,001209,000806
https://api.census.gov/data/2021/acs/acs5?get=B15003_025E,C17002_001E,C17002_002E,C17002_003E,C17002_004E,C17002_005E,C17002_006E,C17002_007E,C17002_008E,B25046_001E&for=block%20group:*&in=state:12&in=county:086&in=tract:008911,001402,006103,004404,008422,490100,007403,001901,013400,019802,008424,009021,009314,017700,002600,000507,004608,003915,003703,002202,004704,006302,000713,001101,010709,000145,009903,004106,001209,000806


-------------------
Query: [21/23]
--------------------------------

https://api.census.gov/data/2021/acs/acs5?get=B01003_001E,B02001_002E,B02001_003E,B02001_005E,B25003_001E,B25003_002E,B25003_003E,B15003_001E,B15003_002E,B15003_004E,B15003_005E,B15003_006E,B15003_007E,B15003_008E,B15003_009E,B15003_010E,B15003_011E,B15003_012E,B15003_013E,B15003_014E,B15003_015E,B15003_016E,B15003_017E,B15003_018E,B15003_019E,B15003_020E,B15003_021E,B15003_022E,B15003_023E,B15003_024E&for=block%20group:*&in=state:12&in=county:086&in=tract:008416,005304,003913,007003,000302,011009,017102,001103,005706,003922,005405,017300,000717,000309,010010,018901,011011,019200,006603,000146,010021,007901,007708,009906,007104,001008,009058,007806,014701,000215
https://api.census.gov/data/2021/acs/acs5?get=B15003_025E,C17002_001E,C17002_002E,C17002_003E,C17002_004E,C17002_005E,C17002_006E,C17002_007E,C17002_008E,B25046_001E&for=block%20group:*&in=state:12&in=county:086&in=tract:008416,005304,003913,007003,000302,011009,017102,001103,005706,003922,005405,017300,000717,000309,010010,018901,011011,019200,006603,000146,010021,007901,007708,009906,007104,001008,009058,007806,014701,000215


-------------------
Query: [22/23]
--------------------------------

https://api.census.gov/data/2021/acs/acs5?get=B01003_001E,B02001_002E,B02001_003E,B02001_005E,B25003_001E,B25003_002E,B25003_003E,B15003_001E,B15003_002E,B15003_004E,B15003_005E,B15003_006E,B15003_007E,B15003_008E,B15003_009E,B15003_010E,B15003_011E,B15003_012E,B15003_013E,B15003_014E,B15003_015E,B15003_016E,B15003_017E,B15003_018E,B15003_019E,B15003_020E,B15003_021E,B15003_022E,B15003_023E,B15003_024E&for=block%20group:*&in=state:12&in=county:086&in=tract:008908,003912,016700,000405,015201
https://api.census.gov/data/2021/acs/acs5?get=B15003_025E,C17002_001E,C17002_002E,C17002_003E,C17002_004E,C17002_005E,C17002_006E,C17002_007E,C17002_008E,B25046_001E&for=block%20group:*&in=state:12&in=county:086&in=tract:008908,003912,016700,000405,015201


-------------------
Query: [0/1]
--------------------------------

https://api.census.gov/data/2021/acs/acs5?get=B01003_001E,B02001_002E,B02001_003E,B02001_005E,B25003_001E,B25003_002E,B25003_003E,B15003_001E,B15003_002E,B15003_004E,B15003_005E,B15003_006E,B15003_007E,B15003_008E,B15003_009E,B15003_010E,B15003_011E,B15003_012E,B15003_013E,B15003_014E,B15003_015E,B15003_016E,B15003_017E,B15003_018E,B15003_019E,B15003_020E,B15003_021E,B15003_022E,B15003_023E,B15003_024E&for=block%20group:*&in=state:12&in=county:011&in=tract:100803,100103,100302,100108,100204,042801,110402,041400,110502,090401,100801,100106
https://api.census.gov/data/2021/acs/acs5?get=B15003_025E,C17002_001E,C17002_002E,C17002_003E,C17002_004E,C17002_005E,C17002_006E,C17002_007E,C17002_008E,B25046_001E&for=block%20group:*&in=state:12&in=county:011&in=tract:100803,100103,100302,100108,100204,042801,110402,041400,110502,090401,100801,100106


-------------------
Query: [0/1]
--------------------------------

https://api.census.gov/data/2021/acs/acs5?get=B01003_001E,B02001_002E,B02001_003E,B02001_005E,B25003_001E,B25003_002E,B25003_003E,B15003_001E,B15003_002E,B15003_004E,B15003_005E,B15003_006E,B15003_007E,B15003_008E,B15003_009E,B15003_010E,B15003_011E,B15003_012E,B15003_013E,B15003_014E,B15003_015E,B15003_016E,B15003_017E,B15003_018E,B15003_019E,B15003_020E,B15003_021E,B15003_022E,B15003_023E,B15003_024E&for=block%20group:*&in=state:12&in=county:087&in=tract:972700,970800,971200,970900,970600,970500
https://api.census.gov/data/2021/acs/acs5?get=B15003_025E,C17002_001E,C17002_002E,C17002_003E,C17002_004E,C17002_005E,C17002_006E,C17002_007E,C17002_008E,B25046_001E&for=block%20group:*&in=state:12&in=county:087&in=tract:972700,970800,971200,970900,970600,970500

Step 3: Adding Delay Data

Step 4: Linking Routes
Saved to datasets/miami_delay
