
Step 1: Downloading OSM Data
Performing OSM Query: node["amenity"="hospital"](24.71614,-81.075723,26.123095,-80.12016);
Performing OSM Query: node["shop"="supermarket"](24.71614,-81.075723,26.123095,-80.12016);
Performing OSM Query: node["leisure"="park"](24.71614,-81.075723,26.123095,-80.12016);
Performing OSM Query: node["amenity"="bar"](24.71614,-81.075723,26.123095,-80.12016);
Performing OSM Query: node["amenity"="place_of_worship"](24.71614,-81.075723,26.123095,-80.12016);
Performing OSM Query: node["brand"="McDonald's"](24.71614,-81.075723,26.123095,-80.12016);
Performing OSM Query: node["brand"="Starbucks"](24.71614,-81.075723,26.123095,-80.12016);
joining data for: hospital
joining data for: grocery
joining data for: park
joining data for: bar
joining data for: worship
joining data for: mcdonalds
joining data for: starbucks

Step 2: Adding Census Data


-------------------
Query: [0/23]
--------------------------------

https://api.census.gov/data/2021/acs/acs5?get=B01003_001E,B02001_002E,B02001_003E,B02001_005E,B25003_001E,B25003_002E,B25003_003E,B15003_001E,B15003_002E,B15003_004E,B15003_005E,B15003_006E,B15003_007E,B15003_008E,B15003_009E,B15003_010E,B15003_011E,B15003_012E,B15003_013E,B15003_014E,B15003_015E,B15003_016E,B15003_017E,B15003_018E,B15003_019E,B15003_020E,B15003_021E,B15003_022E,B15003_023E,B15003_024E&for=block%20group:*&in=state:12&in=county:086&in=tract:000609,006709,001208,008420,000717,010207,010019,006103,000132,010010,000607,009318,001102,000805,004301,005409,008427,007801,009063,005503,018602,000308,004000,017102,012401,009050,007401,001104,000716,001705
https://api.census.gov/data/2021/acs/acs5?get=B15003_025E,C17002_001E,C17002_002E,C17002_003E,C17002_004E,C17002_005E,C17002_006E,C17002_007E,C17002_008E,B25046_001E&for=block%20group:*&in=state:12&in=county:086&in=tract:000609,006709,001208,008420,000717,010207,010019,006103,000132,010010,000607,009318,001102,000805,004301,005409,008427,007801,009063,005503,018602,000308,004000,017102,012401,009050,007401,001104,000716,001705


-------------------
Query: [1/23]
--------------------------------

https://api.census.gov/data/2021/acs/acs5?get=B01003_001E,B02001_002E,B02001_003E,B02001_005E,B25003_001E,B25003_002E,B25003_003E,B15003_001E,B15003_002E,B15003_004E,B15003_005E,B15003_006E,B15003_007E,B15003_008E,B15003_009E,B15003_010E,B15003_011E,B15003_012E,B15003_013E,B15003_014E,B15003_015E,B15003_016E,B15003_017E,B15003_018E,B15003_019E,B15003_020E,B15003_021E,B15003_022E,B15003_023E,B15003_024E&for=block%20group:*&in=state:12&in=county:086&in=tract:000310,006504,008310,005903,005600,003912,000221,015002,003703,010213,005803,007705,004406,009056,005303,017600,010708,009908,008425,005403,006802,005904,001209,008314,013802,000141,009321,008315,009010,008807
https://api.census.gov/data/2021/acs/acs5?get=B15003_025E,C17002_001E,C17002_002E,C17002_003E,C17002_004E,C17002_005E,C17002_006E,C17002_007E,C17002_008E,B25046_001E&for=block%20group:*&in=state:12&in=county:086&in=tract:000310,006504,008310,005903,005600,003912,000221,015002,003703,010213,005803,007705,004406,009056,005303,017600,010708,009908,008425,005403,006802,005904,001209,008314,013802,000141,009321,008315,009010,008807


-------------------
Query: [2/23]
--------------------------------

https://api.census.gov/data/2021/acs/acs5?get=B01003_001E,B02001_002E,B02001_003E,B02001_005E,B25003_001E,B25003_002E,B25003_003E,B15003_001E,B15003_002E,B15003_004E,B15003_005E,B15003_006E,B15003_007E,B15003_008E,B15003_009E,B15003_010E,B15003_011E,B15003_012E,B15003_013E,B15003_014E,B15003_015E,B15003_016E,B15003_017E,B15003_018E,B15003_019E,B15003_020E,B15003_021E,B15003_022E,B15003_023E,B15003_024E&for=block%20group:*&in=state:12&in=county:086&in=tract:000130,009020,000307,010803,008409,016100,000906,014100,011409,001901,003705,000417,006801,010705,011014,008309,009504,008423,001904,001401,006608,002900,003803,012702,006605,008206,004608,009049,011405,009806
https://api.census.gov/data/2021/acs/acs5?get=B15003_025E,C17002_001E,C17002_002E,C17002_003E,C17002_004E,C17002_005E,C17002_006E,C17002_007E,C17002_008E,B25046_001E&for=block%20group:*&in=state:12&in=county:086&in=tract:000130,009020,000307,010803,008409,016100,000906,014100,011409,001901,003705,000417,006801,010705,011014,008309,009504,008423,001904,001401,006608,002900,003803,012702,006605,008206,004608,009049,011405,009806


-------------------
Query: [3/23]
--------------------------------

https://api.census.gov/data/2021/acs/acs5?get=B01003_001E,B02001_002E,B02001_003E,B02001_005E,B25003_001E,B25003_002E,B25003_003E,B15003_001E,B15003_002E,B15003_004E,B15003_005E,B15003_006E,B15003_007E,B15003_008E,B15003_009E,B15003_010E,B15003_011E,B15003_012E,B15003_013E,B15003_014E,B15003_015E,B15003_016E,B15003_017E,B15003_018E,B15003_019E,B15003_020E,B15003_021E,B15003_022E,B15003_023E,B15003_024E&for=block%20group:*&in=state:12&in=county:086&in=tract:001903,006003,000143,010609,001008,009402,000118,000140,011302,009804,001801,007605,000710,009909,018802,006303,001101,008312,001005,003706,015103,006715,003606,013801,003004,004106,000206,000146,001701,002707
https://api.census.gov/data/2021/acs/acs5?get=B15003_025E,C17002_001E,C17002_002E,C17002_003E,C17002_004E,C17002_005E,C17002_006E,C17002_007E,C17002_008E,B25046_001E&for=block%20group:*&in=state:12&in=county:086&in=tract:001903,006003,000143,010609,001008,009402,000118,000140,011302,009804,001801,007605,000710,009909,018802,006303,001101,008312,001005,003706,015103,006715,003606,013801,003004,004106,000206,000146,001701,002707


-------------------
Query: [4/23]
--------------------------------

https://api.census.gov/data/2021/acs/acs5?get=B01003_001E,B02001_002E,B02001_003E,B02001_005E,B25003_001E,B25003_002E,B25003_003E,B15003_001E,B15003_002E,B15003_004E,B15003_005E,B15003_006E,B15003_007E,B15003_008E,B15003_009E,B15003_010E,B15003_011E,B15003_012E,B15003_013E,B15003_014E,B15003_015E,B15003_016E,B15003_017E,B15003_018E,B15003_019E,B15003_020E,B15003_021E,B15003_022E,B15003_023E,B15003_024E&for=block%20group:*&in=state:12&in=county:086&in=tract:010214,009101,009048,009060,006503,005305,004605,012103,019402,009319,002003,010198,004105,017101,013400,010709,010604,007609,002100,003605,000505,017300,012102,004602,003001,009026,008431,005201,009031,010400
https://api.census.gov/data/2021/acs/acs5?get=B15003_025E,C17002_001E,C17002_002E,C17002_003E,C17002_004E,C17002_005E,C17002_006E,C17002_007E,C17002_008E,B25046_001E&for=block%20group:*&in=state:12&in=county:086&in=tract:010214,009101,009048,009060,006503,005305,004605,012103,019402,009319,002003,010198,004105,017101,013400,010709,010604,007609,002100,003605,000505,017300,012102,004602,003001,009026,008431,005201,009031,010400


-------------------
Query: [5/23]
--------------------------------

https://api.census.gov/data/2021/acs/acs5?get=B01003_001E,B02001_002E,B02001_003E,B02001_005E,B25003_001E,B25003_002E,B25003_003E,B15003_001E,B15003_002E,B15003_004E,B15003_005E,B15003_006E,B15003_007E,B15003_008E,B15003_009E,B15003_010E,B15003_011E,B15003_012E,B15003_013E,B15003_014E,B15003_015E,B15003_016E,B15003_017E,B15003_018E,B15003_019E,B15003_020E,B15003_021E,B15003_022E,B15003_023E,B15003_024E&for=block%20group:*&in=state:12&in=county:086&in=tract:010020,008313,005102,000705,000227,005505,012200,017902,006203,006603,015501,003909,008910,000509,000714,006719,012101,000602,010024,019501,008906,009312,017500,000806,001103,980300,018001,009030,010017,019901
https://api.census.gov/data/2021/acs/acs5?get=B15003_025E,C17002_001E,C17002_002E,C17002_003E,C17002_004E,C17002_005E,C17002_006E,C17002_007E,C17002_008E,B25046_001E&for=block%20group:*&in=state:12&in=county:086&in=tract:010020,008313,005102,000705,000227,005505,012200,017902,006203,006603,015501,003909,008910,000509,000714,006719,012101,000602,010024,019501,008906,009312,017500,000806,001103,980300,018001,009030,010017,019901


-------------------
Query: [6/23]
--------------------------------

https://api.census.gov/data/2021/acs/acs5?get=B01003_001E,B02001_002E,B02001_003E,B02001_005E,B25003_001E,B25003_002E,B25003_003E,B15003_001E,B15003_002E,B15003_004E,B15003_005E,B15003_006E,B15003_007E,B15003_008E,B15003_009E,B15003_010E,B15003_011E,B15003_012E,B15003_013E,B15003_014E,B15003_015E,B15003_016E,B15003_017E,B15003_018E,B15003_019E,B15003_020E,B15003_021E,B15003_022E,B15003_023E,B15003_024E&for=block%20group:*&in=state:12&in=county:086&in=tract:003704,000712,016402,009029,009044,000414,000124,001605,008101,011601,013600,981000,010622,016501,000220,000506,009602,000311,003708,001704,005806,000131,001402,016700,000121,001301,001007,014701,009054,007603
https://api.census.gov/data/2021/acs/acs5?get=B15003_025E,C17002_001E,C17002_002E,C17002_003E,C17002_004E,C17002_005E,C17002_006E,C17002_007E,C17002_008E,B25046_001E&for=block%20group:*&in=state:12&in=county:086&in=tract:003704,000712,016402,009029,009044,000414,000124,001605,008101,011601,013600,981000,010622,016501,000220,000506,009602,000311,003708,001704,005806,000131,001402,016700,000121,001301,001007,014701,009054,007603


-------------------
Query: [7/23]
--------------------------------

https://api.census.gov/data/2021/acs/acs5?get=B01003_001E,B02001_002E,B02001_003E,B02001_005E,B25003_001E,B25003_002E,B25003_003E,B15003_001E,B15003_002E,B15003_004E,B15003_005E,B15003_006E,B15003_007E,B15003_008E,B15003_009E,B15003_010E,B15003_011E,B15003_012E,B15003_013E,B15003_014E,B15003_015E,B15003_016E,B15003_017E,B15003_018E,B15003_019E,B15003_020E,B15003_021E,B15003_022E,B15003_023E,B15003_024E&for=block%20group:*&in=state:12&in=county:086&in=tract:013201,011106,000122,010623,017000,002001,000402,000507,000225,009316,000215,007004,005202,005103,009905,006402,003917,000142,010208,007808,002502,011800,006707,005805,000223,010205,009062,011105,003911,009305
https://api.census.gov/data/2021/acs/acs5?get=B15003_025E,C17002_001E,C17002_002E,C17002_003E,C17002_004E,C17002_005E,C17002_006E,C17002_007E,C17002_008E,B25046_001E&for=block%20group:*&in=state:12&in=county:086&in=tract:013201,011106,000122,010623,017000,002001,000402,000507,000225,009316,000215,007004,005202,005103,009905,006402,003917,000142,010208,007808,002502,011800,006707,005805,000223,010205,009062,011105,003911,009305


-------------------
Query: [8/23]
--------------------------------

https://api.census.gov/data/2021/acs/acs5?get=B01003_001E,B02001_002E,B02001_003E,B02001_005E,B25003_001E,B25003_002E,B25003_003E,B15003_001E,B15003_002E,B15003_004E,B15003_005E,B15003_006E,B15003_007E,B15003_008E,B15003_009E,B15003_010E,B15003_011E,B15003_012E,B15003_013E,B15003_014E,B15003_015E,B15003_016E,B15003_017E,B15003_018E,B15003_019E,B15003_020E,B15003_021E,B15003_022E,B15003_023E,B15003_024E&for=block%20group:*&in=state:12&in=county:086&in=tract:006607,003922,006721,009061,000601,009322,015202,001204,006105,007709,005902,012601,009327,009803,980500,006206,009324,003801,011011,007807,013100,001802,012900,015600,010804,011003,011500,010610,015001,004303
https://api.census.gov/data/2021/acs/acs5?get=B15003_025E,C17002_001E,C17002_002E,C17002_003E,C17002_004E,C17002_005E,C17002_006E,C17002_007E,C17002_008E,B25046_001E&for=block%20group:*&in=state:12&in=county:086&in=tract:006607,003922,006721,009061,000601,009322,015202,001204,006105,007709,005902,012601,009327,009803,980500,006206,009324,003801,011011,007807,013100,001802,012900,015600,010804,011003,011500,010610,015001,004303


-------------------
Query: [9/23]
--------------------------------

https://api.census.gov/data/2021/acs/acs5?get=B01003_001E,B02001_002E,B02001_003E,B02001_005E,B25003_001E,B25003_002E,B25003_003E,B15003_001E,B15003_002E,B15003_004E,B15003_005E,B15003_006E,B15003_007E,B15003_008E,B15003_009E,B15003_010E,B15003_011E,B15003_012E,B15003_013E,B15003_014E,B15003_015E,B15003_016E,B15003_017E,B15003_018E,B15003_019E,B15003_020E,B15003_021E,B15003_022E,B15003_023E,B15003_024E&for=block%20group:*&in=state:12&in=county:086&in=tract:006304,012802,000711,010025,006720,020100,010212,003710,002404,020001,000109,008502,017700,013301,003921,000211,005306,000408,007104,010900,000405,000107,003100,004206,008422,006705,007706,008426,011012,002600
https://api.census.gov/data/2021/acs/acs5?get=B15003_025E,C17002_001E,C17002_002E,C17002_003E,C17002_004E,C17002_005E,C17002_006E,C17002_007E,C17002_008E,B25046_001E&for=block%20group:*&in=state:12&in=county:086&in=tract:006304,012802,000711,010025,006720,020100,010212,003710,002404,020001,000109,008502,017700,013301,003921,000211,005306,000408,007104,010900,000405,000107,003100,004206,008422,006705,007706,008426,011012,002600


-------------------
Query: [10/23]
--------------------------------

https://api.census.gov/data/2021/acs/acs5?get=B01003_001E,B02001_002E,B02001_003E,B02001_005E,B25003_001E,B25003_002E,B25003_003E,B15003_001E,B15003_002E,B15003_004E,B15003_005E,B15003_006E,B15003_007E,B15003_008E,B15003_009E,B15003_010E,B15003_011E,B15003_012E,B15003_013E,B15003_014E,B15003_015E,B15003_016E,B15003_017E,B15003_018E,B15003_019E,B15003_020E,B15003_021E,B15003_022E,B15003_023E,B15003_024E&for=block%20group:*&in=state:12&in=county:086&in=tract:010018,010619,008504,003603,007006,002004,017901,016000,000302,003006,004103,000222,018700,019700,005004,001205,011602,001803,008911,008601,001608,015700,009052,007003,004207,006004,015900,004404,000115,000508
https://api.census.gov/data/2021/acs/acs5?get=B15003_025E,C17002_001E,C17002_002E,C17002_003E,C17002_004E,C17002_005E,C17002_006E,C17002_007E,C17002_008E,B25046_001E&for=block%20group:*&in=state:12&in=county:086&in=tract:010018,010619,008504,003603,007006,002004,017901,016000,000302,003006,004103,000222,018700,019700,005004,001205,011602,001803,008911,008601,001608,015700,009052,007003,004207,006004,015900,004404,000115,000508


-------------------
Query: [11/23]
--------------------------------

https://api.census.gov/data/2021/acs/acs5?get=B01003_001E,B02001_002E,B02001_003E,B02001_005E,B25003_001E,B25003_002E,B25003_003E,B15003_001E,B15003_002E,B15003_004E,B15003_005E,B15003_006E,B15003_007E,B15003_008E,B15003_009E,B15003_010E,B15003_011E,B15003_012E,B15003_013E,B15003_014E,B15003_015E,B15003_016E,B15003_017E,B15003_018E,B15003_019E,B15003_020E,B15003_021E,B15003_022E,B15003_023E,B15003_024E&for=block%20group:*&in=state:12&in=county:086&in=tract:019302,000905,000610,015101,014900,000228,010022,014400,009314,009053,007200,000415,009102,004500,980400,005701,000807,010624,018801,000312,011104,002702,012105,006606,015400,009704,009323,002709,005706,008102
https://api.census.gov/data/2021/acs/acs5?get=B15003_025E,C17002_001E,C17002_002E,C17002_003E,C17002_004E,C17002_005E,C17002_006E,C17002_007E,C17002_008E,B25046_001E&for=block%20group:*&in=state:12&in=county:086&in=tract:019302,000905,000610,015101,014900,000228,010022,014400,009314,009053,007200,000415,009102,004500,980400,005701,000807,010624,018801,000312,011104,002702,012105,006606,015400,009704,009323,002709,005706,008102


-------------------
Query: [12/23]
--------------------------------

https://api.census.gov/data/2021/acs/acs5?get=B01003_001E,B02001_002E,B02001_003E,B02001_005E,B25003_001E,B25003_002E,B25003_003E,B15003_001E,B15003_002E,B15003_004E,B15003_005E,B15003_006E,B15003_007E,B15003_008E,B15003_009E,B15003_010E,B15003_011E,B15003_012E,B15003_013E,B15003_014E,B15003_015E,B15003_016E,B15003_017E,B15003_018E,B15003_019E,B15003_020E,B15003_021E,B15003_022E,B15003_023E,B15003_024E&for=block%20group:*&in=state:12&in=county:086&in=tract:010706,000413,000605,004205,007610,008000,018300,009703,009058,015502,019902,009706,000123,009039,009027,002403,008207,005410,008421,004704,011203,011301,018002,017200,000908,005708,004701,007007,000713,003913
https://api.census.gov/data/2021/acs/acs5?get=B15003_025E,C17002_001E,C17002_002E,C17002_003E,C17002_004E,C17002_005E,C17002_006E,C17002_007E,C17002_008E,B25046_001E&for=block%20group:*&in=state:12&in=county:086&in=tract:010706,000413,000605,004205,007610,008000,018300,009703,009058,015502,019902,009706,000123,009039,009027,002403,008207,005410,008421,004704,011203,011301,018002,017200,000908,005708,004701,007007,000713,003913


-------------------
Query: [13/23]
--------------------------------

https://api.census.gov/data/2021/acs/acs5?get=B01003_001E,B02001_002E,B02001_003E,B02001_005E,B25003_001E,B25003_002E,B25003_003E,B15003_001E,B15003_002E,B15003_004E,B15003_005E,B15003_006E,B15003_007E,B15003_008E,B15003_009E,B15003_010E,B15003_011E,B15003_012E,B15003_013E,B15003_014E,B15003_015E,B15003_016E,B15003_017E,B15003_018E,B15003_019E,B15003_020E,B15003_021E,B15003_022E,B15003_023E,B15003_024E&for=block%20group:*&in=state:12&in=county:086&in=tract:009810,007607,000216,009906,005506,009320,009024,005407,000418,000410,001501,011407,004901,008604,005002,009503,009028,006604,014500,980800,018400,002710,010013,016600,005705,011702,007101,008308,008424,010026
https://api.census.gov/data/2021/acs/acs5?get=B15003_025E,C17002_001E,C17002_002E,C17002_003E,C17002_004E,C17002_005E,C17002_006E,C17002_007E,C17002_008E,B25046_001E&for=block%20group:*&in=state:12&in=county:086&in=tract:009810,007607,000216,009906,005506,009320,009024,005407,000418,000410,001501,011407,004901,008604,005002,009503,009028,006604,014500,980800,018400,002710,010013,016600,005705,011702,007101,008308,008424,010026


-------------------
Query: [14/23]
--------------------------------

https://api.census.gov/data/2021/acs/acs5?get=B01003_001E,B02001_002E,B02001_003E,B02001_005E,B25003_001E,B25003_002E,B25003_003E,B15003_001E,B15003_002E,B15003_004E,B15003_005E,B15003_006E,B15003_007E,B15003_008E,B15003_009E,B15003_010E,B15003_011E,B15003_012E,B15003_013E,B15003_014E,B15003_015E,B15003_016E,B15003_017E,B15003_018E,B15003_019E,B15003_020E,B15003_021E,B15003_022E,B15003_023E,B15003_024E&for=block%20group:*&in=state:12&in=county:086&in=tract:011010,006205,009064,000224,011701,010620,007402,008809,015800,000719,018500,007608,000416,009066,000603,003604,004405,005707,007403,006002,002705,980200,008419,000145,000420,009904,009057,012002,006501,002708
https://api.census.gov/data/2021/acs/acs5?get=B15003_025E,C17002_001E,C17002_002E,C17002_003E,C17002_004E,C17002_005E,C17002_006E,C17002_007E,C17002_008E,B25046_001E&for=block%20group:*&in=state:12&in=county:086&in=tract:011010,006205,009064,000224,011701,010620,007402,008809,015800,000719,018500,007608,000416,009066,000603,003604,004405,005707,007403,006002,002705,980200,008419,000145,000420,009904,009057,012002,006501,002708


-------------------
Query: [15/23]
--------------------------------

https://api.census.gov/data/2021/acs/acs5?get=B01003_001E,B02001_002E,B02001_003E,B02001_005E,B25003_001E,B25003_002E,B25003_003E,B15003_001E,B15003_002E,B15003_004E,B15003_005E,B15003_006E,B15003_007E,B15003_008E,B15003_009E,B15003_010E,B15003_011E,B15003_012E,B15003_013E,B15003_014E,B15003_015E,B15003_016E,B15003_017E,B15003_018E,B15003_019E,B15003_020E,B15003_021E,B15003_022E,B15003_023E,B15003_024E&for=block%20group:*&in=state:12&in=county:086&in=tract:003804,003607,980700,006302,000226,009022,490100,019600,004204,007806,000218,018100,000309,014200,016401,001006,013700,001004,010805,010608,006403,006713,008208,015300,008907,008909,000904,003916,000213,006716
https://api.census.gov/data/2021/acs/acs5?get=B15003_025E,C17002_001E,C17002_002E,C17002_003E,C17002_004E,C17002_005E,C17002_006E,C17002_007E,C17002_008E,B25046_001E&for=block%20group:*&in=state:12&in=county:086&in=tract:003804,003607,980700,006302,000226,009022,490100,019600,004204,007806,000218,018100,000309,014200,016401,001006,013700,001004,010805,010608,006403,006713,008208,015300,008907,008909,000904,003916,000213,006716


-------------------
Query: [16/23]
--------------------------------

https://api.census.gov/data/2021/acs/acs5?get=B01003_001E,B02001_002E,B02001_003E,B02001_005E,B25003_001E,B25003_002E,B25003_003E,B15003_001E,B15003_002E,B15003_004E,B15003_005E,B15003_006E,B15003_007E,B15003_008E,B15003_009E,B15003_010E,B15003_011E,B15003_012E,B15003_013E,B15003_014E,B15003_015E,B15003_016E,B15003_017E,B15003_018E,B15003_019E,B15003_020E,B15003_021E,B15003_022E,B15003_023E,B15003_024E&for=block%20group:*&in=state:12&in=county:086&in=tract:008416,009401,008603,019100,005406,011013,009601,000127,001603,009811,010021,005003,014300,010016,010710,017402,008418,000808,001206,009506,000120,006901,014702,000504,001702,008806,008429,010211,002501,008430
https://api.census.gov/data/2021/acs/acs5?get=B15003_025E,C17002_001E,C17002_002E,C17002_003E,C17002_004E,C17002_005E,C17002_006E,C17002_007E,C17002_008E,B25046_001E&for=block%20group:*&in=state:12&in=county:086&in=tract:008416,009401,008603,019100,005406,011013,009601,000127,001603,009811,010021,005003,014300,010016,010710,017402,008418,000808,001206,009506,000120,006901,014702,000504,001702,008806,008429,010211,002501,008430


-------------------
Query: [17/23]
--------------------------------

https://api.census.gov/data/2021/acs/acs5?get=B01003_001E,B02001_002E,B02001_003E,B02001_005E,B25003_001E,B25003_002E,B25003_003E,B15003_001E,B15003_002E,B15003_004E,B15003_005E,B15003_006E,B15003_007E,B15003_008E,B15003_009E,B15003_010E,B15003_011E,B15003_012E,B15003_013E,B15003_014E,B15003_015E,B15003_016E,B15003_017E,B15003_018E,B15003_019E,B15003_020E,B15003_021E,B15003_022E,B15003_023E,B15003_024E&for=block%20group:*&in=state:12&in=county:086&in=tract:012801,009505,007902,007805,008908,018901,019200,017401,000409,011408,010613,008808,004102,008428,000204,003915,000804,004403,004904,000134,007005,011900,005504,012001,010626,009907,011412,010015,003914,006717
https://api.census.gov/data/2021/acs/acs5?get=B15003_025E,C17002_001E,C17002_002E,C17002_003E,C17002_004E,C17002_005E,C17002_006E,C17002_007E,C17002_008E,B25046_001E&for=block%20group:*&in=state:12&in=county:086&in=tract:012801,009505,007902,007805,008908,018901,019200,017401,000409,011408,010613,008808,004102,008428,000204,003915,000804,004403,004904,000134,007005,011900,005504,012001,010626,009907,011412,010015,003914,006717


-------------------
Query: [18/23]
--------------------------------

https://api.census.gov/data/2021/acs/acs5?get=B01003_001E,B02001_002E,B02001_003E,B02001_005E,B25003_001E,B25003_002E,B25003_003E,B15003_001E,B15003_002E,B15003_004E,B15003_005E,B15003_006E,B15003_007E,B15003_008E,B15003_009E,B15003_010E,B15003_011E,B15003_012E,B15003_013E,B15003_014E,B15003_015E,B15003_016E,B15003_017E,B15003_018E,B15003_019E,B15003_020E,B15003_021E,B15003_022E,B15003_023E,B15003_024E&for=block%20group:*&in=state:12&in=county:086&in=tract:009903,009325,000125,000907,009812,010621,000411,004304,005901,020002,006401,000128,009326,009055,017800,005104,001003,014800,008503,002402,009015,013000,007901,002201,016300,009014,019802,004607,009040,015201
https://api.census.gov/data/2021/acs/acs5?get=B15003_025E,C17002_001E,C17002_002E,C17002_003E,C17002_004E,C17002_005E,C17002_006E,C17002_007E,C17002_008E,B25046_001E&for=block%20group:*&in=state:12&in=county:086&in=tract:009903,009325,000125,000907,009812,010621,000411,004304,005901,020002,006401,000128,009326,009055,017800,005104,001003,014800,008503,002402,009015,013000,007901,002201,016300,009014,019802,004607,009040,015201


-------------------
Query: [19/23]
--------------------------------

https://api.census.gov/data/2021/acs/acs5?get=B01003_001E,B02001_002E,B02001_003E,B02001_005E,B25003_001E,B25003_002E,B25003_003E,B15003_001E,B15003_002E,B15003_004E,B15003_005E,B15003_006E,B15003_007E,B15003_008E,B15003_009E,B15003_010E,B15003_011E,B15003_012E,B15003_013E,B15003_014E,B15003_015E,B15003_016E,B15003_017E,B15003_018E,B15003_019E,B15003_020E,B15003_021E,B15003_022E,B15003_023E,B15003_024E&for=block%20group:*&in=state:12&in=county:086&in=tract:001606,018003,011406,004903,020200,010806,009317,010707,008205,002300,008904,000720,002202,008805,014602,006714,016200,018200,000612,006902,010501,019401,020300,010502,008703,016800,008415,006718,000306,001502
https://api.census.gov/data/2021/acs/acs5?get=B15003_025E,C17002_001E,C17002_002E,C17002_003E,C17002_004E,C17002_005E,C17002_006E,C17002_007E,C17002_008E,B25046_001E&for=block%20group:*&in=state:12&in=county:086&in=tract:001606,018003,011406,004903,020200,010806,009317,010707,008205,002300,008904,000720,002202,008805,014602,006714,016200,018200,000612,006902,010501,019401,020300,010502,008703,016800,008415,006718,000306,001502


-------------------
Query: [20/23]
--------------------------------

https://api.census.gov/data/2021/acs/acs5?get=B01003_001E,B02001_002E,B02001_003E,B02001_005E,B25003_001E,B25003_002E,B25003_003E,B15003_001E,B15003_002E,B15003_004E,B15003_005E,B15003_006E,B15003_007E,B15003_008E,B15003_009E,B15003_010E,B15003_011E,B15003_012E,B15003_013E,B15003_014E,B15003_015E,B15003_016E,B15003_017E,B15003_018E,B15003_019E,B15003_020E,B15003_021E,B15003_022E,B15003_023E,B15003_024E&for=block%20group:*&in=state:12&in=county:086&in=tract:008810,009043,000718,013900,000715,007704,003400,008704,010012,009809,004703,007601,000611,006104,019502,003707,007501,008209,010618,012701,009705,012501,005304,000212,000903,008202,009021,002800,005405,010023
https://api.census.gov/data/2021/acs/acs5?get=B15003_025E,C17002_001E,C17002_002E,C17002_003E,C17002_004E,C17002_005E,C17002_006E,C17002_007E,C17002_008E,B25046_001E&for=block%20group:*&in=state:12&in=county:086&in=tract:008810,009043,000718,013900,000715,007704,003400,008704,010012,009809,004703,007601,000611,006104,019502,003707,007501,008209,010618,012701,009705,012501,005304,000212,000903,008202,009021,002800,005405,010023


-------------------
Query: [21/23]
--------------------------------

https://api.census.gov/data/2021/acs/acs5?get=B01003_001E,B02001_002E,B02001_003E,B02001_005E,B25003_001E,B25003_002E,B25003_003E,B15003_001E,B15003_002E,B15003_004E,B15003_005E,B15003_006E,B15003_007E,B15003_008E,B15003_009E,B15003_010E,B15003_011E,B15003_012E,B15003_013E,B15003_014E,B15003_015E,B15003_016E,B15003_017E,B15003_018E,B15003_019E,B15003_020E,B15003_021E,B15003_022E,B15003_023E,B15003_024E&for=block%20group:*&in=state:12&in=county:086&in=tract:000419,001302,005804,006106,009051,009059,011009,004208,011205,018803,003906,003918,007300,016900,007708,014601,006201,004705,008702,000126,011103,003005,008305,003919,008311,006706,018902,019000,018601,000219
https://api.census.gov/data/2021/acs/acs5?get=B15003_025E,C17002_001E,C17002_002E,C17002_003E,C17002_004E,C17002_005E,C17002_006E,C17002_007E,C17002_008E,B25046_001E&for=block%20group:*&in=state:12&in=county:086&in=tract:000419,001302,005804,006106,009051,009059,011009,004208,011205,018803,003906,003918,007300,016900,007708,014601,006201,004705,008702,000126,011103,003005,008305,003919,008311,006706,018902,019000,018601,000219


-------------------
Query: [22/23]
--------------------------------

https://api.census.gov/data/2021/acs/acs5?get=B01003_001E,B02001_002E,B02001_003E,B02001_005E,B25003_001E,B25003_002E,B25003_003E,B15003_001E,B15003_002E,B15003_004E,B15003_005E,B15003_006E,B15003_007E,B15003_008E,B15003_009E,B15003_010E,B15003_011E,B15003_012E,B15003_013E,B15003_014E,B15003_015E,B15003_016E,B15003_017E,B15003_018E,B15003_019E,B15003_020E,B15003_021E,B15003_022E,B15003_023E,B15003_024E&for=block%20group:*&in=state:12&in=county:086&in=tract:009065,001607,007707,007809,012104
https://api.census.gov/data/2021/acs/acs5?get=B15003_025E,C17002_001E,C17002_002E,C17002_003E,C17002_004E,C17002_005E,C17002_006E,C17002_007E,C17002_008E,B25046_001E&for=block%20group:*&in=state:12&in=county:086&in=tract:009065,001607,007707,007809,012104


-------------------
Query: [0/1]
--------------------------------

https://api.census.gov/data/2021/acs/acs5?get=B01003_001E,B02001_002E,B02001_003E,B02001_005E,B25003_001E,B25003_002E,B25003_003E,B15003_001E,B15003_002E,B15003_004E,B15003_005E,B15003_006E,B15003_007E,B15003_008E,B15003_009E,B15003_010E,B15003_011E,B15003_012E,B15003_013E,B15003_014E,B15003_015E,B15003_016E,B15003_017E,B15003_018E,B15003_019E,B15003_020E,B15003_021E,B15003_022E,B15003_023E,B15003_024E&for=block%20group:*&in=state:12&in=county:011&in=tract:100103,041400,042801,110502,100302,100803,100108,110402,100106,100204,100801,090401
https://api.census.gov/data/2021/acs/acs5?get=B15003_025E,C17002_001E,C17002_002E,C17002_003E,C17002_004E,C17002_005E,C17002_006E,C17002_007E,C17002_008E,B25046_001E&for=block%20group:*&in=state:12&in=county:011&in=tract:100103,041400,042801,110502,100302,100803,100108,110402,100106,100204,100801,090401


-------------------
Query: [0/1]
--------------------------------

https://api.census.gov/data/2021/acs/acs5?get=B01003_001E,B02001_002E,B02001_003E,B02001_005E,B25003_001E,B25003_002E,B25003_003E,B15003_001E,B15003_002E,B15003_004E,B15003_005E,B15003_006E,B15003_007E,B15003_008E,B15003_009E,B15003_010E,B15003_011E,B15003_012E,B15003_013E,B15003_014E,B15003_015E,B15003_016E,B15003_017E,B15003_018E,B15003_019E,B15003_020E,B15003_021E,B15003_022E,B15003_023E,B15003_024E&for=block%20group:*&in=state:12&in=county:087&in=tract:970800,971200,972700,970600,970500,970900
https://api.census.gov/data/2021/acs/acs5?get=B15003_025E,C17002_001E,C17002_002E,C17002_003E,C17002_004E,C17002_005E,C17002_006E,C17002_007E,C17002_008E,B25046_001E&for=block%20group:*&in=state:12&in=county:087&in=tract:970800,971200,972700,970600,970500,970900

Step 4: Linking Routes
Saved to datasets/miami
