
Step 1: Downloading OSM Data
Performing OSM Query: node["amenity"="hospital"](37.705764,-122.510792,37.829848,-122.365593);
Performing OSM Query: node["shop"="supermarket"](37.705764,-122.510792,37.829848,-122.365593);
Performing OSM Query: node["leisure"="park"](37.705764,-122.510792,37.829848,-122.365593);
Performing OSM Query: node["amenity"="bar"](37.705764,-122.510792,37.829848,-122.365593);
Performing OSM Query: node["amenity"="place_of_worship"](37.705764,-122.510792,37.829848,-122.365593);
Performing OSM Query: node["brand"="McDonald's"](37.705764,-122.510792,37.829848,-122.365593);
Performing OSM Query: node["brand"="Starbucks"](37.705764,-122.510792,37.829848,-122.365593);
joining data for: hospital
joining data for: grocery
joining data for: park
joining data for: bar
joining data for: worship
joining data for: mcdonalds
joining data for: starbucks

Step 2: Adding Census Data


-------------------
Query: [0/8]
--------------------------------

https://api.census.gov/data/2021/acs/acs5?get=B01003_001E,B02001_002E,B02001_003E,B02001_005E,B25003_001E,B25003_002E,B25003_003E,B15003_001E,B15003_002E,B15003_004E,B15003_005E,B15003_006E,B15003_007E,B15003_008E,B15003_009E,B15003_010E,B15003_011E,B15003_012E,B15003_013E,B15003_014E,B15003_015E,B15003_016E,B15003_017E,B15003_018E,B15003_019E,B15003_020E,B15003_021E,B15003_022E,B15003_023E,B15003_024E&for=block%20group:*&in=state:06&in=county:075&in=tract:026303,011102,017604,060100,012203,015600,047903,020500,012100,010401,030301,010202,030900,021100,025702,025402,010901,025401,047802,021700,025600,017102,042601,031000,011101,025100,031302,020602,047801,017804
https://api.census.gov/data/2021/acs/acs5?get=B15003_025E,C17002_001E,C17002_002E,C17002_003E,C17002_004E,C17002_005E,C17002_006E,C17002_007E,C17002_008E,B25046_001E&for=block%20group:*&in=state:06&in=county:075&in=tract:026303,011102,017604,060100,012203,015600,047903,020500,012100,010401,030301,010202,030900,021100,025702,025402,010901,025401,047802,021700,025600,017102,042601,031000,011101,025100,031302,020602,047801,017804


-------------------
Query: [1/8]
--------------------------------

https://api.census.gov/data/2021/acs/acs5?get=B01003_001E,B02001_002E,B02001_003E,B02001_005E,B25003_001E,B25003_002E,B25003_003E,B15003_001E,B15003_002E,B15003_004E,B15003_005E,B15003_006E,B15003_007E,B15003_008E,B15003_009E,B15003_010E,B15003_011E,B15003_012E,B15003_013E,B15003_014E,B15003_015E,B15003_016E,B15003_017E,B15003_018E,B15003_019E,B15003_020E,B15003_021E,B15003_022E,B15003_023E,B15003_024E&for=block%20group:*&in=state:06&in=county:075&in=tract:033001,980600,011001,013001,026201,012902,020202,015401,022902,022704,011002,061503,032801,012802,026404,020102,060702,022903,035201,025502,040200,015702,022802,020702,015100,061200,042700,032902,023400,016601
https://api.census.gov/data/2021/acs/acs5?get=B15003_025E,C17002_001E,C17002_002E,C17002_003E,C17002_004E,C17002_005E,C17002_006E,C17002_007E,C17002_008E,B25046_001E&for=block%20group:*&in=state:06&in=county:075&in=tract:033001,980600,011001,013001,026201,012902,020202,015401,022902,022704,011002,061503,032801,012802,026404,020102,060702,022903,035201,025502,040200,015702,022802,020702,015100,061200,042700,032902,023400,016601


-------------------
Query: [2/8]
--------------------------------

https://api.census.gov/data/2021/acs/acs5?get=B01003_001E,B02001_002E,B02001_003E,B02001_005E,B25003_001E,B25003_002E,B25003_003E,B15003_001E,B15003_002E,B15003_004E,B15003_005E,B15003_006E,B15003_007E,B15003_008E,B15003_009E,B15003_010E,B15003_011E,B15003_012E,B15003_013E,B15003_014E,B15003_015E,B15003_016E,B15003_017E,B15003_018E,B15003_019E,B15003_020E,B15003_021E,B15003_022E,B15003_023E,B15003_024E&for=block%20group:*&in=state:06&in=county:075&in=tract:021800,022600,061101,023003,011901,010600,012502,015701,010102,031402,016101,013102,047904,017803,016700,020802,017903,020801,013101,022901,021000,023103,013402,016200,035300,020201,060701,033002,031100,013401
https://api.census.gov/data/2021/acs/acs5?get=B15003_025E,C17002_001E,C17002_002E,C17002_003E,C17002_004E,C17002_005E,C17002_006E,C17002_007E,C17002_008E,B25046_001E&for=block%20group:*&in=state:06&in=county:075&in=tract:021800,022600,061101,023003,011901,010600,012502,015701,010102,031402,016101,013102,047904,017803,016700,020802,017903,020801,013101,022901,021000,023103,013402,016200,035300,020201,060701,033002,031100,013401


-------------------
Query: [3/8]
--------------------------------

https://api.census.gov/data/2021/acs/acs5?get=B01003_001E,B02001_002E,B02001_003E,B02001_005E,B25003_001E,B25003_002E,B25003_003E,B15003_001E,B15003_002E,B15003_004E,B15003_005E,B15003_006E,B15003_007E,B15003_008E,B15003_009E,B15003_010E,B15003_011E,B15003_012E,B15003_013E,B15003_014E,B15003_015E,B15003_016E,B15003_017E,B15003_018E,B15003_019E,B15003_020E,B15003_021E,B15003_022E,B15003_023E,B15003_024E&for=block%20group:*&in=state:06&in=county:075&in=tract:021600,022801,017603,020101,980300,013002,010800,061102,045202,026301,035400,026403,025501,025800,031202,016102,012403,013500,061501,032901,060703,031401,031201,035102,012002,061402,017700,045201,061508,025300
https://api.census.gov/data/2021/acs/acs5?get=B15003_025E,C17002_001E,C17002_002E,C17002_003E,C17002_004E,C17002_005E,C17002_006E,C17002_007E,C17002_008E,B25046_001E&for=block%20group:*&in=state:06&in=county:075&in=tract:021600,022801,017603,020101,980300,013002,010800,061102,045202,026301,035400,026403,025501,025800,031202,016102,012403,013500,061501,032901,060703,031401,031201,035102,012002,061402,017700,045201,061508,025300


-------------------
Query: [4/8]
--------------------------------

https://api.census.gov/data/2021/acs/acs5?get=B01003_001E,B02001_002E,B02001_003E,B02001_005E,B25003_001E,B25003_002E,B25003_003E,B15003_001E,B15003_002E,B15003_004E,B15003_005E,B15003_006E,B15003_007E,B15003_008E,B15003_009E,B15003_010E,B15003_011E,B15003_012E,B15003_013E,B15003_014E,B15003_015E,B15003_016E,B15003_017E,B15003_018E,B15003_019E,B15003_020E,B15003_021E,B15003_022E,B15003_023E,B15003_024E&for=block%20group:*&in=state:06&in=county:075&in=tract:035202,010902,016801,016400,025200,016300,017101,047701,047902,012503,015900,021200,012001,010101,026002,060400,012404,026202,016500,021500,017602,026302,012301,026100,032802,023200,042602,012601,010201,025900
https://api.census.gov/data/2021/acs/acs5?get=B15003_025E,C17002_001E,C17002_002E,C17002_003E,C17002_004E,C17002_005E,C17002_006E,C17002_007E,C17002_008E,B25046_001E&for=block%20group:*&in=state:06&in=county:075&in=tract:035202,010902,016801,016400,025200,016300,017101,047701,047902,012503,015900,021200,012001,010101,026002,060400,012404,026202,016500,021500,017602,026302,012301,026100,032802,023200,042602,012601,010201,025900


-------------------
Query: [5/8]
--------------------------------

https://api.census.gov/data/2021/acs/acs5?get=B01003_001E,B02001_002E,B02001_003E,B02001_005E,B25003_001E,B25003_002E,B25003_003E,B15003_001E,B15003_002E,B15003_004E,B15003_005E,B15003_006E,B15003_007E,B15003_008E,B15003_009E,B15003_010E,B15003_011E,B15003_012E,B15003_013E,B15003_014E,B15003_015E,B15003_016E,B15003_017E,B15003_018E,B15003_019E,B15003_020E,B15003_021E,B15003_022E,B15003_023E,B15003_024E&for=block%20group:*&in=state:06&in=county:075&in=tract:012202,012602,020401,010300,030600,026401,010702,047702,020601,030101,012302,980900,017801,025701,012801,015802,020300,010402,061502,012700,012405,016802,016000,033204,025403,012901,030201,015500,021400,030302
https://api.census.gov/data/2021/acs/acs5?get=B15003_025E,C17002_001E,C17002_002E,C17002_003E,C17002_004E,C17002_005E,C17002_006E,C17002_007E,C17002_008E,B25046_001E&for=block%20group:*&in=state:06&in=county:075&in=tract:012202,012602,020401,010300,030600,026401,010702,047702,020601,030101,012302,980900,017801,025701,012801,015802,020300,010402,061502,012700,012405,016802,016000,033204,025403,012901,030201,015500,021400,030302


-------------------
Query: [6/8]
--------------------------------

https://api.census.gov/data/2021/acs/acs5?get=B01003_001E,B02001_002E,B02001_003E,B02001_005E,B25003_001E,B25003_002E,B25003_003E,B15003_001E,B15003_002E,B15003_004E,B15003_005E,B15003_006E,B15003_007E,B15003_008E,B15003_009E,B15003_010E,B15003_011E,B15003_012E,B15003_013E,B15003_014E,B15003_015E,B15003_016E,B15003_017E,B15003_018E,B15003_019E,B15003_020E,B15003_021E,B15003_022E,B15003_023E,B15003_024E&for=block%20group:*&in=state:06&in=county:075&in=tract:061506,061507,023300,020900,010500,011800,026004,042800,011300,980200,017000,018000,016900,026402,980501,012204,011700,031301,015801,061401,030700,015402,032601,035101,022803,030500,013200,040100,030800,032602
https://api.census.gov/data/2021/acs/acs5?get=B15003_025E,C17002_001E,C17002_002E,C17002_003E,C17002_004E,C17002_005E,C17002_006E,C17002_007E,C17002_008E,B25046_001E&for=block%20group:*&in=state:06&in=county:075&in=tract:061506,061507,023300,020900,010500,011800,026004,042800,011300,980200,017000,018000,016900,026402,980501,012204,011700,031301,015801,061401,030700,015402,032601,035101,022803,030500,013200,040100,030800,032602


-------------------
Query: [7/8]
--------------------------------

https://api.census.gov/data/2021/acs/acs5?get=B01003_001E,B02001_002E,B02001_003E,B02001_005E,B25003_001E,B25003_002E,B25003_003E,B15003_001E,B15003_002E,B15003_004E,B15003_005E,B15003_006E,B15003_007E,B15003_008E,B15003_009E,B15003_010E,B15003_011E,B15003_012E,B15003_013E,B15003_014E,B15003_015E,B15003_016E,B15003_017E,B15003_018E,B15003_019E,B15003_020E,B15003_021E,B15003_022E,B15003_023E,B15003_024E&for=block%20group:*&in=state:06&in=county:075&in=tract:015300,030202,061000,010701,060502,015202,021300,026003,026001,033203,045100,013300,011200,032700,047600,015201,022702,012504,011902,030102,020402,033100,023001,012406,033201,023102,030400,016602
https://api.census.gov/data/2021/acs/acs5?get=B15003_025E,C17002_001E,C17002_002E,C17002_003E,C17002_004E,C17002_005E,C17002_006E,C17002_007E,C17002_008E,B25046_001E&for=block%20group:*&in=state:06&in=county:075&in=tract:015300,030202,061000,010701,060502,015202,021300,026003,026001,033203,045100,013300,011200,032700,047600,015201,022702,012504,011902,030102,020402,033100,023001,012406,033201,023102,030400,016602


-------------------
Query: [0/1]
--------------------------------

https://api.census.gov/data/2021/acs/acs5?get=B01003_001E,B02001_002E,B02001_003E,B02001_005E,B25003_001E,B25003_002E,B25003_003E,B15003_001E,B15003_002E,B15003_004E,B15003_005E,B15003_006E,B15003_007E,B15003_008E,B15003_009E,B15003_010E,B15003_011E,B15003_012E,B15003_013E,B15003_014E,B15003_015E,B15003_016E,B15003_017E,B15003_018E,B15003_019E,B15003_020E,B15003_021E,B15003_022E,B15003_023E,B15003_024E&for=block%20group:*&in=state:06&in=county:081&in=tract:600701,600200
https://api.census.gov/data/2021/acs/acs5?get=B15003_025E,C17002_001E,C17002_002E,C17002_003E,C17002_004E,C17002_005E,C17002_006E,C17002_007E,C17002_008E,B25046_001E&for=block%20group:*&in=state:06&in=county:081&in=tract:600701,600200

Step 3: Adding Delay Data

Step 1: Downloading OSM Data
Loaded OSM from cache

Step 2: Adding Census Data
Loaded Census info cache

Step 3: Adding Delay Data

Step 1: Downloading OSM Data
Loaded OSM from cache

Step 2: Adding Census Data
Loaded Census info cache

Step 3: Adding Delay Data

Step 4: Linking Routes
Saved to datasets/sanfrancisco_peak_delay
