
Step 1: Downloading OSM Data
Performing OSM Query: node["amenity"="hospital"](37.705764,-122.510792,37.829848,-122.365593);
Performing OSM Query: node["shop"="supermarket"](37.705764,-122.510792,37.829848,-122.365593);
Performing OSM Query: node["leisure"="park"](37.705764,-122.510792,37.829848,-122.365593);
Performing OSM Query: node["amenity"="bar"](37.705764,-122.510792,37.829848,-122.365593);
Performing OSM Query: node["amenity"="place_of_worship"](37.705764,-122.510792,37.829848,-122.365593);
Performing OSM Query: node["brand"="McDonald's"](37.705764,-122.510792,37.829848,-122.365593);
Performing OSM Query: node["brand"="Starbucks"](37.705764,-122.510792,37.829848,-122.365593);
joining data for: hospital
joining data for: grocery
joining data for: park
joining data for: bar
joining data for: worship
joining data for: mcdonalds
joining data for: starbucks

Step 2: Adding Census Data


-------------------
Query: [0/8]
--------------------------------

https://api.census.gov/data/2021/acs/acs5?get=B01003_001E,B02001_002E,B02001_003E,B02001_005E,B25003_001E,B25003_002E,B25003_003E,B15003_001E,B15003_002E,B15003_004E,B15003_005E,B15003_006E,B15003_007E,B15003_008E,B15003_009E,B15003_010E,B15003_011E,B15003_012E,B15003_013E,B15003_014E,B15003_015E,B15003_016E,B15003_017E,B15003_018E,B15003_019E,B15003_020E,B15003_021E,B15003_022E,B15003_023E,B15003_024E&for=block%20group:*&in=state:06&in=county:075&in=tract:015600,025300,016602,060701,023003,023300,010202,025200,035202,025600,016300,032902,012901,047702,026402,033001,022803,015702,030301,012406,047600,012504,011902,011200,061502,016101,061503,047902,021400,017603
https://api.census.gov/data/2021/acs/acs5?get=B15003_025E,C17002_001E,C17002_002E,C17002_003E,C17002_004E,C17002_005E,C17002_006E,C17002_007E,C17002_008E,B25046_001E&for=block%20group:*&in=state:06&in=county:075&in=tract:015600,025300,016602,060701,023003,023300,010202,025200,035202,025600,016300,032902,012901,047702,026402,033001,022803,015702,030301,012406,047600,012504,011902,011200,061502,016101,061503,047902,021400,017603


-------------------
Query: [1/8]
--------------------------------

https://api.census.gov/data/2021/acs/acs5?get=B01003_001E,B02001_002E,B02001_003E,B02001_005E,B25003_001E,B25003_002E,B25003_003E,B15003_001E,B15003_002E,B15003_004E,B15003_005E,B15003_006E,B15003_007E,B15003_008E,B15003_009E,B15003_010E,B15003_011E,B15003_012E,B15003_013E,B15003_014E,B15003_015E,B15003_016E,B15003_017E,B15003_018E,B15003_019E,B15003_020E,B15003_021E,B15003_022E,B15003_023E,B15003_024E&for=block%20group:*&in=state:06&in=county:075&in=tract:042800,012802,060703,012902,980900,030102,035201,017803,017602,047801,012100,032700,020202,022702,980501,035101,026401,023400,022600,042700,022802,025401,011700,023103,013002,012801,031000,026301,010901,017604
https://api.census.gov/data/2021/acs/acs5?get=B15003_025E,C17002_001E,C17002_002E,C17002_003E,C17002_004E,C17002_005E,C17002_006E,C17002_007E,C17002_008E,B25046_001E&for=block%20group:*&in=state:06&in=county:075&in=tract:042800,012802,060703,012902,980900,030102,035201,017803,017602,047801,012100,032700,020202,022702,980501,035101,026401,023400,022600,042700,022802,025401,011700,023103,013002,012801,031000,026301,010901,017604


-------------------
Query: [2/8]
--------------------------------

https://api.census.gov/data/2021/acs/acs5?get=B01003_001E,B02001_002E,B02001_003E,B02001_005E,B25003_001E,B25003_002E,B25003_003E,B15003_001E,B15003_002E,B15003_004E,B15003_005E,B15003_006E,B15003_007E,B15003_008E,B15003_009E,B15003_010E,B15003_011E,B15003_012E,B15003_013E,B15003_014E,B15003_015E,B15003_016E,B15003_017E,B15003_018E,B15003_019E,B15003_020E,B15003_021E,B15003_022E,B15003_023E,B15003_024E&for=block%20group:*&in=state:06&in=county:075&in=tract:010500,025900,020900,011101,033203,021800,040200,015802,026004,061402,012302,010102,010402,061506,020102,047904,031202,060702,032802,025403,030700,060400,020402,020802,026404,010702,021500,061102,011102,020602
https://api.census.gov/data/2021/acs/acs5?get=B15003_025E,C17002_001E,C17002_002E,C17002_003E,C17002_004E,C17002_005E,C17002_006E,C17002_007E,C17002_008E,B25046_001E&for=block%20group:*&in=state:06&in=county:075&in=tract:010500,025900,020900,011101,033203,021800,040200,015802,026004,061402,012302,010102,010402,061506,020102,047904,031202,060702,032802,025403,030700,060400,020402,020802,026404,010702,021500,061102,011102,020602


-------------------
Query: [3/8]
--------------------------------

https://api.census.gov/data/2021/acs/acs5?get=B01003_001E,B02001_002E,B02001_003E,B02001_005E,B25003_001E,B25003_002E,B25003_003E,B15003_001E,B15003_002E,B15003_004E,B15003_005E,B15003_006E,B15003_007E,B15003_008E,B15003_009E,B15003_010E,B15003_011E,B15003_012E,B15003_013E,B15003_014E,B15003_015E,B15003_016E,B15003_017E,B15003_018E,B15003_019E,B15003_020E,B15003_021E,B15003_022E,B15003_023E,B15003_024E&for=block%20group:*&in=state:06&in=county:075&in=tract:025702,023001,026201,012405,013101,010701,012403,061401,026403,021200,031100,021300,042601,013402,012002,016000,021100,010300,031301,012404,013300,013200,011800,026002,030400,012601,030101,013500,011002,013102
https://api.census.gov/data/2021/acs/acs5?get=B15003_025E,C17002_001E,C17002_002E,C17002_003E,C17002_004E,C17002_005E,C17002_006E,C17002_007E,C17002_008E,B25046_001E&for=block%20group:*&in=state:06&in=county:075&in=tract:025702,023001,026201,012405,013101,010701,012403,061401,026403,021200,031100,021300,042601,013402,012002,016000,021100,010300,031301,012404,013300,013200,011800,026002,030400,012601,030101,013500,011002,013102


-------------------
Query: [4/8]
--------------------------------

https://api.census.gov/data/2021/acs/acs5?get=B01003_001E,B02001_002E,B02001_003E,B02001_005E,B25003_001E,B25003_002E,B25003_003E,B15003_001E,B15003_002E,B15003_004E,B15003_005E,B15003_006E,B15003_007E,B15003_008E,B15003_009E,B15003_010E,B15003_011E,B15003_012E,B15003_013E,B15003_014E,B15003_015E,B15003_016E,B15003_017E,B15003_018E,B15003_019E,B15003_020E,B15003_021E,B15003_022E,B15003_023E,B15003_024E&for=block%20group:*&in=state:06&in=county:075&in=tract:061507,017101,026100,017903,015900,015701,010201,030800,035102,012503,020101,012700,031402,021700,016400,010101,016801,033204,061101,022704,016900,033002,012001,016601,020601,015300,022801,023102,047802,026303
https://api.census.gov/data/2021/acs/acs5?get=B15003_025E,C17002_001E,C17002_002E,C17002_003E,C17002_004E,C17002_005E,C17002_006E,C17002_007E,C17002_008E,B25046_001E&for=block%20group:*&in=state:06&in=county:075&in=tract:061507,017101,026100,017903,015900,015701,010201,030800,035102,012503,020101,012700,031402,021700,016400,010101,016801,033204,061101,022704,016900,033002,012001,016601,020601,015300,022801,023102,047802,026303


-------------------
Query: [5/8]
--------------------------------

https://api.census.gov/data/2021/acs/acs5?get=B01003_001E,B02001_002E,B02001_003E,B02001_005E,B25003_001E,B25003_002E,B25003_003E,B15003_001E,B15003_002E,B15003_004E,B15003_005E,B15003_006E,B15003_007E,B15003_008E,B15003_009E,B15003_010E,B15003_011E,B15003_012E,B15003_013E,B15003_014E,B15003_015E,B15003_016E,B15003_017E,B15003_018E,B15003_019E,B15003_020E,B15003_021E,B15003_022E,B15003_023E,B15003_024E&for=block%20group:*&in=state:06&in=county:075&in=tract:015100,031302,020801,016802,025800,020201,045202,017000,031401,021600,025402,026302,025502,013401,016200,015402,033201,012602,010800,012203,980200,018000,040100,980600,011001,026001,022902,017801,016500,026003
https://api.census.gov/data/2021/acs/acs5?get=B15003_025E,C17002_001E,C17002_002E,C17002_003E,C17002_004E,C17002_005E,C17002_006E,C17002_007E,C17002_008E,B25046_001E&for=block%20group:*&in=state:06&in=county:075&in=tract:015100,031302,020801,016802,025800,020201,045202,017000,031401,021600,025402,026302,025502,013401,016200,015402,033201,012602,010800,012203,980200,018000,040100,980600,011001,026001,022902,017801,016500,026003


-------------------
Query: [6/8]
--------------------------------

https://api.census.gov/data/2021/acs/acs5?get=B01003_001E,B02001_002E,B02001_003E,B02001_005E,B25003_001E,B25003_002E,B25003_003E,B15003_001E,B15003_002E,B15003_004E,B15003_005E,B15003_006E,B15003_007E,B15003_008E,B15003_009E,B15003_010E,B15003_011E,B15003_012E,B15003_013E,B15003_014E,B15003_015E,B15003_016E,B15003_017E,B15003_018E,B15003_019E,B15003_020E,B15003_021E,B15003_022E,B15003_023E,B15003_024E&for=block%20group:*&in=state:06&in=county:075&in=tract:012204,015801,010902,032801,016102,017700,042602,030201,021000,017804,047701,033100,047903,035400,035300,010600,025100,011300,045201,060100,015401,030202,023200,011901,030500,020401,017102,015202,030900,012202
https://api.census.gov/data/2021/acs/acs5?get=B15003_025E,C17002_001E,C17002_002E,C17002_003E,C17002_004E,C17002_005E,C17002_006E,C17002_007E,C17002_008E,B25046_001E&for=block%20group:*&in=state:06&in=county:075&in=tract:012204,015801,010902,032801,016102,017700,042602,030201,021000,017804,047701,033100,047903,035400,035300,010600,025100,011300,045201,060100,015401,030202,023200,011901,030500,020401,017102,015202,030900,012202


-------------------
Query: [7/8]
--------------------------------

https://api.census.gov/data/2021/acs/acs5?get=B01003_001E,B02001_002E,B02001_003E,B02001_005E,B25003_001E,B25003_002E,B25003_003E,B15003_001E,B15003_002E,B15003_004E,B15003_005E,B15003_006E,B15003_007E,B15003_008E,B15003_009E,B15003_010E,B15003_011E,B15003_012E,B15003_013E,B15003_014E,B15003_015E,B15003_016E,B15003_017E,B15003_018E,B15003_019E,B15003_020E,B15003_021E,B15003_022E,B15003_023E,B15003_024E&for=block%20group:*&in=state:06&in=county:075&in=tract:032601,020300,020500,022903,015500,012502,060502,061200,031201,010401,025701,030302,061501,045100,025501,022901,020702,061508,012301,032602,030600,013001,032901,061000,980300,026202,016700,015201
https://api.census.gov/data/2021/acs/acs5?get=B15003_025E,C17002_001E,C17002_002E,C17002_003E,C17002_004E,C17002_005E,C17002_006E,C17002_007E,C17002_008E,B25046_001E&for=block%20group:*&in=state:06&in=county:075&in=tract:032601,020300,020500,022903,015500,012502,060502,061200,031201,010401,025701,030302,061501,045100,025501,022901,020702,061508,012301,032602,030600,013001,032901,061000,980300,026202,016700,015201


-------------------
Query: [0/1]
--------------------------------

https://api.census.gov/data/2021/acs/acs5?get=B01003_001E,B02001_002E,B02001_003E,B02001_005E,B25003_001E,B25003_002E,B25003_003E,B15003_001E,B15003_002E,B15003_004E,B15003_005E,B15003_006E,B15003_007E,B15003_008E,B15003_009E,B15003_010E,B15003_011E,B15003_012E,B15003_013E,B15003_014E,B15003_015E,B15003_016E,B15003_017E,B15003_018E,B15003_019E,B15003_020E,B15003_021E,B15003_022E,B15003_023E,B15003_024E&for=block%20group:*&in=state:06&in=county:081&in=tract:600701,600200
https://api.census.gov/data/2021/acs/acs5?get=B15003_025E,C17002_001E,C17002_002E,C17002_003E,C17002_004E,C17002_005E,C17002_006E,C17002_007E,C17002_008E,B25046_001E&for=block%20group:*&in=state:06&in=county:081&in=tract:600701,600200

Step 3: Adding Delay Data

Step 4: Linking Routes
Saved to datasets/sanfrancisco_delay2
