
Step 1: Downloading OSM Data
Performing OSM Query: node["amenity"="hospital"](33.432372,-84.669803,34.105609,-84.083398);
Performing OSM Query: node["shop"="supermarket"](33.432372,-84.669803,34.105609,-84.083398);
Performing OSM Query: node["leisure"="park"](33.432372,-84.669803,34.105609,-84.083398);
Performing OSM Query: node["amenity"="bar"](33.432372,-84.669803,34.105609,-84.083398);
Performing OSM Query: node["amenity"="place_of_worship"](33.432372,-84.669803,34.105609,-84.083398);
Performing OSM Query: node["brand"="McDonald's"](33.432372,-84.669803,34.105609,-84.083398);
Performing OSM Query: node["brand"="Starbucks"](33.432372,-84.669803,34.105609,-84.083398);
joining data for: hospital
joining data for: grocery
joining data for: park
joining data for: bar
joining data for: worship
joining data for: mcdonalds
joining data for: starbucks

Step 2: Adding Census Data


-------------------
Query: [0/10]
--------------------------------

https://api.census.gov/data/2021/acs/acs5?get=B01003_001E,B02001_002E,B02001_003E,B02001_005E,B25003_001E,B25003_002E,B25003_003E,B15003_001E,B15003_002E,B15003_004E,B15003_005E,B15003_006E,B15003_007E,B15003_008E,B15003_009E,B15003_010E,B15003_011E,B15003_012E,B15003_013E,B15003_014E,B15003_015E,B15003_016E,B15003_017E,B15003_018E,B15003_019E,B15003_020E,B15003_021E,B15003_022E,B15003_023E,B15003_024E&for=block%20group:*&in=state:13&in=county:121&in=tract:009607,010117,010133,011652,010129,001206,008906,010538,001002,006500,010533,009700,007604,011202,007200,010108,001001,009105,008801,010216,001102,001702,004900,009106,007703,010223,010211,000400,009002,010115
https://api.census.gov/data/2021/acs/acs5?get=B15003_025E,C17002_001E,C17002_002E,C17002_003E,C17002_004E,C17002_005E,C17002_006E,C17002_007E,C17002_008E,B25046_001E&for=block%20group:*&in=state:13&in=county:121&in=tract:009607,010117,010133,011652,010129,001206,008906,010538,001002,006500,010533,009700,007604,011202,007200,010108,001001,009105,008801,010216,001102,001702,004900,009106,007703,010223,010211,000400,009002,010115


-------------------
Query: [1/10]
--------------------------------

https://api.census.gov/data/2021/acs/acs5?get=B01003_001E,B02001_002E,B02001_003E,B02001_005E,B25003_001E,B25003_002E,B25003_003E,B15003_001E,B15003_002E,B15003_004E,B15003_005E,B15003_006E,B15003_007E,B15003_008E,B15003_009E,B15003_010E,B15003_011E,B15003_012E,B15003_013E,B15003_014E,B15003_015E,B15003_016E,B15003_017E,B15003_018E,B15003_019E,B15003_020E,B15003_021E,B15003_022E,B15003_023E,B15003_024E&for=block%20group:*&in=state:13&in=county:121&in=tract:011618,010528,007711,010519,007805,008908,005503,010520,002500,009302,009606,010134,005200,008104,009409,006601,003800,010530,004000,010120,000700,008203,010526,009203,009408,009605,008000,003200,010221,011636
https://api.census.gov/data/2021/acs/acs5?get=B15003_025E,C17002_001E,C17002_002E,C17002_003E,C17002_004E,C17002_005E,C17002_006E,C17002_007E,C17002_008E,B25046_001E&for=block%20group:*&in=state:13&in=county:121&in=tract:011618,010528,007711,010519,007805,008908,005503,010520,002500,009302,009606,010134,005200,008104,009409,006601,003800,010530,004000,010120,000700,008203,010526,009203,009408,009605,008000,003200,010221,011636


-------------------
Query: [2/10]
--------------------------------

https://api.census.gov/data/2021/acs/acs5?get=B01003_001E,B02001_002E,B02001_003E,B02001_005E,B25003_001E,B25003_002E,B25003_003E,B15003_001E,B15003_002E,B15003_004E,B15003_005E,B15003_006E,B15003_007E,B15003_008E,B15003_009E,B15003_010E,B15003_011E,B15003_012E,B15003_013E,B15003_014E,B15003_015E,B15003_016E,B15003_017E,B15003_018E,B15003_019E,B15003_020E,B15003_021E,B15003_022E,B15003_023E,B15003_024E&for=block%20group:*&in=state:13&in=county:121&in=tract:009405,001301,010540,010536,005504,006701,011639,007001,010215,010535,011417,007400,010532,010222,007603,007301,010522,011203,011430,010213,007705,011301,010006,011902,008302,010523,011306,009406,010601,006802
https://api.census.gov/data/2021/acs/acs5?get=B15003_025E,C17002_001E,C17002_002E,C17002_003E,C17002_004E,C17002_005E,C17002_006E,C17002_007E,C17002_008E,B25046_001E&for=block%20group:*&in=state:13&in=county:121&in=tract:009405,001301,010540,010536,005504,006701,011639,007001,010215,010535,011417,007400,010532,010222,007603,007301,010522,011203,011430,010213,007705,011301,010006,011902,008302,010523,011306,009406,010601,006802


-------------------
Query: [3/10]
--------------------------------

https://api.census.gov/data/2021/acs/acs5?get=B01003_001E,B02001_002E,B02001_003E,B02001_005E,B25003_001E,B25003_002E,B25003_003E,B15003_001E,B15003_002E,B15003_004E,B15003_005E,B15003_006E,B15003_007E,B15003_008E,B15003_009E,B15003_010E,B15003_011E,B15003_012E,B15003_013E,B15003_014E,B15003_015E,B15003_016E,B15003_017E,B15003_018E,B15003_019E,B15003_020E,B15003_021E,B15003_022E,B15003_023E,B15003_024E&for=block%20group:*&in=state:13&in=county:121&in=tract:011445,002802,010217,010305,010220,009407,010401,010537,005501,007808,010124,008602,006000,011441,003900,010132,008905,010527,011640,011421,001901,011438,008802,009104,006300,011642,001501,010508,010402,000601
https://api.census.gov/data/2021/acs/acs5?get=B15003_025E,C17002_001E,C17002_002E,C17002_003E,C17002_004E,C17002_005E,C17002_006E,C17002_007E,C17002_008E,B25046_001E&for=block%20group:*&in=state:13&in=county:121&in=tract:011445,002802,010217,010305,010220,009407,010401,010537,005501,007808,010124,008602,006000,011441,003900,010132,008905,010527,011640,011421,001901,011438,008802,009104,006300,011642,001501,010508,010402,000601


-------------------
Query: [4/10]
--------------------------------

https://api.census.gov/data/2021/acs/acs5?get=B01003_001E,B02001_002E,B02001_003E,B02001_005E,B25003_001E,B25003_002E,B25003_003E,B15003_001E,B15003_002E,B15003_004E,B15003_005E,B15003_006E,B15003_007E,B15003_008E,B15003_009E,B15003_010E,B15003_011E,B15003_012E,B15003_013E,B15003_014E,B15003_015E,B15003_016E,B15003_017E,B15003_018E,B15003_019E,B15003_020E,B15003_021E,B15003_022E,B15003_023E,B15003_024E&for=block%20group:*&in=state:13&in=county:121&in=tract:005800,006801,011000,006900,001204,008500,010130,007709,009503,011643,009504,007002,003000,009803,012000,010802,980000,006200,002300,010539,007807,001902,002900,011901,010529,010603,001802,010517,011440,004200
https://api.census.gov/data/2021/acs/acs5?get=B15003_025E,C17002_001E,C17002_002E,C17002_003E,C17002_004E,C17002_005E,C17002_006E,C17002_007E,C17002_008E,B25046_001E&for=block%20group:*&in=state:13&in=county:121&in=tract:005800,006801,011000,006900,001204,008500,010130,007709,009503,011643,009504,007002,003000,009803,012000,010802,980000,006200,002300,010539,007807,001902,002900,011901,010529,010603,001802,010517,011440,004200


-------------------
Query: [5/10]
--------------------------------

https://api.census.gov/data/2021/acs/acs5?get=B01003_001E,B02001_002E,B02001_003E,B02001_005E,B25003_001E,B25003_002E,B25003_003E,B15003_001E,B15003_002E,B15003_004E,B15003_005E,B15003_006E,B15003_007E,B15003_008E,B15003_009E,B15003_010E,B15003_011E,B15003_012E,B15003_013E,B15003_014E,B15003_015E,B15003_016E,B15003_017E,B15003_018E,B15003_019E,B15003_020E,B15003_021E,B15003_022E,B15003_023E,B15003_024E&for=block%20group:*&in=state:13&in=county:121&in=tract:009202,010801,009604,004300,005300,010125,007500,010127,011801,003700,010525,011439,009001,006602,006400,010212,007710,010524,001502,009410,008103,011442,011416,011309,007810,011422,009501,000501,009103,009804
https://api.census.gov/data/2021/acs/acs5?get=B15003_025E,C17002_001E,C17002_002E,C17002_003E,C17002_004E,C17002_005E,C17002_006E,C17002_007E,C17002_008E,B25046_001E&for=block%20group:*&in=state:13&in=county:121&in=tract:009202,010801,009604,004300,005300,010125,007500,010127,011801,003700,010525,011439,009001,006602,006400,010212,007710,010524,001502,009410,008103,011442,011416,011309,007810,011422,009501,000501,009103,009804


-------------------
Query: [6/10]
--------------------------------

https://api.census.gov/data/2021/acs/acs5?get=B01003_001E,B02001_002E,B02001_003E,B02001_005E,B25003_001E,B25003_002E,B25003_003E,B15003_001E,B15003_002E,B15003_004E,B15003_005E,B15003_006E,B15003_007E,B15003_008E,B15003_009E,B15003_010E,B15003_011E,B15003_012E,B15003_013E,B15003_014E,B15003_015E,B15003_016E,B15003_017E,B15003_018E,B15003_019E,B15003_020E,B15003_021E,B15003_022E,B15003_023E,B15003_024E&for=block%20group:*&in=state:13&in=county:121&in=tract:000202,001801,011307,010312,005000,011432,011436,001101,011645,011423,003100,011419,007100,010531,010308,002400,010307,010003,001600,011647,009201,008903,008202,002801,010121,010204,009411,002600,011310,008204
https://api.census.gov/data/2021/acs/acs5?get=B15003_025E,C17002_001E,C17002_002E,C17002_003E,C17002_004E,C17002_005E,C17002_006E,C17002_007E,C17002_008E,B25046_001E&for=block%20group:*&in=state:13&in=county:121&in=tract:000202,001801,011307,010312,005000,011432,011436,001101,011645,011423,003100,011419,007100,010531,010308,002400,010307,010003,001600,011647,009201,008903,008202,002801,010121,010204,009411,002600,011310,008204


-------------------
Query: [7/10]
--------------------------------

https://api.census.gov/data/2021/acs/acs5?get=B01003_001E,B02001_002E,B02001_003E,B02001_005E,B25003_001E,B25003_002E,B25003_003E,B15003_001E,B15003_002E,B15003_004E,B15003_005E,B15003_006E,B15003_007E,B15003_008E,B15003_009E,B15003_010E,B15003_011E,B15003_012E,B15003_013E,B15003_014E,B15003_015E,B15003_016E,B15003_017E,B15003_018E,B15003_019E,B15003_020E,B15003_021E,B15003_022E,B15003_023E,B15003_024E&for=block%20group:*&in=state:13&in=county:121&in=tract:007602,010126,010135,001302,001701,003500,011424,010214,000502,011660,003600,009802,004800,007806,000201,006100,000100,001205,004100,008601,010518,007900,007708,012300,010007,009900,002100,011100,010604,010521
https://api.census.gov/data/2021/acs/acs5?get=B15003_025E,C17002_001E,C17002_002E,C17002_003E,C17002_004E,C17002_005E,C17002_006E,C17002_007E,C17002_008E,B25046_001E&for=block%20group:*&in=state:13&in=county:121&in=tract:007602,010126,010135,001302,001701,003500,011424,010214,000502,011660,003600,009802,004800,007806,000201,006100,000100,001205,004100,008601,010518,007900,007708,012300,010007,009900,002100,011100,010604,010521


-------------------
Query: [8/10]
--------------------------------

https://api.census.gov/data/2021/acs/acs5?get=B01003_001E,B02001_002E,B02001_003E,B02001_005E,B25003_001E,B25003_002E,B25003_003E,B15003_001E,B15003_002E,B15003_004E,B15003_005E,B15003_006E,B15003_007E,B15003_008E,B15003_009E,B15003_010E,B15003_011E,B15003_012E,B15003_013E,B15003_014E,B15003_015E,B15003_016E,B15003_017E,B15003_018E,B15003_019E,B15003_020E,B15003_021E,B15003_022E,B15003_023E,B15003_024E&for=block%20group:*&in=state:13&in=county:121&in=tract:008702,010534,008907,010137,006702,008909,008400,011802,010218,011437,001203,011650,011308,010128,008701,005700,011644,011646,010004,010136,010313,011204,011434,011435,009601,011655,009301,008301,007302,001400
https://api.census.gov/data/2021/acs/acs5?get=B15003_025E,C17002_001E,C17002_002E,C17002_003E,C17002_004E,C17002_005E,C17002_006E,C17002_007E,C17002_008E,B25046_001E&for=block%20group:*&in=state:13&in=county:121&in=tract:008702,010534,008907,010137,006702,008909,008400,011802,010218,011437,001203,011650,011308,010128,008701,005700,011644,011646,010004,010136,010313,011204,011434,011435,009601,011655,009301,008301,007302,001400


-------------------
Query: [9/10]
--------------------------------

https://api.census.gov/data/2021/acs/acs5?get=B01003_001E,B02001_002E,B02001_003E,B02001_005E,B25003_001E,B25003_002E,B25003_003E,B15003_001E,B15003_002E,B15003_004E,B15003_005E,B15003_006E,B15003_007E,B15003_008E,B15003_009E,B15003_010E,B15003_011E,B15003_012E,B15003_013E,B15003_014E,B15003_015E,B15003_016E,B15003_017E,B15003_018E,B15003_019E,B15003_020E,B15003_021E,B15003_022E,B15003_023E,B15003_024E&for=block%20group:*&in=state:13&in=county:121&in=tract:007707,011637,004400,007809,000602
https://api.census.gov/data/2021/acs/acs5?get=B15003_025E,C17002_001E,C17002_002E,C17002_003E,C17002_004E,C17002_005E,C17002_006E,C17002_007E,C17002_008E,B25046_001E&for=block%20group:*&in=state:13&in=county:121&in=tract:007707,011637,004400,007809,000602


-------------------
Query: [0/7]
--------------------------------

https://api.census.gov/data/2021/acs/acs5?get=B01003_001E,B02001_002E,B02001_003E,B02001_005E,B25003_001E,B25003_002E,B25003_003E,B15003_001E,B15003_002E,B15003_004E,B15003_005E,B15003_006E,B15003_007E,B15003_008E,B15003_009E,B15003_010E,B15003_011E,B15003_012E,B15003_013E,B15003_014E,B15003_015E,B15003_016E,B15003_017E,B15003_018E,B15003_019E,B15003_020E,B15003_021E,B15003_022E,B15003_023E,B15003_024E&for=block%20group:*&in=state:13&in=county:089&in=tract:021211,023505,023114,022016,023218,023438,023219,023324,021223,023424,022100,023111,021708,021409,021609,023702,023701,023313,023320,021221,022007,023501,021305,023422,023436,023102,021309,022001,021808,023221
https://api.census.gov/data/2021/acs/acs5?get=B15003_025E,C17002_001E,C17002_002E,C17002_003E,C17002_004E,C17002_005E,C17002_006E,C17002_007E,C17002_008E,B25046_001E&for=block%20group:*&in=state:13&in=county:089&in=tract:021211,023505,023114,022016,023218,023438,023219,023324,021223,023424,022100,023111,021708,021409,021609,023702,023701,023313,023320,021221,022007,023501,021305,023422,023436,023102,021309,022001,021808,023221


-------------------
Query: [1/7]
--------------------------------

https://api.census.gov/data/2021/acs/acs5?get=B01003_001E,B02001_002E,B02001_003E,B02001_005E,B25003_001E,B25003_002E,B25003_003E,B15003_001E,B15003_002E,B15003_004E,B15003_005E,B15003_006E,B15003_007E,B15003_008E,B15003_009E,B15003_010E,B15003_011E,B15003_012E,B15003_013E,B15003_014E,B15003_015E,B15003_016E,B15003_017E,B15003_018E,B15003_019E,B15003_020E,B15003_021E,B15003_022E,B15003_023E,B15003_024E&for=block%20group:*&in=state:13&in=county:089&in=tract:023108,021410,022012,020600,021703,021908,023448,023319,021820,021917,023504,022302,023317,022206,022005,020700,023430,021421,021821,021506,023801,023318,023445,021812,022601,023101,022013,023444,023211,023331
https://api.census.gov/data/2021/acs/acs5?get=B15003_025E,C17002_001E,C17002_002E,C17002_003E,C17002_004E,C17002_005E,C17002_006E,C17002_007E,C17002_008E,B25046_001E&for=block%20group:*&in=state:13&in=county:089&in=tract:023108,021410,022012,020600,021703,021908,023448,023319,021820,021917,023504,022302,023317,022206,022005,020700,023430,021421,021821,021506,023801,023318,023445,021812,022601,023101,022013,023444,023211,023331


-------------------
Query: [2/7]
--------------------------------

https://api.census.gov/data/2021/acs/acs5?get=B01003_001E,B02001_002E,B02001_003E,B02001_005E,B25003_001E,B25003_002E,B25003_003E,B15003_001E,B15003_002E,B15003_004E,B15003_005E,B15003_006E,B15003_007E,B15003_008E,B15003_009E,B15003_010E,B15003_011E,B15003_012E,B15003_013E,B15003_014E,B15003_015E,B15003_016E,B15003_017E,B15003_018E,B15003_019E,B15003_020E,B15003_021E,B15003_022E,B15003_023E,B15003_024E&for=block%20group:*&in=state:13&in=county:089&in=tract:021227,023507,023332,021604,023212,021824,021310,022602,021712,021226,021607,021914,023443,023442,021416,020901,021306,023506,021103,021602,021222,022800,023802,020902,023107,023429,021412,023602,023446,020200
https://api.census.gov/data/2021/acs/acs5?get=B15003_025E,C17002_001E,C17002_002E,C17002_003E,C17002_004E,C17002_005E,C17002_006E,C17002_007E,C17002_008E,B25046_001E&for=block%20group:*&in=state:13&in=county:089&in=tract:021227,023507,023332,021604,023212,021824,021310,022602,021712,021226,021607,021914,023443,023442,021416,020901,021306,023506,021103,021602,021222,022800,023802,020902,023107,023429,021412,023602,023446,020200


-------------------
Query: [3/7]
--------------------------------

https://api.census.gov/data/2021/acs/acs5?get=B01003_001E,B02001_002E,B02001_003E,B02001_005E,B25003_001E,B25003_002E,B25003_003E,B15003_001E,B15003_002E,B15003_004E,B15003_005E,B15003_006E,B15003_007E,B15003_008E,B15003_009E,B15003_010E,B15003_011E,B15003_012E,B15003_013E,B15003_014E,B15003_015E,B15003_016E,B15003_017E,B15003_018E,B15003_019E,B15003_020E,B15003_021E,B15003_022E,B15003_023E,B15003_024E&for=block%20group:*&in=state:13&in=county:089&in=tract:022205,980000,023220,023000,023329,021823,022303,022404,023213,021224,021711,022015,021819,020100,020300,022900,021208,023601,022502,022304,022700,023215,021301,021606,021415,022401,020802,023328,023113,023440
https://api.census.gov/data/2021/acs/acs5?get=B15003_025E,C17002_001E,C17002_002E,C17002_003E,C17002_004E,C17002_005E,C17002_006E,C17002_007E,C17002_008E,B25046_001E&for=block%20group:*&in=state:13&in=county:089&in=tract:022205,980000,023220,023000,023329,021823,022303,022404,023213,021224,021711,022015,021819,020100,020300,022900,021208,023601,022502,022304,022700,023215,021301,021606,021415,022401,020802,023328,023113,023440


-------------------
Query: [4/7]
--------------------------------

https://api.census.gov/data/2021/acs/acs5?get=B01003_001E,B02001_002E,B02001_003E,B02001_005E,B25003_001E,B25003_002E,B25003_003E,B15003_001E,B15003_002E,B15003_004E,B15003_005E,B15003_006E,B15003_007E,B15003_008E,B15003_009E,B15003_010E,B15003_011E,B15003_012E,B15003_013E,B15003_014E,B15003_015E,B15003_016E,B15003_017E,B15003_018E,B15003_019E,B15003_020E,B15003_021E,B15003_022E,B15003_023E,B15003_024E&for=block%20group:*&in=state:13&in=county:089&in=tract:021104,021502,021818,020801,023431,021505,021710,021230,021906,023112,023411,022203,021822,020400,022403,021816,021916,022014,021405,021913,021204,023115,023603,023321,023222,021307,021419,021210,023330,021308
https://api.census.gov/data/2021/acs/acs5?get=B15003_025E,C17002_001E,C17002_002E,C17002_003E,C17002_004E,C17002_005E,C17002_006E,C17002_007E,C17002_008E,B25046_001E&for=block%20group:*&in=state:13&in=county:089&in=tract:021104,021502,021818,020801,023431,021505,021710,021230,021906,023112,023411,022203,021822,020400,022403,021816,021916,022014,021405,021913,021204,023115,023603,023321,023222,021307,021419,021210,023330,021308


-------------------
Query: [5/7]
--------------------------------

https://api.census.gov/data/2021/acs/acs5?get=B01003_001E,B02001_002E,B02001_003E,B02001_005E,B25003_001E,B25003_002E,B25003_003E,B15003_001E,B15003_002E,B15003_004E,B15003_005E,B15003_006E,B15003_007E,B15003_008E,B15003_009E,B15003_010E,B15003_011E,B15003_012E,B15003_013E,B15003_014E,B15003_015E,B15003_016E,B15003_017E,B15003_018E,B15003_019E,B15003_020E,B15003_021E,B15003_022E,B15003_023E,B15003_024E&for=block%20group:*&in=state:13&in=county:089&in=tract:023439,023803,020500,021420,021417,023217,023410,021418,021815,021229,021503,022405,021608,022011,021101,023413,023216,023214,021225,021817,021217,021228,021813,022501,021709,021220,023209,021911,021213,021707
https://api.census.gov/data/2021/acs/acs5?get=B15003_025E,C17002_001E,C17002_002E,C17002_003E,C17002_004E,C17002_005E,C17002_006E,C17002_007E,C17002_008E,B25046_001E&for=block%20group:*&in=state:13&in=county:089&in=tract:023439,023803,020500,021420,021417,023217,023410,021418,021815,021229,021503,022405,021608,022011,021101,023413,023216,023214,021225,021817,021217,021228,021813,022501,021709,021220,023209,021911,021213,021707


-------------------
Query: [6/7]
--------------------------------

https://api.census.gov/data/2021/acs/acs5?get=B01003_001E,B02001_002E,B02001_003E,B02001_005E,B25003_001E,B25003_002E,B25003_003E,B15003_001E,B15003_002E,B15003_004E,B15003_005E,B15003_006E,B15003_007E,B15003_008E,B15003_009E,B15003_010E,B15003_011E,B15003_012E,B15003_013E,B15003_014E,B15003_015E,B15003_016E,B15003_017E,B15003_018E,B15003_019E,B15003_020E,B15003_021E,B15003_022E,B15003_023E,B15003_024E&for=block%20group:*&in=state:13&in=county:089&in=tract:021910,023327,023322
https://api.census.gov/data/2021/acs/acs5?get=B15003_025E,C17002_001E,C17002_002E,C17002_003E,C17002_004E,C17002_005E,C17002_006E,C17002_007E,C17002_008E,B25046_001E&for=block%20group:*&in=state:13&in=county:089&in=tract:021910,023327,023322


-------------------
Query: [0/2]
--------------------------------

https://api.census.gov/data/2021/acs/acs5?get=B01003_001E,B02001_002E,B02001_003E,B02001_005E,B25003_001E,B25003_002E,B25003_003E,B15003_001E,B15003_002E,B15003_004E,B15003_005E,B15003_006E,B15003_007E,B15003_008E,B15003_009E,B15003_010E,B15003_011E,B15003_012E,B15003_013E,B15003_014E,B15003_015E,B15003_016E,B15003_017E,B15003_018E,B15003_019E,B15003_020E,B15003_021E,B15003_022E,B15003_023E,B15003_024E&for=block%20group:*&in=state:13&in=county:063&in=tract:040537,040204,040523,040525,040308,040617,040302,040407,040422,040631,040624,040623,040634,040423,040532,040410,040414,040632,040512,040203,040625,040426,040421,040530,040310,040416,040518,040202,040417,040513
https://api.census.gov/data/2021/acs/acs5?get=B15003_025E,C17002_001E,C17002_002E,C17002_003E,C17002_004E,C17002_005E,C17002_006E,C17002_007E,C17002_008E,B25046_001E&for=block%20group:*&in=state:13&in=county:063&in=tract:040537,040204,040523,040525,040308,040617,040302,040407,040422,040631,040624,040623,040634,040423,040532,040410,040414,040632,040512,040203,040625,040426,040421,040530,040310,040416,040518,040202,040417,040513


-------------------
Query: [1/2]
--------------------------------

https://api.census.gov/data/2021/acs/acs5?get=B01003_001E,B02001_002E,B02001_003E,B02001_005E,B25003_001E,B25003_002E,B25003_003E,B15003_001E,B15003_002E,B15003_004E,B15003_005E,B15003_006E,B15003_007E,B15003_008E,B15003_009E,B15003_010E,B15003_011E,B15003_012E,B15003_013E,B15003_014E,B15003_015E,B15003_016E,B15003_017E,B15003_018E,B15003_019E,B15003_020E,B15003_021E,B15003_022E,B15003_023E,B15003_024E&for=block%20group:*&in=state:13&in=county:063&in=tract:040538,040306,040535,040528,040635,040536,040519,040531,040521,040533,040629,040418,040425,040510,040529,040606,040309,040637,040420,040424,040527,040409,040609,040630,040633,040534,980000,040522
https://api.census.gov/data/2021/acs/acs5?get=B15003_025E,C17002_001E,C17002_002E,C17002_003E,C17002_004E,C17002_005E,C17002_006E,C17002_007E,C17002_008E,B25046_001E&for=block%20group:*&in=state:13&in=county:063&in=tract:040538,040306,040535,040528,040635,040536,040519,040531,040521,040533,040629,040418,040425,040510,040529,040606,040309,040637,040420,040424,040527,040409,040609,040630,040633,040534,980000,040522


-------------------
Query: [0/1]
--------------------------------

https://api.census.gov/data/2021/acs/acs5?get=B01003_001E,B02001_002E,B02001_003E,B02001_005E,B25003_001E,B25003_002E,B25003_003E,B15003_001E,B15003_002E,B15003_004E,B15003_005E,B15003_006E,B15003_007E,B15003_008E,B15003_009E,B15003_010E,B15003_011E,B15003_012E,B15003_013E,B15003_014E,B15003_015E,B15003_016E,B15003_017E,B15003_018E,B15003_019E,B15003_020E,B15003_021E,B15003_022E,B15003_023E,B15003_024E&for=block%20group:*&in=state:13&in=county:067&in=tract:030355,031321,031207
https://api.census.gov/data/2021/acs/acs5?get=B15003_025E,C17002_001E,C17002_002E,C17002_003E,C17002_004E,C17002_005E,C17002_006E,C17002_007E,C17002_008E,B25046_001E&for=block%20group:*&in=state:13&in=county:067&in=tract:030355,031321,031207


-------------------
Query: [0/1]
--------------------------------

https://api.census.gov/data/2021/acs/acs5?get=B01003_001E,B02001_002E,B02001_003E,B02001_005E,B25003_001E,B25003_002E,B25003_003E,B15003_001E,B15003_002E,B15003_004E,B15003_005E,B15003_006E,B15003_007E,B15003_008E,B15003_009E,B15003_010E,B15003_011E,B15003_012E,B15003_013E,B15003_014E,B15003_015E,B15003_016E,B15003_017E,B15003_018E,B15003_019E,B15003_020E,B15003_021E,B15003_022E,B15003_023E,B15003_024E&for=block%20group:*&in=state:13&in=county:117&in=tract:130602
https://api.census.gov/data/2021/acs/acs5?get=B15003_025E,C17002_001E,C17002_002E,C17002_003E,C17002_004E,C17002_005E,C17002_006E,C17002_007E,C17002_008E,B25046_001E&for=block%20group:*&in=state:13&in=county:117&in=tract:130602


-------------------
Query: [0/1]
--------------------------------

https://api.census.gov/data/2021/acs/acs5?get=B01003_001E,B02001_002E,B02001_003E,B02001_005E,B25003_001E,B25003_002E,B25003_003E,B15003_001E,B15003_002E,B15003_004E,B15003_005E,B15003_006E,B15003_007E,B15003_008E,B15003_009E,B15003_010E,B15003_011E,B15003_012E,B15003_013E,B15003_014E,B15003_015E,B15003_016E,B15003_017E,B15003_018E,B15003_019E,B15003_020E,B15003_021E,B15003_022E,B15003_023E,B15003_024E&for=block%20group:*&in=state:13&in=county:113&in=tract:140104
https://api.census.gov/data/2021/acs/acs5?get=B15003_025E,C17002_001E,C17002_002E,C17002_003E,C17002_004E,C17002_005E,C17002_006E,C17002_007E,C17002_008E,B25046_001E&for=block%20group:*&in=state:13&in=county:113&in=tract:140104

Step 4: Linking Routes
Saved to datasets/atlanta
