
Step 1: Downloading OSM Data
Performing OSM Query: node["amenity"="hospital"](38.694263,-77.366072,39.155724,-76.720367);
Performing OSM Query: node["shop"="supermarket"](38.694263,-77.366072,39.155724,-76.720367);
Performing OSM Query: node["leisure"="park"](38.694263,-77.366072,39.155724,-76.720367);
Performing OSM Query: node["amenity"="bar"](38.694263,-77.366072,39.155724,-76.720367);
Performing OSM Query: node["amenity"="place_of_worship"](38.694263,-77.366072,39.155724,-76.720367);
Performing OSM Query: node["brand"="McDonald's"](38.694263,-77.366072,39.155724,-76.720367);
Performing OSM Query: node["brand"="Starbucks"](38.694263,-77.366072,39.155724,-76.720367);
joining data for: hospital
joining data for: grocery
joining data for: park
joining data for: bar
joining data for: worship
joining data for: mcdonalds
joining data for: starbucks

Step 2: Adding Census Data


-------------------
Query: [0/7]
--------------------------------

https://api.census.gov/data/2021/acs/acs5?get=B01003_001E,B02001_002E,B02001_003E,B02001_005E,B25003_001E,B25003_002E,B25003_003E,B15003_001E,B15003_002E,B15003_004E,B15003_005E,B15003_006E,B15003_007E,B15003_008E,B15003_009E,B15003_010E,B15003_011E,B15003_012E,B15003_013E,B15003_014E,B15003_015E,B15003_016E,B15003_017E,B15003_018E,B15003_019E,B15003_020E,B15003_021E,B15003_022E,B15003_023E,B15003_024E&for=block%20group:*&in=state:24&in=county:033&in=tract:805909,806714,801405,801809,803524,807410,802408,804001,802204,804400,800701,801801,806000,800108,800505,802201,806100,800401,806712,800209,802107,807102,801807,802002,801905,801404,800519,803519,803803,800504
https://api.census.gov/data/2021/acs/acs5?get=B15003_025E,C17002_001E,C17002_002E,C17002_003E,C17002_004E,C17002_005E,C17002_006E,C17002_007E,C17002_008E,B25046_001E&for=block%20group:*&in=state:24&in=county:033&in=tract:805909,806714,801405,801809,803524,807410,802408,804001,802204,804400,800701,801801,806000,800108,800505,802201,806100,800401,806712,800209,802107,807102,801807,802002,801905,801404,800519,803519,803803,800504


-------------------
Query: [1/7]
--------------------------------

https://api.census.gov/data/2021/acs/acs5?get=B01003_001E,B02001_002E,B02001_003E,B02001_005E,B25003_001E,B25003_002E,B25003_003E,B15003_001E,B15003_002E,B15003_004E,B15003_005E,B15003_006E,B15003_007E,B15003_008E,B15003_009E,B15003_010E,B15003_011E,B15003_012E,B15003_013E,B15003_014E,B15003_015E,B15003_016E,B15003_017E,B15003_018E,B15003_019E,B15003_020E,B15003_021E,B15003_022E,B15003_023E,B15003_024E&for=block%20group:*&in=state:24&in=county:033&in=tract:804300,800403,800212,802301,806713,801211,804802,803613,800413,807301,801308,802501,800411,805202,803512,806708,804900,801904,802405,800409,805904,800507,801600,803001,806400,805000,802404,803300,802106,802700
https://api.census.gov/data/2021/acs/acs5?get=B15003_025E,C17002_001E,C17002_002E,C17002_003E,C17002_004E,C17002_005E,C17002_006E,C17002_007E,C17002_008E,B25046_001E&for=block%20group:*&in=state:24&in=county:033&in=tract:804300,800403,800212,802301,806713,801211,804802,803613,800413,807301,801308,802501,800411,805202,803512,806708,804900,801904,802405,800409,805904,800507,801600,803001,806400,805000,802404,803300,802106,802700


-------------------
Query: [2/7]
--------------------------------

https://api.census.gov/data/2021/acs/acs5?get=B01003_001E,B02001_002E,B02001_003E,B02001_005E,B25003_001E,B25003_002E,B25003_003E,B15003_001E,B15003_002E,B15003_004E,B15003_005E,B15003_006E,B15003_007E,B15003_008E,B15003_009E,B15003_010E,B15003_011E,B15003_012E,B15003_013E,B15003_014E,B15003_015E,B15003_016E,B15003_017E,B15003_018E,B15003_019E,B15003_020E,B15003_021E,B15003_022E,B15003_023E,B15003_024E&for=block%20group:*&in=state:24&in=county:033&in=tract:801105,801901,803602,805801,803514,804101,800106,800109,803513,803605,805908,801305,801702,801409,806706,801313,801407,807405,800211,802803,805201,806710,801908,805500,802104,803900,805602,803601,800517,805101
https://api.census.gov/data/2021/acs/acs5?get=B15003_025E,C17002_001E,C17002_002E,C17002_003E,C17002_004E,C17002_005E,C17002_006E,C17002_007E,C17002_008E,B25046_001E&for=block%20group:*&in=state:24&in=county:033&in=tract:801105,801901,803602,805801,803514,804101,800106,800109,803513,803605,805908,801305,801702,801409,806706,801313,801407,807405,800211,802803,805201,806710,801908,805500,802104,803900,805602,803601,800517,805101


-------------------
Query: [3/7]
--------------------------------

https://api.census.gov/data/2021/acs/acs5?get=B01003_001E,B02001_002E,B02001_003E,B02001_005E,B25003_001E,B25003_002E,B25003_003E,B15003_001E,B15003_002E,B15003_004E,B15003_005E,B15003_006E,B15003_007E,B15003_008E,B15003_009E,B15003_010E,B15003_011E,B15003_012E,B15003_013E,B15003_014E,B15003_015E,B15003_016E,B15003_017E,B15003_018E,B15003_019E,B15003_020E,B15003_021E,B15003_022E,B15003_023E,B15003_024E&for=block%20group:*&in=state:24&in=county:033&in=tract:801808,805700,801907,800513,803525,803516,802805,800516,807000,801217,802502,800511,803509,805907,803610,801709,802103,800105,980000,802600,803521,800412,803526,800408,800521,802203,803612,806711,801312,801704
https://api.census.gov/data/2021/acs/acs5?get=B15003_025E,C17002_001E,C17002_002E,C17002_003E,C17002_004E,C17002_005E,C17002_006E,C17002_007E,C17002_008E,B25046_001E&for=block%20group:*&in=state:24&in=county:033&in=tract:801808,805700,801907,800513,803525,803516,802805,800516,807000,801217,802502,800511,803509,805907,803610,801709,802103,800105,980000,802600,803521,800412,803526,800408,800521,802203,803612,806711,801312,801704


-------------------
Query: [4/7]
--------------------------------

https://api.census.gov/data/2021/acs/acs5?get=B01003_001E,B02001_002E,B02001_003E,B02001_005E,B25003_001E,B25003_002E,B25003_003E,B15003_001E,B15003_002E,B15003_004E,B15003_005E,B15003_006E,B15003_007E,B15003_008E,B15003_009E,B15003_010E,B15003_011E,B15003_012E,B15003_013E,B15003_014E,B15003_015E,B15003_016E,B15003_017E,B15003_018E,B15003_019E,B15003_020E,B15003_021E,B15003_022E,B15003_023E,B15003_024E&for=block%20group:*&in=state:24&in=county:033&in=tract:800410,801307,800515,801309,806800,803200,804200,800213,803403,801213,806900,804600,803527,807408,803608,807304,800210,807305,803100,805802,805906,802001,801406,800514,801212,800103,801707,800102,801410,801906
https://api.census.gov/data/2021/acs/acs5?get=B15003_025E,C17002_001E,C17002_002E,C17002_003E,C17002_004E,C17002_005E,C17002_006E,C17002_007E,C17002_008E,B25046_001E&for=block%20group:*&in=state:24&in=county:033&in=tract:800410,801307,800515,801309,806800,803200,804200,800213,803403,801213,806900,804600,803527,807408,803608,807304,800210,807305,803100,805802,805906,802001,801406,800514,801212,800103,801707,800102,801410,801906


-------------------
Query: [5/7]
--------------------------------

https://api.census.gov/data/2021/acs/acs5?get=B01003_001E,B02001_002E,B02001_003E,B02001_005E,B25003_001E,B25003_002E,B25003_003E,B15003_001E,B15003_002E,B15003_004E,B15003_005E,B15003_006E,B15003_007E,B15003_008E,B15003_009E,B15003_010E,B15003_011E,B15003_012E,B15003_013E,B15003_014E,B15003_015E,B15003_016E,B15003_017E,B15003_018E,B15003_019E,B15003_020E,B15003_021E,B15003_022E,B15003_023E,B15003_024E&for=block%20group:*&in=state:24&in=county:033&in=tract:801802,804002,803002,807407,801701,800522,801408,807409,800402,804700,806501,802804,806602,807404,803607,801500,802407,803528,804102,802406,800203,802901,801411,804801,807500,803700,805601,803606,803801,806601
https://api.census.gov/data/2021/acs/acs5?get=B15003_025E,C17002_001E,C17002_002E,C17002_003E,C17002_004E,C17002_005E,C17002_006E,C17002_007E,C17002_008E,B25046_001E&for=block%20group:*&in=state:24&in=county:033&in=tract:801802,804002,803002,807407,801701,800522,801408,807409,800402,804700,806501,802804,806602,807404,803607,801500,802407,803528,804102,802406,800203,802901,801411,804801,807500,803700,805601,803606,803801,806601


-------------------
Query: [6/7]
--------------------------------

https://api.census.gov/data/2021/acs/acs5?get=B01003_001E,B02001_002E,B02001_003E,B02001_005E,B25003_001E,B25003_002E,B25003_003E,B15003_001E,B15003_002E,B15003_004E,B15003_005E,B15003_006E,B15003_007E,B15003_008E,B15003_009E,B15003_010E,B15003_011E,B15003_012E,B15003_013E,B15003_014E,B15003_015E,B15003_016E,B15003_017E,B15003_018E,B15003_019E,B15003_020E,B15003_021E,B15003_022E,B15003_023E,B15003_024E&for=block%20group:*&in=state:24&in=county:033&in=tract:803508
https://api.census.gov/data/2021/acs/acs5?get=B15003_025E,C17002_001E,C17002_002E,C17002_003E,C17002_004E,C17002_005E,C17002_006E,C17002_007E,C17002_008E,B25046_001E&for=block%20group:*&in=state:24&in=county:033&in=tract:803508


-------------------
Query: [0/4]
--------------------------------

https://api.census.gov/data/2021/acs/acs5?get=B01003_001E,B02001_002E,B02001_003E,B02001_005E,B25003_001E,B25003_002E,B25003_003E,B15003_001E,B15003_002E,B15003_004E,B15003_005E,B15003_006E,B15003_007E,B15003_008E,B15003_009E,B15003_010E,B15003_011E,B15003_012E,B15003_013E,B15003_014E,B15003_015E,B15003_016E,B15003_017E,B15003_018E,B15003_019E,B15003_020E,B15003_021E,B15003_022E,B15003_023E,B15003_024E&for=block%20group:*&in=state:51&in=county:059&in=tract:461901,451602,471303,470600,461802,432100,450602,420503,415402,430400,450500,421500,440800,421400,470300,415600,471000,471100,450800,430600,452000,461202,470900,460501,421800,432202,415200,461801,416200,471301
https://api.census.gov/data/2021/acs/acs5?get=B15003_025E,C17002_001E,C17002_002E,C17002_003E,C17002_004E,C17002_005E,C17002_006E,C17002_007E,C17002_008E,B25046_001E&for=block%20group:*&in=state:51&in=county:059&in=tract:461901,451602,471303,470600,461802,432100,450602,420503,415402,430400,450500,421500,440800,421400,470300,415600,471000,471100,450800,430600,452000,461202,470900,460501,421800,432202,415200,461801,416200,471301


-------------------
Query: [1/4]
--------------------------------

https://api.census.gov/data/2021/acs/acs5?get=B01003_001E,B02001_002E,B02001_003E,B02001_005E,B25003_001E,B25003_002E,B25003_003E,B15003_001E,B15003_002E,B15003_004E,B15003_005E,B15003_006E,B15003_007E,B15003_008E,B15003_009E,B15003_010E,B15003_011E,B15003_012E,B15003_013E,B15003_014E,B15003_015E,B15003_016E,B15003_017E,B15003_018E,B15003_019E,B15003_020E,B15003_021E,B15003_022E,B15003_023E,B15003_024E&for=block%20group:*&in=state:51&in=county:059&in=tract:415900,452801,452101,420502,450300,461605,461604,452502,432201,440702,440300,430700,450100,452200,432402,440100,416100,452802,415100,431500,440503,430102,421701,431400,431300,430101,480205,491706,431900,451300
https://api.census.gov/data/2021/acs/acs5?get=B15003_025E,C17002_001E,C17002_002E,C17002_003E,C17002_004E,C17002_005E,C17002_006E,C17002_007E,C17002_008E,B25046_001E&for=block%20group:*&in=state:51&in=county:059&in=tract:415900,452801,452101,420502,450300,461605,461604,452502,432201,440702,440300,430700,450100,452200,432402,440100,416100,452802,415100,431500,440503,430102,421701,431400,431300,430101,480205,491706,431900,451300


-------------------
Query: [2/4]
--------------------------------

https://api.census.gov/data/2021/acs/acs5?get=B01003_001E,B02001_002E,B02001_003E,B02001_005E,B25003_001E,B25003_002E,B25003_003E,B15003_001E,B15003_002E,B15003_004E,B15003_005E,B15003_006E,B15003_007E,B15003_008E,B15003_009E,B15003_010E,B15003_011E,B15003_012E,B15003_013E,B15003_014E,B15003_015E,B15003_016E,B15003_017E,B15003_018E,B15003_019E,B15003_020E,B15003_021E,B15003_022E,B15003_023E,B15003_024E&for=block%20group:*&in=state:51&in=county:059&in=tract:452301,451400,451100,420400,440505,421600,431802,452700,440202,452102,430901,431001,431002,451000,415401,450702,450601,415700,440201,421900,415800,450200,471402,430203,432300,432000,452501,430202,440501,491703
https://api.census.gov/data/2021/acs/acs5?get=B15003_025E,C17002_001E,C17002_002E,C17002_003E,C17002_004E,C17002_005E,C17002_006E,C17002_007E,C17002_008E,B25046_001E&for=block%20group:*&in=state:51&in=county:059&in=tract:452301,451400,451100,420400,440505,421600,431802,452700,440202,452102,430901,431001,431002,451000,415401,450702,450601,415700,440201,421900,415800,450200,471402,430203,432300,432000,452501,430202,440501,491703


-------------------
Query: [3/4]
--------------------------------

https://api.census.gov/data/2021/acs/acs5?get=B01003_001E,B02001_002E,B02001_003E,B02001_005E,B25003_001E,B25003_002E,B25003_003E,B15003_001E,B15003_002E,B15003_004E,B15003_005E,B15003_006E,B15003_007E,B15003_008E,B15003_009E,B15003_010E,B15003_011E,B15003_012E,B15003_013E,B15003_014E,B15003_015E,B15003_016E,B15003_017E,B15003_018E,B15003_019E,B15003_020E,B15003_021E,B15003_022E,B15003_023E,B15003_024E&for=block%20group:*&in=state:51&in=county:059&in=tract:430801,471204,451800,416000,451502,461500,470400,461201,461603,451601,461700,431801,461606,430802,431602,451900,450400,432500,452400,430500,440701,452302,451501,430201,471401,470500,415500,470700
https://api.census.gov/data/2021/acs/acs5?get=B15003_025E,C17002_001E,C17002_002E,C17002_003E,C17002_004E,C17002_005E,C17002_006E,C17002_007E,C17002_008E,B25046_001E&for=block%20group:*&in=state:51&in=county:059&in=tract:430801,471204,451800,416000,451502,461500,470400,461201,461603,451601,461700,431801,461606,430802,431602,451900,450400,432500,452400,430500,440701,452302,451501,430201,471401,470500,415500,470700


-------------------
Query: [0/2]
--------------------------------

https://api.census.gov/data/2021/acs/acs5?get=B01003_001E,B02001_002E,B02001_003E,B02001_005E,B25003_001E,B25003_002E,B25003_003E,B15003_001E,B15003_002E,B15003_004E,B15003_005E,B15003_006E,B15003_007E,B15003_008E,B15003_009E,B15003_010E,B15003_011E,B15003_012E,B15003_013E,B15003_014E,B15003_015E,B15003_016E,B15003_017E,B15003_018E,B15003_019E,B15003_020E,B15003_021E,B15003_022E,B15003_023E,B15003_024E&for=block%20group:*&in=state:51&in=county:510&in=tract:201100,201206,200202,200407,201900,201202,200600,200404,201204,200304,201300,201802,200802,201805,200301,200106,200305,201601,200705,200111,202002,201803,200104,200408,201205,201602,200403,200704,200102,200406
https://api.census.gov/data/2021/acs/acs5?get=B15003_025E,C17002_001E,C17002_002E,C17002_003E,C17002_004E,C17002_005E,C17002_006E,C17002_007E,C17002_008E,B25046_001E&for=block%20group:*&in=state:51&in=county:510&in=tract:201100,201206,200202,200407,201900,201202,200600,200404,201204,200304,201300,201802,200802,201805,200301,200106,200305,201601,200705,200111,202002,201803,200104,200408,201205,201602,200403,200704,200102,200406


-------------------
Query: [1/2]
--------------------------------

https://api.census.gov/data/2021/acs/acs5?get=B01003_001E,B02001_002E,B02001_003E,B02001_005E,B25003_001E,B25003_002E,B25003_003E,B15003_001E,B15003_002E,B15003_004E,B15003_005E,B15003_006E,B15003_007E,B15003_008E,B15003_009E,B15003_010E,B15003_011E,B15003_012E,B15003_013E,B15003_014E,B15003_015E,B15003_016E,B15003_017E,B15003_018E,B15003_019E,B15003_020E,B15003_021E,B15003_022E,B15003_023E,B15003_024E&for=block%20group:*&in=state:51&in=county:510&in=tract:201000,200110,200201,202001,201804,201400,200105,200703,200302,200500,200409,200701
https://api.census.gov/data/2021/acs/acs5?get=B15003_025E,C17002_001E,C17002_002E,C17002_003E,C17002_004E,C17002_005E,C17002_006E,C17002_007E,C17002_008E,B25046_001E&for=block%20group:*&in=state:51&in=county:510&in=tract:201000,200110,200201,202001,201804,201400,200105,200703,200302,200500,200409,200701


-------------------
Query: [0/7]
--------------------------------

https://api.census.gov/data/2021/acs/acs5?get=B01003_001E,B02001_002E,B02001_003E,B02001_005E,B25003_001E,B25003_002E,B25003_003E,B15003_001E,B15003_002E,B15003_004E,B15003_005E,B15003_006E,B15003_007E,B15003_008E,B15003_009E,B15003_010E,B15003_011E,B15003_012E,B15003_013E,B15003_014E,B15003_015E,B15003_016E,B15003_017E,B15003_018E,B15003_019E,B15003_020E,B15003_021E,B15003_022E,B15003_023E,B15003_024E&for=block%20group:*&in=state:11&in=county:001&in=tract:009807,006804,009700,001002,006500,007604,007703,001702,009509,009102,000400,002501,009505,007502,005503,002702,009302,009602,000803,002302,005302,007903,007401,000804,009203,005601,005900,003200,008402,007804
https://api.census.gov/data/2021/acs/acs5?get=B15003_025E,C17002_001E,C17002_002E,C17002_003E,C17002_004E,C17002_005E,C17002_006E,C17002_007E,C17002_008E,B25046_001E&for=block%20group:*&in=state:11&in=county:001&in=tract:009807,006804,009700,001002,006500,007604,007703,001702,009509,009102,000400,002501,009505,007502,005503,002702,009302,009602,000803,002302,005302,007903,007401,000804,009203,005601,005900,003200,008402,007804


-------------------
Query: [1/7]
--------------------------------

https://api.census.gov/data/2021/acs/acs5?get=B01003_001E,B02001_002E,B02001_003E,B02001_005E,B25003_001E,B25003_002E,B25003_003E,B15003_001E,B15003_002E,B15003_004E,B15003_005E,B15003_006E,B15003_007E,B15003_008E,B15003_009E,B15003_010E,B15003_011E,B15003_012E,B15003_013E,B15003_014E,B15003_015E,B15003_016E,B15003_017E,B15003_018E,B15003_019E,B15003_020E,B15003_021E,B15003_022E,B15003_023E,B15003_024E&for=block%20group:*&in=state:11&in=county:001&in=tract:008100,001402,010100,008803,009907,001301,000704,007408,007603,010300,010201,009507,005801,009903,007301,011002,010602,004704,004002,007504,002001,005303,008302,008410,004902,003702,009400,004402,010601,004802
https://api.census.gov/data/2021/acs/acs5?get=B15003_025E,C17002_001E,C17002_002E,C17002_003E,C17002_004E,C17002_005E,C17002_006E,C17002_007E,C17002_008E,B25046_001E&for=block%20group:*&in=state:11&in=county:001&in=tract:008100,001402,010100,008803,009907,001301,000704,007408,007603,010300,010201,009507,005801,009903,007301,011002,010602,004704,004002,007504,002001,005303,008302,008410,004902,003702,009400,004402,010601,004802


-------------------
Query: [2/7]
--------------------------------

https://api.census.gov/data/2021/acs/acs5?get=B01003_001E,B02001_002E,B02001_003E,B02001_005E,B25003_001E,B25003_002E,B25003_003E,B15003_001E,B15003_002E,B15003_004E,B15003_005E,B15003_006E,B15003_007E,B15003_008E,B15003_009E,B15003_010E,B15003_011E,B15003_012E,B15003_013E,B15003_014E,B15003_015E,B15003_016E,B15003_017E,B15003_018E,B15003_019E,B15003_020E,B15003_021E,B15003_022E,B15003_023E,B15003_024E&for=block%20group:*&in=state:11&in=county:001&in=tract:004702,006802,009603,002102,005202,001003,009511,009905,002802,001100,006700,009810,001500,009508,005501,007808,009906,000600,001804,007901,005602,002201,001901,008802,000702,003802,000300,000802,005203,005003
https://api.census.gov/data/2021/acs/acs5?get=B15003_025E,C17002_001E,C17002_002E,C17002_003E,C17002_004E,C17002_005E,C17002_006E,C17002_007E,C17002_008E,B25046_001E&for=block%20group:*&in=state:11&in=county:001&in=tract:004702,006802,009603,002102,005202,001003,009511,009905,002802,001100,006700,009810,001500,009508,005501,007808,009906,000600,001804,007901,005602,002201,001901,008802,000702,003802,000300,000802,005203,005003


-------------------
Query: [3/7]
--------------------------------

https://api.census.gov/data/2021/acs/acs5?get=B01003_001E,B02001_002E,B02001_003E,B02001_005E,B25003_001E,B25003_002E,B25003_003E,B15003_001E,B15003_002E,B15003_004E,B15003_005E,B15003_006E,B15003_007E,B15003_008E,B15003_009E,B15003_010E,B15003_011E,B15003_012E,B15003_013E,B15003_014E,B15003_015E,B15003_016E,B15003_017E,B15003_018E,B15003_019E,B15003_020E,B15003_021E,B15003_022E,B15003_023E,B15003_024E&for=block%20group:*&in=state:11&in=county:001&in=tract:003302,009510,002703,006801,006900,004901,007709,002504,009503,007304,009504,003000,009803,001401,007201,980000,008904,003801,007807,007203,010603,002900,002202,001902,002503,000902,009604,007000,004300,004401
https://api.census.gov/data/2021/acs/acs5?get=B15003_025E,C17002_001E,C17002_002E,C17002_003E,C17002_004E,C17002_005E,C17002_006E,C17002_007E,C17002_008E,B25046_001E&for=block%20group:*&in=state:11&in=county:001&in=tract:003302,009510,002703,006801,006900,004901,007709,002504,009503,007304,009504,003000,009803,001401,007201,980000,008904,003801,007807,007203,010603,002900,002202,001902,002503,000902,009604,007000,004300,004401


-------------------
Query: [4/7]
--------------------------------

https://api.census.gov/data/2021/acs/acs5?get=B01003_001E,B02001_002E,B02001_003E,B02001_005E,B25003_001E,B25003_002E,B25003_003E,B15003_001E,B15003_002E,B15003_004E,B15003_005E,B15003_006E,B15003_007E,B15003_008E,B15003_009E,B15003_010E,B15003_011E,B15003_012E,B15003_013E,B15003_014E,B15003_015E,B15003_016E,B15003_017E,B15003_018E,B15003_019E,B15003_020E,B15003_021E,B15003_022E,B15003_023E,B15003_024E&for=block%20group:*&in=state:11&in=county:001&in=tract:006400,004001,000501,005001,000202,009804,010202,007605,003400,001303,007409,001200,001304,007601,004703,002101,010900,009801,003100,004801,007803,004202,008200,007100,007403,002301,002400,003701,002002,007503
https://api.census.gov/data/2021/acs/acs5?get=B15003_025E,C17002_001E,C17002_002E,C17002_003E,C17002_004E,C17002_005E,C17002_006E,C17002_007E,C17002_008E,B25046_001E&for=block%20group:*&in=state:11&in=county:001&in=tract:006400,004001,000501,005001,000202,009804,010202,007605,003400,001303,007409,001200,001304,007601,004703,002101,010900,009801,003100,004801,007803,004202,008200,007100,007403,002301,002400,003701,002002,007503


-------------------
Query: [5/7]
--------------------------------

https://api.census.gov/data/2021/acs/acs5?get=B01003_001E,B02001_002E,B02001_003E,B02001_005E,B25003_001E,B25003_002E,B25003_003E,B15003_001E,B15003_002E,B15003_004E,B15003_005E,B15003_006E,B15003_007E,B15003_008E,B15003_009E,B15003_010E,B15003_011E,B15003_012E,B15003_013E,B15003_014E,B15003_015E,B15003_016E,B15003_017E,B15003_018E,B15003_019E,B15003_020E,B15003_021E,B15003_022E,B15003_023E,B15003_024E&for=block%20group:*&in=state:11&in=county:001&in=tract:001600,000903,008001,003301,009201,006600,008903,002801,009904,003901,002600,005802,004600,007407,003500,000502,003600,009802,000703,009902,009901,005004,007806,000201,008002,004201,003902,000102,004100,002704
https://api.census.gov/data/2021/acs/acs5?get=B15003_025E,C17002_001E,C17002_002E,C17002_003E,C17002_004E,C17002_005E,C17002_006E,C17002_007E,C17002_008E,B25046_001E&for=block%20group:*&in=state:11&in=county:001&in=tract:001600,000903,008001,003301,009201,006600,008903,002801,009904,003901,002600,005802,004600,007407,003500,000502,003600,009802,000703,009902,009901,005004,007806,000201,008002,004201,003902,000102,004100,002704


-------------------
Query: [6/7]
--------------------------------

https://api.census.gov/data/2021/acs/acs5?get=B01003_001E,B02001_002E,B02001_003E,B02001_005E,B25003_001E,B25003_002E,B25003_003E,B15003_001E,B15003_002E,B15003_004E,B15003_005E,B15003_006E,B15003_007E,B15003_008E,B15003_009E,B15003_010E,B15003_011E,B15003_012E,B15003_013E,B15003_014E,B15003_015E,B15003_016E,B15003_017E,B15003_018E,B15003_019E,B15003_020E,B15003_021E,B15003_022E,B15003_023E,B15003_024E&for=block%20group:*&in=state:11&in=county:001&in=tract:009204,001803,001004,007708,000101,007404,011100,008702,011001,007202,000904,008804,010400,008701,009000,010700,005502,010800,009601,009301,008301,007707,010500,009811,007406,007809
https://api.census.gov/data/2021/acs/acs5?get=B15003_025E,C17002_001E,C17002_002E,C17002_003E,C17002_004E,C17002_005E,C17002_006E,C17002_007E,C17002_008E,B25046_001E&for=block%20group:*&in=state:11&in=county:001&in=tract:009204,001803,001004,007708,000101,007404,011100,008702,011001,007202,000904,008804,010400,008701,009000,010700,005502,010800,009601,009301,008301,007707,010500,009811,007406,007809


-------------------
Query: [0/3]
--------------------------------

https://api.census.gov/data/2021/acs/acs5?get=B01003_001E,B02001_002E,B02001_003E,B02001_005E,B25003_001E,B25003_002E,B25003_003E,B15003_001E,B15003_002E,B15003_004E,B15003_005E,B15003_006E,B15003_007E,B15003_008E,B15003_009E,B15003_010E,B15003_011E,B15003_012E,B15003_013E,B15003_014E,B15003_015E,B15003_016E,B15003_017E,B15003_018E,B15003_019E,B15003_020E,B15003_021E,B15003_022E,B15003_023E,B15003_024E&for=block%20group:*&in=state:51&in=county:013&in=tract:100800,101803,102804,101300,101406,101701,101502,102803,102302,100100,103405,103504,100700,103505,101805,103100,101100,101501,101402,100300,101804,101603,103403,101409,103800,102100,103401,101408,103503,103200
https://api.census.gov/data/2021/acs/acs5?get=B15003_025E,C17002_001E,C17002_002E,C17002_003E,C17002_004E,C17002_005E,C17002_006E,C17002_007E,C17002_008E,B25046_001E&for=block%20group:*&in=state:51&in=county:013&in=tract:100800,101803,102804,101300,101406,101701,101502,102803,102302,100100,103405,103504,100700,103505,101805,103100,101100,101501,101402,100300,101804,101603,103403,101409,103800,102100,103401,101408,103503,103200


-------------------
Query: [1/3]
--------------------------------

https://api.census.gov/data/2021/acs/acs5?get=B01003_001E,B02001_002E,B02001_003E,B02001_005E,B25003_001E,B25003_002E,B25003_003E,B15003_001E,B15003_002E,B15003_004E,B15003_005E,B15003_006E,B15003_007E,B15003_008E,B15003_009E,B15003_010E,B15003_011E,B15003_012E,B15003_013E,B15003_014E,B15003_015E,B15003_016E,B15003_017E,B15003_018E,B15003_019E,B15003_020E,B15003_021E,B15003_022E,B15003_023E,B15003_024E&for=block%20group:*&in=state:51&in=county:013&in=tract:102701,101200,103700,100200,100900,103501,103404,102301,101801,102500,102702,102901,102200,101503,101000,103602,101401,102001,100500,103601,980100,101407,102904,102003,101705,100600,101602,101601,102600,102903
https://api.census.gov/data/2021/acs/acs5?get=B15003_025E,C17002_001E,C17002_002E,C17002_003E,C17002_004E,C17002_005E,C17002_006E,C17002_007E,C17002_008E,B25046_001E&for=block%20group:*&in=state:51&in=county:013&in=tract:102701,101200,103700,100200,100900,103501,103404,102301,101801,102500,102702,102901,102200,101503,101000,103602,101401,102001,100500,103601,980100,101407,102904,102003,101705,100600,101602,101601,102600,102903


-------------------
Query: [2/3]
--------------------------------

https://api.census.gov/data/2021/acs/acs5?get=B01003_001E,B02001_002E,B02001_003E,B02001_005E,B25003_001E,B25003_002E,B25003_003E,B15003_001E,B15003_002E,B15003_004E,B15003_005E,B15003_006E,B15003_007E,B15003_008E,B15003_009E,B15003_010E,B15003_011E,B15003_012E,B15003_013E,B15003_014E,B15003_015E,B15003_016E,B15003_017E,B15003_018E,B15003_019E,B15003_020E,B15003_021E,B15003_022E,B15003_023E,B15003_024E&for=block%20group:*&in=state:51&in=county:013&in=tract:103000,102400,101900
https://api.census.gov/data/2021/acs/acs5?get=B15003_025E,C17002_001E,C17002_002E,C17002_003E,C17002_004E,C17002_005E,C17002_006E,C17002_007E,C17002_008E,B25046_001E&for=block%20group:*&in=state:51&in=county:013&in=tract:103000,102400,101900


-------------------
Query: [0/1]
--------------------------------

https://api.census.gov/data/2021/acs/acs5?get=B01003_001E,B02001_002E,B02001_003E,B02001_005E,B25003_001E,B25003_002E,B25003_003E,B15003_001E,B15003_002E,B15003_004E,B15003_005E,B15003_006E,B15003_007E,B15003_008E,B15003_009E,B15003_010E,B15003_011E,B15003_012E,B15003_013E,B15003_014E,B15003_015E,B15003_016E,B15003_017E,B15003_018E,B15003_019E,B15003_020E,B15003_021E,B15003_022E,B15003_023E,B15003_024E&for=block%20group:*&in=state:51&in=county:600&in=tract:300500,300100,300200,300400,300300
https://api.census.gov/data/2021/acs/acs5?get=B15003_025E,C17002_001E,C17002_002E,C17002_003E,C17002_004E,C17002_005E,C17002_006E,C17002_007E,C17002_008E,B25046_001E&for=block%20group:*&in=state:51&in=county:600&in=tract:300500,300100,300200,300400,300300


-------------------
Query: [0/1]
--------------------------------

https://api.census.gov/data/2021/acs/acs5?get=B01003_001E,B02001_002E,B02001_003E,B02001_005E,B25003_001E,B25003_002E,B25003_003E,B15003_001E,B15003_002E,B15003_004E,B15003_005E,B15003_006E,B15003_007E,B15003_008E,B15003_009E,B15003_010E,B15003_011E,B15003_012E,B15003_013E,B15003_014E,B15003_015E,B15003_016E,B15003_017E,B15003_018E,B15003_019E,B15003_020E,B15003_021E,B15003_022E,B15003_023E,B15003_024E&for=block%20group:*&in=state:51&in=county:610&in=tract:500300,500100,500200
https://api.census.gov/data/2021/acs/acs5?get=B15003_025E,C17002_001E,C17002_002E,C17002_003E,C17002_004E,C17002_005E,C17002_006E,C17002_007E,C17002_008E,B25046_001E&for=block%20group:*&in=state:51&in=county:610&in=tract:500300,500100,500200


-------------------
Query: [0/5]
--------------------------------

https://api.census.gov/data/2021/acs/acs5?get=B01003_001E,B02001_002E,B02001_003E,B02001_005E,B25003_001E,B25003_002E,B25003_003E,B15003_001E,B15003_002E,B15003_004E,B15003_005E,B15003_006E,B15003_007E,B15003_008E,B15003_009E,B15003_010E,B15003_011E,B15003_012E,B15003_013E,B15003_014E,B15003_015E,B15003_016E,B15003_017E,B15003_018E,B15003_019E,B15003_020E,B15003_021E,B15003_022E,B15003_023E,B15003_024E&for=block%20group:*&in=state:24&in=county:031&in=tract:701205,705601,703501,705602,705901,702603,703800,701704,701415,702000,701508,701002,706007,701425,703302,705701,703215,704501,701703,701424,701506,703209,703206,703301,701602,701005,702200,700901,700904,701316
https://api.census.gov/data/2021/acs/acs5?get=B15003_025E,C17002_001E,C17002_002E,C17002_003E,C17002_004E,C17002_005E,C17002_006E,C17002_007E,C17002_008E,B25046_001E&for=block%20group:*&in=state:24&in=county:031&in=tract:701205,705601,703501,705602,705901,702603,703800,701704,701415,702000,701508,701002,706007,701425,703302,705701,703215,704501,701703,701424,701506,703209,703206,703301,701602,701005,702200,700901,700904,701316


-------------------
Query: [1/5]
--------------------------------

https://api.census.gov/data/2021/acs/acs5?get=B01003_001E,B02001_002E,B02001_003E,B02001_005E,B25003_001E,B25003_002E,B25003_003E,B15003_001E,B15003_002E,B15003_004E,B15003_005E,B15003_006E,B15003_007E,B15003_008E,B15003_009E,B15003_010E,B15003_011E,B15003_012E,B15003_013E,B15003_014E,B15003_015E,B15003_016E,B15003_017E,B15003_018E,B15003_019E,B15003_020E,B15003_021E,B15003_022E,B15003_023E,B15003_024E&for=block%20group:*&in=state:24&in=county:031&in=tract:701407,704806,701409,704100,704404,705903,704805,702800,706005,701101,701313,701422,701201,706009,702102,703404,701314,702402,701503,701211,701312,701418,703901,703100,703214,703202,705400,701414,703210,703222
https://api.census.gov/data/2021/acs/acs5?get=B15003_025E,C17002_001E,C17002_002E,C17002_003E,C17002_004E,C17002_005E,C17002_006E,C17002_007E,C17002_008E,B25046_001E&for=block%20group:*&in=state:24&in=county:031&in=tract:701407,704806,701409,704100,704404,705903,704805,702800,706005,701101,701313,701422,701201,706009,702102,703404,701314,702402,701503,701211,701312,701418,703901,703100,703214,703202,705400,701414,703210,703222


-------------------
Query: [2/5]
--------------------------------

https://api.census.gov/data/2021/acs/acs5?get=B01003_001E,B02001_002E,B02001_003E,B02001_005E,B25003_001E,B25003_002E,B25003_003E,B15003_001E,B15003_002E,B15003_004E,B15003_005E,B15003_006E,B15003_007E,B15003_008E,B15003_009E,B15003_010E,B15003_011E,B15003_012E,B15003_013E,B15003_014E,B15003_015E,B15003_016E,B15003_017E,B15003_018E,B15003_019E,B15003_020E,B15003_021E,B15003_022E,B15003_023E,B15003_024E&for=block%20group:*&in=state:24&in=county:031&in=tract:701210,702604,702602,703201,701408,701800,701507,705300,703402,704600,704804,706013,703218,703702,706012,703401,705502,701505,703701,701509,702700,702900,703502,705501,703207,701004,705902,701219,703213,704401
https://api.census.gov/data/2021/acs/acs5?get=B15003_025E,C17002_001E,C17002_002E,C17002_003E,C17002_004E,C17002_005E,C17002_006E,C17002_007E,C17002_008E,B25046_001E&for=block%20group:*&in=state:24&in=county:031&in=tract:701210,702604,702602,703201,701408,701800,701507,705300,703402,704600,704804,706013,703218,703702,706012,703401,705502,701505,703701,701509,702700,702900,703502,705501,703207,701004,705902,701219,703213,704401


-------------------
Query: [3/5]
--------------------------------

https://api.census.gov/data/2021/acs/acs5?get=B01003_001E,B02001_002E,B02001_003E,B02001_005E,B25003_001E,B25003_002E,B25003_003E,B15003_001E,B15003_002E,B15003_004E,B15003_005E,B15003_006E,B15003_007E,B15003_008E,B15003_009E,B15003_010E,B15003_011E,B15003_012E,B15003_013E,B15003_014E,B15003_015E,B15003_016E,B15003_017E,B15003_018E,B15003_019E,B15003_020E,B15003_021E,B15003_022E,B15003_023E,B15003_024E&for=block%20group:*&in=state:24&in=county:031&in=tract:705100,701308,701427,701006,701426,702503,701202,703403,701601,701206,701102,701315,703601,702302,701423,705200,703902,701417,700902,702501,700728,704503,701216,704200,702502,701701,703216,702101,703000,705000
https://api.census.gov/data/2021/acs/acs5?get=B15003_025E,C17002_001E,C17002_002E,C17002_003E,C17002_004E,C17002_005E,C17002_006E,C17002_007E,C17002_008E,B25046_001E&for=block%20group:*&in=state:24&in=county:031&in=tract:705100,701308,701427,701006,701426,702503,701202,703403,701601,701206,701102,701315,703601,702302,701423,705200,703902,701417,700902,702501,700728,704503,701216,704200,702502,701701,703216,702101,703000,705000


-------------------
Query: [4/5]
--------------------------------

https://api.census.gov/data/2021/acs/acs5?get=B01003_001E,B02001_002E,B02001_003E,B02001_005E,B25003_001E,B25003_002E,B25003_003E,B15003_001E,B15003_002E,B15003_004E,B15003_005E,B15003_006E,B15003_007E,B15003_008E,B15003_009E,B15003_010E,B15003_011E,B15003_012E,B15003_013E,B15003_014E,B15003_015E,B15003_016E,B15003_017E,B15003_018E,B15003_019E,B15003_020E,B15003_021E,B15003_022E,B15003_023E,B15003_024E&for=block%20group:*&in=state:24&in=county:031&in=tract:704000,706011
https://api.census.gov/data/2021/acs/acs5?get=B15003_025E,C17002_001E,C17002_002E,C17002_003E,C17002_004E,C17002_005E,C17002_006E,C17002_007E,C17002_008E,B25046_001E&for=block%20group:*&in=state:24&in=county:031&in=tract:704000,706011

Step 4: Linking Routes
Saved to datasets/washington_dc
