
Step 1: Downloading OSM Data
Performing OSM Query: node["amenity"="hospital"](37.705764,-122.510792,37.829848,-122.365593);
Performing OSM Query: node["shop"="supermarket"](37.705764,-122.510792,37.829848,-122.365593);
Performing OSM Query: node["leisure"="park"](37.705764,-122.510792,37.829848,-122.365593);
Performing OSM Query: node["amenity"="bar"](37.705764,-122.510792,37.829848,-122.365593);
Performing OSM Query: node["amenity"="place_of_worship"](37.705764,-122.510792,37.829848,-122.365593);
Performing OSM Query: node["brand"="McDonald's"](37.705764,-122.510792,37.829848,-122.365593);
Performing OSM Query: node["brand"="Starbucks"](37.705764,-122.510792,37.829848,-122.365593);
joining data for: hospital
joining data for: grocery
joining data for: park
joining data for: bar
joining data for: worship
joining data for: mcdonalds
joining data for: starbucks

Step 2: Adding Census Data

Step 1: Downloading OSM Data
Loaded OSM from cache

Step 2: Adding Census Data

Step 1: Downloading OSM Data
Loaded OSM from cache

Step 2: Adding Census Data


-------------------
Query: [0/8]
--------------------------------


-------------------
Query: [1/8]
--------------------------------


-------------------
Query: [2/8]
--------------------------------


-------------------
Query: [3/8]
--------------------------------


-------------------
Query: [4/8]
--------------------------------


-------------------
Query: [5/8]
--------------------------------


-------------------
Query: [6/8]
--------------------------------


-------------------
Query: [7/8]
--------------------------------


-------------------
Query: [0/1]
--------------------------------

Step 3: Adding Delay Data

Step 4: Linking Routes
Saved to datasets/sanfrancisco_delay3
