
Step 1: Downloading OSM Data
Performing OSM Query: node["amenity"="hospital"](33.706853,-118.860915,34.326157,-117.913475);
Performing OSM Query: node["shop"="supermarket"](33.706853,-118.860915,34.326157,-117.913475);
Performing OSM Query: node["leisure"="park"](33.706853,-118.860915,34.326157,-117.913475);
Performing OSM Query: node["amenity"="bar"](33.706853,-118.860915,34.326157,-117.913475);
Performing OSM Query: node["amenity"="place_of_worship"](33.706853,-118.860915,34.326157,-117.913475);
Performing OSM Query: node["brand"="McDonald's"](33.706853,-118.860915,34.326157,-117.913475);
Performing OSM Query: node["brand"="Starbucks"](33.706853,-118.860915,34.326157,-117.913475);
joining data for: hospital
joining data for: grocery
joining data for: park
joining data for: bar
joining data for: worship
joining data for: mcdonalds
joining data for: starbucks

Step 2: Adding Census Data


-------------------
Query: [0/58]
--------------------------------

https://api.census.gov/data/2021/acs/acs5?get=B01003_001E,B02001_002E,B02001_003E,B02001_005E,B25003_001E,B25003_002E,B25003_003E,B15003_001E,B15003_002E,B15003_004E,B15003_005E,B15003_006E,B15003_007E,B15003_008E,B15003_009E,B15003_010E,B15003_011E,B15003_012E,B15003_013E,B15003_014E,B15003_015E,B15003_016E,B15003_017E,B15003_018E,B15003_019E,B15003_020E,B15003_021E,B15003_022E,B15003_023E,B15003_024E&for=block%20group:*&in=state:06&in=county:037&in=tract:216201,430600,670102,551802,481404,231220,220000,650607,262400,310400,211701,125101,269700,302505,236206,481712,301801,431800,206201,650101,240500,536201,542700,310703,601202,621324,273404,189903,204110,219300
https://api.census.gov/data/2021/acs/acs5?get=B15003_025E,C17002_001E,C17002_002E,C17002_003E,C17002_004E,C17002_005E,C17002_006E,C17002_007E,C17002_008E,B25046_001E&for=block%20group:*&in=state:06&in=county:037&in=tract:216201,430600,670102,551802,481404,231220,220000,650607,262400,310400,211701,125101,269700,302505,236206,481712,301801,431800,206201,650101,240500,536201,542700,310703,601202,621324,273404,189903,204110,219300


-------------------
Query: [1/58]
--------------------------------

https://api.census.gov/data/2021/acs/acs5?get=B01003_001E,B02001_002E,B02001_003E,B02001_005E,B25003_001E,B25003_002E,B25003_003E,B15003_001E,B15003_002E,B15003_004E,B15003_005E,B15003_006E,B15003_007E,B15003_008E,B15003_009E,B15003_010E,B15003_011E,B15003_012E,B15003_013E,B15003_014E,B15003_015E,B15003_016E,B15003_017E,B15003_018E,B15003_019E,B15003_020E,B15003_021E,B15003_022E,B15003_023E,B15003_024E&for=block%20group:*&in=state:06&in=county:037&in=tract:227020,192001,121900,543701,188100,134422,203300,297501,123303,273902,238310,267405,543605,215101,670003,430801,702801,703002,621204,265306,214904,219800,113101,131400,224600,131802,209106,500300,204820,432902
https://api.census.gov/data/2021/acs/acs5?get=B15003_025E,C17002_001E,C17002_002E,C17002_003E,C17002_004E,C17002_005E,C17002_006E,C17002_007E,C17002_008E,B25046_001E&for=block%20group:*&in=state:06&in=county:037&in=tract:227020,192001,121900,543701,188100,134422,203300,297501,123303,273902,238310,267405,543605,215101,670003,430801,702801,703002,621204,265306,214904,219800,113101,131400,224600,131802,209106,500300,204820,432902


-------------------
Query: [2/58]
--------------------------------

https://api.census.gov/data/2021/acs/acs5?get=B01003_001E,B02001_002E,B02001_003E,B02001_005E,B25003_001E,B25003_002E,B25003_003E,B15003_001E,B15003_002E,B15003_004E,B15003_005E,B15003_006E,B15003_007E,B15003_008E,B15003_009E,B15003_010E,B15003_011E,B15003_012E,B15003_013E,B15003_014E,B15003_015E,B15003_016E,B15003_017E,B15003_018E,B15003_019E,B15003_020E,B15003_021E,B15003_022E,B15003_023E,B15003_024E&for=block%20group:*&in=state:06&in=county:037&in=tract:189801,603102,535701,224702,534302,270300,206020,570701,463800,533805,670002,231210,460200,701602,534501,432401,102104,530802,300301,221402,183810,576200,238100,206301,109400,216202,621400,550802,135201,113212
https://api.census.gov/data/2021/acs/acs5?get=B15003_025E,C17002_001E,C17002_002E,C17002_003E,C17002_004E,C17002_005E,C17002_006E,C17002_007E,C17002_008E,B25046_001E&for=block%20group:*&in=state:06&in=county:037&in=tract:189801,603102,535701,224702,534302,270300,206020,570701,463800,533805,670002,231210,460200,701602,534501,432401,102104,530802,300301,221402,183810,576200,238100,206301,109400,216202,621400,550802,135201,113212


-------------------
Query: [3/58]
--------------------------------

https://api.census.gov/data/2021/acs/acs5?get=B01003_001E,B02001_002E,B02001_003E,B02001_005E,B25003_001E,B25003_002E,B25003_003E,B15003_001E,B15003_002E,B15003_004E,B15003_005E,B15003_006E,B15003_007E,B15003_008E,B15003_009E,B15003_010E,B15003_011E,B15003_012E,B15003_013E,B15003_014E,B15003_015E,B15003_016E,B15003_017E,B15003_018E,B15003_019E,B15003_020E,B15003_021E,B15003_022E,B15003_023E,B15003_024E&for=block%20group:*&in=state:06&in=county:037&in=tract:238200,262501,463900,197600,125501,102103,231100,533602,238320,120010,228420,197500,208610,294900,192520,242600,106642,553701,203500,212202,221303,265420,541003,553201,214100,275500,201602,122122,134304,109300
https://api.census.gov/data/2021/acs/acs5?get=B15003_025E,C17002_001E,C17002_002E,C17002_003E,C17002_004E,C17002_005E,C17002_006E,C17002_007E,C17002_008E,B25046_001E&for=block%20group:*&in=state:06&in=county:037&in=tract:238200,262501,463900,197600,125501,102103,231100,533602,238320,120010,228420,197500,208610,294900,192520,242600,106642,553701,203500,212202,221303,265420,541003,553201,214100,275500,201602,122122,134304,109300


-------------------
Query: [4/58]
--------------------------------

https://api.census.gov/data/2021/acs/acs5?get=B01003_001E,B02001_002E,B02001_003E,B02001_005E,B25003_001E,B25003_002E,B25003_003E,B15003_001E,B15003_002E,B15003_004E,B15003_005E,B15003_006E,B15003_007E,B15003_008E,B15003_009E,B15003_010E,B15003_011E,B15003_012E,B15003_013E,B15003_014E,B15003_015E,B15003_016E,B15003_017E,B15003_018E,B15003_019E,B15003_020E,B15003_021E,B15003_022E,B15003_023E,B15003_024E&for=block%20group:*&in=state:06&in=county:037&in=tract:128601,139302,462700,540902,500404,113428,133102,534802,191420,221220,209202,107010,265303,572201,134104,700101,190101,222600,297201,601212,264102,573202,461501,134423,207711,183300,267502,131023,137401,185320
https://api.census.gov/data/2021/acs/acs5?get=B15003_025E,C17002_001E,C17002_002E,C17002_003E,C17002_004E,C17002_005E,C17002_006E,C17002_007E,C17002_008E,B25046_001E&for=block%20group:*&in=state:06&in=county:037&in=tract:128601,139302,462700,540902,500404,113428,133102,534802,191420,221220,209202,107010,265303,572201,134104,700101,190101,222600,297201,601212,264102,573202,461501,134423,207711,183300,267502,131023,137401,185320


-------------------
Query: [5/58]
--------------------------------

https://api.census.gov/data/2021/acs/acs5?get=B01003_001E,B02001_002E,B02001_003E,B02001_005E,B25003_001E,B25003_002E,B25003_003E,B15003_001E,B15003_002E,B15003_004E,B15003_005E,B15003_006E,B15003_007E,B15003_008E,B15003_009E,B15003_010E,B15003_011E,B15003_012E,B15003_013E,B15003_014E,B15003_015E,B15003_016E,B15003_017E,B15003_018E,B15003_019E,B15003_020E,B15003_021E,B15003_022E,B15003_023E,B15003_024E&for=block%20group:*&in=state:06&in=county:037&in=tract:237201,232601,534803,433601,703200,134303,554002,181500,214902,195902,601700,800335,700801,602003,134901,271804,500202,211804,123301,122420,542103,267102,460900,535300,601001,123510,224320,143700,207501,115302
https://api.census.gov/data/2021/acs/acs5?get=B15003_025E,C17002_001E,C17002_002E,C17002_003E,C17002_004E,C17002_005E,C17002_006E,C17002_007E,C17002_008E,B25046_001E&for=block%20group:*&in=state:06&in=county:037&in=tract:237201,232601,534803,433601,703200,134303,554002,181500,214902,195902,601700,800335,700801,602003,134901,271804,500202,211804,123301,122420,542103,267102,460900,535300,601001,123510,224320,143700,207501,115302


-------------------
Query: [6/58]
--------------------------------

https://api.census.gov/data/2021/acs/acs5?get=B01003_001E,B02001_002E,B02001_003E,B02001_005E,B25003_001E,B25003_002E,B25003_003E,B15003_001E,B15003_002E,B15003_004E,B15003_005E,B15003_006E,B15003_007E,B15003_008E,B15003_009E,B15003_010E,B15003_011E,B15003_012E,B15003_013E,B15003_014E,B15003_015E,B15003_016E,B15003_017E,B15003_018E,B15003_019E,B15003_020E,B15003_021E,B15003_022E,B15003_023E,B15003_024E&for=block%20group:*&in=state:06&in=county:037&in=tract:214505,104124,125600,106603,433103,211201,274202,104500,541801,191902,131200,125310,311300,462301,183401,269500,543905,604102,431502,551402,320101,195400,119201,551102,310501,203710,301206,530005,201700,119341
https://api.census.gov/data/2021/acs/acs5?get=B15003_025E,C17002_001E,C17002_002E,C17002_003E,C17002_004E,C17002_005E,C17002_006E,C17002_007E,C17002_008E,B25046_001E&for=block%20group:*&in=state:06&in=county:037&in=tract:214505,104124,125600,106603,433103,211201,274202,104500,541801,191902,131200,125310,311300,462301,183401,269500,543905,604102,431502,551402,320101,195400,119201,551102,310501,203710,301206,530005,201700,119341


-------------------
Query: [7/58]
--------------------------------

https://api.census.gov/data/2021/acs/acs5?get=B01003_001E,B02001_002E,B02001_003E,B02001_005E,B25003_001E,B25003_002E,B25003_003E,B15003_001E,B15003_002E,B15003_004E,B15003_005E,B15003_006E,B15003_007E,B15003_008E,B15003_009E,B15003_010E,B15003_011E,B15003_012E,B15003_013E,B15003_014E,B15003_015E,B15003_016E,B15003_017E,B15003_018E,B15003_019E,B15003_020E,B15003_021E,B15003_022E,B15003_023E,B15003_024E&for=block%20group:*&in=state:06&in=county:037&in=tract:540501,236001,117407,191500,432901,600602,302504,204920,264000,532605,432801,530801,534301,554515,271801,702600,535802,106403,534405,571502,620802,535400,186404,269903,542104,267503,550202,530500,533901,137302
https://api.census.gov/data/2021/acs/acs5?get=B15003_025E,C17002_001E,C17002_002E,C17002_003E,C17002_004E,C17002_005E,C17002_006E,C17002_007E,C17002_008E,B25046_001E&for=block%20group:*&in=state:06&in=county:037&in=tract:540501,236001,117407,191500,432901,600602,302504,204920,264000,532605,432801,530801,534301,554515,271801,702600,535802,106403,534405,571502,620802,535400,186404,269903,542104,267503,550202,530500,533901,137302


-------------------
Query: [8/58]
--------------------------------

https://api.census.gov/data/2021/acs/acs5?get=B01003_001E,B02001_002E,B02001_003E,B02001_005E,B25003_001E,B25003_002E,B25003_003E,B15003_001E,B15003_002E,B15003_004E,B15003_005E,B15003_006E,B15003_007E,B15003_008E,B15003_009E,B15003_010E,B15003_011E,B15003_012E,B15003_013E,B15003_014E,B15003_015E,B15003_016E,B15003_017E,B15003_018E,B15003_019E,B15003_020E,B15003_021E,B15003_022E,B15003_023E,B15003_024E&for=block%20group:*&in=state:06&in=county:037&in=tract:119202,101222,540300,540600,460700,131021,203601,106648,190402,228320,204700,462202,601502,208801,195600,533001,106649,102107,128704,542900,192300,138000,541604,481711,190102,543603,194102,463700,271902,208902
https://api.census.gov/data/2021/acs/acs5?get=B15003_025E,C17002_001E,C17002_002E,C17002_003E,C17002_004E,C17002_005E,C17002_006E,C17002_007E,C17002_008E,B25046_001E&for=block%20group:*&in=state:06&in=county:037&in=tract:119202,101222,540300,540600,460700,131021,203601,106648,190402,228320,204700,462202,601502,208801,195600,533001,106649,102107,128704,542900,192300,138000,541604,481711,190102,543603,194102,463700,271902,208902


-------------------
Query: [9/58]
--------------------------------

https://api.census.gov/data/2021/acs/acs5?get=B01003_001E,B02001_002E,B02001_003E,B02001_005E,B25003_001E,B25003_002E,B25003_003E,B15003_001E,B15003_002E,B15003_004E,B15003_005E,B15003_006E,B15003_007E,B15003_008E,B15003_009E,B15003_010E,B15003_011E,B15003_012E,B15003_013E,B15003_014E,B15003_015E,B15003_016E,B15003_017E,B15003_018E,B15003_019E,B15003_020E,B15003_021E,B15003_022E,B15003_023E,B15003_024E&for=block%20group:*&in=state:06&in=county:037&in=tract:137202,190702,480804,650200,137103,117404,464000,620901,551900,239320,543903,128703,134906,269905,461901,128400,541401,232701,121600,134520,543304,265410,980015,462400,241001,575802,577602,621104,211122,119802
https://api.census.gov/data/2021/acs/acs5?get=B15003_025E,C17002_001E,C17002_002E,C17002_003E,C17002_004E,C17002_005E,C17002_006E,C17002_007E,C17002_008E,B25046_001E&for=block%20group:*&in=state:06&in=county:037&in=tract:137202,190702,480804,650200,137103,117404,464000,620901,551900,239320,543903,128703,134906,269905,461901,128400,541401,232701,121600,134520,543304,265410,980015,462400,241001,575802,577602,621104,211122,119802


-------------------
Query: [10/58]
--------------------------------

https://api.census.gov/data/2021/acs/acs5?get=B01003_001E,B02001_002E,B02001_003E,B02001_005E,B25003_001E,B25003_002E,B25003_003E,B15003_001E,B15003_002E,B15003_004E,B15003_005E,B15003_006E,B15003_007E,B15003_008E,B15003_009E,B15003_010E,B15003_011E,B15003_012E,B15003_013E,B15003_014E,B15003_015E,B15003_016E,B15003_017E,B15003_018E,B15003_019E,B15003_020E,B15003_021E,B15003_022E,B15003_023E,B15003_024E&for=block%20group:*&in=state:06&in=county:037&in=tract:602513,700700,480012,101220,183221,224010,540201,201504,109603,302002,234200,603703,237720,552200,575803,571703,197700,207304,601802,980014,433804,543703,533703,480803,542106,121020,206051,212610,536103,206202
https://api.census.gov/data/2021/acs/acs5?get=B15003_025E,C17002_001E,C17002_002E,C17002_003E,C17002_004E,C17002_005E,C17002_006E,C17002_007E,C17002_008E,B25046_001E&for=block%20group:*&in=state:06&in=county:037&in=tract:602513,700700,480012,101220,183221,224010,540201,201504,109603,302002,234200,603703,237720,552200,575803,571703,197700,207304,601802,980014,433804,543703,533703,480803,542106,121020,206051,212610,536103,206202


-------------------
Query: [11/58]
--------------------------------

https://api.census.gov/data/2021/acs/acs5?get=B01003_001E,B02001_002E,B02001_003E,B02001_005E,B25003_001E,B25003_002E,B25003_003E,B15003_001E,B15003_002E,B15003_004E,B15003_005E,B15003_006E,B15003_007E,B15003_008E,B15003_009E,B15003_010E,B15003_011E,B15003_012E,B15003_013E,B15003_014E,B15003_015E,B15003_016E,B15003_017E,B15003_018E,B15003_019E,B15003_020E,B15003_021E,B15003_022E,B15003_023E,B15003_024E&for=block%20group:*&in=state:06&in=county:037&in=tract:189905,550101,211420,207103,551801,103401,213100,430724,601600,480002,543705,124000,481902,135116,222100,300503,503901,532303,700901,212204,190201,122120,104201,503502,232200,541500,131100,229300,124102,134201
https://api.census.gov/data/2021/acs/acs5?get=B15003_025E,C17002_001E,C17002_002E,C17002_003E,C17002_004E,C17002_005E,C17002_006E,C17002_007E,C17002_008E,B25046_001E&for=block%20group:*&in=state:06&in=county:037&in=tract:189905,550101,211420,207103,551801,103401,213100,430724,601600,480002,543705,124000,481902,135116,222100,300503,503901,532303,700901,212204,190201,122120,104201,503502,232200,541500,131100,229300,124102,134201


-------------------
Query: [12/58]
--------------------------------

https://api.census.gov/data/2021/acs/acs5?get=B01003_001E,B02001_002E,B02001_003E,B02001_005E,B25003_001E,B25003_002E,B25003_003E,B15003_001E,B15003_002E,B15003_004E,B15003_005E,B15003_006E,B15003_007E,B15003_008E,B15003_009E,B15003_010E,B15003_011E,B15003_012E,B15003_013E,B15003_014E,B15003_015E,B15003_016E,B15003_017E,B15003_018E,B15003_019E,B15003_020E,B15003_021E,B15003_022E,B15003_023E,B15003_024E&for=block%20group:*&in=state:06&in=county:037&in=tract:542800,187102,240020,800410,199801,296220,601501,141305,570502,109200,197200,550902,262802,542502,573002,651302,600400,131022,570703,531701,553100,552900,650604,239802,240200,189904,209403,800204,301802,301902
https://api.census.gov/data/2021/acs/acs5?get=B15003_025E,C17002_001E,C17002_002E,C17002_003E,C17002_004E,C17002_005E,C17002_006E,C17002_007E,C17002_008E,B25046_001E&for=block%20group:*&in=state:06&in=county:037&in=tract:542800,187102,240020,800410,199801,296220,601501,141305,570502,109200,197200,550902,262802,542502,573002,651302,600400,131022,570703,531701,553100,552900,650604,239802,240200,189904,209403,800204,301802,301902


-------------------
Query: [13/58]
--------------------------------

https://api.census.gov/data/2021/acs/acs5?get=B01003_001E,B02001_002E,B02001_003E,B02001_005E,B25003_001E,B25003_002E,B25003_003E,B15003_001E,B15003_002E,B15003_004E,B15003_005E,B15003_006E,B15003_007E,B15003_008E,B15003_009E,B15003_010E,B15003_011E,B15003_012E,B15003_013E,B15003_014E,B15003_015E,B15003_016E,B15003_017E,B15003_018E,B15003_019E,B15003_020E,B15003_021E,B15003_022E,B15003_023E,B15003_024E&for=block%20group:*&in=state:06&in=county:037&in=tract:294302,222500,192510,577900,670202,214501,115403,543201,272301,125402,181600,127910,237300,650003,310602,219020,553000,217002,205120,137402,531902,195901,276601,264306,531102,127103,235201,123602,104610,239602
https://api.census.gov/data/2021/acs/acs5?get=B15003_025E,C17002_001E,C17002_002E,C17002_003E,C17002_004E,C17002_005E,C17002_006E,C17002_007E,C17002_008E,B25046_001E&for=block%20group:*&in=state:06&in=county:037&in=tract:294302,222500,192510,577900,670202,214501,115403,543201,272301,125402,181600,127910,237300,650003,310602,219020,553000,217002,205120,137402,531902,195901,276601,264306,531102,127103,235201,123602,104610,239602


-------------------
Query: [14/58]
--------------------------------

https://api.census.gov/data/2021/acs/acs5?get=B01003_001E,B02001_002E,B02001_003E,B02001_005E,B25003_001E,B25003_002E,B25003_003E,B15003_001E,B15003_002E,B15003_004E,B15003_005E,B15003_006E,B15003_007E,B15003_008E,B15003_009E,B15003_010E,B15003_011E,B15003_012E,B15003_013E,B15003_014E,B15003_015E,B15003_016E,B15003_017E,B15003_018E,B15003_019E,B15003_020E,B15003_021E,B15003_022E,B15003_023E,B15003_024E&for=block%20group:*&in=state:06&in=county:037&in=tract:531201,207305,544001,265522,124203,231602,189704,199001,651222,431600,600100,265203,530901,701501,296902,218701,601402,192002,542601,302401,551203,206050,294701,104404,267202,532606,980025,542401,620001,143802
https://api.census.gov/data/2021/acs/acs5?get=B15003_025E,C17002_001E,C17002_002E,C17002_003E,C17002_004E,C17002_005E,C17002_006E,C17002_007E,C17002_008E,B25046_001E&for=block%20group:*&in=state:06&in=county:037&in=tract:531201,207305,544001,265522,124203,231602,189704,199001,651222,431600,600100,265203,530901,701501,296902,218701,601402,192002,542601,302401,551203,206050,294701,104404,267202,532606,980025,542401,620001,143802


-------------------
Query: [15/58]
--------------------------------

https://api.census.gov/data/2021/acs/acs5?get=B01003_001E,B02001_002E,B02001_003E,B02001_005E,B25003_001E,B25003_002E,B25003_003E,B15003_001E,B15003_002E,B15003_004E,B15003_005E,B15003_006E,B15003_007E,B15003_008E,B15003_009E,B15003_010E,B15003_011E,B15003_012E,B15003_013E,B15003_014E,B15003_015E,B15003_016E,B15003_017E,B15003_018E,B15003_019E,B15003_020E,B15003_021E,B15003_022E,B15003_023E,B15003_024E&for=block%20group:*&in=state:06&in=county:037&in=tract:553400,980030,275605,134101,277100,554302,433200,701701,234600,601002,276605,265301,311802,234002,231603,132102,461600,311100,980011,191820,213310,531302,209402,208402,120030,117102,269100,320102,462100,273502
https://api.census.gov/data/2021/acs/acs5?get=B15003_025E,C17002_001E,C17002_002E,C17002_003E,C17002_004E,C17002_005E,C17002_006E,C17002_007E,C17002_008E,B25046_001E&for=block%20group:*&in=state:06&in=county:037&in=tract:553400,980030,275605,134101,277100,554302,433200,701701,234600,601002,276605,265301,311802,234002,231603,132102,461600,311100,980011,191820,213310,531302,209402,208402,120030,117102,269100,320102,462100,273502


-------------------
Query: [16/58]
--------------------------------

https://api.census.gov/data/2021/acs/acs5?get=B01003_001E,B02001_002E,B02001_003E,B02001_005E,B25003_001E,B25003_002E,B25003_003E,B15003_001E,B15003_002E,B15003_004E,B15003_005E,B15003_006E,B15003_007E,B15003_008E,B15003_009E,B15003_010E,B15003_011E,B15003_012E,B15003_013E,B15003_014E,B15003_015E,B15003_016E,B15003_017E,B15003_018E,B15003_019E,B15003_020E,B15003_021E,B15003_022E,B15003_023E,B15003_024E&for=block%20group:*&in=state:06&in=county:037&in=tract:651401,553502,241202,216401,206302,199202,123601,209104,189907,197410,181400,533103,209510,554600,195903,670407,221304,143902,464101,127102,187200,192610,302301,702802,101400,237101,550502,214600,124300,115204
https://api.census.gov/data/2021/acs/acs5?get=B15003_025E,C17002_001E,C17002_002E,C17002_003E,C17002_004E,C17002_005E,C17002_006E,C17002_007E,C17002_008E,B25046_001E&for=block%20group:*&in=state:06&in=county:037&in=tract:651401,553502,241202,216401,206302,199202,123601,209104,189907,197410,181400,533103,209510,554600,195903,670407,221304,143902,464101,127102,187200,192610,302301,702802,101400,237101,550502,214600,124300,115204


-------------------
Query: [17/58]
--------------------------------

https://api.census.gov/data/2021/acs/acs5?get=B01003_001E,B02001_002E,B02001_003E,B02001_005E,B25003_001E,B25003_002E,B25003_003E,B15003_001E,B15003_002E,B15003_004E,B15003_005E,B15003_006E,B15003_007E,B15003_008E,B15003_009E,B15003_010E,B15003_011E,B15003_012E,B15003_013E,B15003_014E,B15003_015E,B15003_016E,B15003_017E,B15003_018E,B15003_019E,B15003_020E,B15003_021E,B15003_022E,B15003_023E,B15003_024E&for=block%20group:*&in=state:06&in=county:037&in=tract:139001,540800,229200,535607,670418,234302,980009,600912,482701,115301,621301,189906,553504,125404,216301,111401,310601,143102,232602,216402,296210,221120,104824,201120,134103,551502,240402,132302,300701,234800
https://api.census.gov/data/2021/acs/acs5?get=B15003_025E,C17002_001E,C17002_002E,C17002_003E,C17002_004E,C17002_005E,C17002_006E,C17002_007E,C17002_008E,B25046_001E&for=block%20group:*&in=state:06&in=county:037&in=tract:139001,540800,229200,535607,670418,234302,980009,600912,482701,115301,621301,189906,553504,125404,216301,111401,310601,143102,232602,216402,296210,221120,104824,201120,134103,551502,240402,132302,300701,234800


-------------------
Query: [18/58]
--------------------------------

https://api.census.gov/data/2021/acs/acs5?get=B01003_001E,B02001_002E,B02001_003E,B02001_005E,B25003_001E,B25003_002E,B25003_003E,B15003_001E,B15003_002E,B15003_004E,B15003_005E,B15003_006E,B15003_007E,B15003_008E,B15003_009E,B15003_010E,B15003_011E,B15003_012E,B15003_013E,B15003_014E,B15003_015E,B15003_016E,B15003_017E,B15003_018E,B15003_019E,B15003_020E,B15003_021E,B15003_022E,B15003_023E,B15003_024E&for=block%20group:*&in=state:06&in=county:037&in=tract:212101,554700,543321,123800,554403,621102,552602,602105,190802,141102,191810,291300,462600,482304,432802,217001,120300,602301,192700,552700,553802,533803,531503,117405,192620,117530,229420,433402,226002,236101
https://api.census.gov/data/2021/acs/acs5?get=B15003_025E,C17002_001E,C17002_002E,C17002_003E,C17002_004E,C17002_005E,C17002_006E,C17002_007E,C17002_008E,B25046_001E&for=block%20group:*&in=state:06&in=county:037&in=tract:212101,554700,543321,123800,554403,621102,552602,602105,190802,141102,191810,291300,462600,482304,432802,217001,120300,602301,192700,552700,553802,533803,531503,117405,192620,117530,229420,433402,226002,236101


-------------------
Query: [19/58]
--------------------------------

https://api.census.gov/data/2021/acs/acs5?get=B01003_001E,B02001_002E,B02001_003E,B02001_005E,B25003_001E,B25003_002E,B25003_003E,B15003_001E,B15003_002E,B15003_004E,B15003_005E,B15003_006E,B15003_007E,B15003_008E,B15003_009E,B15003_010E,B15003_011E,B15003_012E,B15003_013E,B15003_014E,B15003_015E,B15003_016E,B15003_017E,B15003_018E,B15003_019E,B15003_020E,B15003_021E,B15003_022E,B15003_023E,B15003_024E&for=block%20group:*&in=state:06&in=county:037&in=tract:139701,141202,120103,123204,123103,207902,800506,113232,104703,434100,551700,463000,183620,190303,535002,300601,293306,240302,480011,189101,531502,103402,228710,460502,186401,600202,541100,601302,432001,204120
https://api.census.gov/data/2021/acs/acs5?get=B15003_025E,C17002_001E,C17002_002E,C17002_003E,C17002_004E,C17002_005E,C17002_006E,C17002_007E,C17002_008E,B25046_001E&for=block%20group:*&in=state:06&in=county:037&in=tract:139701,141202,120103,123204,123103,207902,800506,113232,104703,434100,551700,463000,183620,190303,535002,300601,293306,240302,480011,189101,531502,103402,228710,460502,186401,600202,541100,601302,432001,204120


-------------------
Query: [20/58]
--------------------------------

https://api.census.gov/data/2021/acs/acs5?get=B01003_001E,B02001_002E,B02001_003E,B02001_005E,B25003_001E,B25003_002E,B25003_003E,B15003_001E,B15003_002E,B15003_004E,B15003_005E,B15003_006E,B15003_007E,B15003_008E,B15003_009E,B15003_010E,B15003_011E,B15003_012E,B15003_013E,B15003_014E,B15003_015E,B15003_016E,B15003_017E,B15003_018E,B15003_019E,B15003_020E,B15003_021E,B15003_022E,B15003_023E,B15003_024E&for=block%20group:*&in=state:06&in=county:037&in=tract:480903,294110,533204,703003,232800,188201,220100,119342,278102,224310,670417,481401,311200,127400,219901,271901,551001,217200,670701,201200,532200,265602,123410,191620,204600,540502,201301,600304,550601,543322
https://api.census.gov/data/2021/acs/acs5?get=B15003_025E,C17002_001E,C17002_002E,C17002_003E,C17002_004E,C17002_005E,C17002_006E,C17002_007E,C17002_008E,B25046_001E&for=block%20group:*&in=state:06&in=county:037&in=tract:480903,294110,533204,703003,232800,188201,220100,119342,278102,224310,670417,481401,311200,127400,219901,271901,551001,217200,670701,201200,532200,265602,123410,191620,204600,540502,201301,600304,550601,543322


-------------------
Query: [21/58]
--------------------------------

https://api.census.gov/data/2021/acs/acs5?get=B01003_001E,B02001_002E,B02001_003E,B02001_005E,B25003_001E,B25003_002E,B25003_003E,B15003_001E,B15003_002E,B15003_004E,B15003_005E,B15003_006E,B15003_007E,B15003_008E,B15003_009E,B15003_010E,B15003_011E,B15003_012E,B15003_013E,B15003_014E,B15003_015E,B15003_016E,B15003_017E,B15003_018E,B15003_019E,B15003_020E,B15003_021E,B15003_022E,B15003_023E,B15003_024E&for=block%20group:*&in=state:06&in=county:037&in=tract:482401,267101,115202,535603,131300,600601,536000,235202,433602,504200,221810,106604,106111,238400,231301,432700,127603,203200,533806,203800,127604,297602,276606,212305,127210,231720,132501,601801,670406,270102
https://api.census.gov/data/2021/acs/acs5?get=B15003_025E,C17002_001E,C17002_002E,C17002_003E,C17002_004E,C17002_005E,C17002_006E,C17002_007E,C17002_008E,B25046_001E&for=block%20group:*&in=state:06&in=county:037&in=tract:482401,267101,115202,535603,131300,600601,536000,235202,433602,504200,221810,106604,106111,238400,231301,432700,127603,203200,533806,203800,127604,297602,276606,212305,127210,231720,132501,601801,670406,270102


-------------------
Query: [22/58]
--------------------------------

https://api.census.gov/data/2021/acs/acs5?get=B01003_001E,B02001_002E,B02001_003E,B02001_005E,B25003_001E,B25003_002E,B25003_003E,B15003_001E,B15003_002E,B15003_004E,B15003_005E,B15003_006E,B15003_007E,B15003_008E,B15003_009E,B15003_010E,B15003_011E,B15003_012E,B15003_013E,B15003_014E,B15003_015E,B15003_016E,B15003_017E,B15003_018E,B15003_019E,B15003_020E,B15003_021E,B15003_022E,B15003_023E,B15003_024E&for=block%20group:*&in=state:06&in=county:037&in=tract:123205,204910,216100,208302,481500,121221,541700,212410,311700,120106,135204,218900,207303,502801,219700,216302,701502,603500,500600,242000,104203,603901,292001,300602,238000,190510,603200,216901,113238,221110
https://api.census.gov/data/2021/acs/acs5?get=B15003_025E,C17002_001E,C17002_002E,C17002_003E,C17002_004E,C17002_005E,C17002_006E,C17002_007E,C17002_008E,B25046_001E&for=block%20group:*&in=state:06&in=county:037&in=tract:123205,204910,216100,208302,481500,121221,541700,212410,311700,120106,135204,218900,207303,502801,219700,216302,701502,603500,500600,242000,104203,603901,292001,300602,238000,190510,603200,216901,113238,221110


-------------------
Query: [23/58]
--------------------------------

https://api.census.gov/data/2021/acs/acs5?get=B01003_001E,B02001_002E,B02001_003E,B02001_005E,B25003_001E,B25003_002E,B25003_003E,B15003_001E,B15003_002E,B15003_004E,B15003_005E,B15003_006E,B15003_007E,B15003_008E,B15003_009E,B15003_010E,B15003_011E,B15003_012E,B15003_013E,B15003_014E,B15003_015E,B15003_016E,B15003_017E,B15003_018E,B15003_019E,B15003_020E,B15003_021E,B15003_022E,B15003_023E,B15003_024E&for=block%20group:*&in=state:06&in=county:037&in=tract:272202,430721,551002,800337,482521,103201,199900,195500,301000,231500,703100,222001,301601,543000,294810,188300,117101,431701,190901,530700,276000,139301,124400,228720,137203,183222,209103,533108,191201,461502
https://api.census.gov/data/2021/acs/acs5?get=B15003_025E,C17002_001E,C17002_002E,C17002_003E,C17002_004E,C17002_005E,C17002_006E,C17002_007E,C17002_008E,B25046_001E&for=block%20group:*&in=state:06&in=county:037&in=tract:272202,430721,551002,800337,482521,103201,199900,195500,301000,231500,703100,222001,301601,543000,294810,188300,117101,431701,190901,530700,276000,139301,124400,228720,137203,183222,209103,533108,191201,461502


-------------------
Query: [24/58]
--------------------------------

https://api.census.gov/data/2021/acs/acs5?get=B01003_001E,B02001_002E,B02001_003E,B02001_005E,B25003_001E,B25003_002E,B25003_003E,B15003_001E,B15003_002E,B15003_004E,B15003_005E,B15003_006E,B15003_007E,B15003_008E,B15003_009E,B15003_010E,B15003_011E,B15003_012E,B15003_013E,B15003_014E,B15003_015E,B15003_016E,B15003_017E,B15003_018E,B15003_019E,B15003_020E,B15003_021E,B15003_022E,B15003_023E,B15003_024E&for=block%20group:*&in=state:06&in=county:037&in=tract:111204,602507,106405,208502,240901,188202,115103,603008,570003,265201,534002,241110,297001,139401,602510,534406,119340,228310,143603,534502,294410,576301,117201,201501,221820,670413,208401,536104,980010,534404
https://api.census.gov/data/2021/acs/acs5?get=B15003_025E,C17002_001E,C17002_002E,C17002_003E,C17002_004E,C17002_005E,C17002_006E,C17002_007E,C17002_008E,B25046_001E&for=block%20group:*&in=state:06&in=county:037&in=tract:111204,602507,106405,208502,240901,188202,115103,603008,570003,265201,534002,241110,297001,139401,602510,534406,119340,228310,143603,534502,294410,576301,117201,201501,221820,670413,208401,536104,980010,534404


-------------------
Query: [25/58]
--------------------------------

https://api.census.gov/data/2021/acs/acs5?get=B01003_001E,B02001_002E,B02001_003E,B02001_005E,B25003_001E,B25003_002E,B25003_003E,B15003_001E,B15003_002E,B15003_004E,B15003_005E,B15003_006E,B15003_007E,B15003_008E,B15003_009E,B15003_010E,B15003_011E,B15003_012E,B15003_013E,B15003_014E,B15003_015E,B15003_016E,B15003_017E,B15003_018E,B15003_019E,B15003_020E,B15003_021E,B15003_022E,B15003_023E,B15003_024E&for=block%20group:*&in=state:06&in=county:037&in=tract:460401,531702,601211,117302,980039,207306,602700,208903,570603,135205,209820,980016,203900,302506,302004,297002,187300,462900,189802,219902,139502,600704,143302,534201,296500,535606,536202,218120,208501,121802
https://api.census.gov/data/2021/acs/acs5?get=B15003_025E,C17002_001E,C17002_002E,C17002_003E,C17002_004E,C17002_005E,C17002_006E,C17002_007E,C17002_008E,B25046_001E&for=block%20group:*&in=state:06&in=county:037&in=tract:460401,531702,601211,117302,980039,207306,602700,208903,570603,135205,209820,980016,203900,302506,302004,297002,187300,462900,189802,219902,139502,600704,143302,534201,296500,535606,536202,218120,208501,121802


-------------------
Query: [26/58]
--------------------------------

https://api.census.gov/data/2021/acs/acs5?get=B01003_001E,B02001_002E,B02001_003E,B02001_005E,B25003_001E,B25003_002E,B25003_003E,B15003_001E,B15003_002E,B15003_004E,B15003_005E,B15003_006E,B15003_007E,B15003_008E,B15003_009E,B15003_010E,B15003_011E,B15003_012E,B15003_013E,B15003_014E,B15003_015E,B15003_016E,B15003_017E,B15003_018E,B15003_019E,B15003_020E,B15003_021E,B15003_022E,B15003_023E,B15003_024E&for=block%20group:*&in=state:06&in=county:037&in=tract:700400,236102,530400,272100,554301,980028,464102,119700,189702,301702,294200,234001,555106,463601,540700,480101,302503,195201,535101,204410,125200,553202,113324,205110,481604,271803,570403,980013,211310,226420
https://api.census.gov/data/2021/acs/acs5?get=B15003_025E,C17002_001E,C17002_002E,C17002_003E,C17002_004E,C17002_005E,C17002_006E,C17002_007E,C17002_008E,B25046_001E&for=block%20group:*&in=state:06&in=county:037&in=tract:700400,236102,530400,272100,554301,980028,464102,119700,189702,301702,294200,234001,555106,463601,540700,480101,302503,195201,535101,204410,125200,553202,113324,205110,481604,271803,570403,980013,211310,226420


-------------------
Query: [27/58]
--------------------------------

https://api.census.gov/data/2021/acs/acs5?get=B01003_001E,B02001_002E,B02001_003E,B02001_005E,B25003_001E,B25003_002E,B25003_003E,B15003_001E,B15003_002E,B15003_004E,B15003_005E,B15003_006E,B15003_007E,B15003_008E,B15003_009E,B15003_010E,B15003_011E,B15003_012E,B15003_013E,B15003_014E,B15003_015E,B15003_016E,B15003_017E,B15003_018E,B15003_019E,B15003_020E,B15003_021E,B15003_022E,B15003_023E,B15003_024E&for=block%20group:*&in=state:06&in=county:037&in=tract:554900,124902,602801,214700,534202,135202,135111,104105,206053,311602,199002,206054,206010,651304,137502,221302,235100,701902,229410,123020,267404,621001,212203,275311,218500,600902,113213,201503,213320,571701
https://api.census.gov/data/2021/acs/acs5?get=B15003_025E,C17002_001E,C17002_002E,C17002_003E,C17002_004E,C17002_005E,C17002_006E,C17002_007E,C17002_008E,B25046_001E&for=block%20group:*&in=state:06&in=county:037&in=tract:554900,124902,602801,214700,534202,135202,135111,104105,206053,311602,199002,206054,206010,651304,137502,221302,235100,701902,229410,123020,267404,621001,212203,275311,218500,600902,113213,201503,213320,571701


-------------------
Query: [28/58]
--------------------------------

https://api.census.gov/data/2021/acs/acs5?get=B01003_001E,B02001_002E,B02001_003E,B02001_005E,B25003_001E,B25003_002E,B25003_003E,B15003_001E,B15003_002E,B15003_004E,B15003_005E,B15003_006E,B15003_007E,B15003_008E,B15003_009E,B15003_010E,B15003_011E,B15003_012E,B15003_013E,B15003_014E,B15003_015E,B15003_016E,B15003_017E,B15003_018E,B15003_019E,B15003_020E,B15003_021E,B15003_022E,B15003_023E,B15003_024E&for=block%20group:*&in=state:06&in=county:037&in=tract:602512,700902,121222,131801,600911,191204,101221,113427,127804,480500,123902,265524,224020,480901,124104,132101,301204,602601,297120,262200,573101,295103,231902,120105,208904,113423,600702,190401,294421,980021
https://api.census.gov/data/2021/acs/acs5?get=B15003_025E,C17002_001E,C17002_002E,C17002_003E,C17002_004E,C17002_005E,C17002_006E,C17002_007E,C17002_008E,B25046_001E&for=block%20group:*&in=state:06&in=county:037&in=tract:602512,700902,121222,131801,600911,191204,101221,113427,127804,480500,123902,265524,224020,480901,124104,132101,301204,602601,297120,262200,573101,295103,231902,120105,208904,113423,600702,190401,294421,980021


-------------------
Query: [29/58]
--------------------------------

https://api.census.gov/data/2021/acs/acs5?get=B01003_001E,B02001_002E,B02001_003E,B02001_005E,B25003_001E,B25003_002E,B25003_003E,B15003_001E,B15003_002E,B15003_004E,B15003_005E,B15003_006E,B15003_007E,B15003_008E,B15003_009E,B15003_010E,B15003_011E,B15003_012E,B15003_013E,B15003_014E,B15003_015E,B15003_016E,B15003_017E,B15003_018E,B15003_019E,B15003_020E,B15003_021E,B15003_022E,B15003_023E,B15003_024E&for=block%20group:*&in=state:06&in=county:037&in=tract:481800,603702,111201,122410,530203,139505,101110,533402,134521,243100,463103,228410,201601,195710,481603,139504,106645,278001,239310,104821,311801,543305,800338,190520,143402,207308,602103,211803,191901,502602
https://api.census.gov/data/2021/acs/acs5?get=B15003_025E,C17002_001E,C17002_002E,C17002_003E,C17002_004E,C17002_005E,C17002_006E,C17002_007E,C17002_008E,B25046_001E&for=block%20group:*&in=state:06&in=county:037&in=tract:481800,603702,111201,122410,530203,139505,101110,533402,134521,243100,463103,228410,201601,195710,481603,139504,106645,278001,239310,104821,311801,543305,800338,190520,143402,207308,602103,211803,191901,502602


-------------------
Query: [30/58]
--------------------------------

https://api.census.gov/data/2021/acs/acs5?get=B01003_001E,B02001_002E,B02001_003E,B02001_005E,B25003_001E,B25003_002E,B25003_003E,B15003_001E,B15003_002E,B15003_004E,B15003_005E,B15003_006E,B15003_007E,B15003_008E,B15003_009E,B15003_010E,B15003_011E,B15003_012E,B15003_013E,B15003_014E,B15003_015E,B15003_016E,B15003_017E,B15003_018E,B15003_019E,B15003_020E,B15003_021E,B15003_022E,B15003_023E,B15003_024E&for=block%20group:*&in=state:06&in=county:037&in=tract:203602,702400,276608,209401,216800,135102,534203,211410,137000,543704,221710,531604,214800,482201,141500,199120,131600,543502,700300,602802,185202,226410,228220,534804,194500,535804,503601,535501,980022,208001
https://api.census.gov/data/2021/acs/acs5?get=B15003_025E,C17002_001E,C17002_002E,C17002_003E,C17002_004E,C17002_005E,C17002_006E,C17002_007E,C17002_008E,B25046_001E&for=block%20group:*&in=state:06&in=county:037&in=tract:203602,702400,276608,209401,216800,135102,534203,211410,137000,543704,221710,531604,214800,482201,141500,199120,131600,543502,700300,602802,185202,226410,228220,534804,194500,535804,503601,535501,980022,208001


-------------------
Query: [31/58]
--------------------------------

https://api.census.gov/data/2021/acs/acs5?get=B01003_001E,B02001_002E,B02001_003E,B02001_005E,B25003_001E,B25003_002E,B25003_003E,B15003_001E,B15003_002E,B15003_004E,B15003_005E,B15003_006E,B15003_007E,B15003_008E,B15003_009E,B15003_010E,B15003_011E,B15003_012E,B15003_013E,B15003_014E,B15003_015E,B15003_016E,B15003_017E,B15003_018E,B15003_019E,B15003_020E,B15003_021E,B15003_022E,B15003_023E,B15003_024E&for=block%20group:*&in=state:06&in=county:037&in=tract:211121,106020,232110,115404,224410,237402,571800,267300,201402,111206,301602,221401,480703,463200,234700,201110,132301,103202,104823,297110,224420,460302,109601,213401,650401,302302,267201,242100,430803,218110
https://api.census.gov/data/2021/acs/acs5?get=B15003_025E,C17002_001E,C17002_002E,C17002_003E,C17002_004E,C17002_005E,C17002_006E,C17002_007E,C17002_008E,B25046_001E&for=block%20group:*&in=state:06&in=county:037&in=tract:211121,106020,232110,115404,224410,237402,571800,267300,201402,111206,301602,221401,480703,463200,234700,201110,132301,103202,104823,297110,224420,460302,109601,213401,650401,302302,267201,242100,430803,218110


-------------------
Query: [32/58]
--------------------------------

https://api.census.gov/data/2021/acs/acs5?get=B01003_001E,B02001_002E,B02001_003E,B02001_005E,B25003_001E,B25003_002E,B25003_003E,B15003_001E,B15003_002E,B15003_004E,B15003_005E,B15003_006E,B15003_007E,B15003_008E,B15003_009E,B15003_010E,B15003_011E,B15003_012E,B15003_013E,B15003_014E,B15003_015E,B15003_016E,B15003_017E,B15003_018E,B15003_019E,B15003_020E,B15003_021E,B15003_022E,B15003_023E,B15003_024E&for=block%20group:*&in=state:06&in=county:037&in=tract:700200,553901,123203,482502,700502,572202,532800,124201,128220,211123,113303,125102,197420,463500,320300,104103,123901,301701,650001,481002,111302,232300,460301,228100,310701,430723,535803,462302,128802,555300
https://api.census.gov/data/2021/acs/acs5?get=B15003_025E,C17002_001E,C17002_002E,C17002_003E,C17002_004E,C17002_005E,C17002_006E,C17002_007E,C17002_008E,B25046_001E&for=block%20group:*&in=state:06&in=county:037&in=tract:700200,553901,123203,482502,700502,572202,532800,124201,128220,211123,113303,125102,197420,463500,320300,104103,123901,301701,650001,481002,111302,232300,460301,228100,310701,430723,535803,462302,128802,555300


-------------------
Query: [33/58]
--------------------------------

https://api.census.gov/data/2021/acs/acs5?get=B01003_001E,B02001_002E,B02001_003E,B02001_005E,B25003_001E,B25003_002E,B25003_003E,B15003_001E,B15003_002E,B15003_004E,B15003_005E,B15003_006E,B15003_007E,B15003_008E,B15003_009E,B15003_010E,B15003_011E,B15003_012E,B15003_013E,B15003_014E,B15003_015E,B15003_016E,B15003_017E,B15003_018E,B15003_019E,B15003_020E,B15003_021E,B15003_022E,B15003_023E,B15003_024E&for=block%20group:*&in=state:06&in=county:037&in=tract:216700,128500,191302,532700,502604,134305,555001,141101,432201,127712,600303,131900,531603,503401,554001,463602,620301,551501,980012,239202,113234,128801,482503,432002,222700,261103,550602,121010,604001,980024
https://api.census.gov/data/2021/acs/acs5?get=B15003_025E,C17002_001E,C17002_002E,C17002_003E,C17002_004E,C17002_005E,C17002_006E,C17002_007E,C17002_008E,B25046_001E&for=block%20group:*&in=state:06&in=county:037&in=tract:216700,128500,191302,532700,502604,134305,555001,141101,432201,127712,600303,131900,531603,503401,554001,463602,620301,551501,980012,239202,113234,128801,482503,432002,222700,261103,550602,121010,604001,980024


-------------------
Query: [34/58]
--------------------------------

https://api.census.gov/data/2021/acs/acs5?get=B01003_001E,B02001_002E,B02001_003E,B02001_005E,B25003_001E,B25003_002E,B25003_003E,B15003_001E,B15003_002E,B15003_004E,B15003_005E,B15003_006E,B15003_007E,B15003_008E,B15003_009E,B15003_010E,B15003_011E,B15003_012E,B15003_013E,B15003_014E,B15003_015E,B15003_016E,B15003_017E,B15003_018E,B15003_019E,B15003_020E,B15003_021E,B15003_022E,B15003_023E,B15003_024E&for=block%20group:*&in=state:06&in=county:037&in=tract:602403,143101,602104,122000,117408,214400,531602,554204,267800,132700,123520,700102,310900,462500,204300,189102,481713,532500,120020,143200,503103,535901,540000,214903,181300,191110,106406,237710,535502,800411
https://api.census.gov/data/2021/acs/acs5?get=B15003_025E,C17002_001E,C17002_002E,C17002_003E,C17002_004E,C17002_005E,C17002_006E,C17002_007E,C17002_008E,B25046_001E&for=block%20group:*&in=state:06&in=county:037&in=tract:602403,143101,602104,122000,117408,214400,531602,554204,267800,132700,123520,700102,310900,462500,204300,189102,481713,532500,120020,143200,503103,535901,540000,214903,181300,191110,106406,237710,535502,800411


-------------------
Query: [35/58]
--------------------------------

https://api.census.gov/data/2021/acs/acs5?get=B01003_001E,B02001_002E,B02001_003E,B02001_005E,B25003_001E,B25003_002E,B25003_003E,B15003_001E,B15003_002E,B15003_004E,B15003_005E,B15003_006E,B15003_007E,B15003_008E,B15003_009E,B15003_010E,B15003_011E,B15003_012E,B15003_013E,B15003_014E,B15003_015E,B15003_016E,B15003_017E,B15003_018E,B15003_019E,B15003_020E,B15003_021E,B15003_022E,B15003_023E,B15003_024E&for=block%20group:*&in=state:06&in=county:037&in=tract:535902,218210,240800,195720,143901,127605,550501,543203,195202,604101,117301,480201,293307,701702,218300,542200,139200,621201,211922,111402,535200,540202,231901,432300,310704,311601,430802,199110,204420,602201
https://api.census.gov/data/2021/acs/acs5?get=B15003_025E,C17002_001E,C17002_002E,C17002_003E,C17002_004E,C17002_005E,C17002_006E,C17002_007E,C17002_008E,B25046_001E&for=block%20group:*&in=state:06&in=county:037&in=tract:535902,218210,240800,195720,143901,127605,550501,543203,195202,604101,117301,480201,293307,701702,218300,542200,139200,621201,211922,111402,535200,540202,231901,432300,310704,311601,430802,199110,204420,602201


-------------------
Query: [36/58]
--------------------------------

https://api.census.gov/data/2021/acs/acs5?get=B01003_001E,B02001_002E,B02001_003E,B02001_005E,B25003_001E,B25003_002E,B25003_003E,B15003_001E,B15003_002E,B15003_004E,B15003_005E,B15003_006E,B15003_007E,B15003_008E,B15003_009E,B15003_010E,B15003_011E,B15003_012E,B15003_013E,B15003_014E,B15003_015E,B15003_016E,B15003_017E,B15003_018E,B15003_019E,B15003_020E,B15003_021E,B15003_022E,B15003_023E,B15003_024E&for=block%20group:*&in=state:06&in=county:037&in=tract:127220,533902,191610,575300,206303,294820,541802,275313,185101,533105,701601,531504,191120,542402,186201,276101,212502,132001,651221,570202,189703,553300,119003,482404,433506,800324,601303,106408,117510,543503
https://api.census.gov/data/2021/acs/acs5?get=B15003_025E,C17002_001E,C17002_002E,C17002_003E,C17002_004E,C17002_005E,C17002_006E,C17002_007E,C17002_008E,B25046_001E&for=block%20group:*&in=state:06&in=county:037&in=tract:127220,533902,191610,575300,206303,294820,541802,275313,185101,533105,701601,531504,191120,542402,186201,276101,212502,132001,651221,570202,189703,553300,119003,482404,433506,800324,601303,106408,117510,543503


-------------------
Query: [37/58]
--------------------------------

https://api.census.gov/data/2021/acs/acs5?get=B01003_001E,B02001_002E,B02001_003E,B02001_005E,B25003_001E,B25003_002E,B25003_003E,B15003_001E,B15003_002E,B15003_004E,B15003_005E,B15003_006E,B15003_007E,B15003_008E,B15003_009E,B15003_010E,B15003_011E,B15003_012E,B15003_013E,B15003_014E,B15003_015E,B15003_016E,B15003_017E,B15003_018E,B15003_019E,B15003_020E,B15003_021E,B15003_022E,B15003_023E,B15003_024E&for=block%20group:*&in=state:06&in=county:037&in=tract:320201,482101,189201,106113,553702,480304,271100,240600,464200,141306,604200,296402,228800,620002,461400,480601,239701,532900,800328,123104,700600,554802,702900,115203,135115,542602,241300,301901,222002,540901
https://api.census.gov/data/2021/acs/acs5?get=B15003_025E,C17002_001E,C17002_002E,C17002_003E,C17002_004E,C17002_005E,C17002_006E,C17002_007E,C17002_008E,B25046_001E&for=block%20group:*&in=state:06&in=county:037&in=tract:320201,482101,189201,106113,553702,480304,271100,240600,464200,141306,604200,296402,228800,620002,461400,480601,239701,532900,800328,123104,700600,554802,702900,115203,135115,542602,241300,301901,222002,540901


-------------------
Query: [38/58]
--------------------------------

https://api.census.gov/data/2021/acs/acs5?get=B01003_001E,B02001_002E,B02001_003E,B02001_005E,B25003_001E,B25003_002E,B25003_003E,B15003_001E,B15003_002E,B15003_004E,B15003_005E,B15003_006E,B15003_007E,B15003_008E,B15003_009E,B15003_010E,B15003_011E,B15003_012E,B15003_013E,B15003_014E,B15003_015E,B15003_016E,B15003_017E,B15003_018E,B15003_019E,B15003_020E,B15003_021E,B15003_022E,B15003_023E,B15003_024E&for=block%20group:*&in=state:06&in=county:037&in=tract:462002,555002,480802,670101,503402,551101,109500,212304,128910,553902,535702,650102,104620,207307,552601,603802,431501,119004,540101,128303,980033,502500,185203,232401,600302,552002,310800,262303,104401,212420
https://api.census.gov/data/2021/acs/acs5?get=B15003_025E,C17002_001E,C17002_002E,C17002_003E,C17002_004E,C17002_005E,C17002_006E,C17002_007E,C17002_008E,B25046_001E&for=block%20group:*&in=state:06&in=county:037&in=tract:462002,555002,480802,670101,503402,551101,109500,212304,128910,553902,535702,650102,104620,207307,552601,603802,431501,119004,540101,128303,980033,502500,185203,232401,600302,552002,310800,262303,104401,212420


-------------------
Query: [39/58]
--------------------------------

https://api.census.gov/data/2021/acs/acs5?get=B01003_001E,B02001_002E,B02001_003E,B02001_005E,B25003_001E,B25003_002E,B25003_003E,B15003_001E,B15003_002E,B15003_004E,B15003_005E,B15003_006E,B15003_007E,B15003_008E,B15003_009E,B15003_010E,B15003_011E,B15003_012E,B15003_013E,B15003_014E,B15003_015E,B15003_016E,B15003_017E,B15003_018E,B15003_019E,B15003_020E,B15003_021E,B15003_022E,B15003_023E,B15003_024E&for=block%20group:*&in=state:06&in=county:037&in=tract:121210,482403,221210,143602,310705,215102,291130,570402,106407,302201,554511,532607,270200,570204,533104,277000,540203,121101,207901,601900,503105,119310,134302,226001,119801,219010,262301,270101,143606,123700
https://api.census.gov/data/2021/acs/acs5?get=B15003_025E,C17002_001E,C17002_002E,C17002_003E,C17002_004E,C17002_005E,C17002_006E,C17002_007E,C17002_008E,B25046_001E&for=block%20group:*&in=state:06&in=county:037&in=tract:121210,482403,221210,143602,310705,215102,291130,570402,106407,302201,554511,532607,270200,570204,533104,277000,540203,121101,207901,601900,503105,119310,134302,226001,119801,219010,262301,270101,143606,123700


-------------------
Query: [40/58]
--------------------------------

https://api.census.gov/data/2021/acs/acs5?get=B01003_001E,B02001_002E,B02001_003E,B02001_005E,B25003_001E,B25003_002E,B25003_003E,B15003_001E,B15003_002E,B15003_004E,B15003_005E,B15003_006E,B15003_007E,B15003_008E,B15003_009E,B15003_010E,B15003_011E,B15003_012E,B15003_013E,B15003_014E,B15003_015E,B15003_016E,B15003_017E,B15003_018E,B15003_019E,B15003_020E,B15003_021E,B15003_022E,B15003_023E,B15003_024E&for=block%20group:*&in=state:06&in=county:037&in=tract:134801,432402,234301,262604,211921,134002,127520,603705,461902,221500,600801,211704,502401,302202,190701,311000,701402,206052,463400,533804,236400,432101,204200,234501,123304,533603,602506,320202,221900,207712
https://api.census.gov/data/2021/acs/acs5?get=B15003_025E,C17002_001E,C17002_002E,C17002_003E,C17002_004E,C17002_005E,C17002_006E,C17002_007E,C17002_008E,B25046_001E&for=block%20group:*&in=state:06&in=county:037&in=tract:134801,432402,234301,262604,211921,134002,127520,603705,461902,221500,600801,211704,502401,302202,190701,311000,701402,206052,463400,533804,236400,432101,204200,234501,123304,533603,602506,320202,221900,207712


-------------------
Query: [41/58]
--------------------------------

https://api.census.gov/data/2021/acs/acs5?get=B01003_001E,B02001_002E,B02001_003E,B02001_005E,B25003_001E,B25003_002E,B25003_003E,B15003_001E,B15003_002E,B15003_004E,B15003_005E,B15003_006E,B15003_007E,B15003_008E,B15003_009E,B15003_010E,B15003_011E,B15003_012E,B15003_013E,B15003_014E,B15003_015E,B15003_016E,B15003_017E,B15003_018E,B15003_019E,B15003_020E,B15003_021E,B15003_022E,B15003_023E,B15003_024E&for=block%20group:*&in=state:06&in=county:037&in=tract:277400,481901,311500,503701,272302,651201,181000,191000,262706,503201,533601,109100,552301,500900,134306,532302,534900,113323,554106,481300,224701,237401,199201,531101,222200,123206,135113,124700,554512,211000
https://api.census.gov/data/2021/acs/acs5?get=B15003_025E,C17002_001E,C17002_002E,C17002_003E,C17002_004E,C17002_005E,C17002_006E,C17002_007E,C17002_008E,B25046_001E&for=block%20group:*&in=state:06&in=county:037&in=tract:277400,481901,311500,503701,272302,651201,181000,191000,262706,503201,533601,109100,552301,500900,134306,532302,534900,113323,554106,481300,224701,237401,199201,531101,222200,123206,135113,124700,554512,211000


-------------------
Query: [42/58]
--------------------------------

https://api.census.gov/data/2021/acs/acs5?get=B01003_001E,B02001_002E,B02001_003E,B02001_005E,B25003_001E,B25003_002E,B25003_003E,B15003_001E,B15003_002E,B15003_004E,B15003_005E,B15003_006E,B15003_007E,B15003_008E,B15003_009E,B15003_010E,B15003_011E,B15003_012E,B15003_013E,B15003_014E,B15003_015E,B15003_016E,B15003_017E,B15003_018E,B15003_019E,B15003_020E,B15003_021E,B15003_022E,B15003_023E,B15003_024E&for=block%20group:*&in=state:06&in=county:037&in=tract:241400,601401,113424,209300,139600,980017,980019,554521,500800,231800,127711,650701,480202,208720,573201,239330,183103,503202,482301,543100,543501,207101,543606,530301,276607,602404,296600,980001,480702,800504
https://api.census.gov/data/2021/acs/acs5?get=B15003_025E,C17002_001E,C17002_002E,C17002_003E,C17002_004E,C17002_005E,C17002_006E,C17002_007E,C17002_008E,B25046_001E&for=block%20group:*&in=state:06&in=county:037&in=tract:241400,601401,113424,209300,139600,980017,980019,554521,500800,231800,127711,650701,480202,208720,573201,239330,183103,503202,482301,543100,543501,207101,543606,530301,276607,602404,296600,980001,480702,800504


-------------------
Query: [43/58]
--------------------------------

https://api.census.gov/data/2021/acs/acs5?get=B01003_001E,B02001_002E,B02001_003E,B02001_005E,B25003_001E,B25003_002E,B25003_003E,B15003_001E,B15003_002E,B15003_004E,B15003_005E,B15003_006E,B15003_007E,B15003_008E,B15003_009E,B15003_010E,B15003_011E,B15003_012E,B15003_013E,B15003_014E,B15003_015E,B15003_016E,B15003_017E,B15003_018E,B15003_019E,B15003_020E,B15003_021E,B15003_022E,B15003_023E,B15003_024E&for=block%20group:*&in=state:06&in=county:037&in=tract:553601,125502,237600,218400,480102,294301,602505,231400,183104,212303,134905,482001,218220,228210,601301,115104,119400,141201,103102,482522,552100,554801,194101,212900,128102,302103,139303,237900,603005,554201
https://api.census.gov/data/2021/acs/acs5?get=B15003_025E,C17002_001E,C17002_002E,C17002_003E,C17002_004E,C17002_005E,C17002_006E,C17002_007E,C17002_008E,B25046_001E&for=block%20group:*&in=state:06&in=county:037&in=tract:553601,125502,237600,218400,480102,294301,602505,231400,183104,212303,134905,482001,218220,228210,601301,115104,119400,141201,103102,482522,552100,554801,194101,212900,128102,302103,139303,237900,603005,554201


-------------------
Query: [44/58]
--------------------------------

https://api.census.gov/data/2021/acs/acs5?get=B01003_001E,B02001_002E,B02001_003E,B02001_005E,B25003_001E,B25003_002E,B25003_003E,B15003_001E,B15003_002E,B15003_004E,B15003_005E,B15003_006E,B15003_007E,B15003_008E,B15003_009E,B15003_010E,B15003_011E,B15003_012E,B15003_013E,B15003_014E,B15003_015E,B15003_016E,B15003_017E,B15003_018E,B15003_019E,B15003_020E,B15003_021E,B15003_022E,B15003_023E,B15003_024E&for=block%20group:*&in=state:06&in=county:037&in=tract:213201,124105,296300,541300,122200,208301,530007,207102,211910,575801,211802,503902,541606,141400,232402,481203,240301,113426,609900,106010,550301,232702,104322,128302,651402,127805,228600,103300,552302,203720
https://api.census.gov/data/2021/acs/acs5?get=B15003_025E,C17002_001E,C17002_002E,C17002_003E,C17002_004E,C17002_005E,C17002_006E,C17002_007E,C17002_008E,B25046_001E&for=block%20group:*&in=state:06&in=county:037&in=tract:213201,124105,296300,541300,122200,208301,530007,207102,211910,575801,211802,503902,541606,141400,232402,481203,240301,113426,609900,106010,550301,232702,104322,128302,651402,127805,228600,103300,552302,203720


-------------------
Query: [45/58]
--------------------------------

https://api.census.gov/data/2021/acs/acs5?get=B01003_001E,B02001_002E,B02001_003E,B02001_005E,B25003_001E,B25003_002E,B25003_003E,B15003_001E,B15003_002E,B15003_004E,B15003_005E,B15003_006E,B15003_007E,B15003_008E,B15003_009E,B15003_010E,B15003_011E,B15003_012E,B15003_013E,B15003_014E,B15003_015E,B15003_016E,B15003_017E,B15003_018E,B15003_019E,B15003_020E,B15003_021E,B15003_022E,B15003_023E,B15003_024E&for=block%20group:*&in=state:06&in=county:037&in=tract:542000,127300,293304,208710,600703,124600,554514,531000,231302,185310,213402,199400,213202,462001,273800,227010,300501,603302,109800,123420,482002,532304,208620,137301,192410,481201,503501,603801,535001,602002
https://api.census.gov/data/2021/acs/acs5?get=B15003_025E,C17002_001E,C17002_002E,C17002_003E,C17002_004E,C17002_005E,C17002_006E,C17002_007E,C17002_008E,B25046_001E&for=block%20group:*&in=state:06&in=county:037&in=tract:542000,127300,293304,208710,600703,124600,554514,531000,231302,185310,213402,199400,213202,462001,273800,227010,300501,603302,109800,123420,482002,532304,208620,137301,192410,481201,503501,603801,535001,602002


-------------------
Query: [46/58]
--------------------------------

https://api.census.gov/data/2021/acs/acs5?get=B01003_001E,B02001_002E,B02001_003E,B02001_005E,B25003_001E,B25003_002E,B25003_003E,B15003_001E,B15003_002E,B15003_004E,B15003_005E,B15003_006E,B15003_007E,B15003_008E,B15003_009E,B15003_010E,B15003_011E,B15003_012E,B15003_013E,B15003_014E,B15003_015E,B15003_016E,B15003_017E,B15003_018E,B15003_019E,B15003_020E,B15003_021E,B15003_022E,B15003_023E,B15003_024E&for=block%20group:*&in=state:06&in=county:037&in=tract:265702,183101,186403,480602,551401,137501,620400,532001,276102,134907,124500,119900,239502,240010,121102,232500,240700,128101,264304,209520,555211,602302,240401,211703,113301,211124,212306,670604,139402,226702
https://api.census.gov/data/2021/acs/acs5?get=B15003_025E,C17002_001E,C17002_002E,C17002_003E,C17002_004E,C17002_005E,C17002_006E,C17002_007E,C17002_008E,B25046_001E&for=block%20group:*&in=state:06&in=county:037&in=tract:265702,183101,186403,480602,551401,137501,620400,532001,276102,134907,124500,119900,239502,240010,121102,232500,240700,128101,264304,209520,555211,602302,240401,211703,113301,211124,212306,670604,139402,226702


-------------------
Query: [47/58]
--------------------------------

https://api.census.gov/data/2021/acs/acs5?get=B01003_001E,B02001_002E,B02001_003E,B02001_005E,B25003_001E,B25003_002E,B25003_003E,B15003_001E,B15003_002E,B15003_004E,B15003_005E,B15003_006E,B15003_007E,B15003_008E,B15003_009E,B15003_010E,B15003_011E,B15003_012E,B15003_013E,B15003_014E,B15003_015E,B15003_016E,B15003_017E,B15003_018E,B15003_019E,B15003_020E,B15003_021E,B15003_022E,B15003_023E,B15003_024E&for=block%20group:*&in=state:06&in=county:037&in=tract:460501,600802,195300,127920,302003,553801,104701,191203,239501,650501,131702,143301,550700,480902,125322,540102,125321,201401,143801,191410,554522,267403,500700,430701,602106,603902,602504,535102,109700,101300
https://api.census.gov/data/2021/acs/acs5?get=B15003_025E,C17002_001E,C17002_002E,C17002_003E,C17002_004E,C17002_005E,C17002_006E,C17002_007E,C17002_008E,B25046_001E&for=block%20group:*&in=state:06&in=county:037&in=tract:460501,600802,195300,127920,302003,553801,104701,191203,239501,650501,131702,143301,550700,480902,125322,540102,125321,201401,143801,191410,554522,267403,500700,430701,602106,603902,602504,535102,109700,101300


-------------------
Query: [48/58]
--------------------------------

https://api.census.gov/data/2021/acs/acs5?get=B01003_001E,B02001_002E,B02001_003E,B02001_005E,B25003_001E,B25003_002E,B25003_003E,B15003_001E,B15003_002E,B15003_004E,B15003_005E,B15003_006E,B15003_007E,B15003_008E,B15003_009E,B15003_010E,B15003_011E,B15003_012E,B15003_013E,B15003_014E,B15003_015E,B15003_016E,B15003_017E,B15003_018E,B15003_019E,B15003_020E,B15003_021E,B15003_022E,B15003_023E,B15003_024E&for=block%20group:*&in=state:06&in=county:037&in=tract:267901,133000,551201,578100,552400,541200,980008,480303,531800,577800,189600,113102,111100,554101,218800,218600,534101,300400,228900,276500,208802,534102,209810,701000,536102,650004,195802,120108,131701,183701
https://api.census.gov/data/2021/acs/acs5?get=B15003_025E,C17002_001E,C17002_002E,C17002_003E,C17002_004E,C17002_005E,C17002_006E,C17002_007E,C17002_008E,B25046_001E&for=block%20group:*&in=state:06&in=county:037&in=tract:267901,133000,551201,578100,552400,541200,980008,480303,531800,577800,189600,113102,111100,554101,218800,218600,534101,300400,228900,276500,208802,534102,209810,701000,536102,650004,195802,120108,131701,183701


-------------------
Query: [49/58]
--------------------------------

https://api.census.gov/data/2021/acs/acs5?get=B01003_001E,B02001_002E,B02001_003E,B02001_005E,B25003_001E,B25003_002E,B25003_003E,B15003_001E,B15003_002E,B15003_004E,B15003_005E,B15003_006E,B15003_007E,B15003_008E,B15003_009E,B15003_010E,B15003_011E,B15003_012E,B15003_013E,B15003_014E,B15003_015E,B15003_016E,B15003_017E,B15003_018E,B15003_019E,B15003_020E,B15003_021E,B15003_022E,B15003_023E,B15003_024E&for=block%20group:*&in=state:06&in=county:037&in=tract:461700,183220,265601,980034,239801,106520,212800,533701,127806,651101,541402,241002,461300,294520,552001,480302,191710,127104,980036,111205,543803,212102,125403,262704,191301,272201,276400,127803,603007,530902
https://api.census.gov/data/2021/acs/acs5?get=B15003_025E,C17002_001E,C17002_002E,C17002_003E,C17002_004E,C17002_005E,C17002_006E,C17002_007E,C17002_008E,B25046_001E&for=block%20group:*&in=state:06&in=county:037&in=tract:461700,183220,265601,980034,239801,106520,212800,533701,127806,651101,541402,241002,461300,294520,552001,480302,191710,127104,980036,111205,543803,212102,125403,262704,191301,272201,276400,127803,603007,530902


-------------------
Query: [50/58]
--------------------------------

https://api.census.gov/data/2021/acs/acs5?get=B01003_001E,B02001_002E,B02001_003E,B02001_005E,B25003_001E,B25003_002E,B25003_003E,B15003_001E,B15003_002E,B15003_004E,B15003_005E,B15003_006E,B15003_007E,B15003_008E,B15003_009E,B15003_010E,B15003_011E,B15003_012E,B15003_013E,B15003_014E,B15003_015E,B15003_016E,B15003_017E,B15003_018E,B15003_019E,B15003_020E,B15003_021E,B15003_022E,B15003_023E,B15003_024E&for=block%20group:*&in=state:06&in=county:037&in=tract:433505,530603,533002,550801,124103,541605,104310,480704,104704,111304,120400,121801,602900,207400,600201,113425,542105,221602,143605,604002,621326,275312,214000,241120,482801,239702,237500,113239,431900,199300
https://api.census.gov/data/2021/acs/acs5?get=B15003_025E,C17002_001E,C17002_002E,C17002_003E,C17002_004E,C17002_005E,C17002_006E,C17002_007E,C17002_008E,B25046_001E&for=block%20group:*&in=state:06&in=county:037&in=tract:433505,530603,533002,550801,124103,541605,104310,480704,104704,111304,120400,121801,602900,207400,600201,113425,542105,221602,143605,604002,621326,275312,214000,241120,482801,239702,237500,113239,431900,199300


-------------------
Query: [51/58]
--------------------------------

https://api.census.gov/data/2021/acs/acs5?get=B01003_001E,B02001_002E,B02001_003E,B02001_005E,B25003_001E,B25003_002E,B25003_003E,B15003_001E,B15003_002E,B15003_004E,B15003_005E,B15003_006E,B15003_007E,B15003_008E,B15003_009E,B15003_010E,B15003_011E,B15003_012E,B15003_013E,B15003_014E,B15003_015E,B15003_016E,B15003_017E,B15003_018E,B15003_019E,B15003_020E,B15003_021E,B15003_022E,B15003_023E,B15003_024E&for=block%20group:*&in=state:06&in=county:037&in=tract:132002,242202,194401,531901,553602,237800,209105,212701,620303,194402,800412,265204,134720,109604,117202,106641,267406,575402,113322,218702,461200,119320,302104,111202,232120,186302,702102,226701,534001,535605
https://api.census.gov/data/2021/acs/acs5?get=B15003_025E,C17002_001E,C17002_002E,C17002_003E,C17002_004E,C17002_005E,C17002_006E,C17002_007E,C17002_008E,B25046_001E&for=block%20group:*&in=state:06&in=county:037&in=tract:132002,242202,194401,531901,553602,237800,209105,212701,620303,194402,800412,265204,134720,109604,117202,106641,267406,575402,113322,218702,461200,119320,302104,111202,232120,186302,702102,226701,534001,535605


-------------------
Query: [52/58]
--------------------------------

https://api.census.gov/data/2021/acs/acs5?get=B01003_001E,B02001_002E,B02001_003E,B02001_005E,B25003_001E,B25003_002E,B25003_003E,B15003_001E,B15003_002E,B15003_004E,B15003_005E,B15003_006E,B15003_007E,B15003_008E,B15003_009E,B15003_010E,B15003_011E,B15003_012E,B15003_013E,B15003_014E,B15003_015E,B15003_016E,B15003_017E,B15003_018E,B15003_019E,B15003_020E,B15003_021E,B15003_022E,B15003_023E,B15003_024E&for=block%20group:*&in=state:06&in=county:037&in=tract:601100,113237,300702,461100,262302,111303,576001,533403,217101,237202,600501,296901,275604,265521,228500,300800,106114,189202,301502,132502,104403,120104,190801,190302,620501,269800,208002,269602,124903,128210
https://api.census.gov/data/2021/acs/acs5?get=B15003_025E,C17002_001E,C17002_002E,C17002_003E,C17002_004E,C17002_005E,C17002_006E,C17002_007E,C17002_008E,B25046_001E&for=block%20group:*&in=state:06&in=county:037&in=tract:601100,113237,300702,461100,262302,111303,576001,533403,217101,237202,600501,296901,275604,265521,228500,300800,106114,189202,301502,132502,104403,120104,190801,190302,620501,269800,208002,269602,124903,128210


-------------------
Query: [53/58]
--------------------------------

https://api.census.gov/data/2021/acs/acs5?get=B01003_001E,B02001_002E,B02001_003E,B02001_005E,B25003_001E,B25003_002E,B25003_003E,B15003_001E,B15003_002E,B15003_004E,B15003_005E,B15003_006E,B15003_007E,B15003_008E,B15003_009E,B15003_010E,B15003_011E,B15003_012E,B15003_013E,B15003_014E,B15003_015E,B15003_016E,B15003_017E,B15003_018E,B15003_019E,B15003_020E,B15003_021E,B15003_022E,B15003_023E,B15003_024E&for=block%20group:*&in=state:06&in=county:037&in=tract:273600,265523,432202,192420,481403,651102,190902,204810,531301,231710,123010,570305,241201,221601,195100,500402,620601,481606,134904,187101,119001,603706,262100,237102,265100,602402,229100,186202,269601,481102
https://api.census.gov/data/2021/acs/acs5?get=B15003_025E,C17002_001E,C17002_002E,C17002_003E,C17002_004E,C17002_005E,C17002_006E,C17002_007E,C17002_008E,B25046_001E&for=block%20group:*&in=state:06&in=county:037&in=tract:273600,265523,432202,192420,481403,651102,190902,204810,531301,231710,123010,570305,241201,221601,195100,500402,620601,481606,134904,187101,119001,603706,262100,237102,265100,602402,229100,186202,269601,481102


-------------------
Query: [54/58]
--------------------------------

https://api.census.gov/data/2021/acs/acs5?get=B01003_001E,B02001_002E,B02001_003E,B02001_005E,B25003_001E,B25003_002E,B25003_003E,B15003_001E,B15003_002E,B15003_004E,B15003_005E,B15003_006E,B15003_007E,B15003_008E,B15003_009E,B15003_010E,B15003_011E,B15003_012E,B15003_013E,B15003_014E,B15003_015E,B15003_016E,B15003_017E,B15003_018E,B15003_019E,B15003_020E,B15003_021E,B15003_022E,B15003_023E,B15003_024E&for=block%20group:*&in=state:06&in=county:037&in=tract:602602,212620,481101,700802,575401,275603,650300,137104,191720,106646,143401,234502,106112,242700,277200,239201,141304,117303,800336,481001,531202,132900,543400,143500,980038,552800,224200,236203,533201,551204
https://api.census.gov/data/2021/acs/acs5?get=B15003_025E,C17002_001E,C17002_002E,C17002_003E,C17002_004E,C17002_005E,C17002_006E,C17002_007E,C17002_008E,B25046_001E&for=block%20group:*&in=state:06&in=county:037&in=tract:602602,212620,481101,700802,575401,275603,650300,137104,191720,106646,143401,234502,106112,242700,277200,239201,141304,117303,800336,481001,531202,132900,543400,143500,980038,552800,224200,236203,533201,551204


-------------------
Query: [55/58]
--------------------------------

https://api.census.gov/data/2021/acs/acs5?get=B01003_001E,B02001_002E,B02001_003E,B02001_005E,B25003_001E,B25003_002E,B25003_003E,B15003_001E,B15003_002E,B15003_004E,B15003_005E,B15003_006E,B15003_007E,B15003_008E,B15003_009E,B15003_010E,B15003_011E,B15003_012E,B15003_013E,B15003_014E,B15003_015E,B15003_016E,B15003_017E,B15003_018E,B15003_019E,B15003_020E,B15003_021E,B15003_022E,B15003_023E,B15003_024E&for=block%20group:*&in=state:06&in=county:037&in=tract:294610,670416,127606,482202,602202,297601,570203,242300,481103,234901,533300,195803,183402,131024,211320,553503,209201,106510,461000,432102,104321,980031,197300,212702,207502,550901,211500,480400,570800,104822
https://api.census.gov/data/2021/acs/acs5?get=B15003_025E,C17002_001E,C17002_002E,C17002_003E,C17002_004E,C17002_005E,C17002_006E,C17002_007E,C17002_008E,B25046_001E&for=block%20group:*&in=state:06&in=county:037&in=tract:294610,670416,127606,482202,602202,297601,570203,242300,481103,234901,533300,195803,183402,131024,211320,553503,209201,106510,461000,432102,104321,980031,197300,212702,207502,550901,211500,480400,570800,104822


-------------------
Query: [56/58]
--------------------------------

https://api.census.gov/data/2021/acs/acs5?get=B01003_001E,B02001_002E,B02001_003E,B02001_005E,B25003_001E,B25003_002E,B25003_003E,B15003_001E,B15003_002E,B15003_004E,B15003_005E,B15003_006E,B15003_007E,B15003_008E,B15003_009E,B15003_010E,B15003_011E,B15003_012E,B15003_013E,B15003_014E,B15003_015E,B15003_016E,B15003_017E,B15003_018E,B15003_019E,B15003_020E,B15003_021E,B15003_022E,B15003_023E,B15003_024E&for=block%20group:*&in=state:06&in=county:037&in=tract:570304,311400,542501,670603,134001,234902,216902,203100,141303,210010,115101,104108,134710,107020,194200,551300,800325,231601,500500,212501,199700,265701,482102,133101,273403,134522,481714,199802,104204,239601
https://api.census.gov/data/2021/acs/acs5?get=B15003_025E,C17002_001E,C17002_002E,C17002_003E,C17002_004E,C17002_005E,C17002_006E,C17002_007E,C17002_008E,B25046_001E&for=block%20group:*&in=state:06&in=county:037&in=tract:570304,311400,542501,670603,134001,234902,216902,203100,141303,210010,115101,104108,134710,107020,194200,551300,800325,231601,500500,212501,199700,265701,482102,133101,273403,134522,481714,199802,104204,239601


-------------------
Query: [57/58]
--------------------------------

https://api.census.gov/data/2021/acs/acs5?get=B01003_001E,B02001_002E,B02001_003E,B02001_005E,B25003_001E,B25003_002E,B25003_003E,B15003_001E,B15003_002E,B15003_004E,B15003_005E,B15003_006E,B15003_007E,B15003_008E,B15003_009E,B15003_010E,B15003_011E,B15003_012E,B15003_013E,B15003_014E,B15003_015E,B15003_016E,B15003_017E,B15003_018E,B15003_019E,B15003_020E,B15003_021E,B15003_022E,B15003_023E,B15003_024E&for=block%20group:*&in=state:06&in=county:037&in=tract:800333,183610,700501,535503,462201,134802,190202,240902,603600,128602,570404,195804,502700,115401,555105
https://api.census.gov/data/2021/acs/acs5?get=B15003_025E,C17002_001E,C17002_002E,C17002_003E,C17002_004E,C17002_005E,C17002_006E,C17002_007E,C17002_008E,B25046_001E&for=block%20group:*&in=state:06&in=county:037&in=tract:800333,183610,700501,535503,462201,134802,190202,240902,603600,128602,570404,195804,502700,115401,555105


-------------------
Query: [0/1]
--------------------------------

https://api.census.gov/data/2021/acs/acs5?get=B01003_001E,B02001_002E,B02001_003E,B02001_005E,B25003_001E,B25003_002E,B25003_003E,B15003_001E,B15003_002E,B15003_004E,B15003_005E,B15003_006E,B15003_007E,B15003_008E,B15003_009E,B15003_010E,B15003_011E,B15003_012E,B15003_013E,B15003_014E,B15003_015E,B15003_016E,B15003_017E,B15003_018E,B15003_019E,B15003_020E,B15003_021E,B15003_022E,B15003_023E,B15003_024E&for=block%20group:*&in=state:06&in=county:111&in=tract:007100,005906,007202,005907
https://api.census.gov/data/2021/acs/acs5?get=B15003_025E,C17002_001E,C17002_002E,C17002_003E,C17002_004E,C17002_005E,C17002_006E,C17002_007E,C17002_008E,B25046_001E&for=block%20group:*&in=state:06&in=county:111&in=tract:007100,005906,007202,005907


-------------------
Query: [0/1]
--------------------------------

https://api.census.gov/data/2021/acs/acs5?get=B01003_001E,B02001_002E,B02001_003E,B02001_005E,B25003_001E,B25003_002E,B25003_003E,B15003_001E,B15003_002E,B15003_004E,B15003_005E,B15003_006E,B15003_007E,B15003_008E,B15003_009E,B15003_010E,B15003_011E,B15003_012E,B15003_013E,B15003_014E,B15003_015E,B15003_016E,B15003_017E,B15003_018E,B15003_019E,B15003_020E,B15003_021E,B15003_022E,B15003_023E,B15003_024E&for=block%20group:*&in=state:06&in=county:059&in=tract:110606,110402,980000,110607,110500,001801,086802,110603,086801,110401,110604
https://api.census.gov/data/2021/acs/acs5?get=B15003_025E,C17002_001E,C17002_002E,C17002_003E,C17002_004E,C17002_005E,C17002_006E,C17002_007E,C17002_008E,B25046_001E&for=block%20group:*&in=state:06&in=county:059&in=tract:110606,110402,980000,110607,110500,001801,086802,110603,086801,110401,110604

Step 3: Adding Delay Data

Step 4: Linking Routes
Saved to datasets/los_angeles_delay
