Current best: 125.51608313231807
original valid: True
original total time: 282572.20516845083
On route 7 increased frequency by 5
Current best: 116.33865701872764
improved valid: True
improved total time: 283057.99674622004
On route 3 increased frequency by 5
Current best: 105.1021225973565
improved valid: True
improved total time: 284914.70498481026
Exception ocurred. Restarting if avilable. Try 0 of 5
The edge 00119-06543 not in graph.
Current best: 128.56719575370323
original valid: True
original total time: 282572.20516845083
On route 51, added stop 14539 STATE RD & PERSHING AV in radius 1600
Current best: 122.60526752632784
improved valid: True
improved total time: 283408.18862109585
On route 16, added stop 04143 FLEET AV & E 65TH ST in radius 800
Current best: 111.01142862138092
improved valid: True
improved total time: 283480.7228908459
On route 77, added stop 14224 BRECKSVILLE RD & GREYSTONE PKWY in radius 800
Current best: 109.98939269181525
improved valid: True
improved total time: 283734.792093275
On route 41 increased frequency by 20
Current best: 117.35017109672829
improved valid: True
improved total time: 294462.26431760465
On route 78 increased frequency by 20
Current best: 86.2899971406755
improved valid: True
improved total time: 299703.0500250858
Exception ocurred. Restarting if avilable. Try 1 of 5
The edge 10463-10919 not in graph.
Current best: 118.04184242225112
original valid: True
original total time: 282572.20516845083
On route 50 decreased frequency by 5
Current best: 119.72378215284274
improved valid: True
improved total time: 274648.72471848736
On route 22, replaced stop 05962 LORAIN AV & W 85TH ST with 06049 MADISON AV & W 85TH ST in radius 800
Current best: 93.33715238410356
improved valid: True
improved total time: 274854.46385196183
On route 45 increased frequency by 20
Current best: 79.43986099974369
improved valid: True
improved total time: 274854.46385196183
Exception ocurred. Restarting if avilable. Try 2 of 5
The edge 09852-02333 not in graph.
Current best: 118.90811508894397
original valid: True
original total time: 282572.20516845083
On route 2 decreased frequency by 5
Current best: 116.3061241136064
improved valid: True
improved total time: 282463.82985541824
On route 77, replaced stop 03689 E 12TH ST & ROCKWELL AV with 04244 E 9TH ST & SUPERIOR AV E in radius 800
Current best: 113.09572826302103
improved valid: True
improved total time: 282487.8277343792
On route 71, replaced stop 09718 HOWE RD & POLO CLUB DR with 07155 ROYALTON RD & DELAWARE DR in radius 1600
Current best: 109.41438657466671
improved valid: True
improved total time: 282676.30347677425
On route 14, removed stop 11573 WOODLAND AV & E 55TH ST
Current best: 110.53200272915326
improved valid: True
improved total time: 282636.30347677425
On route 71 decreased frequency by 5
Current best: 105.81808586853533
improved valid: True
improved total time: 281657.12653977517
On route 251, added stop 08873 ONTARIO ST & PROSPECT AV in radius 3200
Current best: 108.81550172755769
improved valid: True
improved total time: 281673.12653977517
On route 94, replaced stop 00789 25220 FAIRMOUNT BLVD with 12479 SHAKER BLVD & RICHMOND RD in radius 1600
Current best: 117.6610521724399
improved valid: True
improved total time: 281717.6818088707
On route 22 decreased frequency by 10
Current best: 126.40913291303693
improved valid: True
improved total time: 277813.71243944566
On route 9 decreased frequency by 5
Current best: 117.95835818931583
improved valid: True
improved total time: 273747.70038617717
On route 2, added stop 05028 HARVARD AV & E 67TH ST in radius 3200
Current best: 109.96772515594074
improved valid: True
improved total time: 273860.30541021447
On route 6, added stop 05573 LAKEVIEW RD & TUSCORA AV in radius 3200
Current best: 107.06975358694693
improved valid: True
improved total time: 274422.3811660342
On route 55, added stop 03417 DETROIT RD & ORCHARD PARK DR in radius 3200
Current best: 106.16276081122048
improved valid: True
improved total time: 274543.304377229
On route 9 decreased frequency by 5
Current best: 105.584522239797
improved valid: True
improved total time: 272510.29835059476
On route 8 decreased frequency by 5
Current best: 93.32125015022088
improved valid: True
improved total time: 272421.80763166526
Exception ocurred. Restarting if avilable. Try 3 of 5
The edge 03289-01167 not in graph.
Current best: 103.11091830486507
original valid: True
original total time: 282572.20516845083
On route 31, added stop 05337 LAKESHORE BLVD & E 156TH ST in radius 800
Current best: 101.49622019379447
improved valid: True
improved total time: 282912.66881927516
Current best: 127.21486646364276
original valid: True
original total time: 282572.20516845083
On route 18 increased frequency by 20
Current best: 107.79286782135078
improved valid: True
improved total time: 282572.20516845083
On route 35, added stop 12497 E 123RD ST & GARRETT SQUARE in radius 3200
Current best: 106.1144119217394
improved valid: True
improved total time: 282659.8415842161
On route 28 decreased frequency by 10
Current best: 114.44985401183523
improved valid: True
improved total time: 281057.6787037449
On route 54, added stop 14226 BROADVIEW RD & ENGLEWOOD DR in radius 3200
Current best: 116.27672284537942
improved valid: True
improved total time: 281164.3947238859
On route 53 increased frequency by 5
Current best: 94.17050826311203
improved valid: True
improved total time: 281330.33262751345
On route 71, added stop 05798 LORAIN AV & DENISON AV in radius 3200
Current best: 91.79960367377024
improved valid: True
improved total time: 281752.5788253218
On route 39 increased frequency by 20
Current best: 98.59396523149614
improved valid: True
improved total time: 289876.71195242956
On route 16 increased frequency by 20
Current best: 94.76346295313722
improved valid: True
improved total time: 290518.95481480897
On route 8, added stop 12530 EUCLID AV & E 9TH ST STATION in radius 1600
Current best: 95.83138763065284
improved valid: True
improved total time: 290572.2017499765
On route 50, added stop 08729 WOODHILL RD & BUCKEYE RD in radius 1600
Current best: 94.60524482376378
improved valid: True
improved total time: 292980.8425621561
On route 15 increased frequency by 10
Current best: 90.7402872692017
improved valid: True
improved total time: 308316.38171645807
On route 35 increased frequency by 20
Current best: 89.51349091803033
improved valid: True
improved total time: 309377.67126722797
On route 39, replaced stop 05322 LAKESHORE BLVD & CORNING DR with 05318 LAKESHORE BLVD & BURTON AV in radius 1600
Current best: 86.79897218452054
improved valid: True
improved total time: 309640.15255821403
107.79286782135078,112.96572720046073,106.1144119217394,121.32042291081773,114.44985401183523,135.50831474889554,122.65486405054516,123.4300275047787,116.27672284537942,118.62781354606764,94.17050826311203,132.2656671506851,149.22854933782597,126.11037758892482,156.13539292367835,115.94441267288722,139.84071727193523,119.15986866684203,125.38372750854039,139.7300103017901,116.9937254534547,135.98789732570978,127.89002004554592,118.52170492883153,122.13885802967644,105.62835688347933,105.54788354247087,142.8590826370161,125.19120816326144,126.32245460217058,139.32725747070782,125.06142315730146,116.00196725244861,148.49655516878735,137.7188074004601,109.74774092652238,141.08166929439625,95.36778723487608,123.89167333950604,91.79960367377024,120.72884270496837,146.50647663580747,138.40120844333202,137.34364247052312,118.93844260178265,123.55614822511636,138.78332926280578,102.189813599506,106.20595350607583,104.16908468637219,133.3776330354599,123.9836516548255,117.66770549087329,138.96324663695262,139.12996332788515,136.35624329422984,129.49685613341447,111.31141640356212,127.06744183451839,126.4908909800688,112.20448331966509,125.11598634594723,132.79653690354934,131.6782753284975,119.96383675734795,117.99431960543626,119.43651385320005,117.08152851338312,162.46210686125067,98.59396523149614,137.8975270381688,94.76346295313722,123.0821908346667,122.05014318217015,143.468049527763,128.82652752426932,131.93224377508068,136.29975911797337,147.53204137680135,128.30546678617478,126.31612838106574,129.7369744949443,145.67091725059169,138.83356229284888,142.67254957399248,98.12041346546553,150.8907329432019,135.1497449564314,119.00264440149898,117.39722597211583,126.57119038471426,132.87389541076215,112.7049461438718,121.0986568997488,141.65829999508472,95.83138763065284,129.5315756706893,125.65333749266682,97.26971256065141,94.60524482376378,124.27874921022921,132.83328264938217,118.8001601951061,118.9172259624182,143.44559624744082,120.5616769736992,122.80102280468667,113.1963097868899,153.50635414224806,148.26186645333937,142.6108694322223,138.53912610411018,153.56685734722424,90.7402872692017,132.02718261872863,101.11629175710753,123.9101470009342,101.44242608732027,103.9551235332108,132.85971918948346,138.2814522572775,123.41796507982153,123.35778136509589,132.2155127513616,124.81038272184281,154.0555624150827,106.80713816667702,129.07851069263305,152.6223628584835,112.76015651408154,138.37299825963345,129.47174034298385,118.82266559329868,111.63125797781142,128.1912796156848,139.89848143075244,89.51349091803033,119.05013490025044,161.38857506698562,127.11727219104176,133.79100556124519,104.26273231147965,111.8562599902757,127.87030253017124,146.5878113218619,118.23114841774857,119.86565910424557,120.13637601572903,132.60685772906092,128.81401124059022,115.9335816050196,125.66846844399053,100.93244221874963,140.75834693644845,146.59513384920214,134.00682207878887,115.6535612662151,107.4773799484043,142.6339236069496,121.65790580067393,154.80204473892593,119.643959320873,155.35368004377125,155.48350446941248,110.07974914703954,132.17566244140195,139.79080828225477,123.44956132035651,129.42143695680403,146.33951561468552,133.41988646177606,92.08129523869803,106.87214871075415,159.4036519208907,86.79897218452054,126.96726855314037,129.52285014795783,135.89835188665904,152.1065381863115,120.2959239476696,154.96683414487623,117.41658498847379,118.09786302469712,115.40128194293116,145.8707331321066,127.20098121122896,130.9816153800478,109.96588847839061,127.94989094943688,124.1657045604581,108.36498466757811,151.0567765062381,114.77902583101232,135.1801323080246,174.4386572658142,134.37026175831303,110.6733687790792,109.05980245721396,155.61751259519605,109.58596022994718
282572.20516845083,282572.20516845083,282572.20516845083,282659.8415842161,282659.8415842161,281057.6787037449,281057.6787037449,281057.6787037449,281057.6787037449,281164.3947238859,281164.3947238859,281330.33262751345,281330.33262751345,281330.33262751345,281330.33262751345,281330.33262751345,281330.33262751345,281330.33262751345,281330.33262751345,281330.33262751345,281330.33262751345,281330.33262751345,281330.33262751345,281330.33262751345,281330.33262751345,281330.33262751345,281330.33262751345,281330.33262751345,281330.33262751345,281330.33262751345,281330.33262751345,281330.33262751345,281330.33262751345,281330.33262751345,281330.33262751345,281330.33262751345,281330.33262751345,281330.33262751345,281330.33262751345,281330.33262751345,281752.5788253218,281752.5788253218,281752.5788253218,281752.5788253218,281752.5788253218,281752.5788253218,281752.5788253218,281752.5788253218,281752.5788253218,281752.5788253218,281752.5788253218,281752.5788253218,281752.5788253218,281752.5788253218,281752.5788253218,281752.5788253218,281752.5788253218,281752.5788253218,281752.5788253218,281752.5788253218,281752.5788253218,281752.5788253218,281752.5788253218,281752.5788253218,281752.5788253218,281752.5788253218,281752.5788253218,281752.5788253218,281752.5788253218,281752.5788253218,289876.71195242956,289876.71195242956,290518.95481480897,290518.95481480897,290518.95481480897,290518.95481480897,290518.95481480897,290518.95481480897,290518.95481480897,290518.95481480897,290518.95481480897,290518.95481480897,290518.95481480897,290518.95481480897,290518.95481480897,290518.95481480897,290518.95481480897,290518.95481480897,290518.95481480897,290518.95481480897,290518.95481480897,290518.95481480897,290518.95481480897,290518.95481480897,290518.95481480897,290518.95481480897,290572.2017499765,290572.2017499765,290572.2017499765,290572.2017499765,292980.8425621561,292980.8425621561,292980.8425621561,292980.8425621561,292980.8425621561,292980.8425621561,292980.8425621561,292980.8425621561,292980.8425621561,292980.8425621561,292980.8425621561,292980.8425621561,292980.8425621561,292980.8425621561,308316.38171645807,308316.38171645807,308316.38171645807,308316.38171645807,308316.38171645807,308316.38171645807,308316.38171645807,308316.38171645807,308316.38171645807,308316.38171645807,308316.38171645807,308316.38171645807,308316.38171645807,308316.38171645807,308316.38171645807,308316.38171645807,308316.38171645807,308316.38171645807,308316.38171645807,308316.38171645807,308316.38171645807,308316.38171645807,308316.38171645807,309377.67126722797,309377.67126722797,309377.67126722797,309377.67126722797,309377.67126722797,309377.67126722797,309377.67126722797,309377.67126722797,309377.67126722797,309377.67126722797,309377.67126722797,309377.67126722797,309377.67126722797,309377.67126722797,309377.67126722797,309377.67126722797,309377.67126722797,309377.67126722797,309377.67126722797,309377.67126722797,309377.67126722797,309377.67126722797,309377.67126722797,309377.67126722797,309377.67126722797,309377.67126722797,309377.67126722797,309377.67126722797,309377.67126722797,309377.67126722797,309377.67126722797,309377.67126722797,309377.67126722797,309377.67126722797,309377.67126722797,309377.67126722797,309377.67126722797,309377.67126722797,309640.15255821403,309640.15255821403,309640.15255821403,309640.15255821403,309640.15255821403,309640.15255821403,309640.15255821403,309640.15255821403,309640.15255821403,309640.15255821403,309640.15255821403,309640.15255821403,309640.15255821403,309640.15255821403,309640.15255821403,309640.15255821403,309640.15255821403,309640.15255821403,309640.15255821403,309640.15255821403,309640.15255821403,309640.15255821403,309640.15255821403,309640.15255821403,309640.15255821403
Improvement: -17.628906233695588
