
Step 1: Downloading OSM Data
Performing OSM Query: node["amenity"="hospital"](39.812254,-75.834693,40.334014,-74.754202);
Performing OSM Query: node["shop"="supermarket"](39.812254,-75.834693,40.334014,-74.754202);
Performing OSM Query: node["leisure"="park"](39.812254,-75.834693,40.334014,-74.754202);
Performing OSM Query: node["amenity"="bar"](39.812254,-75.834693,40.334014,-74.754202);
Performing OSM Query: node["amenity"="place_of_worship"](39.812254,-75.834693,40.334014,-74.754202);
Performing OSM Query: node["brand"="McDonald's"](39.812254,-75.834693,40.334014,-74.754202);
Performing OSM Query: node["brand"="Starbucks"](39.812254,-75.834693,40.334014,-74.754202);
joining data for: hospital
joining data for: grocery
joining data for: park
joining data for: bar
joining data for: worship
joining data for: mcdonalds
joining data for: starbucks

Step 2: Adding Census Data


-------------------
Query: [0/14]
--------------------------------

https://api.census.gov/data/2021/acs/acs5?get=B01003_001E,B02001_002E,B02001_003E,B02001_005E,B25003_001E,B25003_002E,B25003_003E,B15003_001E,B15003_002E,B15003_004E,B15003_005E,B15003_006E,B15003_007E,B15003_008E,B15003_009E,B15003_010E,B15003_011E,B15003_012E,B15003_013E,B15003_014E,B15003_015E,B15003_016E,B15003_017E,B15003_018E,B15003_019E,B15003_020E,B15003_021E,B15003_022E,B15003_023E,B15003_024E&for=block%20group:*&in=state:42&in=county:101&in=tract:020702,034000,014900,008801,007300,002200,016500,016701,036302,002802,017500,013300,030502,019700,036600,017602,031900,021400,033701,000600,032900,028100,007900,004001,020800,014000,020200,035800,034803,034502
https://api.census.gov/data/2021/acs/acs5?get=B15003_025E,C17002_001E,C17002_002E,C17002_003E,C17002_004E,C17002_005E,C17002_006E,C17002_007E,C17002_008E,B25046_001E&for=block%20group:*&in=state:42&in=county:101&in=tract:020702,034000,014900,008801,007300,002200,016500,016701,036302,002802,017500,013300,030502,019700,036600,017602,031900,021400,033701,000600,032900,028100,007900,004001,020800,014000,020200,035800,034803,034502


-------------------
Query: [1/14]
--------------------------------

https://api.census.gov/data/2021/acs/acs5?get=B01003_001E,B02001_002E,B02001_003E,B02001_005E,B25003_001E,B25003_002E,B25003_003E,B15003_001E,B15003_002E,B15003_004E,B15003_005E,B15003_006E,B15003_007E,B15003_008E,B15003_009E,B15003_010E,B15003_011E,B15003_012E,B15003_013E,B15003_014E,B15003_015E,B15003_016E,B15003_017E,B15003_018E,B15003_019E,B15003_020E,B15003_021E,B15003_022E,B15003_023E,B15003_024E&for=block%20group:*&in=state:42&in=county:101&in=tract:003001,030000,020500,014202,000404,033600,002801,029800,020600,004104,008302,003901,039100,030600,001203,002702,010100,028200,001800,038600,034400,026500,032600,002000,007000,003902,017202,024600,032500,019501
https://api.census.gov/data/2021/acs/acs5?get=B15003_025E,C17002_001E,C17002_002E,C17002_003E,C17002_004E,C17002_005E,C17002_006E,C17002_007E,C17002_008E,B25046_001E&for=block%20group:*&in=state:42&in=county:101&in=tract:003001,030000,020500,014202,000404,033600,002801,029800,020600,004104,008302,003901,039100,030600,001203,002702,010100,028200,001800,038600,034400,026500,032600,002000,007000,003902,017202,024600,032500,019501


-------------------
Query: [2/14]
--------------------------------

https://api.census.gov/data/2021/acs/acs5?get=B01003_001E,B02001_002E,B02001_003E,B02001_005E,B25003_001E,B25003_002E,B25003_003E,B15003_001E,B15003_002E,B15003_004E,B15003_005E,B15003_006E,B15003_007E,B15003_008E,B15003_009E,B15003_010E,B15003_011E,B15003_012E,B15003_013E,B15003_014E,B15003_015E,B15003_016E,B15003_017E,B15003_018E,B15003_019E,B15003_020E,B15003_021E,B15003_022E,B15003_023E,B15003_024E&for=block%20group:*&in=state:42&in=county:101&in=tract:014500,020102,031402,021200,020900,012203,035701,021300,007200,005600,003300,029200,016400,004101,033900,014400,037300,028901,036700,023600,033300,019000,014600,019100,026100,002400,015700,031200,013900,027402
https://api.census.gov/data/2021/acs/acs5?get=B15003_025E,C17002_001E,C17002_002E,C17002_003E,C17002_004E,C17002_005E,C17002_006E,C17002_007E,C17002_008E,B25046_001E&for=block%20group:*&in=state:42&in=county:101&in=tract:014500,020102,031402,021200,020900,012203,035701,021300,007200,005600,003300,029200,016400,004101,033900,014400,037300,028901,036700,023600,033300,019000,014600,019100,026100,002400,015700,031200,013900,027402


-------------------
Query: [3/14]
--------------------------------

https://api.census.gov/data/2021/acs/acs5?get=B01003_001E,B02001_002E,B02001_003E,B02001_005E,B25003_001E,B25003_002E,B25003_003E,B15003_001E,B15003_002E,B15003_004E,B15003_005E,B15003_006E,B15003_007E,B15003_008E,B15003_009E,B15003_010E,B15003_011E,B15003_012E,B15003_013E,B15003_014E,B15003_015E,B15003_016E,B15003_017E,B15003_018E,B15003_019E,B15003_020E,B15003_021E,B15003_022E,B15003_023E,B15003_024E&for=block%20group:*&in=state:42&in=county:101&in=tract:012204,014300,006000,009300,034501,009400,024500,028800,989200,029100,008000,024200,027902,010000,025200,038400,011700,980600,011800,023800,021500,001101,029300,980901,028600,024400,021900,005400,036203,031300
https://api.census.gov/data/2021/acs/acs5?get=B15003_025E,C17002_001E,C17002_002E,C17002_003E,C17002_004E,C17002_005E,C17002_006E,C17002_007E,C17002_008E,B25046_001E&for=block%20group:*&in=state:42&in=county:101&in=tract:012204,014300,006000,009300,034501,009400,024500,028800,989200,029100,008000,024200,027902,010000,025200,038400,011700,980600,011800,023800,021500,001101,029300,980901,028600,024400,021900,005400,036203,031300


-------------------
Query: [4/14]
--------------------------------

https://api.census.gov/data/2021/acs/acs5?get=B01003_001E,B02001_002E,B02001_003E,B02001_005E,B25003_001E,B25003_002E,B25003_003E,B15003_001E,B15003_002E,B15003_004E,B15003_005E,B15003_006E,B15003_007E,B15003_008E,B15003_009E,B15003_010E,B15003_011E,B15003_012E,B15003_013E,B15003_014E,B15003_015E,B15003_016E,B15003_017E,B15003_018E,B15003_019E,B15003_020E,B15003_021E,B15003_022E,B15003_023E,B15003_024E&for=block%20group:*&in=state:42&in=county:101&in=tract:014800,033200,003200,016200,015101,009802,022000,038500,026200,033800,028902,001400,000102,017300,025800,013500,027401,035301,013602,001204,026400,001102,010700,038000,018001,006200,031501,015600,016002,039002
https://api.census.gov/data/2021/acs/acs5?get=B15003_025E,C17002_001E,C17002_002E,C17002_003E,C17002_004E,C17002_005E,C17002_006E,C17002_007E,C17002_008E,B25046_001E&for=block%20group:*&in=state:42&in=county:101&in=tract:014800,033200,003200,016200,015101,009802,022000,038500,026200,033800,028902,001400,000102,017300,025800,013500,027401,035301,013602,001204,026400,001102,010700,038000,018001,006200,031501,015600,016002,039002


-------------------
Query: [5/14]
--------------------------------

https://api.census.gov/data/2021/acs/acs5?get=B01003_001E,B02001_002E,B02001_003E,B02001_005E,B25003_001E,B25003_002E,B25003_003E,B15003_001E,B15003_002E,B15003_004E,B15003_005E,B15003_006E,B15003_007E,B15003_008E,B15003_009E,B15003_010E,B15003_011E,B15003_012E,B15003_013E,B15003_014E,B15003_015E,B15003_016E,B15003_017E,B15003_018E,B15003_019E,B15003_020E,B15003_021E,B15003_022E,B15003_023E,B15003_024E&for=block%20group:*&in=state:42&in=county:101&in=tract:037800,002500,023500,037500,010200,011500,026301,037600,980906,980100,013402,020000,008602,980800,002300,033702,039001,017702,016901,003800,010800,025700,027700,000702,016600,035100,013200,014100,023900,035601
https://api.census.gov/data/2021/acs/acs5?get=B15003_025E,C17002_001E,C17002_002E,C17002_003E,C17002_004E,C17002_005E,C17002_006E,C17002_007E,C17002_008E,B25046_001E&for=block%20group:*&in=state:42&in=county:101&in=tract:037800,002500,023500,037500,010200,011500,026301,037600,980906,980100,013402,020000,008602,980800,002300,033702,039001,017702,016901,003800,010800,025700,027700,000702,016600,035100,013200,014100,023900,035601


-------------------
Query: [6/14]
--------------------------------

https://api.census.gov/data/2021/acs/acs5?get=B01003_001E,B02001_002E,B02001_003E,B02001_005E,B25003_001E,B25003_002E,B25003_003E,B15003_001E,B15003_002E,B15003_004E,B15003_005E,B15003_006E,B15003_007E,B15003_008E,B15003_009E,B15003_010E,B15003_011E,B15003_012E,B15003_013E,B15003_014E,B15003_015E,B15003_016E,B15003_017E,B15003_018E,B15003_019E,B15003_020E,B15003_021E,B15003_022E,B15003_023E,B15003_024E&for=block%20group:*&in=state:42&in=county:101&in=tract:021100,013701,989300,001600,017800,017701,008301,019800,034600,028700,029400,027300,013800,001201,000200,018802,007700,032100,980905,006500,027500,036902,019502,036502,003100,038200,004103,001900,008200,034702
https://api.census.gov/data/2021/acs/acs5?get=B15003_025E,C17002_001E,C17002_002E,C17002_003E,C17002_004E,C17002_005E,C17002_006E,C17002_007E,C17002_008E,B25046_001E&for=block%20group:*&in=state:42&in=county:101&in=tract:021100,013701,989300,001600,017800,017701,008301,019800,034600,028700,029400,027300,013800,001201,000200,018802,007700,032100,980905,006500,027500,036902,019502,036502,003100,038200,004103,001900,008200,034702


-------------------
Query: [7/14]
--------------------------------

https://api.census.gov/data/2021/acs/acs5?get=B01003_001E,B02001_002E,B02001_003E,B02001_005E,B25003_001E,B25003_002E,B25003_003E,B15003_001E,B15003_002E,B15003_004E,B15003_005E,B15003_006E,B15003_007E,B15003_008E,B15003_009E,B15003_010E,B15003_011E,B15003_012E,B15003_013E,B15003_014E,B15003_015E,B15003_016E,B15003_017E,B15003_018E,B15003_019E,B15003_020E,B15003_021E,B15003_022E,B15003_023E,B15003_024E&for=block%20group:*&in=state:42&in=county:101&in=tract:016100,000500,026302,015200,027800,018400,038301,001500,030501,020300,038700,025600,008400,026600,017400,028000,031700,037900,024800,034100,009200,006100,004002,034701,006300,036000,030100,027000,002701,009500
https://api.census.gov/data/2021/acs/acs5?get=B15003_025E,C17002_001E,C17002_002E,C17002_003E,C17002_004E,C17002_005E,C17002_006E,C17002_007E,C17002_008E,B25046_001E&for=block%20group:*&in=state:42&in=county:101&in=tract:016100,000500,026302,015200,027800,018400,038301,001500,030501,020300,038700,025600,008400,026600,017400,028000,031700,037900,024800,034100,009200,006100,004002,034701,006300,036000,030100,027000,002701,009500


-------------------
Query: [8/14]
--------------------------------

https://api.census.gov/data/2021/acs/acs5?get=B01003_001E,B02001_002E,B02001_003E,B02001_005E,B25003_001E,B25003_002E,B25003_003E,B15003_001E,B15003_002E,B15003_004E,B15003_005E,B15003_006E,B15003_007E,B15003_008E,B15003_009E,B15003_010E,B15003_011E,B15003_012E,B15003_013E,B15003_014E,B15003_015E,B15003_016E,B15003_017E,B15003_018E,B15003_019E,B15003_020E,B15003_021E,B15003_022E,B15003_023E,B15003_024E&for=block%20group:*&in=state:42&in=county:101&in=tract:038800,980500,003002,001301,030800,027200,035500,020101,016902,023100,989100,027600,035302,010400,011300,025400,980702,017100,000803,031101,018300,034802,012201,008702,007800,036301,980400,000401,010500,035900
https://api.census.gov/data/2021/acs/acs5?get=B15003_025E,C17002_001E,C17002_002E,C17002_003E,C17002_004E,C17002_005E,C17002_006E,C17002_007E,C17002_008E,B25046_001E&for=block%20group:*&in=state:42&in=county:101&in=tract:038800,980500,003002,001301,030800,027200,035500,020101,016902,023100,989100,027600,035302,010400,011300,025400,980702,017100,000803,031101,018300,034802,012201,008702,007800,036301,980400,000401,010500,035900


-------------------
Query: [9/14]
--------------------------------

https://api.census.gov/data/2021/acs/acs5?get=B01003_001E,B02001_002E,B02001_003E,B02001_005E,B25003_001E,B25003_002E,B25003_003E,B15003_001E,B15003_002E,B15003_004E,B15003_005E,B15003_006E,B15003_007E,B15003_008E,B15003_009E,B15003_010E,B15003_011E,B15003_012E,B15003_013E,B15003_014E,B15003_015E,B15003_016E,B15003_017E,B15003_018E,B15003_019E,B15003_020E,B15003_021E,B15003_022E,B15003_023E,B15003_024E&for=block%20group:*&in=state:42&in=county:101&in=tract:001700,008500,012100,009600,016300,003600,032300,025300,027901,030900,013401,033000,009801,033400,000701,980003,016702,026900,000403,032000,000902,024100,020400,007102,010900,006400,035602,038900,014201,000300
https://api.census.gov/data/2021/acs/acs5?get=B15003_025E,C17002_001E,C17002_002E,C17002_003E,C17002_004E,C17002_005E,C17002_006E,C17002_007E,C17002_008E,B25046_001E&for=block%20group:*&in=state:42&in=county:101&in=tract:001700,008500,012100,009600,016300,003600,032300,025300,027901,030900,013401,033000,009801,033400,000701,980003,016702,026900,000403,032000,000902,024100,020400,007102,010900,006400,035602,038900,014201,000300


-------------------
Query: [10/14]
--------------------------------

https://api.census.gov/data/2021/acs/acs5?get=B01003_001E,B02001_002E,B02001_003E,B02001_005E,B25003_001E,B25003_002E,B25003_003E,B15003_001E,B15003_002E,B15003_004E,B15003_005E,B15003_006E,B15003_007E,B15003_008E,B15003_009E,B15003_010E,B15003_011E,B15003_012E,B15003_013E,B15003_014E,B15003_015E,B15003_016E,B15003_017E,B15003_018E,B15003_019E,B15003_020E,B15003_021E,B15003_022E,B15003_023E,B15003_024E&for=block%20group:*&in=state:42&in=county:101&in=tract:017900,011000,007101,031600,009100,016001,035702,012501,036501,030200,980200,008601,000806,024900,025900,021000,010300,005500,002100,034200,006700,003702,024700,013702,011400,018002,029900,021600,026700,029000
https://api.census.gov/data/2021/acs/acs5?get=B15003_025E,C17002_001E,C17002_002E,C17002_003E,C17002_004E,C17002_005E,C17002_006E,C17002_007E,C17002_008E,B25046_001E&for=block%20group:*&in=state:42&in=county:101&in=tract:017900,011000,007101,031600,009100,016001,035702,012501,036501,030200,980200,008601,000806,024900,025900,021000,010300,005500,002100,034200,006700,003702,024700,013702,011400,018002,029900,021600,026700,029000


-------------------
Query: [11/14]
--------------------------------

https://api.census.gov/data/2021/acs/acs5?get=B01003_001E,B02001_002E,B02001_003E,B02001_005E,B25003_001E,B25003_002E,B25003_003E,B15003_001E,B15003_002E,B15003_004E,B15003_005E,B15003_006E,B15003_007E,B15003_008E,B15003_009E,B15003_010E,B15003_011E,B15003_012E,B15003_013E,B15003_014E,B15003_015E,B15003_016E,B15003_017E,B15003_018E,B15003_019E,B15003_020E,B15003_021E,B15003_022E,B15003_023E,B15003_024E&for=block%20group:*&in=state:42&in=county:101&in=tract:033101,026800,036100,036303,004201,000801,016800,001001,028300,034900,001302,024300,013601,026000,980001,000901,031102,006600,011200,033102,017000,021800,028500,019200,021700,008102,008101,036202,037200,014700
https://api.census.gov/data/2021/acs/acs5?get=B15003_025E,C17002_001E,C17002_002E,C17002_003E,C17002_004E,C17002_005E,C17002_006E,C17002_007E,C17002_008E,B25046_001E&for=block%20group:*&in=state:42&in=county:101&in=tract:033101,026800,036100,036303,004201,000801,016800,001001,028300,034900,001302,024300,013601,026000,980001,000901,031102,006600,011200,033102,017000,021800,028500,019200,021700,008102,008101,036202,037200,014700


-------------------
Query: [12/14]
--------------------------------

https://api.census.gov/data/2021/acs/acs5?get=B01003_001E,B02001_002E,B02001_003E,B02001_005E,B25003_001E,B25003_002E,B25003_003E,B15003_001E,B15003_002E,B15003_004E,B15003_005E,B15003_006E,B15003_007E,B15003_008E,B15003_009E,B15003_010E,B15003_011E,B15003_012E,B15003_013E,B15003_014E,B15003_015E,B15003_016E,B15003_017E,B15003_018E,B15003_019E,B15003_020E,B15003_021E,B15003_022E,B15003_023E,B15003_024E&for=block%20group:*&in=state:42&in=county:101&in=tract:036901,011100,002900,012502,009000,012000,018801,013100,038100,010600,031000,036400,031502,019900,008802,003701,031401,011900,036201,035200,015800,980300,980701,008701,030700,015102,025500,004202,007400,034801
https://api.census.gov/data/2021/acs/acs5?get=B15003_025E,C17002_001E,C17002_002E,C17002_003E,C17002_004E,C17002_005E,C17002_006E,C17002_007E,C17002_008E,B25046_001E&for=block%20group:*&in=state:42&in=county:101&in=tract:036901,011100,002900,012502,009000,012000,018801,013100,038100,010600,031000,036400,031502,019900,008802,003701,031401,011900,036201,035200,015800,980300,980701,008701,030700,015102,025500,004202,007400,034801


-------------------
Query: [13/14]
--------------------------------

https://api.census.gov/data/2021/acs/acs5?get=B01003_001E,B02001_002E,B02001_003E,B02001_005E,B25003_001E,B25003_002E,B25003_003E,B15003_001E,B15003_002E,B15003_004E,B15003_005E,B15003_006E,B15003_007E,B15003_008E,B15003_009E,B15003_010E,B15003_011E,B15003_012E,B15003_013E,B15003_014E,B15003_015E,B15003_016E,B15003_017E,B15003_018E,B15003_019E,B15003_020E,B15003_021E,B15003_022E,B15003_023E,B15003_024E&for=block%20group:*&in=state:42&in=county:101&in=tract:000101,001002,015300,037700,000805,017601,028400,023700,031800,027100,033500,020701,024000,017201,980002
https://api.census.gov/data/2021/acs/acs5?get=B15003_025E,C17002_001E,C17002_002E,C17002_003E,C17002_004E,C17002_005E,C17002_006E,C17002_007E,C17002_008E,B25046_001E&for=block%20group:*&in=state:42&in=county:101&in=tract:000101,001002,015300,037700,000805,017601,028400,023700,031800,027100,033500,020701,024000,017201,980002


-------------------
Query: [0/6]
--------------------------------

https://api.census.gov/data/2021/acs/acs5?get=B01003_001E,B02001_002E,B02001_003E,B02001_005E,B25003_001E,B25003_002E,B25003_003E,B15003_001E,B15003_002E,B15003_004E,B15003_005E,B15003_006E,B15003_007E,B15003_008E,B15003_009E,B15003_010E,B15003_011E,B15003_012E,B15003_013E,B15003_014E,B15003_015E,B15003_016E,B15003_017E,B15003_018E,B15003_019E,B15003_020E,B15003_021E,B15003_022E,B15003_023E,B15003_024E&for=block%20group:*&in=state:42&in=county:091&in=tract:200800,200901,206201,205503,203500,205300,201408,200307,203804,206202,202603,207300,200502,202500,206901,206802,202402,205100,208601,202100,204104,200505,203000,201201,203601,204101,203401,202202,201005,201404
https://api.census.gov/data/2021/acs/acs5?get=B15003_025E,C17002_001E,C17002_002E,C17002_003E,C17002_004E,C17002_005E,C17002_006E,C17002_007E,C17002_008E,B25046_001E&for=block%20group:*&in=state:42&in=county:091&in=tract:200800,200901,206201,205503,203500,205300,201408,200307,203804,206202,202603,207300,200502,202500,206901,206802,202402,205100,208601,202100,204104,200505,203000,201201,203601,204101,203401,202202,201005,201404


-------------------
Query: [1/6]
--------------------------------

https://api.census.gov/data/2021/acs/acs5?get=B01003_001E,B02001_002E,B02001_003E,B02001_005E,B25003_001E,B25003_002E,B25003_003E,B15003_001E,B15003_002E,B15003_004E,B15003_005E,B15003_006E,B15003_007E,B15003_008E,B15003_009E,B15003_010E,B15003_011E,B15003_012E,B15003_013E,B15003_014E,B15003_015E,B15003_016E,B15003_017E,B15003_018E,B15003_019E,B15003_020E,B15003_021E,B15003_022E,B15003_023E,B15003_024E&for=block%20group:*&in=state:42&in=county:091&in=tract:204008,203208,200902,201410,205402,202201,203602,201406,204103,205811,208704,203205,205905,205805,208703,201605,210100,205502,201204,207201,203901,208604,206400,203803,204300,210500,201302,201501,200707,200907
https://api.census.gov/data/2021/acs/acs5?get=B15003_025E,C17002_001E,C17002_002E,C17002_003E,C17002_004E,C17002_005E,C17002_006E,C17002_007E,C17002_008E,B25046_001E&for=block%20group:*&in=state:42&in=county:091&in=tract:204008,203208,200902,201410,205402,202201,203602,201406,204103,205811,208704,203205,205905,205805,208703,201605,210100,205502,201204,207201,203901,208604,206400,203803,204300,210500,201302,201501,200707,200907


-------------------
Query: [2/6]
--------------------------------

https://api.census.gov/data/2021/acs/acs5?get=B01003_001E,B02001_002E,B02001_003E,B02001_005E,B25003_001E,B25003_002E,B25003_003E,B15003_001E,B15003_002E,B15003_004E,B15003_005E,B15003_006E,B15003_007E,B15003_008E,B15003_009E,B15003_010E,B15003_011E,B15003_012E,B15003_013E,B15003_014E,B15003_015E,B15003_016E,B15003_017E,B15003_018E,B15003_019E,B15003_020E,B15003_021E,B15003_022E,B15003_023E,B15003_024E&for=block%20group:*&in=state:42&in=county:091&in=tract:203304,204500,205906,203104,206007,210400,201003,204200,206104,200301,201706,203801,203204,203203,202602,205806,200703,206904,200908,208603,980100,203902,201901,201411,204702,206108,210600,204900,200507,205200
https://api.census.gov/data/2021/acs/acs5?get=B15003_025E,C17002_001E,C17002_002E,C17002_003E,C17002_004E,C17002_005E,C17002_006E,C17002_007E,C17002_008E,B25046_001E&for=block%20group:*&in=state:42&in=county:091&in=tract:203304,204500,205906,203104,206007,210400,201003,204200,206104,200301,201706,203801,203204,203203,202602,205806,200703,206904,200908,208603,980100,203902,201901,201411,204702,206108,210600,204900,200507,205200


-------------------
Query: [3/6]
--------------------------------

https://api.census.gov/data/2021/acs/acs5?get=B01003_001E,B02001_002E,B02001_003E,B02001_005E,B25003_001E,B25003_002E,B25003_003E,B15003_001E,B15003_002E,B15003_004E,B15003_005E,B15003_006E,B15003_007E,B15003_008E,B15003_009E,B15003_010E,B15003_011E,B15003_012E,B15003_013E,B15003_014E,B15003_015E,B15003_016E,B15003_017E,B15003_018E,B15003_019E,B15003_020E,B15003_021E,B15003_022E,B15003_023E,B15003_024E&for=block%20group:*&in=state:42&in=county:091&in=tract:210700,203103,200401,203105,204400,201603,203701,200903,201606,200606,207202,205810,200402,200308,201100,201704,206004,202301,200501,200310,203303,208801,201902,204600,200704,201301,205807,204002,204701,201502
https://api.census.gov/data/2021/acs/acs5?get=B15003_025E,C17002_001E,C17002_002E,C17002_003E,C17002_004E,C17002_005E,C17002_006E,C17002_007E,C17002_008E,B25046_001E&for=block%20group:*&in=state:42&in=county:091&in=tract:210700,203103,200401,203105,204400,201603,203701,200903,201606,200606,207202,205810,200402,200308,201100,201704,206004,202301,200501,200310,203303,208801,201902,204600,200704,201301,205807,204002,204701,201502


-------------------
Query: [4/6]
--------------------------------

https://api.census.gov/data/2021/acs/acs5?get=B01003_001E,B02001_002E,B02001_003E,B02001_005E,B25003_001E,B25003_002E,B25003_003E,B15003_001E,B15003_002E,B15003_004E,B15003_005E,B15003_006E,B15003_007E,B15003_008E,B15003_009E,B15003_010E,B15003_011E,B15003_012E,B15003_013E,B15003_014E,B15003_015E,B15003_016E,B15003_017E,B15003_018E,B15003_019E,B15003_020E,B15003_021E,B15003_022E,B15003_023E,B15003_024E&for=block%20group:*&in=state:42&in=county:091&in=tract:202000,205600,201608,206703,200602,200603,207104,205401,206105,210300,980300,201607,205700,200200,200105,203106,200103,204010,202302,200906,206704,206005,203302,980000,201800,205000,200708,202401,208904,205501
https://api.census.gov/data/2021/acs/acs5?get=B15003_025E,C17002_001E,C17002_002E,C17002_003E,C17002_004E,C17002_005E,C17002_006E,C17002_007E,C17002_008E,B25046_001E&for=block%20group:*&in=state:42&in=county:091&in=tract:202000,205600,201608,206703,200602,200603,207104,205401,206105,210300,980300,201607,205700,200200,200105,203106,200103,204010,202302,200906,206704,206005,203302,980000,201800,205000,200708,202401,208904,205501


-------------------
Query: [5/6]
--------------------------------

https://api.census.gov/data/2021/acs/acs5?get=B01003_001E,B02001_002E,B02001_003E,B02001_005E,B25003_001E,B25003_002E,B25003_003E,B15003_001E,B15003_002E,B15003_004E,B15003_005E,B15003_006E,B15003_007E,B15003_008E,B15003_009E,B15003_010E,B15003_011E,B15003_012E,B15003_013E,B15003_014E,B15003_015E,B15003_016E,B15003_017E,B15003_018E,B15003_019E,B15003_020E,B15003_021E,B15003_022E,B15003_023E,B15003_024E&for=block%20group:*&in=state:42&in=county:091&in=tract:205808,206006,208903,204800,206801,203403,201407,201604,206106,203402,980200,204007,200106,203207,200306,201006,204009,201705,208802,206300,206107
https://api.census.gov/data/2021/acs/acs5?get=B15003_025E,C17002_001E,C17002_002E,C17002_003E,C17002_004E,C17002_005E,C17002_006E,C17002_007E,C17002_008E,B25046_001E&for=block%20group:*&in=state:42&in=county:091&in=tract:205808,206006,208903,204800,206801,203403,201407,201604,206106,203402,980200,204007,200106,203207,200306,201006,204009,201705,208802,206300,206107


-------------------
Query: [0/5]
--------------------------------

https://api.census.gov/data/2021/acs/acs5?get=B01003_001E,B02001_002E,B02001_003E,B02001_005E,B25003_001E,B25003_002E,B25003_003E,B15003_001E,B15003_002E,B15003_004E,B15003_005E,B15003_006E,B15003_007E,B15003_008E,B15003_009E,B15003_010E,B15003_011E,B15003_012E,B15003_013E,B15003_014E,B15003_015E,B15003_016E,B15003_017E,B15003_018E,B15003_019E,B15003_020E,B15003_021E,B15003_022E,B15003_023E,B15003_024E&for=block%20group:*&in=state:42&in=county:045&in=tract:404600,406902,403502,407404,404103,402200,408001,410800,403701,403103,404400,409100,402800,408500,400802,403702,407805,407902,401302,410306,407202,402900,409904,403001,400301,400900,404003,403104,402400,410000
https://api.census.gov/data/2021/acs/acs5?get=B15003_025E,C17002_001E,C17002_002E,C17002_003E,C17002_004E,C17002_005E,C17002_006E,C17002_007E,C17002_008E,B25046_001E&for=block%20group:*&in=state:42&in=county:045&in=tract:404600,406902,403502,407404,404103,402200,408001,410800,403701,403103,404400,409100,402800,408500,400802,403702,407805,407902,401302,410306,407202,402900,409904,403001,400301,400900,404003,403104,402400,410000


-------------------
Query: [1/5]
--------------------------------

https://api.census.gov/data/2021/acs/acs5?get=B01003_001E,B02001_002E,B02001_003E,B02001_005E,B25003_001E,B25003_002E,B25003_003E,B15003_001E,B15003_002E,B15003_004E,B15003_005E,B15003_006E,B15003_007E,B15003_008E,B15003_009E,B15003_010E,B15003_011E,B15003_012E,B15003_013E,B15003_014E,B15003_015E,B15003_016E,B15003_017E,B15003_018E,B15003_019E,B15003_020E,B15003_021E,B15003_022E,B15003_023E,B15003_024E&for=block%20group:*&in=state:42&in=county:045&in=tract:407700,401200,400401,400801,403200,406804,401503,407804,409903,407102,406202,407600,409300,404300,404004,406401,408800,406600,407803,408101,408102,401402,406903,403402,410500,409701,409500,408103,408600,401700
https://api.census.gov/data/2021/acs/acs5?get=B15003_025E,C17002_001E,C17002_002E,C17002_003E,C17002_004E,C17002_005E,C17002_006E,C17002_007E,C17002_008E,B25046_001E&for=block%20group:*&in=state:42&in=county:045&in=tract:407700,401200,400401,400801,403200,406804,401503,407804,409903,407102,406202,407600,409300,404300,404004,406401,408800,406600,407803,408101,408102,401402,406903,403402,410500,409701,409500,408103,408600,401700


-------------------
Query: [2/5]
--------------------------------

https://api.census.gov/data/2021/acs/acs5?get=B01003_001E,B02001_002E,B02001_003E,B02001_005E,B25003_001E,B25003_002E,B25003_003E,B15003_001E,B15003_002E,B15003_004E,B15003_005E,B15003_006E,B15003_007E,B15003_008E,B15003_009E,B15003_010E,B15003_011E,B15003_012E,B15003_013E,B15003_014E,B15003_015E,B15003_016E,B15003_017E,B15003_018E,B15003_019E,B15003_020E,B15003_021E,B15003_022E,B15003_023E,B15003_024E&for=block%20group:*&in=state:42&in=county:045&in=tract:407201,407901,400402,404101,406805,406300,400302,403601,406904,401000,980100,408900,401103,403401,405200,407000,410304,403300,405300,405000,401101,407801,409200,409804,402300,405100,410305,405400,407802,404800
https://api.census.gov/data/2021/acs/acs5?get=B15003_025E,C17002_001E,C17002_002E,C17002_003E,C17002_004E,C17002_005E,C17002_006E,C17002_007E,C17002_008E,B25046_001E&for=block%20group:*&in=state:42&in=county:045&in=tract:407201,407901,400402,404101,406805,406300,400302,403601,406904,401000,980100,408900,401103,403401,405200,407000,410304,403300,405300,405000,401101,407801,409200,409804,402300,405100,410305,405400,407802,404800


-------------------
Query: [3/5]
--------------------------------

https://api.census.gov/data/2021/acs/acs5?get=B01003_001E,B02001_002E,B02001_003E,B02001_005E,B25003_001E,B25003_002E,B25003_003E,B15003_001E,B15003_002E,B15003_004E,B15003_005E,B15003_006E,B15003_007E,B15003_008E,B15003_009E,B15003_010E,B15003_011E,B15003_012E,B15003_013E,B15003_014E,B15003_015E,B15003_016E,B15003_017E,B15003_018E,B15003_019E,B15003_020E,B15003_021E,B15003_022E,B15003_023E,B15003_024E&for=block%20group:*&in=state:42&in=county:045&in=tract:407501,404900,403901,410303,403501,409602,408300,404102,402600,980300,402700,407502,410102,403101,400500,406700,410101,402100,409000,410200,410700,402500,407401,406402,406100,980000,407903,402000,401104,409601
https://api.census.gov/data/2021/acs/acs5?get=B15003_025E,C17002_001E,C17002_002E,C17002_003E,C17002_004E,C17002_005E,C17002_006E,C17002_007E,C17002_008E,B25046_001E&for=block%20group:*&in=state:42&in=county:045&in=tract:407501,404900,403901,410303,403501,409602,408300,404102,402600,980300,402700,407502,410102,403101,400500,406700,410101,402100,409000,410200,410700,402500,407401,406402,406100,980000,407903,402000,401104,409601


-------------------
Query: [4/5]
--------------------------------

https://api.census.gov/data/2021/acs/acs5?get=B01003_001E,B02001_002E,B02001_003E,B02001_005E,B25003_001E,B25003_002E,B25003_003E,B15003_001E,B15003_002E,B15003_004E,B15003_005E,B15003_006E,B15003_007E,B15003_008E,B15003_009E,B15003_010E,B15003_011E,B15003_012E,B15003_013E,B15003_014E,B15003_015E,B15003_016E,B15003_017E,B15003_018E,B15003_019E,B15003_020E,B15003_021E,B15003_022E,B15003_023E,B15003_024E&for=block%20group:*&in=state:42&in=county:045&in=tract:409902,410601,409400,406801,401401,403902,406802,401303,400600,400700,404700,401900,406201,407101,401800,406500,403800,409803,408002,408700,404500,403002,407806,401502
https://api.census.gov/data/2021/acs/acs5?get=B15003_025E,C17002_001E,C17002_002E,C17002_003E,C17002_004E,C17002_005E,C17002_006E,C17002_007E,C17002_008E,B25046_001E&for=block%20group:*&in=state:42&in=county:045&in=tract:409902,410601,409400,406801,401401,403902,406802,401303,400600,400700,404700,401900,406201,407101,401800,406500,403800,409803,408002,408700,404500,403002,407806,401502


-------------------
Query: [0/3]
--------------------------------

https://api.census.gov/data/2021/acs/acs5?get=B01003_001E,B02001_002E,B02001_003E,B02001_005E,B25003_001E,B25003_002E,B25003_003E,B15003_001E,B15003_002E,B15003_004E,B15003_005E,B15003_006E,B15003_007E,B15003_008E,B15003_009E,B15003_010E,B15003_011E,B15003_012E,B15003_013E,B15003_014E,B15003_015E,B15003_016E,B15003_017E,B15003_018E,B15003_019E,B15003_020E,B15003_021E,B15003_022E,B15003_023E,B15003_024E&for=block%20group:*&in=state:42&in=county:017&in=tract:101808,105507,100600,101603,100408,100303,105812,100105,101605,100807,101403,100213,104702,100900,105801,100201,100700,102104,101404,100401,106100,105203,101807,100407,100805,102600,106202,105811,105807,100211
https://api.census.gov/data/2021/acs/acs5?get=B15003_025E,C17002_001E,C17002_002E,C17002_003E,C17002_004E,C17002_005E,C17002_006E,C17002_007E,C17002_008E,B25046_001E&for=block%20group:*&in=state:42&in=county:017&in=tract:101808,105507,100600,101603,100408,100303,105812,100105,101605,100807,101403,100213,104702,100900,105801,100201,100700,102104,101404,100401,106100,105203,101807,100407,100805,102600,106202,105811,105807,100211


-------------------
Query: [1/3]
--------------------------------

https://api.census.gov/data/2021/acs/acs5?get=B01003_001E,B02001_002E,B02001_003E,B02001_005E,B25003_001E,B25003_002E,B25003_003E,B15003_001E,B15003_002E,B15003_004E,B15003_005E,B15003_006E,B15003_007E,B15003_008E,B15003_009E,B15003_010E,B15003_011E,B15003_012E,B15003_013E,B15003_014E,B15003_015E,B15003_016E,B15003_017E,B15003_018E,B15003_019E,B15003_020E,B15003_021E,B15003_022E,B15003_023E,B15003_024E&for=block%20group:*&in=state:42&in=county:017&in=tract:100103,100210,105300,101609,101504,100214,101809,100406,101611,100206,100104,104701,104603,104703,105702,104203,104601,100304,100803,105202,105900,101401,100307,100207,100500,100208,105809,105805,105808,100403
https://api.census.gov/data/2021/acs/acs5?get=B15003_025E,C17002_001E,C17002_002E,C17002_003E,C17002_004E,C17002_005E,C17002_006E,C17002_007E,C17002_008E,B25046_001E&for=block%20group:*&in=state:42&in=county:017&in=tract:100103,100210,105300,101609,101504,100214,101809,100406,101611,100206,100104,104701,104603,104703,105702,104203,104601,100304,100803,105202,105900,101401,100307,100207,100500,100208,105809,105805,105808,100403


-------------------
Query: [2/3]
--------------------------------

https://api.census.gov/data/2021/acs/acs5?get=B01003_001E,B02001_002E,B02001_003E,B02001_005E,B25003_001E,B25003_002E,B25003_003E,B15003_001E,B15003_002E,B15003_004E,B15003_005E,B15003_006E,B15003_007E,B15003_008E,B15003_009E,B15003_010E,B15003_011E,B15003_012E,B15003_013E,B15003_014E,B15003_015E,B15003_016E,B15003_017E,B15003_018E,B15003_019E,B15003_020E,B15003_021E,B15003_022E,B15003_023E,B15003_024E&for=block%20group:*&in=state:42&in=county:017&in=tract:100808,100102,100402,101100,100302,100404,104604,102700,100306,106000,101503,100212,100811,104503,105704,101405,101810,105206
https://api.census.gov/data/2021/acs/acs5?get=B15003_025E,C17002_001E,C17002_002E,C17002_003E,C17002_004E,C17002_005E,C17002_006E,C17002_007E,C17002_008E,B25046_001E&for=block%20group:*&in=state:42&in=county:017&in=tract:100808,100102,100402,101100,100302,100404,104604,102700,100306,106000,101503,100212,100811,104503,105704,101405,101810,105206


-------------------
Query: [0/2]
--------------------------------

https://api.census.gov/data/2021/acs/acs5?get=B01003_001E,B02001_002E,B02001_003E,B02001_005E,B25003_001E,B25003_002E,B25003_003E,B15003_001E,B15003_002E,B15003_004E,B15003_005E,B15003_006E,B15003_007E,B15003_008E,B15003_009E,B15003_010E,B15003_011E,B15003_012E,B15003_013E,B15003_014E,B15003_015E,B15003_016E,B15003_017E,B15003_018E,B15003_019E,B15003_020E,B15003_021E,B15003_022E,B15003_023E,B15003_024E&for=block%20group:*&in=state:42&in=county:029&in=tract:302205,300107,302600,302400,302103,300106,300104,302207,300800,311401,300301,302901,302705,300600,302704,302102,301002,302706,304403,304000,300101,300700,300502,305700,302702,304101,300302,980000,304406,302802
https://api.census.gov/data/2021/acs/acs5?get=B15003_025E,C17002_001E,C17002_002E,C17002_003E,C17002_004E,C17002_005E,C17002_006E,C17002_007E,C17002_008E,B25046_001E&for=block%20group:*&in=state:42&in=county:029&in=tract:302205,300107,302600,302400,302103,300106,300104,302207,300800,311401,300301,302901,302705,300600,302704,302102,301002,302706,304403,304000,300101,300700,300502,305700,302702,304101,300302,980000,304406,302802


-------------------
Query: [1/2]
--------------------------------

https://api.census.gov/data/2021/acs/acs5?get=B01003_001E,B02001_002E,B02001_003E,B02001_005E,B25003_001E,B25003_002E,B25003_003E,B15003_001E,B15003_002E,B15003_004E,B15003_005E,B15003_006E,B15003_007E,B15003_008E,B15003_009E,B15003_010E,B15003_011E,B15003_012E,B15003_013E,B15003_014E,B15003_015E,B15003_016E,B15003_017E,B15003_018E,B15003_019E,B15003_020E,B15003_021E,B15003_022E,B15003_023E,B15003_024E&for=block%20group:*&in=state:42&in=county:029&in=tract:304405,305500,302806,302204,300900,302000,305400,302703,302500,311000,302206,304102,302807,300501,300303,300108,303000,305600,300103,302203,301100,300201,300400,302300,304404,304201,302104
https://api.census.gov/data/2021/acs/acs5?get=B15003_025E,C17002_001E,C17002_002E,C17002_003E,C17002_004E,C17002_005E,C17002_006E,C17002_007E,C17002_008E,B25046_001E&for=block%20group:*&in=state:42&in=county:029&in=tract:304405,305500,302806,302204,300900,302000,305400,302703,302500,311000,302206,304102,302807,300501,300303,300108,303000,305600,300103,302203,301100,300201,300400,302300,304404,304201,302104


-------------------
Query: [0/1]
--------------------------------

https://api.census.gov/data/2021/acs/acs5?get=B01003_001E,B02001_002E,B02001_003E,B02001_005E,B25003_001E,B25003_002E,B25003_003E,B15003_001E,B15003_002E,B15003_004E,B15003_005E,B15003_006E,B15003_007E,B15003_008E,B15003_009E,B15003_010E,B15003_011E,B15003_012E,B15003_013E,B15003_014E,B15003_015E,B15003_016E,B15003_017E,B15003_018E,B15003_019E,B15003_020E,B15003_021E,B15003_022E,B15003_023E,B15003_024E&for=block%20group:*&in=state:34&in=county:021&in=tract:001000,000900
https://api.census.gov/data/2021/acs/acs5?get=B15003_025E,C17002_001E,C17002_002E,C17002_003E,C17002_004E,C17002_005E,C17002_006E,C17002_007E,C17002_008E,B25046_001E&for=block%20group:*&in=state:34&in=county:021&in=tract:001000,000900


-------------------
Query: [0/1]
--------------------------------

https://api.census.gov/data/2021/acs/acs5?get=B01003_001E,B02001_002E,B02001_003E,B02001_005E,B25003_001E,B25003_002E,B25003_003E,B15003_001E,B15003_002E,B15003_004E,B15003_005E,B15003_006E,B15003_007E,B15003_008E,B15003_009E,B15003_010E,B15003_011E,B15003_012E,B15003_013E,B15003_014E,B15003_015E,B15003_016E,B15003_017E,B15003_018E,B15003_019E,B15003_020E,B15003_021E,B15003_022E,B15003_023E,B15003_024E&for=block%20group:*&in=state:10&in=county:003&in=tract:010106,010105
https://api.census.gov/data/2021/acs/acs5?get=B15003_025E,C17002_001E,C17002_002E,C17002_003E,C17002_004E,C17002_005E,C17002_006E,C17002_007E,C17002_008E,B25046_001E&for=block%20group:*&in=state:10&in=county:003&in=tract:010106,010105

Step 3: Adding Delay Data

Step 4: Linking Routes
Saved to datasets/philadelphia_delay
