Current best: 116.37017782523124
original valid: True
original total time: 272316.75669861125
On route LOWL, replaced stop 16938 Woodside Ave & Portola Dr with 14311 Castro St & 16th St in radius 3200
Current best: 113.5296251692772
improved valid: True
improved total time: 272894.83095647994
On route 66, replaced stop 14860 Lawton St & Lomita Ave with 15951 Park Presidio Blvd & Fulton St in radius 1600
Current best: 111.52299019715973
improved valid: True
improved total time: 273163.1620206815
On route 35, replaced stop 14444 Douglass St & Alvarado St with 16993 Forest Hill Station Outbound in radius 3200
Current best: 100.38774498081487
improved valid: True
improved total time: 273462.2346415476
On route 8AX decreased frequency by 5
Current best: 109.49721623085917
improved valid: True
improved total time: 271486.4278696901
On route 18 decreased frequency by 5
Current best: 116.89369848702826
improved valid: True
improved total time: 270952.433843953
On route 25 decreased frequency by 5
Current best: 113.19231677636017
improved valid: True
improved total time: 270411.7702954391
On route 54, added stop 14201 Crescent Ave & Putnam St in radius 800
Current best: 108.14929485616638
improved valid: True
improved total time: 270758.1892980804
On route 14R, added stop 14649 Foerster St & Flood Ave in radius 800
Current best: 104.19986381264083
improved valid: True
improved total time: 271239.7633028789
On route F, added stop 14120 Columbus Ave & Union St in radius 3200
Current best: 109.54095040591682
improved valid: True
improved total time: 271554.80906624027
On route 8AX, added stop 14101 Columbus Ave & Broadway in radius 3200
Current best: 94.7878990484209
improved valid: True
improved total time: 271951.3327118169
On route 54, added stop 15781 Ocean Ave/Balboa Park BART Station in radius 3200
Current best: 81.52071107991581
improved valid: True
improved total time: 272504.4666673627
On route LOWL, added stop 16952 Winston Dr & Buckingham Way in radius 800
Current best: 80.90728930011483
improved valid: True
improved total time: 272990.03748722014
148.82148157124206,138.60902997594442,126.20772159961233,113.5296251692772,111.52299019715973,135.6444519316189,116.03498233345574,100.38774498081487,138.2437021531947,128.27192461471907,153.09433383447356,117.95274534584625,126.07433405878447,125.16065588068116,121.65869702005267,130.47339306200305,152.24213938565248,134.42369398091125,117.2084767449654,139.75169027595877,114.18612866556174,159.86407188531797,133.0862320928686,126.08150201077969,152.04504758147215,141.5522965863304,134.14686359618347,120.45443443199468,111.37408477370785,146.3467134883951,145.3152463351018,180.39295855783536,120.67238881478762,124.33360696271069,129.4758467376426,136.06240503601742,138.4382119800825,135.62796841501847,122.8263441129326,142.66023631637756,126.80395563484922,145.6385450534592,101.8355217342718,143.50471058703127,133.82438223750088,109.49721623085917,116.89369848702826,152.9793263674472,129.42014190766875,122.4851258346981,113.19231677636017,142.96172246660996,108.14929485616638,104.19986381264083,117.24638561503812,115.72826996297701,129.78383468568518,122.75681749987551,139.89048017020693,119.64000321216632,122.08669883740494,149.83467219814128,126.06443556490015,143.211668828011,111.84206297216778,112.28351221344386,126.29612746584358,169.15633433165027,135.22210376176594,113.90597272938409,144.47583282041708,126.38990735204874,116.65808651579157,128.73857781606213,117.51481367307208,126.84166134779085,115.63254578868977,106.8133836409391,119.02248175462066,127.4378535965952,163.8860667749611,172.67790925020293,143.7065875705024,133.51052926450674,126.31762024634972,134.95570908092117,109.54095040591682,113.0329173619536,121.14669872052734,94.7878990484209,114.70811122383894,130.0129663213231,123.84839023373605,121.57970730299843,108.56634565737383,139.47292465829958,144.614257606618,117.66438009575953,106.47621857004864,147.87780840985008,138.64725745952882,119.46118786615564,146.48427650265782,108.51251896928252,81.52071107991581,133.43556441710436,112.42903086443728,110.56541974669493,139.67262732944138,125.01330980818922,104.8538510198516,113.93518467155914,150.2054505141707,123.93907456389803,120.12039690412172,118.6093036751609,149.4709579800138,125.62115982814112,123.48646263535554,117.69455969666014,131.11660952227743,138.5800027221013,121.24282191964367,145.7035338174624,148.23712194650318,130.57963808534817,141.02182543325205,102.92002740052254,124.59465954025383,124.0483271915482,129.99015763997514,124.76011243787164,166.9066651037592,130.31304010443594,116.41516225376235,101.68223267365842,105.90647660943704,136.0430018257759,114.12189890982437,138.9097809274163,111.93174329013893,123.40368186987698,135.04891160882534,128.50207379414405,127.00014238456114,123.8303544241913,137.64729486052673,115.75856165511938,107.14526110566909,118.60714312821864,96.61585518966886,102.55990774798126,112.00722047696576,118.63525115259569,109.8937092439374,110.65853938300187,154.5815737678188,123.08094610170184,129.84160517303536,135.41602450646243,125.29584079214402,139.0764436493211,80.90728930011483,140.1055234025937,98.78245514940123,116.88539228227813,137.41898916004604,94.54289562042254,125.96062337539334,104.18600198381117,117.79147464894267,92.25379084991089,123.94663197025918,97.12102626011269,115.34421535631506,127.97828720990623,136.95695735358592,82.77972950977504,97.26110334020132,119.22826906868042,104.50286192516286,120.51876202293315,108.01408657563216,128.94922839378717,122.96831386096383,117.66294394303756,131.5787768550068,158.09971874940373,153.17189938867813,149.8632536985936,87.80551166173755,136.01790949379568,106.71020893620958,125.97841494501048,129.19305223184094,129.42043486897887,134.03752668780814,133.17682111978314,115.8266599720543,100.782534101968
272316.75669861125,272316.75669861125,272316.75669861125,272316.75669861125,272894.83095647994,273163.1620206815,273163.1620206815,273163.1620206815,273462.2346415476,273462.2346415476,273462.2346415476,273462.2346415476,273462.2346415476,273462.2346415476,273462.2346415476,273462.2346415476,273462.2346415476,273462.2346415476,273462.2346415476,273462.2346415476,273462.2346415476,273462.2346415476,273462.2346415476,273462.2346415476,273462.2346415476,273462.2346415476,273462.2346415476,273462.2346415476,273462.2346415476,273462.2346415476,273462.2346415476,273462.2346415476,273462.2346415476,273462.2346415476,273462.2346415476,273462.2346415476,273462.2346415476,273462.2346415476,273462.2346415476,273462.2346415476,273462.2346415476,273462.2346415476,273462.2346415476,273462.2346415476,273462.2346415476,273462.2346415476,271486.4278696901,270952.433843953,270952.433843953,270952.433843953,270952.433843953,270411.7702954391,270411.7702954391,270758.1892980804,271239.7633028789,271239.7633028789,271239.7633028789,271239.7633028789,271239.7633028789,271239.7633028789,271239.7633028789,271239.7633028789,271239.7633028789,271239.7633028789,271239.7633028789,271239.7633028789,271239.7633028789,271239.7633028789,271239.7633028789,271239.7633028789,271239.7633028789,271239.7633028789,271239.7633028789,271239.7633028789,271239.7633028789,271239.7633028789,271239.7633028789,271239.7633028789,271239.7633028789,271239.7633028789,271239.7633028789,271239.7633028789,271239.7633028789,271239.7633028789,271239.7633028789,271239.7633028789,271239.7633028789,271554.80906624027,271554.80906624027,271554.80906624027,271951.3327118169,271951.3327118169,271951.3327118169,271951.3327118169,271951.3327118169,271951.3327118169,271951.3327118169,271951.3327118169,271951.3327118169,271951.3327118169,271951.3327118169,271951.3327118169,271951.3327118169,271951.3327118169,271951.3327118169,272504.4666673627,272504.4666673627,272504.4666673627,272504.4666673627,272504.4666673627,272504.4666673627,272504.4666673627,272504.4666673627,272504.4666673627,272504.4666673627,272504.4666673627,272504.4666673627,272504.4666673627,272504.4666673627,272504.4666673627,272504.4666673627,272504.4666673627,272504.4666673627,272504.4666673627,272504.4666673627,272504.4666673627,272504.4666673627,272504.4666673627,272504.4666673627,272504.4666673627,272504.4666673627,272504.4666673627,272504.4666673627,272504.4666673627,272504.4666673627,272504.4666673627,272504.4666673627,272504.4666673627,272504.4666673627,272504.4666673627,272504.4666673627,272504.4666673627,272504.4666673627,272504.4666673627,272504.4666673627,272504.4666673627,272504.4666673627,272504.4666673627,272504.4666673627,272504.4666673627,272504.4666673627,272504.4666673627,272504.4666673627,272504.4666673627,272504.4666673627,272504.4666673627,272504.4666673627,272504.4666673627,272504.4666673627,272504.4666673627,272504.4666673627,272504.4666673627,272504.4666673627,272990.03748722014,272990.03748722014,272990.03748722014,272990.03748722014,272990.03748722014,272990.03748722014,272990.03748722014,272990.03748722014,272990.03748722014,272990.03748722014,272990.03748722014,272990.03748722014,272990.03748722014,272990.03748722014,272990.03748722014,272990.03748722014,272990.03748722014,272990.03748722014,272990.03748722014,272990.03748722014,272990.03748722014,272990.03748722014,272990.03748722014,272990.03748722014,272990.03748722014,272990.03748722014,272990.03748722014,272990.03748722014,272990.03748722014,272990.03748722014,272990.03748722014,272990.03748722014,272990.03748722014,272990.03748722014,272990.03748722014,272990.03748722014,272990.03748722014
Improvement: -15.587643723263241
