
Step 1: Downloading OSM Data
Performing OSM Query: node["amenity"="hospital"](29.900683,-90.27361,30.071972,-89.907013);
Performing OSM Query: node["shop"="supermarket"](29.900683,-90.27361,30.071972,-89.907013);
Performing OSM Query: node["leisure"="park"](29.900683,-90.27361,30.071972,-89.907013);
Performing OSM Query: node["amenity"="bar"](29.900683,-90.27361,30.071972,-89.907013);
Performing OSM Query: node["amenity"="place_of_worship"](29.900683,-90.27361,30.071972,-89.907013);
Performing OSM Query: node["brand"="McDonald's"](29.900683,-90.27361,30.071972,-89.907013);
Performing OSM Query: node["brand"="Starbucks"](29.900683,-90.27361,30.071972,-89.907013);
joining data for: hospital
joining data for: grocery
joining data for: park
joining data for: bar
joining data for: worship
joining data for: mcdonalds
joining data for: starbucks

Step 2: Adding Census Data


-------------------
Query: [0/6]
--------------------------------

https://api.census.gov/data/2021/acs/acs5?get=B01003_001E,B02001_002E,B02001_003E,B02001_005E,B25003_001E,B25003_002E,B25003_003E,B15003_001E,B15003_002E,B15003_004E,B15003_005E,B15003_006E,B15003_007E,B15003_008E,B15003_009E,B15003_010E,B15003_011E,B15003_012E,B15003_013E,B15003_014E,B15003_015E,B15003_016E,B15003_017E,B15003_018E,B15003_019E,B15003_020E,B15003_021E,B15003_022E,B15003_023E,B15003_024E&for=block%20group:*&in=state:22&in=county:071&in=tract:000616,009700,006500,014400,007604,008600,007200,001702,001736,004900,000607,007800,001749,004500,000618,001745,000400,002501,008800,007502,013600,003800,004000,000620,001758,000605,001747,000200,001402,001757
https://api.census.gov/data/2021/acs/acs5?get=B15003_025E,C17002_001E,C17002_002E,C17002_003E,C17002_004E,C17002_005E,C17002_006E,C17002_007E,C17002_008E,B25046_001E&for=block%20group:*&in=state:22&in=county:071&in=tract:000616,009700,006500,014400,007604,008600,007200,001702,001736,004900,000607,007800,001749,004500,000618,001745,000400,002501,008800,007502,013600,003800,004000,000620,001758,000605,001747,000200,001402,001757


-------------------
Query: [1/6]
--------------------------------

https://api.census.gov/data/2021/acs/acs5?get=B01003_001E,B02001_002E,B02001_003E,B02001_005E,B25003_001E,B25003_002E,B25003_003E,B15003_001E,B15003_002E,B15003_004E,B15003_005E,B15003_006E,B15003_007E,B15003_008E,B15003_009E,B15003_010E,B15003_011E,B15003_012E,B15003_013E,B15003_014E,B15003_015E,B15003_016E,B15003_017E,B15003_018E,B15003_019E,B15003_020E,B15003_021E,B15003_022E,B15003_023E,B15003_024E&for=block%20group:*&in=state:22&in=county:071&in=tract:001301,010100,011900,009100,011700,000617,010300,013702,003702,009400,004402,001900,001751,001100,002700,012800,002402,000615,001500,005400,007607,001753,002502,013000,006000,005602,003900,012600,001748,011600
https://api.census.gov/data/2021/acs/acs5?get=B15003_025E,C17002_001E,C17002_002E,C17002_003E,C17002_004E,C17002_005E,C17002_006E,C17002_007E,C17002_008E,B25046_001E&for=block%20group:*&in=state:22&in=county:071&in=tract:001301,010100,011900,009100,011700,000617,010300,013702,003702,009400,004402,001900,001751,001100,002700,012800,002402,000615,001500,005400,007607,001753,002502,013000,006000,005602,003900,012600,001748,011600


-------------------
Query: [2/6]
--------------------------------

https://api.census.gov/data/2021/acs/acs5?get=B01003_001E,B02001_002E,B02001_003E,B02001_005E,B25003_001E,B25003_002E,B25003_003E,B15003_001E,B15003_002E,B15003_004E,B15003_005E,B15003_006E,B15003_007E,B15003_008E,B15003_009E,B15003_010E,B15003_011E,B15003_012E,B15003_013E,B15003_014E,B15003_015E,B15003_016E,B15003_017E,B15003_018E,B15003_019E,B15003_020E,B15003_021E,B15003_022E,B15003_023E,B15003_024E&for=block%20group:*&in=state:22&in=county:071&in=tract:000702,010600,000300,006300,012700,014000,013502,003302,000601,001744,001737,013501,006900,008500,001743,002504,003000,001750,012000,001401,014500,980000,002300,001800,001739,002900,013100,000602,007101,009200
https://api.census.gov/data/2021/acs/acs5?get=B15003_025E,C17002_001E,C17002_002E,C17002_003E,C17002_004E,C17002_005E,C17002_006E,C17002_007E,C17002_008E,B25046_001E&for=block%20group:*&in=state:22&in=county:071&in=tract:000702,010600,000300,006300,012700,014000,013502,003302,000601,001744,001737,013501,006900,008500,001743,002504,003000,001750,012000,001401,014500,980000,002300,001800,001739,002900,013100,000602,007101,009200


-------------------
Query: [3/6]
--------------------------------

https://api.census.gov/data/2021/acs/acs5?get=B01003_001E,B02001_002E,B02001_003E,B02001_005E,B25003_001E,B25003_002E,B25003_003E,B15003_001E,B15003_002E,B15003_004E,B15003_005E,B15003_006E,B15003_007E,B15003_008E,B15003_009E,B15003_010E,B15003_011E,B15003_012E,B15003_013E,B15003_014E,B15003_015E,B15003_016E,B15003_017E,B15003_018E,B15003_019E,B15003_020E,B15003_021E,B15003_022E,B15003_023E,B15003_024E&for=block%20group:*&in=state:22&in=county:071&in=tract:012900,002503,000902,011500,012500,007000,004401,001723,006400,001746,002000,007608,003304,005500,014102,013900,013301,003400,007605,005000,003308,002200,001200,000603,011200,000611,007501,010900,003100,000901
https://api.census.gov/data/2021/acs/acs5?get=B15003_025E,C17002_001E,C17002_002E,C17002_003E,C17002_004E,C17002_005E,C17002_006E,C17002_007E,C17002_008E,B25046_001E&for=block%20group:*&in=state:22&in=county:071&in=tract:012900,002503,000902,011500,012500,007000,004401,001723,006400,001746,002000,007608,003304,005500,014102,013900,013301,003400,007605,005000,003308,002200,001200,000603,011200,000611,007501,010900,003100,000901


-------------------
Query: [4/6]
--------------------------------

https://api.census.gov/data/2021/acs/acs5?get=B01003_001E,B02001_002E,B02001_003E,B02001_005E,B25003_001E,B25003_002E,B25003_003E,B15003_001E,B15003_002E,B15003_004E,B15003_005E,B15003_006E,B15003_007E,B15003_008E,B15003_009E,B15003_010E,B15003_011E,B15003_012E,B15003_013E,B15003_014E,B15003_015E,B15003_016E,B15003_017E,B15003_018E,B15003_019E,B15003_020E,B15003_021E,B15003_022E,B15003_023E,B15003_024E&for=block%20group:*&in=state:22&in=county:071&in=tract:002401,008200,011400,003701,001754,000903,003301,001741,001740,002600,002800,001756,013701,008300,014101,000619,013800,013200,004600,001701,003500,000604,000606,003600,004800,003307,000800,000100,004100,010200
https://api.census.gov/data/2021/acs/acs5?get=B15003_025E,C17002_001E,C17002_002E,C17002_003E,C17002_004E,C17002_005E,C17002_006E,C17002_007E,C17002_008E,B25046_001E&for=block%20group:*&in=state:22&in=county:071&in=tract:002401,008200,011400,003701,001754,000903,003301,001741,001740,002600,002800,001756,013701,008300,014101,000619,013800,013200,004600,001701,003500,000604,000606,003600,004800,003307,000800,000100,004100,010200


-------------------
Query: [5/6]
--------------------------------

https://api.census.gov/data/2021/acs/acs5?get=B01003_001E,B02001_002E,B02001_003E,B02001_005E,B25003_001E,B25003_002E,B25003_003E,B15003_001E,B15003_002E,B15003_004E,B15003_005E,B15003_006E,B15003_007E,B15003_008E,B15003_009E,B15003_010E,B15003_011E,B15003_012E,B15003_013E,B15003_014E,B15003_015E,B15003_016E,B15003_017E,B15003_018E,B15003_019E,B15003_020E,B15003_021E,B15003_022E,B15003_023E,B15003_024E&for=block%20group:*&in=state:22&in=county:071&in=tract:001724,014200,005604,000701,013400,012300,009900,002100,009600,011100,001720,012102,008400,000904,013302,010000,003303,009000,001755,010700,012200,980100,001752,010800,012101,014300
https://api.census.gov/data/2021/acs/acs5?get=B15003_025E,C17002_001E,C17002_002E,C17002_003E,C17002_004E,C17002_005E,C17002_006E,C17002_007E,C17002_008E,B25046_001E&for=block%20group:*&in=state:22&in=county:071&in=tract:001724,014200,005604,000701,013400,012300,009900,002100,009600,011100,001720,012102,008400,000904,013302,010000,003303,009000,001755,010700,012200,980100,001752,010800,012101,014300


-------------------
Query: [0/1]
--------------------------------

https://api.census.gov/data/2021/acs/acs5?get=B01003_001E,B02001_002E,B02001_003E,B02001_005E,B25003_001E,B25003_002E,B25003_003E,B15003_001E,B15003_002E,B15003_004E,B15003_005E,B15003_006E,B15003_007E,B15003_008E,B15003_009E,B15003_010E,B15003_011E,B15003_012E,B15003_013E,B15003_014E,B15003_015E,B15003_016E,B15003_017E,B15003_018E,B15003_019E,B15003_020E,B15003_021E,B15003_022E,B15003_023E,B15003_024E&for=block%20group:*&in=state:22&in=county:051&in=tract:020506,024601,021000,020517,021100,025700,020505,025201,024300,024700,020518,024202,020516,020519,021200,028300,020513,020600,028600,024900,020512,020515,025300,020502,980000
https://api.census.gov/data/2021/acs/acs5?get=B15003_025E,C17002_001E,C17002_002E,C17002_003E,C17002_004E,C17002_005E,C17002_006E,C17002_007E,C17002_008E,B25046_001E&for=block%20group:*&in=state:22&in=county:051&in=tract:020506,024601,021000,020517,021100,025700,020505,025201,024300,024700,020518,024202,020516,020519,021200,028300,020513,020600,028600,024900,020512,020515,025300,020502,980000


-------------------
Query: [0/1]
--------------------------------

https://api.census.gov/data/2021/acs/acs5?get=B01003_001E,B02001_002E,B02001_003E,B02001_005E,B25003_001E,B25003_002E,B25003_003E,B15003_001E,B15003_002E,B15003_004E,B15003_005E,B15003_006E,B15003_007E,B15003_008E,B15003_009E,B15003_010E,B15003_011E,B15003_012E,B15003_013E,B15003_014E,B15003_015E,B15003_016E,B15003_017E,B15003_018E,B15003_019E,B15003_020E,B15003_021E,B15003_022E,B15003_023E,B15003_024E&for=block%20group:*&in=state:22&in=county:087&in=tract:030800,030400,030603,030300,030601,030700,030602,030500
https://api.census.gov/data/2021/acs/acs5?get=B15003_025E,C17002_001E,C17002_002E,C17002_003E,C17002_004E,C17002_005E,C17002_006E,C17002_007E,C17002_008E,B25046_001E&for=block%20group:*&in=state:22&in=county:087&in=tract:030800,030400,030603,030300,030601,030700,030602,030500

Step 4: Linking Routes
Saved to datasets/new_orleans
