
Step 1: Downloading OSM Data
Performing OSM Query: node["amenity"="hospital"](24.71614,-81.075723,26.123095,-80.12016);
Performing OSM Query: node["shop"="supermarket"](24.71614,-81.075723,26.123095,-80.12016);
Performing OSM Query: node["leisure"="park"](24.71614,-81.075723,26.123095,-80.12016);
Performing OSM Query: node["amenity"="bar"](24.71614,-81.075723,26.123095,-80.12016);
Performing OSM Query: node["amenity"="place_of_worship"](24.71614,-81.075723,26.123095,-80.12016);
Performing OSM Query: node["brand"="McDonald's"](24.71614,-81.075723,26.123095,-80.12016);
Performing OSM Query: node["brand"="Starbucks"](24.71614,-81.075723,26.123095,-80.12016);
joining data for: hospital
joining data for: grocery
joining data for: park
joining data for: bar
joining data for: worship
joining data for: mcdonalds
joining data for: starbucks

Step 2: Adding Census Data


-------------------
Query: [0/23]
--------------------------------

https://api.census.gov/data/2021/acs/acs5?get=B01003_001E,B02001_002E,B02001_003E,B02001_005E,B25003_001E,B25003_002E,B25003_003E,B15003_001E,B15003_002E,B15003_004E,B15003_005E,B15003_006E,B15003_007E,B15003_008E,B15003_009E,B15003_010E,B15003_011E,B15003_012E,B15003_013E,B15003_014E,B15003_015E,B15003_016E,B15003_017E,B15003_018E,B15003_019E,B15003_020E,B15003_021E,B15003_022E,B15003_023E,B15003_024E&for=block%20group:*&in=state:12&in=county:086&in=tract:000226,000505,000402,009504,010708,009905,001607,004208,003913,008308,009316,009065,009029,008431,008209,008202,009058,018300,012002,009326,006503,011301,000124,007101,006705,012200,008703,008207,010026,004404
https://api.census.gov/data/2021/acs/acs5?get=B15003_025E,C17002_001E,C17002_002E,C17002_003E,C17002_004E,C17002_005E,C17002_006E,C17002_007E,C17002_008E,B25046_001E&for=block%20group:*&in=state:12&in=county:086&in=tract:000226,000505,000402,009504,010708,009905,001607,004208,003913,008308,009316,009065,009029,008431,008209,008202,009058,018300,012002,009326,006503,011301,000124,007101,006705,012200,008703,008207,010026,004404


-------------------
Query: [1/23]
--------------------------------

https://api.census.gov/data/2021/acs/acs5?get=B01003_001E,B02001_002E,B02001_003E,B02001_005E,B25003_001E,B25003_002E,B25003_003E,B15003_001E,B15003_002E,B15003_004E,B15003_005E,B15003_006E,B15003_007E,B15003_008E,B15003_009E,B15003_010E,B15003_011E,B15003_012E,B15003_013E,B15003_014E,B15003_015E,B15003_016E,B15003_017E,B15003_018E,B15003_019E,B15003_020E,B15003_021E,B15003_022E,B15003_023E,B15003_024E&for=block%20group:*&in=state:12&in=county:086&in=tract:004608,011203,010623,000508,005202,000509,010024,017500,009809,008910,011106,010010,006205,010804,001205,004403,001603,980200,000132,007006,016000,009804,000710,011009,006303,004607,013400,010198,000711,009031
https://api.census.gov/data/2021/acs/acs5?get=B15003_025E,C17002_001E,C17002_002E,C17002_003E,C17002_004E,C17002_005E,C17002_006E,C17002_007E,C17002_008E,B25046_001E&for=block%20group:*&in=state:12&in=county:086&in=tract:004608,011203,010623,000508,005202,000509,010024,017500,009809,008910,011106,010010,006205,010804,001205,004403,001603,980200,000132,007006,016000,009804,000710,011009,006303,004607,013400,010198,000711,009031


-------------------
Query: [2/23]
--------------------------------

https://api.census.gov/data/2021/acs/acs5?get=B01003_001E,B02001_002E,B02001_003E,B02001_005E,B25003_001E,B25003_002E,B25003_003E,B15003_001E,B15003_002E,B15003_004E,B15003_005E,B15003_006E,B15003_007E,B15003_008E,B15003_009E,B15003_010E,B15003_011E,B15003_012E,B15003_013E,B15003_014E,B15003_015E,B15003_016E,B15003_017E,B15003_018E,B15003_019E,B15003_020E,B15003_021E,B15003_022E,B15003_023E,B15003_024E&for=block%20group:*&in=state:12&in=county:086&in=tract:004904,011105,008907,009024,008421,003100,016100,019200,010609,009908,004304,020300,001803,000607,009319,008805,001206,005806,001008,012103,020002,000601,018002,000220,490100,009321,008000,008425,000311,011014
https://api.census.gov/data/2021/acs/acs5?get=B15003_025E,C17002_001E,C17002_002E,C17002_003E,C17002_004E,C17002_005E,C17002_006E,C17002_007E,C17002_008E,B25046_001E&for=block%20group:*&in=state:12&in=county:086&in=tract:004904,011105,008907,009024,008421,003100,016100,019200,010609,009908,004304,020300,001803,000607,009319,008805,001206,005806,001008,012103,020002,000601,018002,000220,490100,009321,008000,008425,000311,011014


-------------------
Query: [3/23]
--------------------------------

https://api.census.gov/data/2021/acs/acs5?get=B01003_001E,B02001_002E,B02001_003E,B02001_005E,B25003_001E,B25003_002E,B25003_003E,B15003_001E,B15003_002E,B15003_004E,B15003_005E,B15003_006E,B15003_007E,B15003_008E,B15003_009E,B15003_010E,B15003_011E,B15003_012E,B15003_013E,B15003_014E,B15003_015E,B15003_016E,B15003_017E,B15003_018E,B15003_019E,B15003_020E,B15003_021E,B15003_022E,B15003_023E,B15003_024E&for=block%20group:*&in=state:12&in=county:086&in=tract:001204,001208,001502,001903,010501,009030,000213,019100,000507,003705,002707,002404,008807,011104,005701,000312,009325,009101,007709,006706,000411,000805,006206,007610,017901,008415,010023,015700,980800,001801
https://api.census.gov/data/2021/acs/acs5?get=B15003_025E,C17002_001E,C17002_002E,C17002_003E,C17002_004E,C17002_005E,C17002_006E,C17002_007E,C17002_008E,B25046_001E&for=block%20group:*&in=state:12&in=county:086&in=tract:001204,001208,001502,001903,010501,009030,000213,019100,000507,003705,002707,002404,008807,011104,005701,000312,009325,009101,007709,006706,000411,000805,006206,007610,017901,008415,010023,015700,980800,001801


-------------------
Query: [4/23]
--------------------------------

https://api.census.gov/data/2021/acs/acs5?get=B01003_001E,B02001_002E,B02001_003E,B02001_005E,B25003_001E,B25003_002E,B25003_003E,B15003_001E,B15003_002E,B15003_004E,B15003_005E,B15003_006E,B15003_007E,B15003_008E,B15003_009E,B15003_010E,B15003_011E,B15003_012E,B15003_013E,B15003_014E,B15003_015E,B15003_016E,B15003_017E,B15003_018E,B15003_019E,B15003_020E,B15003_021E,B15003_022E,B15003_023E,B15003_024E&for=block%20group:*&in=state:12&in=county:086&in=tract:015300,000504,009028,010025,005305,008420,003915,013600,011012,000410,001004,010626,000610,011500,003004,017200,000719,009703,000807,000121,010018,010619,019000,012501,004605,003911,009314,009317,015103,000206
https://api.census.gov/data/2021/acs/acs5?get=B15003_025E,C17002_001E,C17002_002E,C17002_003E,C17002_004E,C17002_005E,C17002_006E,C17002_007E,C17002_008E,B25046_001E&for=block%20group:*&in=state:12&in=county:086&in=tract:015300,000504,009028,010025,005305,008420,003915,013600,011012,000410,001004,010626,000610,011500,003004,017200,000719,009703,000807,000121,010018,010619,019000,012501,004605,003911,009314,009317,015103,000206


-------------------
Query: [5/23]
--------------------------------

https://api.census.gov/data/2021/acs/acs5?get=B01003_001E,B02001_002E,B02001_003E,B02001_005E,B25003_001E,B25003_002E,B25003_003E,B15003_001E,B15003_002E,B15003_004E,B15003_005E,B15003_006E,B15003_007E,B15003_008E,B15003_009E,B15003_010E,B15003_011E,B15003_012E,B15003_013E,B15003_014E,B15003_015E,B15003_016E,B15003_017E,B15003_018E,B15003_019E,B15003_020E,B15003_021E,B15003_022E,B15003_023E,B15003_024E&for=block%20group:*&in=state:12&in=county:086&in=tract:012104,000905,008428,001302,000602,004901,009060,001705,014800,004704,018803,006720,011302,004106,018400,011800,007901,010212,005504,019502,005708,011900,006501,019302,006105,007704,003605,009049,004204,006608
https://api.census.gov/data/2021/acs/acs5?get=B15003_025E,C17002_001E,C17002_002E,C17002_003E,C17002_004E,C17002_005E,C17002_006E,C17002_007E,C17002_008E,B25046_001E&for=block%20group:*&in=state:12&in=county:086&in=tract:012104,000905,008428,001302,000602,004901,009060,001705,014800,004704,018803,006720,011302,004106,018400,011800,007901,010212,005504,019502,005708,011900,006501,019302,006105,007704,003605,009049,004204,006608


-------------------
Query: [6/23]
--------------------------------

https://api.census.gov/data/2021/acs/acs5?get=B01003_001E,B02001_002E,B02001_003E,B02001_005E,B25003_001E,B25003_002E,B25003_003E,B15003_001E,B15003_002E,B15003_004E,B15003_005E,B15003_006E,B15003_007E,B15003_008E,B15003_009E,B15003_010E,B15003_011E,B15003_012E,B15003_013E,B15003_014E,B15003_015E,B15003_016E,B15003_017E,B15003_018E,B15003_019E,B15003_020E,B15003_021E,B15003_022E,B15003_023E,B15003_024E&for=block%20group:*&in=state:12&in=county:086&in=tract:018100,008809,003703,004405,018500,017402,006713,010016,016200,002201,003909,005002,000228,016401,014900,003804,005403,004000,010805,003918,006902,006106,003919,005506,010604,009043,000804,016900,006716,012701
https://api.census.gov/data/2021/acs/acs5?get=B15003_025E,C17002_001E,C17002_002E,C17002_003E,C17002_004E,C17002_005E,C17002_006E,C17002_007E,C17002_008E,B25046_001E&for=block%20group:*&in=state:12&in=county:086&in=tract:018100,008809,003703,004405,018500,017402,006713,010016,016200,002201,003909,005002,000228,016401,014900,003804,005403,004000,010805,003918,006902,006106,003919,005506,010604,009043,000804,016900,006716,012701


-------------------
Query: [7/23]
--------------------------------

https://api.census.gov/data/2021/acs/acs5?get=B01003_001E,B02001_002E,B02001_003E,B02001_005E,B25003_001E,B25003_002E,B25003_003E,B15003_001E,B15003_002E,B15003_004E,B15003_005E,B15003_006E,B15003_007E,B15003_008E,B15003_009E,B15003_010E,B15003_011E,B15003_012E,B15003_013E,B15003_014E,B15003_015E,B15003_016E,B15003_017E,B15003_018E,B15003_019E,B15003_020E,B15003_021E,B15003_022E,B15003_023E,B15003_024E&for=block%20group:*&in=state:12&in=county:086&in=tract:006103,012900,013301,011103,009810,001904,008808,000713,017600,004705,000413,015202,000717,015600,002202,004406,008430,004102,000310,009505,001605,000417,018801,006605,005409,014601,008502,000603,010613,012001
https://api.census.gov/data/2021/acs/acs5?get=B15003_025E,C17002_001E,C17002_002E,C17002_003E,C17002_004E,C17002_005E,C17002_006E,C17002_007E,C17002_008E,B25046_001E&for=block%20group:*&in=state:12&in=county:086&in=tract:006103,012900,013301,011103,009810,001904,008808,000713,017600,004705,000413,015202,000717,015600,002202,004406,008430,004102,000310,009505,001605,000417,018801,006605,005409,014601,008502,000603,010613,012001


-------------------
Query: [8/23]
--------------------------------

https://api.census.gov/data/2021/acs/acs5?get=B01003_001E,B02001_002E,B02001_003E,B02001_005E,B25003_001E,B25003_002E,B25003_003E,B15003_001E,B15003_002E,B15003_004E,B15003_005E,B15003_006E,B15003_007E,B15003_008E,B15003_009E,B15003_010E,B15003_011E,B15003_012E,B15003_013E,B15003_014E,B15003_015E,B15003_016E,B15003_017E,B15003_018E,B15003_019E,B15003_020E,B15003_021E,B15003_022E,B15003_023E,B15003_024E&for=block%20group:*&in=state:12&in=county:086&in=tract:009506,006201,002800,008311,007401,009312,003006,003912,000416,003803,003604,007501,000107,010502,005003,000419,009064,008313,006203,010806,002702,003001,000222,000715,007007,002403,009704,005600,012101,008422
https://api.census.gov/data/2021/acs/acs5?get=B15003_025E,C17002_001E,C17002_002E,C17002_003E,C17002_004E,C17002_005E,C17002_006E,C17002_007E,C17002_008E,B25046_001E&for=block%20group:*&in=state:12&in=county:086&in=tract:009506,006201,002800,008311,007401,009312,003006,003912,000416,003803,003604,007501,000107,010502,005003,000419,009064,008313,006203,010806,002702,003001,000222,000715,007007,002403,009704,005600,012101,008422


-------------------
Query: [9/23]
--------------------------------

https://api.census.gov/data/2021/acs/acs5?get=B01003_001E,B02001_002E,B02001_003E,B02001_005E,B25003_001E,B25003_002E,B25003_003E,B15003_001E,B15003_002E,B15003_004E,B15003_005E,B15003_006E,B15003_007E,B15003_008E,B15003_009E,B15003_010E,B15003_011E,B15003_012E,B15003_013E,B15003_014E,B15003_015E,B15003_016E,B15003_017E,B15003_018E,B15003_019E,B15003_020E,B15003_021E,B15003_022E,B15003_023E,B15003_024E&for=block%20group:*&in=state:12&in=county:086&in=tract:000224,009026,001606,005201,015502,006603,009601,000142,007003,018802,011406,004500,020100,010608,016800,006002,003914,009706,018200,007601,008904,008911,010013,004301,007402,018001,009602,000122,008806,009907
https://api.census.gov/data/2021/acs/acs5?get=B15003_025E,C17002_001E,C17002_002E,C17002_003E,C17002_004E,C17002_005E,C17002_006E,C17002_007E,C17002_008E,B25046_001E&for=block%20group:*&in=state:12&in=county:086&in=tract:000224,009026,001606,005201,015502,006603,009601,000142,007003,018802,011406,004500,020100,010608,016800,006002,003914,009706,018200,007601,008904,008911,010013,004301,007402,018001,009602,000122,008806,009907


-------------------
Query: [10/23]
--------------------------------

https://api.census.gov/data/2021/acs/acs5?get=B01003_001E,B02001_002E,B02001_003E,B02001_005E,B25003_001E,B25003_002E,B25003_003E,B15003_001E,B15003_002E,B15003_004E,B15003_005E,B15003_006E,B15003_007E,B15003_008E,B15003_009E,B15003_010E,B15003_011E,B15003_012E,B15003_013E,B15003_014E,B15003_015E,B15003_016E,B15003_017E,B15003_018E,B15003_019E,B15003_020E,B15003_021E,B15003_022E,B15003_023E,B15003_024E&for=block%20group:*&in=state:12&in=county:086&in=tract:008423,009061,006714,009903,009904,000720,010621,008603,000125,006607,000123,009048,011013,005004,003922,009040,980500,006004,980400,013100,009054,009063,007809,003710,006801,018602,001005,008504,006401,008309
https://api.census.gov/data/2021/acs/acs5?get=B15003_025E,C17002_001E,C17002_002E,C17002_003E,C17002_004E,C17002_005E,C17002_006E,C17002_007E,C17002_008E,B25046_001E&for=block%20group:*&in=state:12&in=county:086&in=tract:008423,009061,006714,009903,009904,000720,010621,008603,000125,006607,000123,009048,011013,005004,003922,009040,980500,006004,980400,013100,009054,009063,007809,003710,006801,018602,001005,008504,006401,008309


-------------------
Query: [11/23]
--------------------------------

https://api.census.gov/data/2021/acs/acs5?get=B01003_001E,B02001_002E,B02001_003E,B02001_005E,B25003_001E,B25003_002E,B25003_003E,B15003_001E,B15003_002E,B15003_004E,B15003_005E,B15003_006E,B15003_007E,B15003_008E,B15003_009E,B15003_010E,B15003_011E,B15003_012E,B15003_013E,B15003_014E,B15003_015E,B15003_016E,B15003_017E,B15003_018E,B15003_019E,B15003_020E,B15003_021E,B15003_022E,B15003_023E,B15003_024E&for=block%20group:*&in=state:12&in=county:086&in=tract:002001,008416,019501,005407,000130,007605,001701,009705,008312,005904,005804,010208,004105,009022,006709,980700,008810,000140,008310,006402,009062,014500,008426,001402,004602,005902,016300,007707,000908,019700
https://api.census.gov/data/2021/acs/acs5?get=B15003_025E,C17002_001E,C17002_002E,C17002_003E,C17002_004E,C17002_005E,C17002_006E,C17002_007E,C17002_008E,B25046_001E&for=block%20group:*&in=state:12&in=county:086&in=tract:002001,008416,019501,005407,000130,007605,001701,009705,008312,005904,005804,010208,004105,009022,006709,980700,008810,000140,008310,006402,009062,014500,008426,001402,004602,005902,016300,007707,000908,019700


-------------------
Query: [12/23]
--------------------------------

https://api.census.gov/data/2021/acs/acs5?get=B01003_001E,B02001_002E,B02001_003E,B02001_005E,B25003_001E,B25003_002E,B25003_003E,B15003_001E,B15003_002E,B15003_004E,B15003_005E,B15003_006E,B15003_007E,B15003_008E,B15003_009E,B15003_010E,B15003_011E,B15003_012E,B15003_013E,B15003_014E,B15003_015E,B15003_016E,B15003_017E,B15003_018E,B15003_019E,B15003_020E,B15003_021E,B15003_022E,B15003_023E,B15003_024E&for=block%20group:*&in=state:12&in=county:086&in=tract:006403,014300,001802,000204,015400,009021,011702,010705,000127,008409,000225,000146,000414,003606,008315,007603,002502,016402,003005,001702,016501,010211,018601,010620,006717,000806,019802,005406,017101,000903
https://api.census.gov/data/2021/acs/acs5?get=B15003_025E,C17002_001E,C17002_002E,C17002_003E,C17002_004E,C17002_005E,C17002_006E,C17002_007E,C17002_008E,B25046_001E&for=block%20group:*&in=state:12&in=county:086&in=tract:006403,014300,001802,000204,015400,009021,011702,010705,000127,008409,000225,000146,000414,003606,008315,007603,002502,016402,003005,001702,016501,010211,018601,010620,006717,000806,019802,005406,017101,000903


-------------------
Query: [13/23]
--------------------------------

https://api.census.gov/data/2021/acs/acs5?get=B01003_001E,B02001_002E,B02001_003E,B02001_005E,B25003_001E,B25003_002E,B25003_003E,B15003_001E,B15003_002E,B15003_004E,B15003_005E,B15003_006E,B15003_007E,B15003_008E,B15003_009E,B15003_010E,B15003_011E,B15003_012E,B15003_013E,B15003_014E,B15003_015E,B15003_016E,B15003_017E,B15003_018E,B15003_019E,B15003_020E,B15003_021E,B15003_022E,B15003_023E,B15003_024E&for=block%20group:*&in=state:12&in=county:086&in=tract:005103,008208,002710,000128,007805,018700,009811,000405,000609,010205,011407,005705,003916,003917,008424,007004,020200,011408,010710,981000,013802,009015,008429,010707,005903,019402,010015,002100,005805,015800
https://api.census.gov/data/2021/acs/acs5?get=B15003_025E,C17002_001E,C17002_002E,C17002_003E,C17002_004E,C17002_005E,C17002_006E,C17002_007E,C17002_008E,B25046_001E&for=block%20group:*&in=state:12&in=county:086&in=tract:005103,008208,002710,000128,007805,018700,009811,000405,000609,010205,011407,005705,003916,003917,008424,007004,020200,011408,010710,981000,013802,009015,008429,010707,005903,019402,010015,002100,005805,015800


-------------------
Query: [14/23]
--------------------------------

https://api.census.gov/data/2021/acs/acs5?get=B01003_001E,B02001_002E,B02001_003E,B02001_005E,B25003_001E,B25003_002E,B25003_003E,B15003_001E,B15003_002E,B15003_004E,B15003_005E,B15003_006E,B15003_007E,B15003_008E,B15003_009E,B15003_010E,B15003_011E,B15003_012E,B15003_013E,B15003_014E,B15003_015E,B15003_016E,B15003_017E,B15003_018E,B15003_019E,B15003_020E,B15003_021E,B15003_022E,B15003_023E,B15003_024E&for=block%20group:*&in=state:12&in=county:086&in=tract:003906,014702,001007,000211,010022,015201,009055,008418,007902,018901,009812,013000,009010,000415,005304,000808,012801,008206,000308,001401,012702,006707,011011,009027,005410,010020,013900,001003,009803,002709
https://api.census.gov/data/2021/acs/acs5?get=B15003_025E,C17002_001E,C17002_002E,C17002_003E,C17002_004E,C17002_005E,C17002_006E,C17002_007E,C17002_008E,B25046_001E&for=block%20group:*&in=state:12&in=county:086&in=tract:003906,014702,001007,000211,010022,015201,009055,008418,007902,018901,009812,013000,009010,000415,005304,000808,012801,008206,000308,001401,012702,006707,011011,009027,005410,010020,013900,001003,009803,002709


-------------------
Query: [15/23]
--------------------------------

https://api.census.gov/data/2021/acs/acs5?get=B01003_001E,B02001_002E,B02001_003E,B02001_005E,B25003_001E,B25003_002E,B25003_003E,B15003_001E,B15003_002E,B15003_004E,B15003_005E,B15003_006E,B15003_007E,B15003_008E,B15003_009E,B15003_010E,B15003_011E,B15003_012E,B15003_013E,B15003_014E,B15003_015E,B15003_016E,B15003_017E,B15003_018E,B15003_019E,B15003_020E,B15003_021E,B15003_022E,B15003_023E,B15003_024E&for=block%20group:*&in=state:12&in=county:086&in=tract:009323,009020,015001,009051,003704,001101,010706,000306,000904,000120,004207,012601,000705,010019,020001,010610,014602,015101,000134,000218,015900,004206,000302,000907,006901,019600,007005,008102,019901,009039
https://api.census.gov/data/2021/acs/acs5?get=B15003_025E,C17002_001E,C17002_002E,C17002_003E,C17002_004E,C17002_005E,C17002_006E,C17002_007E,C17002_008E,B25046_001E&for=block%20group:*&in=state:12&in=county:086&in=tract:009323,009020,015001,009051,003704,001101,010706,000306,000904,000120,004207,012601,000705,010019,020001,010610,014602,015101,000134,000218,015900,004206,000302,000907,006901,019600,007005,008102,019901,009039


-------------------
Query: [16/23]
--------------------------------

https://api.census.gov/data/2021/acs/acs5?get=B01003_001E,B02001_002E,B02001_003E,B02001_005E,B25003_001E,B25003_002E,B25003_003E,B15003_001E,B15003_002E,B15003_004E,B15003_005E,B15003_006E,B15003_007E,B15003_008E,B15003_009E,B15003_010E,B15003_011E,B15003_012E,B15003_013E,B15003_014E,B15003_015E,B15003_016E,B15003_017E,B15003_018E,B15003_019E,B15003_020E,B15003_021E,B15003_022E,B15003_023E,B15003_024E&for=block%20group:*&in=state:12&in=county:086&in=tract:005306,000906,010207,005503,007808,006718,005707,001704,008604,017000,009066,018003,000714,006104,016600,011601,011409,000506,009327,011010,001608,010213,007607,002900,009059,004103,009318,007609,016700,009909
https://api.census.gov/data/2021/acs/acs5?get=B15003_025E,C17002_001E,C17002_002E,C17002_003E,C17002_004E,C17002_005E,C17002_006E,C17002_007E,C17002_008E,B25046_001E&for=block%20group:*&in=state:12&in=county:086&in=tract:005306,000906,010207,005503,007808,006718,005707,001704,008604,017000,009066,018003,000714,006104,016600,011601,011409,000506,009327,011010,001608,010213,007607,002900,009059,004103,009318,007609,016700,009909


-------------------
Query: [17/23]
--------------------------------

https://api.census.gov/data/2021/acs/acs5?get=B01003_001E,B02001_002E,B02001_003E,B02001_005E,B25003_001E,B25003_002E,B25003_003E,B15003_001E,B15003_002E,B15003_004E,B15003_005E,B15003_006E,B15003_007E,B15003_008E,B15003_009E,B15003_010E,B15003_011E,B15003_012E,B15003_013E,B15003_014E,B15003_015E,B15003_016E,B15003_017E,B15003_018E,B15003_019E,B15003_020E,B15003_021E,B15003_022E,B15003_023E,B15003_024E&for=block%20group:*&in=state:12&in=county:086&in=tract:001301,011412,009324,000409,005803,009402,009322,014701,000212,011003,003607,014200,007807,002402,003603,000143,007708,013801,013700,007705,000216,015501,007608,008427,004303,010624,000611,003707,010618,009052
https://api.census.gov/data/2021/acs/acs5?get=B15003_025E,C17002_001E,C17002_002E,C17002_003E,C17002_004E,C17002_005E,C17002_006E,C17002_007E,C17002_008E,B25046_001E&for=block%20group:*&in=state:12&in=county:086&in=tract:001301,011412,009324,000409,005803,009402,009322,014701,000212,011003,003607,014200,007807,002402,003603,000143,007708,013801,013700,007705,000216,015501,007608,008427,004303,010624,000611,003707,010618,009052


-------------------
Query: [18/23]
--------------------------------

https://api.census.gov/data/2021/acs/acs5?get=B01003_001E,B02001_002E,B02001_003E,B02001_005E,B25003_001E,B25003_002E,B25003_003E,B15003_001E,B15003_002E,B15003_004E,B15003_005E,B15003_006E,B15003_007E,B15003_008E,B15003_009E,B15003_010E,B15003_011E,B15003_012E,B15003_013E,B15003_014E,B15003_015E,B15003_016E,B15003_017E,B15003_018E,B15003_019E,B15003_020E,B15003_021E,B15003_022E,B15003_023E,B15003_024E&for=block%20group:*&in=state:12&in=county:086&in=tract:006606,000307,002600,000716,009044,009401,011701,002300,004701,009320,000418,007300,005405,010017,008503,012401,010709,003400,018902,007403,002708,000118,001102,005303,006003,012105,006604,001103,000612,008601
https://api.census.gov/data/2021/acs/acs5?get=B15003_025E,C17002_001E,C17002_002E,C17002_003E,C17002_004E,C17002_005E,C17002_006E,C17002_007E,C17002_008E,B25046_001E&for=block%20group:*&in=state:12&in=county:086&in=tract:006606,000307,002600,000716,009044,009401,011701,002300,004701,009320,000418,007300,005405,010017,008503,012401,010709,003400,018902,007403,002708,000118,001102,005303,006003,012105,006604,001103,000612,008601


-------------------
Query: [19/23]
--------------------------------

https://api.census.gov/data/2021/acs/acs5?get=B01003_001E,B02001_002E,B02001_003E,B02001_005E,B25003_001E,B25003_002E,B25003_003E,B15003_001E,B15003_002E,B15003_004E,B15003_005E,B15003_006E,B15003_007E,B15003_008E,B15003_009E,B15003_010E,B15003_011E,B15003_012E,B15003_013E,B15003_014E,B15003_015E,B15003_016E,B15003_017E,B15003_018E,B15003_019E,B15003_020E,B15003_021E,B15003_022E,B15003_023E,B15003_024E&for=block%20group:*&in=state:12&in=county:086&in=tract:005901,003801,009053,009305,011602,002004,006719,005706,014400,001901,000115,017700,008702,003921,008906,008704,017800,006304,003706,017401,006504,017300,002501,019401,011205,000718,000126,001501,014100,009014
https://api.census.gov/data/2021/acs/acs5?get=B15003_025E,C17002_001E,C17002_002E,C17002_003E,C17002_004E,C17002_005E,C17002_006E,C17002_007E,C17002_008E,B25046_001E&for=block%20group:*&in=state:12&in=county:086&in=tract:005901,003801,009053,009305,011602,002004,006719,005706,014400,001901,000115,017700,008702,003921,008906,008704,017800,006304,003706,017401,006504,017300,002501,019401,011205,000718,000126,001501,014100,009014


-------------------
Query: [20/23]
--------------------------------

https://api.census.gov/data/2021/acs/acs5?get=B01003_001E,B02001_002E,B02001_003E,B02001_005E,B25003_001E,B25003_002E,B25003_003E,B15003_001E,B15003_002E,B15003_004E,B15003_005E,B15003_006E,B15003_007E,B15003_008E,B15003_009E,B15003_010E,B15003_011E,B15003_012E,B15003_013E,B15003_014E,B15003_015E,B15003_016E,B15003_017E,B15003_018E,B15003_019E,B15003_020E,B15003_021E,B15003_022E,B15003_023E,B15003_024E&for=block%20group:*&in=state:12&in=county:086&in=tract:000141,000145,010803,006302,009050,009056,980300,000221,000109,012802,008205,000215,007706,008909,003708,000227,019902,008908,008314,010214,010900,009102,010400,001104,007806,009806,008305,010012,008419,006802
https://api.census.gov/data/2021/acs/acs5?get=B15003_025E,C17002_001E,C17002_002E,C17002_003E,C17002_004E,C17002_005E,C17002_006E,C17002_007E,C17002_008E,B25046_001E&for=block%20group:*&in=state:12&in=county:086&in=tract:000141,000145,010803,006302,009050,009056,980300,000221,000109,012802,008205,000215,007706,008909,003708,000227,019902,008908,008314,010214,010900,009102,010400,001104,007806,009806,008305,010012,008419,006802


-------------------
Query: [21/23]
--------------------------------

https://api.census.gov/data/2021/acs/acs5?get=B01003_001E,B02001_002E,B02001_003E,B02001_005E,B25003_001E,B25003_002E,B25003_003E,B15003_001E,B15003_002E,B15003_004E,B15003_005E,B15003_006E,B15003_007E,B15003_008E,B15003_009E,B15003_010E,B15003_011E,B15003_012E,B15003_013E,B15003_014E,B15003_015E,B15003_016E,B15003_017E,B15003_018E,B15003_019E,B15003_020E,B15003_021E,B15003_022E,B15003_023E,B15003_024E&for=block%20group:*&in=state:12&in=county:086&in=tract:005102,009503,000309,015002,012102,005505,007104,000223,007200,008101,013201,005104,000420,007801,011405,004703,017102,002003,000219,010622,000712,009057,006715,000605,004205,002705,006721,017902,009906,001006
https://api.census.gov/data/2021/acs/acs5?get=B15003_025E,C17002_001E,C17002_002E,C17002_003E,C17002_004E,C17002_005E,C17002_006E,C17002_007E,C17002_008E,B25046_001E&for=block%20group:*&in=state:12&in=county:086&in=tract:005102,009503,000309,015002,012102,005505,007104,000223,007200,008101,013201,005104,000420,007801,011405,004703,017102,002003,000219,010622,000712,009057,006715,000605,004205,002705,006721,017902,009906,001006


-------------------
Query: [22/23]
--------------------------------

https://api.census.gov/data/2021/acs/acs5?get=B01003_001E,B02001_002E,B02001_003E,B02001_005E,B25003_001E,B25003_002E,B25003_003E,B15003_001E,B15003_002E,B15003_004E,B15003_005E,B15003_006E,B15003_007E,B15003_008E,B15003_009E,B15003_010E,B15003_011E,B15003_012E,B15003_013E,B15003_014E,B15003_015E,B15003_016E,B15003_017E,B15003_018E,B15003_019E,B15003_020E,B15003_021E,B15003_022E,B15003_023E,B15003_024E&for=block%20group:*&in=state:12&in=county:086&in=tract:001209,000408,010021,004903,000131
https://api.census.gov/data/2021/acs/acs5?get=B15003_025E,C17002_001E,C17002_002E,C17002_003E,C17002_004E,C17002_005E,C17002_006E,C17002_007E,C17002_008E,B25046_001E&for=block%20group:*&in=state:12&in=county:086&in=tract:001209,000408,010021,004903,000131


-------------------
Query: [0/1]
--------------------------------

https://api.census.gov/data/2021/acs/acs5?get=B01003_001E,B02001_002E,B02001_003E,B02001_005E,B25003_001E,B25003_002E,B25003_003E,B15003_001E,B15003_002E,B15003_004E,B15003_005E,B15003_006E,B15003_007E,B15003_008E,B15003_009E,B15003_010E,B15003_011E,B15003_012E,B15003_013E,B15003_014E,B15003_015E,B15003_016E,B15003_017E,B15003_018E,B15003_019E,B15003_020E,B15003_021E,B15003_022E,B15003_023E,B15003_024E&for=block%20group:*&in=state:12&in=county:011&in=tract:110502,041400,100103,100204,042801,110402,090401,100803,100302,100108,100106,100801
https://api.census.gov/data/2021/acs/acs5?get=B15003_025E,C17002_001E,C17002_002E,C17002_003E,C17002_004E,C17002_005E,C17002_006E,C17002_007E,C17002_008E,B25046_001E&for=block%20group:*&in=state:12&in=county:011&in=tract:110502,041400,100103,100204,042801,110402,090401,100803,100302,100108,100106,100801


-------------------
Query: [0/1]
--------------------------------

https://api.census.gov/data/2021/acs/acs5?get=B01003_001E,B02001_002E,B02001_003E,B02001_005E,B25003_001E,B25003_002E,B25003_003E,B15003_001E,B15003_002E,B15003_004E,B15003_005E,B15003_006E,B15003_007E,B15003_008E,B15003_009E,B15003_010E,B15003_011E,B15003_012E,B15003_013E,B15003_014E,B15003_015E,B15003_016E,B15003_017E,B15003_018E,B15003_019E,B15003_020E,B15003_021E,B15003_022E,B15003_023E,B15003_024E&for=block%20group:*&in=state:12&in=county:087&in=tract:971200,970900,972700,970600,970800,970500
https://api.census.gov/data/2021/acs/acs5?get=B15003_025E,C17002_001E,C17002_002E,C17002_003E,C17002_004E,C17002_005E,C17002_006E,C17002_007E,C17002_008E,B25046_001E&for=block%20group:*&in=state:12&in=county:087&in=tract:971200,970900,972700,970600,970800,970500

Step 3: Adding Delay Data

Step 4: Linking Routes
Saved to datasets/miami_peak_delay
