
Step 1: Downloading OSM Data
Performing OSM Query: node["amenity"="hospital"](41.227828,-81.96736,41.637051,-81.437811);
Performing OSM Query: node["shop"="supermarket"](41.227828,-81.96736,41.637051,-81.437811);
Performing OSM Query: node["leisure"="park"](41.227828,-81.96736,41.637051,-81.437811);
Performing OSM Query: node["amenity"="bar"](41.227828,-81.96736,41.637051,-81.437811);
Performing OSM Query: node["amenity"="place_of_worship"](41.227828,-81.96736,41.637051,-81.437811);
Performing OSM Query: node["brand"="McDonald's"](41.227828,-81.96736,41.637051,-81.437811);
Performing OSM Query: node["brand"="Starbucks"](41.227828,-81.96736,41.637051,-81.437811);
joining data for: hospital
joining data for: grocery
joining data for: park
joining data for: bar
joining data for: worship
joining data for: mcdonalds
joining data for: starbucks

Step 2: Adding Census Data


-------------------
Query: [0/14]
--------------------------------

https://api.census.gov/data/2021/acs/acs5?get=B01003_001E,B02001_002E,B02001_003E,B02001_005E,B25003_001E,B25003_002E,B25003_003E,B15003_001E,B15003_002E,B15003_004E,B15003_005E,B15003_006E,B15003_007E,B15003_008E,B15003_009E,B15003_010E,B15003_011E,B15003_012E,B15003_013E,B15003_014E,B15003_015E,B15003_016E,B15003_017E,B15003_018E,B15003_019E,B15003_020E,B15003_021E,B15003_022E,B15003_023E,B15003_024E&for=block%20group:*&in=state:39&in=county:035&in=tract:161100,132301,119800,198800,183300,133103,198200,161400,114800,117800,132100,192800,197400,177505,114501,185201,171203,186206,198000,116900,177609,102102,102900,154200,141100,181100,155101,199300,189105,187104
https://api.census.gov/data/2021/acs/acs5?get=B15003_025E,C17002_001E,C17002_002E,C17002_003E,C17002_004E,C17002_005E,C17002_006E,C17002_007E,C17002_008E,B25046_001E&for=block%20group:*&in=state:39&in=county:035&in=tract:161100,132301,119800,198800,183300,133103,198200,161400,114800,117800,132100,192800,197400,177505,114501,185201,171203,186206,198000,116900,177609,102102,102900,154200,141100,181100,155101,199300,189105,187104


-------------------
Query: [1/14]
--------------------------------

https://api.census.gov/data/2021/acs/acs5?get=B01003_001E,B02001_002E,B02001_003E,B02001_005E,B25003_001E,B25003_002E,B25003_003E,B15003_001E,B15003_002E,B15003_004E,B15003_005E,B15003_006E,B15003_007E,B15003_008E,B15003_009E,B15003_010E,B15003_011E,B15003_012E,B15003_013E,B15003_014E,B15003_015E,B15003_016E,B15003_017E,B15003_018E,B15003_019E,B15003_020E,B15003_021E,B15003_022E,B15003_023E,B15003_024E&for=block%20group:*&in=state:39&in=county:035&in=tract:102101,174103,126100,109801,160200,123502,140100,186104,170201,150100,172105,108400,197100,198900,119501,185202,152302,123700,183603,103800,115800,170202,154603,173103,107802,980900,135105,118602,183502,160500
https://api.census.gov/data/2021/acs/acs5?get=B15003_025E,C17002_001E,C17002_002E,C17002_003E,C17002_004E,C17002_005E,C17002_006E,C17002_007E,C17002_008E,B25046_001E&for=block%20group:*&in=state:39&in=county:035&in=tract:102101,174103,126100,109801,160200,123502,140100,186104,170201,150100,172105,108400,197100,198900,119501,185202,152302,123700,183603,103800,115800,170202,154603,173103,107802,980900,135105,118602,183502,160500


-------------------
Query: [2/14]
--------------------------------

https://api.census.gov/data/2021/acs/acs5?get=B01003_001E,B02001_002E,B02001_003E,B02001_005E,B25003_001E,B25003_002E,B25003_003E,B15003_001E,B15003_002E,B15003_004E,B15003_005E,B15003_006E,B15003_007E,B15003_008E,B15003_009E,B15003_010E,B15003_011E,B15003_012E,B15003_013E,B15003_014E,B15003_015E,B15003_016E,B15003_017E,B15003_018E,B15003_019E,B15003_020E,B15003_021E,B15003_022E,B15003_023E,B15003_024E&for=block%20group:*&in=state:39&in=county:035&in=tract:196800,181201,131103,137101,185203,197200,186106,103602,105100,116800,138107,174106,188103,140302,103300,197500,108201,112301,135104,115400,106200,119401,130106,117101,150400,156101,177302,185103,140600,116500
https://api.census.gov/data/2021/acs/acs5?get=B15003_025E,C17002_001E,C17002_002E,C17002_003E,C17002_004E,C17002_005E,C17002_006E,C17002_007E,C17002_008E,B25046_001E&for=block%20group:*&in=state:39&in=county:035&in=tract:196800,181201,131103,137101,185203,197200,186106,103602,105100,116800,138107,174106,188103,140302,103300,197500,108201,112301,135104,115400,106200,119401,130106,117101,150400,156101,177302,185103,140600,116500


-------------------
Query: [3/14]
--------------------------------

https://api.census.gov/data/2021/acs/acs5?get=B01003_001E,B02001_002E,B02001_003E,B02001_005E,B25003_001E,B25003_002E,B25003_003E,B15003_001E,B15003_002E,B15003_004E,B15003_005E,B15003_006E,B15003_007E,B15003_008E,B15003_009E,B15003_010E,B15003_011E,B15003_012E,B15003_013E,B15003_014E,B15003_015E,B15003_016E,B15003_017E,B15003_018E,B15003_019E,B15003_020E,B15003_021E,B15003_022E,B15003_023E,B15003_024E&for=block%20group:*&in=state:39&in=county:035&in=tract:174204,980100,107101,161900,187106,175202,194300,120600,120701,152502,117102,161500,141602,153107,118200,116400,121403,177503,180103,116300,981000,172104,198600,186202,177304,106900,152702,177405,141300,177202
https://api.census.gov/data/2021/acs/acs5?get=B15003_025E,C17002_001E,C17002_002E,C17002_003E,C17002_004E,C17002_005E,C17002_006E,C17002_007E,C17002_008E,B25046_001E&for=block%20group:*&in=state:39&in=county:035&in=tract:174204,980100,107101,161900,187106,175202,194300,120600,120701,152502,117102,161500,141602,153107,118200,116400,121403,177503,180103,116300,981000,172104,198600,186202,177304,106900,152702,177405,141300,177202


-------------------
Query: [4/14]
--------------------------------

https://api.census.gov/data/2021/acs/acs5?get=B01003_001E,B02001_002E,B02001_003E,B02001_005E,B25003_001E,B25003_002E,B25003_003E,B15003_001E,B15003_002E,B15003_004E,B15003_005E,B15003_006E,B15003_007E,B15003_008E,B15003_009E,B15003_010E,B15003_011E,B15003_012E,B15003_013E,B15003_014E,B15003_015E,B15003_016E,B15003_017E,B15003_018E,B15003_019E,B15003_020E,B15003_021E,B15003_022E,B15003_023E,B15003_024E&for=block%20group:*&in=state:39&in=county:035&in=tract:174206,183100,140500,133104,178101,101400,140301,152102,101300,187105,101800,181203,120400,170102,141601,173104,101603,196000,180104,107701,152701,155102,175108,106600,105602,119600,138109,199100,152400,119701
https://api.census.gov/data/2021/acs/acs5?get=B15003_025E,C17002_001E,C17002_002E,C17002_003E,C17002_004E,C17002_005E,C17002_006E,C17002_007E,C17002_008E,B25046_001E&for=block%20group:*&in=state:39&in=county:035&in=tract:174206,183100,140500,133104,178101,101400,140301,152102,101300,187105,101800,181203,120400,170102,141601,173104,101603,196000,180104,107701,152701,155102,175108,106600,105602,119600,138109,199100,152400,119701


-------------------
Query: [5/14]
--------------------------------

https://api.census.gov/data/2021/acs/acs5?get=B01003_001E,B02001_002E,B02001_003E,B02001_005E,B25003_001E,B25003_002E,B25003_003E,B15003_001E,B15003_002E,B15003_004E,B15003_005E,B15003_006E,B15003_007E,B15003_008E,B15003_009E,B15003_010E,B15003_011E,B15003_012E,B15003_013E,B15003_014E,B15003_015E,B15003_016E,B15003_017E,B15003_018E,B15003_019E,B15003_020E,B15003_021E,B15003_022E,B15003_023E,B15003_024E&for=block%20group:*&in=state:39&in=county:035&in=tract:171102,151800,127501,980500,105300,177103,117900,172101,121300,178102,197600,122300,182106,175201,135106,183401,177404,185104,160900,121700,174107,122100,138106,198700,137102,199000,154601,118301,160100,123400
https://api.census.gov/data/2021/acs/acs5?get=B15003_025E,C17002_001E,C17002_002E,C17002_003E,C17002_004E,C17002_005E,C17002_006E,C17002_007E,C17002_008E,B25046_001E&for=block%20group:*&in=state:39&in=county:035&in=tract:171102,151800,127501,980500,105300,177103,117900,172101,121300,178102,197600,122300,182106,175201,135106,183401,177404,185104,160900,121700,174107,122100,138106,198700,137102,199000,154601,118301,160100,123400


-------------------
Query: [6/14]
--------------------------------

https://api.census.gov/data/2021/acs/acs5?get=B01003_001E,B02001_002E,B02001_003E,B02001_005E,B25003_001E,B25003_002E,B25003_003E,B15003_001E,B15003_002E,B15003_004E,B15003_005E,B15003_006E,B15003_007E,B15003_008E,B15003_009E,B15003_010E,B15003_011E,B15003_012E,B15003_013E,B15003_014E,B15003_015E,B15003_016E,B15003_017E,B15003_018E,B15003_019E,B15003_020E,B15003_021E,B15003_022E,B15003_023E,B15003_024E&for=block%20group:*&in=state:39&in=county:035&in=tract:151200,111401,132200,101700,138110,107000,106500,131104,177501,171103,183605,179101,154501,118101,152101,124300,123900,182104,152202,197000,117400,172202,104400,121800,171205,152703,130105,130104,172201,120801
https://api.census.gov/data/2021/acs/acs5?get=B15003_025E,C17002_001E,C17002_002E,C17002_003E,C17002_004E,C17002_005E,C17002_006E,C17002_007E,C17002_008E,B25046_001E&for=block%20group:*&in=state:39&in=county:035&in=tract:151200,111401,132200,101700,138110,107000,106500,131104,177501,171103,183605,179101,154501,118101,152101,124300,123900,182104,152202,197000,117400,172202,104400,121800,171205,152703,130105,130104,172201,120801


-------------------
Query: [7/14]
--------------------------------

https://api.census.gov/data/2021/acs/acs5?get=B01003_001E,B02001_002E,B02001_003E,B02001_005E,B25003_001E,B25003_002E,B25003_003E,B15003_001E,B15003_002E,B15003_004E,B15003_005E,B15003_006E,B15003_007E,B15003_008E,B15003_009E,B15003_010E,B15003_011E,B15003_012E,B15003_013E,B15003_014E,B15003_015E,B15003_016E,B15003_017E,B15003_018E,B15003_019E,B15003_020E,B15003_021E,B15003_022E,B15003_023E,B15003_024E&for=block%20group:*&in=state:39&in=county:035&in=tract:181204,117300,134300,160603,134100,121200,108301,189107,160400,119702,141000,152501,111700,185102,160602,189109,152303,115700,119900,102200,123501,180102,175105,121401,981100,124500,192900,198300,101501,177604
https://api.census.gov/data/2021/acs/acs5?get=B15003_025E,C17002_001E,C17002_002E,C17002_003E,C17002_004E,C17002_005E,C17002_006E,C17002_007E,C17002_008E,B25046_001E&for=block%20group:*&in=state:39&in=county:035&in=tract:181204,117300,134300,160603,134100,121200,108301,189107,160400,119702,141000,152501,111700,185102,160602,189109,152303,115700,119900,102200,123501,180102,175105,121401,981100,124500,192900,198300,101501,177604


-------------------
Query: [8/14]
--------------------------------

https://api.census.gov/data/2021/acs/acs5?get=B01003_001E,B02001_002E,B02001_003E,B02001_005E,B25003_001E,B25003_002E,B25003_003E,B15003_001E,B15003_002E,B15003_004E,B15003_005E,B15003_006E,B15003_007E,B15003_008E,B15003_009E,B15003_010E,B15003_011E,B15003_012E,B15003_013E,B15003_014E,B15003_015E,B15003_016E,B15003_017E,B15003_018E,B15003_019E,B15003_020E,B15003_021E,B15003_022E,B15003_023E,B15003_024E&for=block%20group:*&in=state:39&in=county:035&in=tract:117600,198100,161300,103500,123200,151700,173106,119402,105700,171206,120702,197900,106100,189108,197300,131105,152301,110901,195600,183200,109301,186103,174203,174205,177606,197800,177608,153106,117201,121900
https://api.census.gov/data/2021/acs/acs5?get=B15003_025E,C17002_001E,C17002_002E,C17002_003E,C17002_004E,C17002_005E,C17002_006E,C17002_007E,C17002_008E,B25046_001E&for=block%20group:*&in=state:39&in=county:035&in=tract:117600,198100,161300,103500,123200,151700,173106,119402,105700,171206,120702,197900,106100,189108,197300,131105,152301,110901,195600,183200,109301,186103,174203,174205,177606,197800,177608,153106,117201,121900


-------------------
Query: [9/14]
--------------------------------

https://api.census.gov/data/2021/acs/acs5?get=B01003_001E,B02001_002E,B02001_003E,B02001_005E,B25003_001E,B25003_002E,B25003_003E,B15003_001E,B15003_002E,B15003_004E,B15003_005E,B15003_006E,B15003_007E,B15003_008E,B15003_009E,B15003_010E,B15003_011E,B15003_012E,B15003_013E,B15003_014E,B15003_015E,B15003_016E,B15003_017E,B15003_018E,B15003_019E,B15003_020E,B15003_021E,B15003_022E,B15003_023E,B15003_024E&for=block%20group:*&in=state:39&in=county:035&in=tract:124202,152605,120500,186201,123800,124600,980200,150300,161000,116600,198400,177504,154400,136103,189110,177201,102401,112100,178201,177101,117203,183501,101201,101101,154502,160604,174207,161200,178206,189112
https://api.census.gov/data/2021/acs/acs5?get=B15003_025E,C17002_001E,C17002_002E,C17002_003E,C17002_004E,C17002_005E,C17002_006E,C17002_007E,C17002_008E,B25046_001E&for=block%20group:*&in=state:39&in=county:035&in=tract:124202,152605,120500,186201,123800,124600,980200,150300,161000,116600,198400,177504,154400,136103,189110,177201,102401,112100,178201,177101,117203,183501,101201,101101,154502,160604,174207,161200,178206,189112


-------------------
Query: [10/14]
--------------------------------

https://api.census.gov/data/2021/acs/acs5?get=B01003_001E,B02001_002E,B02001_003E,B02001_005E,B25003_001E,B25003_002E,B25003_003E,B15003_001E,B15003_002E,B15003_004E,B15003_005E,B15003_006E,B15003_007E,B15003_008E,B15003_009E,B15003_010E,B15003_011E,B15003_012E,B15003_013E,B15003_014E,B15003_015E,B15003_016E,B15003_017E,B15003_018E,B15003_019E,B15003_020E,B15003_021E,B15003_022E,B15003_023E,B15003_024E&for=block%20group:*&in=state:39&in=county:035&in=tract:101102,135103,141200,199200,183402,140800,188107,140701,123602,120802,171204,153104,182105,153105,121100,123100,198500,123601,196200,174105,141400,102402,116700,188106,130103,186205,119502,194100,151500,120200
https://api.census.gov/data/2021/acs/acs5?get=B15003_025E,C17002_001E,C17002_002E,C17002_003E,C17002_004E,C17002_005E,C17002_006E,C17002_007E,C17002_008E,B25046_001E&for=block%20group:*&in=state:39&in=county:035&in=tract:101102,135103,141200,199200,183402,140800,188107,140701,123602,120802,171204,153104,182105,153105,121100,123100,198500,123601,196200,174105,141400,102402,116700,188106,130103,186205,119502,194100,151500,120200


-------------------
Query: [11/14]
--------------------------------

https://api.census.gov/data/2021/acs/acs5?get=B01003_001E,B02001_002E,B02001_003E,B02001_005E,B25003_001E,B25003_002E,B25003_003E,B15003_001E,B15003_002E,B15003_004E,B15003_005E,B15003_006E,B15003_007E,B15003_008E,B15003_009E,B15003_010E,B15003_011E,B15003_012E,B15003_013E,B15003_014E,B15003_015E,B15003_016E,B15003_017E,B15003_018E,B15003_019E,B15003_020E,B15003_021E,B15003_022E,B15003_023E,B15003_024E&for=block%20group:*&in=state:39&in=county:035&in=tract:124201,138105,136104,109701,183604,177403,121500,185101,117700,177104,105400,187103,108701,189111,106800,112200,140702,178204,102800,182103,152201,196400,102300,124100,117500,179102,154100,101901,183606,151600
https://api.census.gov/data/2021/acs/acs5?get=B15003_025E,C17002_001E,C17002_002E,C17002_003E,C17002_004E,C17002_005E,C17002_006E,C17002_007E,C17002_008E,B25046_001E&for=block%20group:*&in=state:39&in=county:035&in=tract:124201,138105,136104,109701,183604,177403,121500,185101,117700,177104,105400,187103,108701,189111,106800,112200,140702,178204,102800,182103,152201,196400,102300,124100,117500,179102,154100,101901,183606,151600


-------------------
Query: [12/14]
--------------------------------

https://api.census.gov/data/2021/acs/acs5?get=B01003_001E,B02001_002E,B02001_003E,B02001_005E,B25003_001E,B25003_002E,B25003_003E,B15003_001E,B15003_002E,B15003_004E,B15003_005E,B15003_006E,B15003_007E,B15003_008E,B15003_009E,B15003_010E,B15003_011E,B15003_012E,B15003_013E,B15003_014E,B15003_015E,B15003_016E,B15003_017E,B15003_018E,B15003_019E,B15003_020E,B15003_021E,B15003_022E,B15003_023E,B15003_024E&for=block%20group:*&in=state:39&in=county:035&in=tract:132302,118900,137103,134204,177303,172102,140400,184104,161600,173107,123603,196100,104800,141500,111202,177605,171104,102700,160300,118800,105500,197700,177406,151300,136101,122200,154604,178205,114600,170101
https://api.census.gov/data/2021/acs/acs5?get=B15003_025E,C17002_001E,C17002_002E,C17002_003E,C17002_004E,C17002_005E,C17002_006E,C17002_007E,C17002_008E,B25046_001E&for=block%20group:*&in=state:39&in=county:035&in=tract:132302,118900,137103,134204,177303,172102,140400,184104,161600,173107,123603,196100,104800,141500,111202,177605,171104,102700,160300,118800,105500,197700,177406,151300,136101,122200,154604,178205,114600,170101


-------------------
Query: [13/14]
--------------------------------

https://api.census.gov/data/2021/acs/acs5?get=B01003_001E,B02001_002E,B02001_003E,B02001_005E,B25003_001E,B25003_002E,B25003_003E,B15003_001E,B15003_002E,B15003_004E,B15003_005E,B15003_006E,B15003_007E,B15003_008E,B15003_009E,B15003_010E,B15003_011E,B15003_012E,B15003_013E,B15003_014E,B15003_015E,B15003_016E,B15003_017E,B15003_018E,B15003_019E,B15003_020E,B15003_021E,B15003_022E,B15003_023E,B15003_024E&for=block%20group:*&in=state:39&in=county:035&in=tract:105900,195700,115900,156102
https://api.census.gov/data/2021/acs/acs5?get=B15003_025E,C17002_001E,C17002_002E,C17002_003E,C17002_004E,C17002_005E,C17002_006E,C17002_007E,C17002_008E,B25046_001E&for=block%20group:*&in=state:39&in=county:035&in=tract:105900,195700,115900,156102


-------------------
Query: [0/1]
--------------------------------

https://api.census.gov/data/2021/acs/acs5?get=B01003_001E,B02001_002E,B02001_003E,B02001_005E,B25003_001E,B25003_002E,B25003_003E,B15003_001E,B15003_002E,B15003_004E,B15003_005E,B15003_006E,B15003_007E,B15003_008E,B15003_009E,B15003_010E,B15003_011E,B15003_012E,B15003_013E,B15003_014E,B15003_015E,B15003_016E,B15003_017E,B15003_018E,B15003_019E,B15003_020E,B15003_021E,B15003_022E,B15003_023E,B15003_024E&for=block%20group:*&in=state:39&in=county:085&in=tract:200100,200500
https://api.census.gov/data/2021/acs/acs5?get=B15003_025E,C17002_001E,C17002_002E,C17002_003E,C17002_004E,C17002_005E,C17002_006E,C17002_007E,C17002_008E,B25046_001E&for=block%20group:*&in=state:39&in=county:085&in=tract:200100,200500


-------------------
Query: [0/1]
--------------------------------

https://api.census.gov/data/2021/acs/acs5?get=B01003_001E,B02001_002E,B02001_003E,B02001_005E,B25003_001E,B25003_002E,B25003_003E,B15003_001E,B15003_002E,B15003_004E,B15003_005E,B15003_006E,B15003_007E,B15003_008E,B15003_009E,B15003_010E,B15003_011E,B15003_012E,B15003_013E,B15003_014E,B15003_015E,B15003_016E,B15003_017E,B15003_018E,B15003_019E,B15003_020E,B15003_021E,B15003_022E,B15003_023E,B15003_024E&for=block%20group:*&in=state:39&in=county:103&in=tract:416000,416400,415400,416300,415300,415802,416200
https://api.census.gov/data/2021/acs/acs5?get=B15003_025E,C17002_001E,C17002_002E,C17002_003E,C17002_004E,C17002_005E,C17002_006E,C17002_007E,C17002_008E,B25046_001E&for=block%20group:*&in=state:39&in=county:103&in=tract:416000,416400,415400,416300,415300,415802,416200

Step 4: Linking Routes
Saved to datasets/cleveland
