
Step 1: Downloading OSM Data
Performing OSM Query: node["amenity"="hospital"](37.705764,-122.510792,37.829848,-122.365593);
Performing OSM Query: node["shop"="supermarket"](37.705764,-122.510792,37.829848,-122.365593);
Performing OSM Query: node["leisure"="park"](37.705764,-122.510792,37.829848,-122.365593);
Performing OSM Query: node["amenity"="bar"](37.705764,-122.510792,37.829848,-122.365593);
Performing OSM Query: node["amenity"="place_of_worship"](37.705764,-122.510792,37.829848,-122.365593);
Performing OSM Query: node["brand"="McDonald's"](37.705764,-122.510792,37.829848,-122.365593);
Performing OSM Query: node["brand"="Starbucks"](37.705764,-122.510792,37.829848,-122.365593);
joining data for: hospital
joining data for: grocery
joining data for: park
joining data for: bar
joining data for: worship
joining data for: mcdonalds
joining data for: starbucks

Step 2: Adding Census Data


-------------------
Query: [0/8]
--------------------------------

https://api.census.gov/data/2021/acs/acs5?get=B01003_001E,B02001_002E,B02001_003E,B02001_005E,B25003_001E,B25003_002E,B25003_003E,B15003_001E,B15003_002E,B15003_004E,B15003_005E,B15003_006E,B15003_007E,B15003_008E,B15003_009E,B15003_010E,B15003_011E,B15003_012E,B15003_013E,B15003_014E,B15003_015E,B15003_016E,B15003_017E,B15003_018E,B15003_019E,B15003_020E,B15003_021E,B15003_022E,B15003_023E,B15003_024E&for=block%20group:*&in=state:06&in=county:075&in=tract:022802,016601,020602,012302,030301,026301,031202,031301,061401,035300,061507,980300,032801,025403,017801,042700,012801,012502,031000,012902,031201,026403,010102,015401,061501,026004,020201,030900,010701,011101
https://api.census.gov/data/2021/acs/acs5?get=B15003_025E,C17002_001E,C17002_002E,C17002_003E,C17002_004E,C17002_005E,C17002_006E,C17002_007E,C17002_008E,B25046_001E&for=block%20group:*&in=state:06&in=county:075&in=tract:022802,016601,020602,012302,030301,026301,031202,031301,061401,035300,061507,980300,032801,025403,017801,042700,012801,012502,031000,012902,031201,026403,010102,015401,061501,026004,020201,030900,010701,011101


-------------------
Query: [1/8]
--------------------------------

https://api.census.gov/data/2021/acs/acs5?get=B01003_001E,B02001_002E,B02001_003E,B02001_005E,B25003_001E,B25003_002E,B25003_003E,B15003_001E,B15003_002E,B15003_004E,B15003_005E,B15003_006E,B15003_007E,B15003_008E,B15003_009E,B15003_010E,B15003_011E,B15003_012E,B15003_013E,B15003_014E,B15003_015E,B15003_016E,B15003_017E,B15003_018E,B15003_019E,B15003_020E,B15003_021E,B15003_022E,B15003_023E,B15003_024E&for=block%20group:*&in=state:06&in=county:075&in=tract:023102,042800,016400,012504,017102,026404,012406,032901,022803,010902,047600,033204,016700,017602,012001,060702,012405,020401,012503,030101,011700,023200,025300,010300,010201,011002,032601,030800,016102,033100
https://api.census.gov/data/2021/acs/acs5?get=B15003_025E,C17002_001E,C17002_002E,C17002_003E,C17002_004E,C17002_005E,C17002_006E,C17002_007E,C17002_008E,B25046_001E&for=block%20group:*&in=state:06&in=county:075&in=tract:023102,042800,016400,012504,017102,026404,012406,032901,022803,010902,047600,033204,016700,017602,012001,060702,012405,020401,012503,030101,011700,023200,025300,010300,010201,011002,032601,030800,016102,033100


-------------------
Query: [2/8]
--------------------------------

https://api.census.gov/data/2021/acs/acs5?get=B01003_001E,B02001_002E,B02001_003E,B02001_005E,B25003_001E,B25003_002E,B25003_003E,B15003_001E,B15003_002E,B15003_004E,B15003_005E,B15003_006E,B15003_007E,B15003_008E,B15003_009E,B15003_010E,B15003_011E,B15003_012E,B15003_013E,B15003_014E,B15003_015E,B15003_016E,B15003_017E,B15003_018E,B15003_019E,B15003_020E,B15003_021E,B15003_022E,B15003_023E,B15003_024E&for=block%20group:*&in=state:06&in=county:075&in=tract:031100,017000,013402,023103,013102,011902,016101,017903,012404,023003,017804,021100,015702,022702,025701,013001,033002,980600,035101,010702,035102,023300,047902,026003,047801,047903,010401,011800,022704,060703
https://api.census.gov/data/2021/acs/acs5?get=B15003_025E,C17002_001E,C17002_002E,C17002_003E,C17002_004E,C17002_005E,C17002_006E,C17002_007E,C17002_008E,B25046_001E&for=block%20group:*&in=state:06&in=county:075&in=tract:031100,017000,013402,023103,013102,011902,016101,017903,012404,023003,017804,021100,015702,022702,025701,013001,033002,980600,035101,010702,035102,023300,047902,026003,047801,047903,010401,011800,022704,060703


-------------------
Query: [3/8]
--------------------------------

https://api.census.gov/data/2021/acs/acs5?get=B01003_001E,B02001_002E,B02001_003E,B02001_005E,B25003_001E,B25003_002E,B25003_003E,B15003_001E,B15003_002E,B15003_004E,B15003_005E,B15003_006E,B15003_007E,B15003_008E,B15003_009E,B15003_010E,B15003_011E,B15003_012E,B15003_013E,B15003_014E,B15003_015E,B15003_016E,B15003_017E,B15003_018E,B15003_019E,B15003_020E,B15003_021E,B15003_022E,B15003_023E,B15003_024E&for=block%20group:*&in=state:06&in=county:075&in=tract:016300,022901,030102,025900,040100,010600,045100,045201,012700,032602,015201,030201,061503,010402,047701,032902,015202,016500,061200,061506,021500,026303,012601,040200,013002,026201,031401,013101,035400,025200
https://api.census.gov/data/2021/acs/acs5?get=B15003_025E,C17002_001E,C17002_002E,C17002_003E,C17002_004E,C17002_005E,C17002_006E,C17002_007E,C17002_008E,B25046_001E&for=block%20group:*&in=state:06&in=county:075&in=tract:016300,022901,030102,025900,040100,010600,045100,045201,012700,032602,015201,030201,061503,010402,047701,032902,015202,016500,061200,061506,021500,026303,012601,040200,013002,026201,031401,013101,035400,025200


-------------------
Query: [4/8]
--------------------------------

https://api.census.gov/data/2021/acs/acs5?get=B01003_001E,B02001_002E,B02001_003E,B02001_005E,B25003_001E,B25003_002E,B25003_003E,B15003_001E,B15003_002E,B15003_004E,B15003_005E,B15003_006E,B15003_007E,B15003_008E,B15003_009E,B15003_010E,B15003_011E,B15003_012E,B15003_013E,B15003_014E,B15003_015E,B15003_016E,B15003_017E,B15003_018E,B15003_019E,B15003_020E,B15003_021E,B15003_022E,B15003_023E,B15003_024E&for=block%20group:*&in=state:06&in=county:075&in=tract:031402,020102,020402,047904,012301,011901,025600,012901,015701,032700,015600,021800,060400,017803,026302,022801,025402,013401,025800,016200,030500,060701,012802,017604,025501,023001,011300,033203,025100,020300
https://api.census.gov/data/2021/acs/acs5?get=B15003_025E,C17002_001E,C17002_002E,C17002_003E,C17002_004E,C17002_005E,C17002_006E,C17002_007E,C17002_008E,B25046_001E&for=block%20group:*&in=state:06&in=county:075&in=tract:031402,020102,020402,047904,012301,011901,025600,012901,015701,032700,015600,021800,060400,017803,026302,022801,025402,013401,025800,016200,030500,060701,012802,017604,025501,023001,011300,033203,025100,020300


-------------------
Query: [5/8]
--------------------------------

https://api.census.gov/data/2021/acs/acs5?get=B01003_001E,B02001_002E,B02001_003E,B02001_005E,B25003_001E,B25003_002E,B25003_003E,B15003_001E,B15003_002E,B15003_004E,B15003_005E,B15003_006E,B15003_007E,B15003_008E,B15003_009E,B15003_010E,B15003_011E,B15003_012E,B15003_013E,B15003_014E,B15003_015E,B15003_016E,B15003_017E,B15003_018E,B15003_019E,B15003_020E,B15003_021E,B15003_022E,B15003_023E,B15003_024E&for=block%20group:*&in=state:06&in=county:075&in=tract:030400,047702,026401,061102,017700,061502,033001,026002,015100,980900,022903,010101,018000,061000,012100,026402,015500,020702,022902,010202,026202,020802,061402,060502,011200,032802,020801,015402,022600,031302
https://api.census.gov/data/2021/acs/acs5?get=B15003_025E,C17002_001E,C17002_002E,C17002_003E,C17002_004E,C17002_005E,C17002_006E,C17002_007E,C17002_008E,B25046_001E&for=block%20group:*&in=state:06&in=county:075&in=tract:030400,047702,026401,061102,017700,061502,033001,026002,015100,980900,022903,010101,018000,061000,012100,026402,015500,020702,022902,010202,026202,020802,061402,060502,011200,032802,020801,015402,022600,031302


-------------------
Query: [6/8]
--------------------------------

https://api.census.gov/data/2021/acs/acs5?get=B01003_001E,B02001_002E,B02001_003E,B02001_005E,B25003_001E,B25003_002E,B25003_003E,B15003_001E,B15003_002E,B15003_004E,B15003_005E,B15003_006E,B15003_007E,B15003_008E,B15003_009E,B15003_010E,B15003_011E,B15003_012E,B15003_013E,B15003_014E,B15003_015E,B15003_016E,B15003_017E,B15003_018E,B15003_019E,B15003_020E,B15003_021E,B15003_022E,B15003_023E,B15003_024E&for=block%20group:*&in=state:06&in=county:075&in=tract:012602,026001,030302,042601,980200,980501,021600,030700,011102,061508,012002,016602,016000,012204,013200,021000,021700,020900,021300,015801,020202,016900,017101,020500,021400,026100,013500,015300,012202,011001
https://api.census.gov/data/2021/acs/acs5?get=B15003_025E,C17002_001E,C17002_002E,C17002_003E,C17002_004E,C17002_005E,C17002_006E,C17002_007E,C17002_008E,B25046_001E&for=block%20group:*&in=state:06&in=county:075&in=tract:012602,026001,030302,042601,980200,980501,021600,030700,011102,061508,012002,016602,016000,012204,013200,021000,021700,020900,021300,015801,020202,016900,017101,020500,021400,026100,013500,015300,012202,011001


-------------------
Query: [7/8]
--------------------------------

https://api.census.gov/data/2021/acs/acs5?get=B01003_001E,B02001_002E,B02001_003E,B02001_005E,B25003_001E,B25003_002E,B25003_003E,B15003_001E,B15003_002E,B15003_004E,B15003_005E,B15003_006E,B15003_007E,B15003_008E,B15003_009E,B15003_010E,B15003_011E,B15003_012E,B15003_013E,B15003_014E,B15003_015E,B15003_016E,B15003_017E,B15003_018E,B15003_019E,B15003_020E,B15003_021E,B15003_022E,B15003_023E,B15003_024E&for=block%20group:*&in=state:06&in=county:075&in=tract:030202,033201,021200,016802,025502,061101,012403,015900,035202,012203,060100,016801,015802,035201,047802,025702,030600,017603,020101,010800,042602,010901,025401,013300,023400,020601,045202,010500
https://api.census.gov/data/2021/acs/acs5?get=B15003_025E,C17002_001E,C17002_002E,C17002_003E,C17002_004E,C17002_005E,C17002_006E,C17002_007E,C17002_008E,B25046_001E&for=block%20group:*&in=state:06&in=county:075&in=tract:030202,033201,021200,016802,025502,061101,012403,015900,035202,012203,060100,016801,015802,035201,047802,025702,030600,017603,020101,010800,042602,010901,025401,013300,023400,020601,045202,010500


-------------------
Query: [0/1]
--------------------------------

https://api.census.gov/data/2021/acs/acs5?get=B01003_001E,B02001_002E,B02001_003E,B02001_005E,B25003_001E,B25003_002E,B25003_003E,B15003_001E,B15003_002E,B15003_004E,B15003_005E,B15003_006E,B15003_007E,B15003_008E,B15003_009E,B15003_010E,B15003_011E,B15003_012E,B15003_013E,B15003_014E,B15003_015E,B15003_016E,B15003_017E,B15003_018E,B15003_019E,B15003_020E,B15003_021E,B15003_022E,B15003_023E,B15003_024E&for=block%20group:*&in=state:06&in=county:081&in=tract:600701,600200
https://api.census.gov/data/2021/acs/acs5?get=B15003_025E,C17002_001E,C17002_002E,C17002_003E,C17002_004E,C17002_005E,C17002_006E,C17002_007E,C17002_008E,B25046_001E&for=block%20group:*&in=state:06&in=county:081&in=tract:600701,600200

Step 4: Linking Routes
Saved to datasets/sanfrancisco
