Current best: 157.67752533467367
original valid: True
original total time: 266753.4164748152
On route 20701 increased frequency by 10
Current best: 127.24915630610249
improved valid: True
improved total time: 267871.46077230666
On route 20722 decreased frequency by 10
Current best: 126.19670560244661
improved valid: True
improved total time: 266963.08905713784
On route 20732, replaced stop 99972512 GARDEN WALK BLVD @ RIVERDALE RD with 99972506 RIVERDALE RD @ LAKE REGENCY DR in radius 800
Current best: 131.39635410702434
improved valid: True
improved total time: 267003.46783495304
On route 20759 increased frequency by 20
Current best: 125.7574656984664
improved valid: True
improved total time: 267293.7284794944
On route 20704, replaced stop 99970476 S HAIRSTON RD@MARTINS CROSSING RD with 99970478 S HAIRSTON RD @ FAIRFOREST DR in radius 800
Current best: 130.590870165274
improved valid: True
improved total time: 267314.92334489507
On route 20659 decreased frequency by 10
Current best: 117.52620457061019
improved valid: True
improved total time: 267139.43897955545
On route 20651, added stop 99970080 AKERS MILL @ CUMBERLAND BLVD in radius 3200
Current best: 126.44068043564404
improved valid: True
improved total time: 267244.7999506422
On route 20654, removed stop 46900 CHAMBLEE STATION - EAST LOOP
Current best: 138.1376206542447
improved valid: True
improved total time: 267197.60826988926
On route 20679, replaced stop 130090 CANDLER RD @ RAINBOW WAY with 99972629 RAINBOW WAY @ CANDLER RD in radius 800
Current best: 131.48469616423222
improved valid: True
improved total time: 267197.60826988926
On route 20738, added stop 99973092 MT ZION RD @ CORPORATE CENTER DR in radius 3200
Current best: 137.8424721140768
improved valid: True
improved total time: 267209.60826988926
On route 20734, replaced stop 99972687 FOREST PKWY @ GOVERNORS DR with 99972982 OLD DIXIE RD @ BARNETT RD in radius 800
Current best: 126.49765676351105
improved valid: True
improved total time: 267282.64819869125
On route 20662, replaced stop 129182 2ND AVE @ LONGDALE DR with 99971957 2ND AVE SE @ FLAT SHOALS RD SE in radius 800
Current best: 123.00101879292501
improved valid: True
improved total time: 267338.1619721407
On route 20722, replaced stop 144028 BARGE RD SW @ BEN HILL CT with 120064 FAIRBURN RD SW @ HILL ACRES RD SW in radius 800
Current best: 122.48797545404176
improved valid: True
improved total time: 267352.9134579894
On route 20673, added stop 99972344 JAMES JACKSON PKWY NW @ NORTHWEST DR NW in radius 1600
Current best: 133.04935268546328
improved valid: True
improved total time: 267438.12145442
On route 20687, replaced stop 20018 ALPHARETTA ST@GREEN ST with 20020 ALPHARETTA ST @ WOODSTOCK ST in radius 1600
Current best: 127.04563061835127
improved valid: True
improved total time: 267438.12145442
On route 20726, replaced stop 1000022 BUFFINGTON RD @ FLAT SHOALS RD with 99971305 JONESBORO RD @ BETHSAIDA RD in radius 3200
Current best: 132.4615316281545
improved valid: True
improved total time: 267916.3730770083
On route 20722, removed stop 120248 FAIRBURN RD @ 1165
Current best: 117.14320583502422
improved valid: True
improved total time: 267892.3730770083
164.7216111011746,127.24915630610249,156.3800402102559,131.74706765097602,147.6338544179764,137.41268756835427,149.00072081073625,158.89844738028808,132.86823091245026,175.13913931492687,170.79269394863272,152.543986194694,134.49604720047034,140.7592426203634,150.39498995919618,168.7097097827401,126.19670560244661,167.22245268145414,155.36369622588762,149.80502812408125,146.7046281343989,161.61544841681143,171.48074174856953,131.39635410702434,149.26825603624994,156.74585822268864,125.7574656984664,146.34397641187735,134.4737516993187,147.42148594231097,168.72677504239294,158.86083774921164,152.51975988760074,157.5859893927633,163.36209565228822,149.60510571043017,138.7153757607253,136.26890509675076,157.98731135952525,152.88263149884142,160.72833978213006,162.12190069318467,180.23763657393448,130.590870165274,168.9821590914034,146.1906960479701,146.82391976819807,151.07752871936026,164.48755674238544,156.06104631794312,117.52620457061019,185.68299357938915,154.85673964641333,126.44068043564404,151.57566278314596,138.1376206542447,131.48469616423222,148.42806104419594,147.4253473434647,137.8424721140768,126.49765676351105,143.43410558661012,123.00101879292501,140.24470884999556,135.60199999814006,128.92494134182988,126.8764888868964,122.48797545404176,164.9968768467694,187.23519447130263,161.67857034105876,138.81908294035944,147.83822811893648,152.32565517315248,134.85289910223088,163.9175856862638,143.98080638652874,150.25884047749548,139.51093365611325,133.04935268546328,181.29132188731177,170.50083797453505,153.8195126471167,139.35968409859348,155.6510880318895,143.7082220673177,172.20996717779374,165.74772483777784,158.7052759540184,163.88203212864832,127.04563061835127,152.10008122700455,144.09585845134072,171.36039203619188,148.3013770234474,152.7240081728154,132.4615316281545,141.628347590134,164.67005321078415,147.2235752516923,136.36485573643338,117.14320583502422,170.92236821684554,165.81062455274255,152.446265840674,154.93050751978495,138.03909013866834,147.1720015804862,170.5815579774615,167.87358814937937,156.63748520084047,149.59648179817583,178.3608941013041,119.17039710537632,179.24144839130196,153.20668952029033,161.69147224655129,133.30208969728744,137.6240349021038,166.2225471619492,163.52420174243068,140.7463701186943,120.54318063304461,184.98692261560922,152.49343343071826,148.165649520029,173.4842769818908,155.7908232653438,148.8267898470118,146.67542492604946,175.0623084954273,167.45928104241563,179.5213600356635,147.9610315567015,166.61304444108902,152.2657400024205,145.4729265512394,168.9679537777593,159.35980676540598,135.30549748750488,147.5884667076404,175.20893352067418,146.3727617291789,130.77906415318242,151.6876945082724,141.96030106061224,160.87377595815036,165.76500393326876,152.39368214521957,163.12480699024854,152.71698133808042,168.42876332393385,138.30040257723797,165.14611880400287,152.12753183486947,162.78703829442836,147.3973477545862,134.32832322221122,148.49188442458097,167.7514677879722,167.05412476247568,160.72929195933568,141.2743648982597,140.41513909269227,156.57160116510076,153.57359078909676,151.06133547515782,139.19770257421698,149.92633671977657,165.47675934548278,164.7618547004354,167.09002423970534,171.35003207841265,177.8970670073281,153.50999905830352,172.63073215469723,181.36304685202444,173.49184114568848,150.95492416663754,141.78652513377875,153.88996868425232,156.22031641694872,173.02530604068485,142.59201480451932,179.99214931396656,168.09674576458053,202.28318224812799,160.5653113388159,147.17365532019906,174.60738433741906,136.07466316201675,163.76388150997803,190.09067940770365,161.61832138727536,172.90998052080556,172.19359444444444,145.01954539413964,176.22210221500941,164.0445661220713,127.92590824172134
266753.4164748152,266753.4164748152,267871.46077230666,267871.46077230666,267871.46077230666,267871.46077230666,267871.46077230666,267871.46077230666,267871.46077230666,267871.46077230666,267871.46077230666,267871.46077230666,267871.46077230666,267871.46077230666,267871.46077230666,267871.46077230666,267871.46077230666,266963.08905713784,266963.08905713784,266963.08905713784,266963.08905713784,266963.08905713784,266963.08905713784,266963.08905713784,267003.46783495304,267003.46783495304,267003.46783495304,267293.7284794944,267293.7284794944,267293.7284794944,267293.7284794944,267293.7284794944,267293.7284794944,267293.7284794944,267293.7284794944,267293.7284794944,267293.7284794944,267293.7284794944,267293.7284794944,267293.7284794944,267293.7284794944,267293.7284794944,267293.7284794944,267293.7284794944,267314.92334489507,267314.92334489507,267314.92334489507,267314.92334489507,267314.92334489507,267314.92334489507,267314.92334489507,267139.43897955545,267139.43897955545,267139.43897955545,267244.7999506422,267244.7999506422,267197.60826988926,267197.60826988926,267197.60826988926,267197.60826988926,267209.60826988926,267282.64819869125,267282.64819869125,267338.1619721407,267338.1619721407,267338.1619721407,267338.1619721407,267338.1619721407,267352.9134579894,267352.9134579894,267352.9134579894,267352.9134579894,267352.9134579894,267352.9134579894,267352.9134579894,267352.9134579894,267352.9134579894,267352.9134579894,267352.9134579894,267352.9134579894,267438.12145442,267438.12145442,267438.12145442,267438.12145442,267438.12145442,267438.12145442,267438.12145442,267438.12145442,267438.12145442,267438.12145442,267438.12145442,267438.12145442,267438.12145442,267438.12145442,267438.12145442,267438.12145442,267438.12145442,267916.3730770083,267916.3730770083,267916.3730770083,267916.3730770083,267916.3730770083,267892.3730770083,267892.3730770083,267892.3730770083,267892.3730770083,267892.3730770083,267892.3730770083,267892.3730770083,267892.3730770083,267892.3730770083,267892.3730770083,267892.3730770083,267892.3730770083,267892.3730770083,267892.3730770083,267892.3730770083,267892.3730770083,267892.3730770083,267892.3730770083,267892.3730770083,267892.3730770083,267892.3730770083,267892.3730770083,267892.3730770083,267892.3730770083,267892.3730770083,267892.3730770083,267892.3730770083,267892.3730770083,267892.3730770083,267892.3730770083,267892.3730770083,267892.3730770083,267892.3730770083,267892.3730770083,267892.3730770083,267892.3730770083,267892.3730770083,267892.3730770083,267892.3730770083,267892.3730770083,267892.3730770083,267892.3730770083,267892.3730770083,267892.3730770083,267892.3730770083,267892.3730770083,267892.3730770083,267892.3730770083,267892.3730770083,267892.3730770083,267892.3730770083,267892.3730770083,267892.3730770083,267892.3730770083,267892.3730770083,267892.3730770083,267892.3730770083,267892.3730770083,267892.3730770083,267892.3730770083,267892.3730770083,267892.3730770083,267892.3730770083,267892.3730770083,267892.3730770083,267892.3730770083,267892.3730770083,267892.3730770083,267892.3730770083,267892.3730770083,267892.3730770083,267892.3730770083,267892.3730770083,267892.3730770083,267892.3730770083,267892.3730770083,267892.3730770083,267892.3730770083,267892.3730770083,267892.3730770083,267892.3730770083,267892.3730770083,267892.3730770083,267892.3730770083,267892.3730770083,267892.3730770083,267892.3730770083,267892.3730770083,267892.3730770083,267892.3730770083,267892.3730770083,267892.3730770083,267892.3730770083,267892.3730770083,267892.3730770083,267892.3730770083,267892.3730770083,267892.3730770083
Improvement: -29.75161709295233
