Current best: 96.80512453526116
original valid: True
original total time: 453883.96895655995
On route 27807, removed stop 3189 SW 112 AV & SW 109 ST
Current best: 99.51756928741241
improved valid: True
improved total time: 453857.7375697456
On route 14457, added stop 1340 SW 1 ST & SW 1 AV in radius 1600
Current best: 97.62995458878542
improved valid: True
improved total time: 454685.5784330515
On route 17797, added stop 8456 NW 2 AV & NW 93 ST in radius 1600
Current best: 87.50601810162068
improved valid: True
improved total time: 454785.0855762926
On route 27818, replaced stop 8933 NE 135 ST & NE 134 RD with 8785 W DIXIE HY & NE 141 ST in radius 800
Current best: 85.06047352059787
improved valid: True
improved total time: 454851.45734897896
On route 16885 increased frequency by 20
Current best: 91.39098935884712
improved valid: True
improved total time: 454851.45734897896
On route 27803, replaced stop 5976 NE 203 ST & NE 24 AV with 5959 NE 199 ST & NE 20 AV in radius 800
Current best: 83.68740791289217
improved valid: True
improved total time: 454980.4450003416
On route 27801, added stop 7643 NW 62 ST & NW 1 AV in radius 3200
Current best: 82.1830183836789
improved valid: True
improved total time: 455327.4201373163
On route 16896 increased frequency by 20
Current best: 89.44501292797318
improved valid: True
improved total time: 457261.4475187098
On route 17787 decreased frequency by 20
Current best: 85.76867319595875
improved valid: True
improved total time: 457100.6479752496
On route 27845 decreased frequency by 20
Current best: 89.66020972127282
improved valid: True
improved total time: 456891.80344998965
On route 28073 increased frequency by 5
Current best: 86.15499385834573
improved valid: True
improved total time: 461491.2571670424
On route 18787, added stop 2639 COLLINS AV & # 5101 in radius 3200
Current best: 85.11384696605413
improved valid: True
improved total time: 462096.38784808485
On route 27850 increased frequency by 5
Current best: 81.3078640208655
improved valid: True
improved total time: 462860.51976927905
On route 27803, replaced stop 6573 NW 199 ST & NW 27 CT with 6541 NW 191 ST & NW 27 CT in radius 3200
Current best: 72.26351005881497
improved valid: True
improved total time: 463004.36596396816
On route 16887 decreased frequency by 10
Current best: 75.39685546578121
improved valid: True
improved total time: 462658.35660099797
On route 16890, added stop 6646 NW 2 AV @ NW 4 ST in radius 1600
Current best: 74.5144111079203
improved valid: True
improved total time: 462724.1863009328
On route 27809, added stop 8748 NE 16 AV & ARCH CRK RD in radius 800
Current best: 69.6734144965388
improved valid: True
improved total time: 463312.5309915571
On route 27760 decreased frequency by 5
Current best: 65.60185786429419
improved valid: True
improved total time: 462875.26533815777
On route 20408, replaced stop 11236 SW 152 ST & SW 77 AV with 419 SW 124 ST & 77 AV in radius 3200
Current best: 54.772558183143666
improved valid: True
improved total time: 462552.290517385
On route 27802, added stop 7763 NW 36 ST & NW 2 AV in radius 1600
Current best: 55.630784615019834
improved valid: True
improved total time: 463329.6310072249
On route 27856, added stop 6658 W FLAGLER ST & NW 2 AV in radius 1600
Current best: 60.82782835088562
improved valid: True
improved total time: 463347.6310072249
99.51756928741241,97.62995458878542,87.50601810162068,101.54787444387021,85.06047352059787,91.39098935884712,83.68740791289217,116.43815266754217,106.09851433820427,97.5256333429693,132.70899270768135,114.41710914285025,112.47255850166214,102.80000106321185,114.72362513235089,114.31593370718761,95.48433310857982,105.13011786885164,93.84813857601434,96.0814436763632,118.80694793578586,94.61453515271683,124.02574911669333,82.1830183836789,101.09245523915095,89.44501292797318,85.76867319595875,89.66020972127282,116.93982166542658,95.03064230924369,95.6623247663221,109.14982888317508,86.15499385834573,115.77315242015887,85.11384696605413,107.20565996442056,119.62463721077557,81.3078640208655,91.1823473015881,100.25258395049754,112.91524506317137,114.08109962900004,97.05007975563505,84.88669452036518,92.70653688801653,115.09634672884141,110.34709850486743,102.53488536736698,118.59962549782098,104.45404074778683,90.1259207027799,94.44068899350322,96.76308622096222,81.99742937264892,72.26351005881497,124.3919396094254,75.39685546578121,74.5144111079203,79.80649822979723,81.88919701781911,117.69781790870032,86.51553589499687,95.16238574364846,99.99433588932456,97.70451917957044,132.92620669133183,98.49441302826918,134.6335041786587,69.6734144965388,86.1425166630632,106.92727415062359,85.85215834994457,83.12299327927138,82.41514127596741,65.60185786429419,84.36481285395813,94.91423867166688,54.772558183143666,67.71019370683531,88.06758343833624,64.93253148355326,106.98814923597713,100.937279710134,74.5128672973723,91.89986625066503,98.45808418095564,96.27632611074259,104.0688901851059,104.57564828465868,71.22021146992887,102.59227376781703,119.98044145067246,69.21703654966127,101.26638966742426,92.12179722929987,70.99931346327146,73.53101268545267,76.77848817114445,85.43711996619821,91.24499445091911,57.30120097055206,81.5510405430556,102.14965262709849,86.03303983812164,70.25791800026668,83.53925068392962,72.93879273236956,85.578096805021,95.06899416795065,91.59302121004765,85.91940173230198,78.32896046642298,73.47610492026571,96.59669041410663,87.67771589722803,114.27025785664033,57.824926135283576,99.46859681046342,81.98396019437374,55.630784615019834,109.24631163756658,90.63048889570541,92.52390573574333,95.5685796110155,77.3584994195084,100.52308834696481,91.7979572149921,101.22091051035582,69.06026824957246,70.7075513047227,103.79917926588888,80.37171307398131,75.88677917518592,125.57170738321481,78.02627691629293,77.55538014053641,87.86456218930729,78.9218376205197,72.82035379429641,74.69546095315344,118.20758751466431,107.57570030213886,67.88430255236614,108.3617515059762,108.10031966567462,56.97895553527052,83.29362143528925,73.24582347067768,90.19364263272274,98.82101086142514,83.57844090425066,69.49475714179489,92.00643868662486,111.09276906089437,106.88318088943483,89.56969097661978,91.68265106658242,105.53550510636784,102.53721389905898,83.78063580748757,105.2816616532905,100.78856241185865,87.63931167543765,68.17065787954886,88.52080699629333,88.28932720124084,73.3032866735326,84.89270570915376,101.43011218168377,60.82782835088562,117.746127183519,84.00590830032024,95.39215810853224,105.042035706286,82.91528172946661,117.35544513123817,98.61005988649364,82.39908482700145,94.18335122714967,104.66315742029316,114.09078921710703,78.70732070842611,76.99727484072713,90.46820489942175,87.79689074466971,95.47422634360305,80.05670785330146,93.93556997661982,85.80998582290704,120.59824186484099,83.93108696363007,97.48647133693325,101.8270722888907,84.36200835759493,115.92149161673066,96.08534125135914,76.7505085665052,78.03570499327363,82.79876832297256,80.1711359279822
453883.96895655995,453857.7375697456,454685.5784330515,454785.0855762926,454785.0855762926,454851.45734897896,454851.45734897896,454980.4450003416,454980.4450003416,454980.4450003416,454980.4450003416,454980.4450003416,454980.4450003416,454980.4450003416,454980.4450003416,454980.4450003416,454980.4450003416,454980.4450003416,454980.4450003416,454980.4450003416,454980.4450003416,454980.4450003416,454980.4450003416,454980.4450003416,455327.4201373163,455327.4201373163,457261.4475187098,457100.6479752496,456891.80344998965,456891.80344998965,456891.80344998965,456891.80344998965,456891.80344998965,461491.2571670424,461491.2571670424,462096.38784808485,462096.38784808485,462096.38784808485,462860.51976927905,462860.51976927905,462860.51976927905,462860.51976927905,462860.51976927905,462860.51976927905,462860.51976927905,462860.51976927905,462860.51976927905,462860.51976927905,462860.51976927905,462860.51976927905,462860.51976927905,462860.51976927905,462860.51976927905,462860.51976927905,462860.51976927905,463004.36596396816,463004.36596396816,462658.35660099797,462724.1863009328,462724.1863009328,462724.1863009328,462724.1863009328,462724.1863009328,462724.1863009328,462724.1863009328,462724.1863009328,462724.1863009328,462724.1863009328,462724.1863009328,463312.5309915571,463312.5309915571,463312.5309915571,463312.5309915571,463312.5309915571,463312.5309915571,462875.26533815777,462875.26533815777,462875.26533815777,462552.290517385,462552.290517385,462552.290517385,462552.290517385,462552.290517385,462552.290517385,462552.290517385,462552.290517385,462552.290517385,462552.290517385,462552.290517385,462552.290517385,462552.290517385,462552.290517385,462552.290517385,462552.290517385,462552.290517385,462552.290517385,462552.290517385,462552.290517385,462552.290517385,462552.290517385,462552.290517385,462552.290517385,462552.290517385,462552.290517385,462552.290517385,462552.290517385,462552.290517385,462552.290517385,462552.290517385,462552.290517385,462552.290517385,462552.290517385,462552.290517385,462552.290517385,462552.290517385,462552.290517385,462552.290517385,462552.290517385,462552.290517385,462552.290517385,463329.6310072249,463329.6310072249,463329.6310072249,463329.6310072249,463329.6310072249,463329.6310072249,463329.6310072249,463329.6310072249,463329.6310072249,463329.6310072249,463329.6310072249,463329.6310072249,463329.6310072249,463329.6310072249,463329.6310072249,463329.6310072249,463329.6310072249,463329.6310072249,463329.6310072249,463329.6310072249,463329.6310072249,463329.6310072249,463329.6310072249,463329.6310072249,463329.6310072249,463329.6310072249,463329.6310072249,463329.6310072249,463329.6310072249,463329.6310072249,463329.6310072249,463329.6310072249,463329.6310072249,463329.6310072249,463329.6310072249,463329.6310072249,463329.6310072249,463329.6310072249,463329.6310072249,463329.6310072249,463329.6310072249,463329.6310072249,463329.6310072249,463329.6310072249,463329.6310072249,463329.6310072249,463329.6310072249,463329.6310072249,463329.6310072249,463329.6310072249,463347.6310072249,463347.6310072249,463347.6310072249,463347.6310072249,463347.6310072249,463347.6310072249,463347.6310072249,463347.6310072249,463347.6310072249,463347.6310072249,463347.6310072249,463347.6310072249,463347.6310072249,463347.6310072249,463347.6310072249,463347.6310072249,463347.6310072249,463347.6310072249,463347.6310072249,463347.6310072249,463347.6310072249,463347.6310072249,463347.6310072249,463347.6310072249,463347.6310072249,463347.6310072249,463347.6310072249,463347.6310072249,463347.6310072249,463347.6310072249
Improvement: -16.63398860727895
